-- The C compiler identification is GNU 11.3.0
-- The CXX compiler identification is GNU 11.3.0
-- Detecting C compiler ABI info
-- Detecting C compiler ABI info - done
-- Check for working C compiler: /usr/bin/cc - skipped
-- Detecting C compile features
-- Detecting C compile features - done
-- Detecting CXX compiler ABI info
-- Detecting CXX compiler ABI info - done
-- Check for working CXX compiler: /usr/bin/c++ - skipped
-- Detecting CXX compile features
-- Detecting CXX compile features - done
-- Performing Test COMPILER_SUPPORTS_CXX17
-- Performing Test COMPILER_SUPPORTS_CXX17 - Success
-- Performing Test COMPILER_SUPPORTS_CXX14
-- Performing Test COMPILER_SUPPORTS_CXX14 - Success
-- Performing Test COMPILER_SUPPORTS_CXX11
-- Performing Test COMPILER_SUPPORTS_CXX11 - Success
-- Performing Test COMPILER_SUPPORTS_CXX0X
-- Performing Test COMPILER_SUPPORTS_CXX0X - Success
-- Using C++17 compiler
-- Found ament_cmake: 1.3.3 (/opt/ros/humble/share/ament_cmake/cmake)
-- Found Python3: /usr/bin/python3.10 (found version "3.10.6") found components: Interpreter 
-- Override CMake install command with custom implementation using symlinks instead of copying resources
-- Found builtin_interfaces: 1.2.1 (/opt/ros/humble/share/builtin_interfaces/cmake)
-- Found rosidl_generator_c: 3.1.4 (/opt/ros/humble/share/rosidl_generator_c/cmake)
-- Found rosidl_adapter: 3.1.4 (/opt/ros/humble/share/rosidl_adapter/cmake)
-- Found rosidl_generator_cpp: 3.1.4 (/opt/ros/humble/share/rosidl_generator_cpp/cmake)
-- Using all available rosidl_typesupport_c: rosidl_typesupport_fastrtps_c;rosidl_typesupport_introspection_c
-- Using all available rosidl_typesupport_cpp: rosidl_typesupport_fastrtps_cpp;rosidl_typesupport_introspection_cpp
-- Found OpenSSL: /usr/lib/x86_64-linux-gnu/libcrypto.so (found version "3.0.2")  
-- Found rclcpp: 16.0.3 (/opt/ros/humble/share/rclcpp/cmake)
-- Found rmw_implementation_cmake: 6.1.1 (/opt/ros/humble/share/rmw_implementation_cmake/cmake)
-- Found rmw_fastrtps_cpp: 6.2.2 (/opt/ros/humble/share/rmw_fastrtps_cpp/cmake)
-- Found FastRTPS: /opt/ros/humble/include  
-- Using RMW implementation 'rmw_fastrtps_cpp' as default
-- Looking for pthread.h
-- Looking for pthread.h - found
-- Performing Test CMAKE_HAVE_LIBC_PTHREAD
-- Performing Test CMAKE_HAVE_LIBC_PTHREAD - Success
-- Found Threads: TRUE  
-- Found px4_msgs: 2.0.1 (/home/ubuntu/ros2_ws/install/px4_msgs/share/px4_msgs/cmake)
-- Found sensor_msgs: 4.2.3 (/opt/ros/humble/share/sensor_msgs/cmake)
-- Found PythonInterp: /usr/bin/python3 (found suitable version "3.10.6", minimum required is "3") 
-- fastrtpsgen found in /usr/local/bin
openjdk version "11.0.18" 2023-01-17
OpenJDK Runtime Environment (build 11.0.18+10-post-Ubuntu-0ubuntu122.04)
OpenJDK 64-Bit Server VM (build 11.0.18+10-post-Ubuntu-0ubuntu122.04, mixed mode, sharing)
-- fastrtpsgen version 1.0.4
-- px4_msgs message dir under /home/ubuntu/ros2_ws/install/px4_msgs/share/px4_msgs/msg
-- IDL definitions under /home/ubuntu/ros2_ws/install/px4_msgs/share/px4_msgs/msg
-- Retrieving list of msgs to send...
-- List of msgs to send: DebugArray, DebugKeyValue, DebugValue, DebugVect, OffboardControlMode, OnboardComputerStatus, OpticalFlow, PositionSetpoint, PositionSetpointTriplet, TelemetryStatus, Timesync, TrajectoryBezier, VehicleCommand, VehicleLocalPositionSetpoint, VehicleTrajectoryBezier, VehicleTrajectoryWaypoint, TrajectorySetpoint, VehicleMocapOdometry, VehicleVisualOdometry
-- Retrieving list of msgs to receive...
-- List of msgs to receive: CollisionConstraints, SensorCombined, Timesync, TimesyncStatus, TrajectoryWaypoint, VehicleControlMode, VehicleOdometry, VehicleStatus
-- Configuring done
-- Generating done
-- Build files have been written to: /home/ubuntu/ros2_ws/build/px4_ros_com
[  1%] [34m[1mGenerating micro-RTPS agent code...[0m
[  2%] [32mBuilding CXX object CMakeFiles/sensor_combined_listener.dir/src/examples/listeners/sensor_combined_listener.cpp.o[0m
[  4%] [32mBuilding CXX object CMakeFiles/debug_vect_advertiser.dir/src/examples/advertisers/debug_vect_advertiser.cpp.o[0m
[  4%] [32mBuilding CXX object CMakeFiles/vehicle_gps_position_listener.dir/src/examples/listeners/vehicle_gps_position_listener.cpp.o[0m
[  5%] [32mBuilding CXX object CMakeFiles/offboard_control.dir/src/examples/offboard/offboard_control.cpp.o[0m
[  6%] [32mBuilding CXX object CMakeFiles/frame_transforms.dir/src/lib/frame_transforms.cpp.o[0m
Failed to import genmsg: No module named 'genmsg'

You may need to install it using:
    pip3 install --user pyros-genmsg

[  6%] [34m[1mGenerating micro-RTPS agent code...[0m
Failed to import genmsg: No module named 'genmsg'

You may need to install it using:
    pip3 install --user pyros-genmsg

[  7%] [32mBuilding CXX object CMakeFiles/micrortps_agent.dir/src/micrortps_agent/microRTPS_agent.cpp.o[0m
[01m[Kcc1plus:[m[K [01;31m[Kfatal error: [m[K/home/ubuntu/ros2_ws/build/px4_ros_com/src/micrortps_agent/microRTPS_agent.cpp: No such file or directory
compilation terminated.
gmake[2]: *** [CMakeFiles/micrortps_agent.dir/build.make:510: CMakeFiles/micrortps_agent.dir/src/micrortps_agent/microRTPS_agent.cpp.o] Error 1
gmake[2]: *** Waiting for unfinished jobs....
gmake[1]: *** [CMakeFiles/Makefile2:173: CMakeFiles/micrortps_agent.dir/all] Error 2
gmake[1]: *** Waiting for unfinished jobs....
[01m[K/home/ubuntu/ros2_ws/src/px4_ros_com/src/examples/advertisers/debug_vect_advertiser.cpp:[m[K In constructor ‘[01m[KDebugVectAdvertiser::DebugVectAdvertiser()[m[K’:
[01m[K/home/ubuntu/ros2_ws/src/px4_ros_com/src/examples/advertisers/debug_vect_advertiser.cpp:53:78:[m[K [01;31m[Kerror: [m[Kno matching function for call to ‘[01m[KDebugVectAdvertiser::create_publisher<px4_msgs::msg::DebugVect>(const char [18])[m[K’
   53 |                 publisher_ = [01;31m[Kthis->create_publisher<px4_msgs::msg::DebugVect>("fmu/debug_vect/in")[m[K;
      |                              [01;31m[K~~~~~~~~~~~~~~~~~~~~~~~~~~~~~~~~~~~~~~~~~~~~~~~~^~~~~~~~~~~~~~~~~~~~~[m[K
In file included from [01m[K/opt/ros/humble/include/rclcpp/rclcpp/executors/single_threaded_executor.hpp:28[m[K,
                 from [01m[K/opt/ros/humble/include/rclcpp/rclcpp/executors.hpp:22[m[K,
                 from [01m[K/opt/ros/humble/include/rclcpp/rclcpp/rclcpp.hpp:155[m[K,
                 from [01m[K/home/ubuntu/ros2_ws/src/px4_ros_com/src/examples/advertisers/debug_vect_advertiser.cpp:41[m[K:
[01m[K/opt/ros/humble/include/rclcpp/rclcpp/node.hpp:195:3:[m[K [01;36m[Knote: [m[Kcandidate: ‘[01m[Ktemplate<class MessageT, class AllocatorT, class PublisherT> std::shared_ptr<PublisherT> rclcpp::Node::create_publisher(const string&, const rclcpp::QoS&, const rclcpp::PublisherOptionsWithAllocator<AllocatorT>&)[m[K’
  195 |   [01;36m[Kcreate_publisher[m[K(
      |   [01;36m[K^~~~~~~~~~~~~~~~[m[K
[01m[K/opt/ros/humble/include/rclcpp/rclcpp/node.hpp:195:3:[m[K [01;36m[Knote: [m[K  template argument deduction/substitution failed:
[01m[K/home/ubuntu/ros2_ws/src/px4_ros_com/src/examples/advertisers/debug_vect_advertiser.cpp:53:78:[m[K [01;36m[Knote: [m[K  candidate expects 3 arguments, 1 provided
   53 |                 publisher_ = [01;36m[Kthis->create_publisher<px4_msgs::msg::DebugVect>("fmu/debug_vect/in")[m[K;
      |                              [01;36m[K~~~~~~~~~~~~~~~~~~~~~~~~~~~~~~~~~~~~~~~~~~~~~~~~^~~~~~~~~~~~~~~~~~~~~[m[K
In file included from [01m[K/opt/ros/humble/include/rclcpp/rclcpp/logging.hpp:24[m[K,
                 from [01m[K/opt/ros/humble/include/rclcpp/rclcpp/client.hpp:40[m[K,
                 from [01m[K/opt/ros/humble/include/rclcpp/rclcpp/callback_group.hpp:24[m[K,
                 from [01m[K/opt/ros/humble/include/rclcpp/rclcpp/any_executable.hpp:20[m[K,
                 from [01m[K/opt/ros/humble/include/rclcpp/rclcpp/memory_strategy.hpp:25[m[K,
                 from [01m[K/opt/ros/humble/include/rclcpp/rclcpp/memory_strategies.hpp:18[m[K,
                 from [01m[K/opt/ros/humble/include/rclcpp/rclcpp/executor_options.hpp:20[m[K,
                 from [01m[K/opt/ros/humble/include/rclcpp/rclcpp/executor.hpp:37[m[K,
                 from [01m[K/opt/ros/humble/include/rclcpp/rclcpp/executors/multi_threaded_executor.hpp:25[m[K,
                 from [01m[K/opt/ros/humble/include/rclcpp/rclcpp/executors.hpp:21[m[K,
                 from [01m[K/opt/ros/humble/include/rclcpp/rclcpp/rclcpp.hpp:155[m[K,
                 from [01m[K/home/ubuntu/ros2_ws/src/px4_ros_com/src/examples/advertisers/debug_vect_advertiser.cpp:41[m[K:
[01m[K/home/ubuntu/ros2_ws/src/px4_ros_com/src/examples/advertisers/debug_vect_advertiser.cpp:[m[K In lambda function:
[01m[K/home/ubuntu/ros2_ws/src/px4_ros_com/src/examples/advertisers/debug_vect_advertiser.cpp:64:57:[m[K [01;35m[Kwarning: [m[Kformat ‘[01m[K%llu[m[K’ expects argument of type ‘[01m[Klong long unsigned int[m[K’, but argument 5 has type ‘[01m[Kpx4_msgs::msg::DebugVect_<std::allocator<void> >::_timestamp_type[m[K’ {aka ‘[01m[Klong unsigned int[m[K’} [[01;35m[K]8;;https://gcc.gnu.org/onlinedocs/gcc/Warning-Options.html#index-Wformat=-Wformat=]8;;[m[K]
   64 |                         RCLCPP_INFO(this->get_logger(), [01;35m[K"\033[97m Publishing debug_vect: time: %llu x: %f y: %f z: %f \033[0m"[m[K,
      |                                                         [01;35m[K^~~~~~~~~~~~~~~~~~~~~~~~~~~~~~~~~~~~~~~~~~~~~~~~~~~~~~~~~~~~~~~~~~~~~~[m[K
   65 |                                 [32m[Kdebug_vect.timestamp[m[K, debug_vect.x, debug_vect.y, debug_vect.z);
      |                                 [32m[K~~~~~~~~~~~~~~~~~~~~[m[K     
      |                                            [32m[K|[m[K
      |                                            [32m[Kpx4_msgs::msg::DebugVect_<std::allocator<void> >::_timestamp_type {aka long unsigned int}[m[K
[01m[K/home/ubuntu/ros2_ws/src/px4_ros_com/src/examples/advertisers/debug_vect_advertiser.cpp:64:99:[m[K [01;36m[Knote: [m[Kformat string is defined here
   64 |                         RCLCPP_INFO(this->get_logger(), "\033[97m Publishing debug_vect: time: [01;36m[K%llu[m[K x: %f y: %f z: %f \033[0m",
      |                                                                                                [01;36m[K~~~^[m[K
      |                                                                                                   [01;36m[K|[m[K
      |                                                                                                   [01;36m[Klong long unsigned int[m[K
      |                                                                                                [32m[K%lu[m[K
[01m[K/home/ubuntu/ros2_ws/src/px4_ros_com/src/examples/listeners/sensor_combined_listener.cpp:[m[K In constructor ‘[01m[KSensorCombinedListener::SensorCombinedListener()[m[K’:
[01m[K/home/ubuntu/ros2_ws/src/px4_ros_com/src/examples/listeners/sensor_combined_listener.cpp:52:89:[m[K [01;31m[Kerror: [m[Kno matching function for call to ‘[01m[KSensorCombinedListener::create_subscription<px4_msgs::msg::SensorCombined>(const char [24], SensorCombinedListener::SensorCombinedListener()::<lambda(px4_msgs::msg::SensorCombined_<std::allocator<void> >::UniquePtr)>)[m[K’
   52 |                 subscription_ = [01;31m[Kthis->create_subscription<px4_msgs::msg::SensorCombined>([m[K
      |                                 [01;31m[K~~~~~~~~~~~~~~~~~~~~~~~~~~~~~~~~~~~~~~~~~~~~~~~~~~~~~~~~^[m[K
   53 | [01;31m[K                        "fmu/sensor_combined/out",[m[K
      |                         [01;31m[K~~~~~~~~~~~~~~~~~~~~~~~~~~[m[K                                       
   54 | [01;31m[K#ifdef ROS_DEFAULT_API[m[K
      | [01;31m[K~~~~~~~~~~~~~~~~~~~~~~[m[K                                                                   
   55 | [01;31m[K            10,[m[K
      |             [01;31m[K~~~[m[K                                                                          
   56 | [01;31m[K#endif[m[K
      | [01;31m[K~~~~~~[m[K                                                                                   
   57 | [01;31m[K                        [this](const px4_msgs::msg::SensorCombined::UniquePtr msg) {[m[K
      |                         [01;31m[K~~~~~~~~~~~~~~~~~~~~~~~~~~~~~~~~~~~~~~~~~~~~~~~~~~~~~~~~~~~~[m[K     
   58 | [01;31m[K                        std::cout << "\n\n\n\n\n\n\n\n\n\n\n\n\n\n\n\n\n\n\n\n\n\n\n\n";[m[K
      |                         [01;31m[K~~~~~~~~~~~~~~~~~~~~~~~~~~~~~~~~~~~~~~~~~~~~~~~~~~~~~~~~~~~~~~~~[m[K 
   59 | [01;31m[K                        std::cout << "RECEIVED SENSOR COMBINED DATA"   << std::endl;[m[K
      |                         [01;31m[K~~~~~~~~~~~~~~~~~~~~~~~~~~~~~~~~~~~~~~~~~~~~~~~~~~~~~~~~~~~~[m[K     
   60 | [01;31m[K                        std::cout << "============================="   << std::endl;[m[K
      |                         [01;31m[K~~~~~~~~~~~~~~~~~~~~~~~~~~~~~~~~~~~~~~~~~~~~~~~~~~~~~~~~~~~~[m[K     
   61 | [01;31m[K                        std::cout << "ts: "          << msg->timestamp    << std::endl;[m[K
      |                         [01;31m[K~~~~~~~~~~~~~~~~~~~~~~~~~~~~~~~~~~~~~~~~~~~~~~~~~~~~~~~~~~~~~~~[m[K  
   62 | [01;31m[K                        std::cout << "gyro_rad[0]: " << msg->gyro_rad[0]  << std::endl;[m[K
      |                         [01;31m[K~~~~~~~~~~~~~~~~~~~~~~~~~~~~~~~~~~~~~~~~~~~~~~~~~~~~~~~~~~~~~~~[m[K  
   63 | [01;31m[K                        std::cout << "gyro_rad[1]: " << msg->gyro_rad[1]  << std::endl;[m[K
      |                         [01;31m[K~~~~~~~~~~~~~~~~~~~~~~~~~~~~~~~~~~~~~~~~~~~~~~~~~~~~~~~~~~~~~~~[m[K  
   64 | [01;31m[K                        std::cout << "gyro_rad[2]: " << msg->gyro_rad[2]  << std::endl;[m[K
      |                         [01;31m[K~~~~~~~~~~~~~~~~~~~~~~~~~~~~~~~~~~~~~~~~~~~~~~~~~~~~~~~~~~~~~~~[m[K  
   65 | [01;31m[K                        std::cout << "gyro_integral_dt: " << msg->gyro_integral_dt << std::endl;[m[K
      |                         [01;31m[K~~~~~~~~~~~~~~~~~~~~~~~~~~~~~~~~~~~~~~~~~~~~~~~~~~~~~~~~~~~~~~~~~~~~~~~~[m[K
   66 | [01;31m[K                        std::cout << "accelerometer_timestamp_relative: " << msg->accelerometer_timestamp_relative << std::endl;[m[K
      |                         [01;31m[K~~~~~~~~~~~~~~~~~~~~~~~~~~~~~~~~~~~~~~~~~~~~~~~~~~~~~~~~~~~~~~~~~~~~~~~~~~~~~~~~~~~~~~~~~~~~~~~~~~~~~~~~[m[K
   67 | [01;31m[K                        std::cout << "accelerometer_m_s2[0]: " << msg->accelerometer_m_s2[0] << std::endl;[m[K
      |                         [01;31m[K~~~~~~~~~~~~~~~~~~~~~~~~~~~~~~~~~~~~~~~~~~~~~~~~~~~~~~~~~~~~~~~~~~~~~~~~~~~~~~~~~~[m[K
   68 | [01;31m[K                        std::cout << "accelerometer_m_s2[1]: " << msg->accelerometer_m_s2[1] << std::endl;[m[K
      |                         [01;31m[K~~~~~~~~~~~~~~~~~~~~~~~~~~~~~~~~~~~~~~~~~~~~~~~~~~~~~~~~~~~~~~~~~~~~~~~~~~~~~~~~~~[m[K
   69 | [01;31m[K                        std::cout << "accelerometer_m_s2[2]: " << msg->accelerometer_m_s2[2] << std::endl;[m[K
      |                         [01;31m[K~~~~~~~~~~~~~~~~~~~~~~~~~~~~~~~~~~~~~~~~~~~~~~~~~~~~~~~~~~~~~~~~~~~~~~~~~~~~~~~~~~[m[K
   70 | [01;31m[K                        std::cout << "accelerometer_integral_dt: " << msg->accelerometer_integral_dt << std::endl;[m[K
      |                         [01;31m[K~~~~~~~~~~~~~~~~~~~~~~~~~~~~~~~~~~~~~~~~~~~~~~~~~~~~~~~~~~~~~~~~~~~~~~~~~~~~~~~~~~~~~~~~~~[m[K
   71 | [01;31m[K                })[m[K;
      |                 [01;31m[K~~[m[K                                                                       
In file included from [01m[K/opt/ros/humble/include/rclcpp/rclcpp/executors/single_threaded_executor.hpp:28[m[K,
                 from [01m[K/opt/ros/humble/include/rclcpp/rclcpp/executors.hpp:22[m[K,
                 from [01m[K/opt/ros/humble/include/rclcpp/rclcpp/rclcpp.hpp:155[m[K,
                 from [01m[K/home/ubuntu/ros2_ws/src/px4_ros_com/src/examples/listeners/sensor_combined_listener.cpp:42[m[K:
[01m[K/opt/ros/humble/include/rclcpp/rclcpp/node.hpp:219:3:[m[K [01;36m[Knote: [m[Kcandidate: ‘[01m[Ktemplate<class MessageT, class CallbackT, class AllocatorT, class SubscriptionT, class MessageMemoryStrategyT> std::shared_ptr<ROSMessageT> rclcpp::Node::create_subscription(const string&, const rclcpp::QoS&, CallbackT&&, const rclcpp::SubscriptionOptionsWithAllocator<AllocatorT>&, typename MessageMemoryStrategyT::SharedPtr)[m[K’
  219 |   [01;36m[Kcreate_subscription[m[K(
      |   [01;36m[K^~~~~~~~~~~~~~~~~~~[m[K
[01m[K/opt/ros/humble/include/rclcpp/rclcpp/node.hpp:219:3:[m[K [01;36m[Knote: [m[K  template argument deduction/substitution failed:
[01m[K/home/ubuntu/ros2_ws/src/px4_ros_com/src/examples/listeners/sensor_combined_listener.cpp:52:89:[m[K [01;36m[Knote: [m[K  candidate expects 5 arguments, 2 provided
   52 |                 subscription_ = [01;36m[Kthis->create_subscription<px4_msgs::msg::SensorCombined>([m[K
      |                                 [01;36m[K~~~~~~~~~~~~~~~~~~~~~~~~~~~~~~~~~~~~~~~~~~~~~~~~~~~~~~~~^[m[K
   53 | [01;36m[K                        "fmu/sensor_combined/out",[m[K
      |                         [01;36m[K~~~~~~~~~~~~~~~~~~~~~~~~~~[m[K                                       
   54 | [01;36m[K#ifdef ROS_DEFAULT_API[m[K
      | [01;36m[K~~~~~~~~~~~~~~~~~~~~~~[m[K                                                                   
   55 | [01;36m[K            10,[m[K
      |             [01;36m[K~~~[m[K                                                                          
   56 | [01;36m[K#endif[m[K
      | [01;36m[K~~~~~~[m[K                                                                                   
   57 | [01;36m[K                        [this](const px4_msgs::msg::SensorCombined::UniquePtr msg) {[m[K
      |                         [01;36m[K~~~~~~~~~~~~~~~~~~~~~~~~~~~~~~~~~~~~~~~~~~~~~~~~~~~~~~~~~~~~[m[K     
   58 | [01;36m[K                        std::cout << "\n\n\n\n\n\n\n\n\n\n\n\n\n\n\n\n\n\n\n\n\n\n\n\n";[m[K
      |                         [01;36m[K~~~~~~~~~~~~~~~~~~~~~~~~~~~~~~~~~~~~~~~~~~~~~~~~~~~~~~~~~~~~~~~~[m[K 
   59 | [01;36m[K                        std::cout << "RECEIVED SENSOR COMBINED DATA"   << std::endl;[m[K
      |                         [01;36m[K~~~~~~~~~~~~~~~~~~~~~~~~~~~~~~~~~~~~~~~~~~~~~~~~~~~~~~~~~~~~[m[K     
   60 | [01;36m[K                        std::cout << "============================="   << std::endl;[m[K
      |                         [01;36m[K~~~~~~~~~~~~~~~~~~~~~~~~~~~~~~~~~~~~~~~~~~~~~~~~~~~~~~~~~~~~[m[K     
   61 | [01;36m[K                        std::cout << "ts: "          << msg->timestamp    << std::endl;[m[K
      |                         [01;36m[K~~~~~~~~~~~~~~~~~~~~~~~~~~~~~~~~~~~~~~~~~~~~~~~~~~~~~~~~~~~~~~~[m[K  
   62 | [01;36m[K                        std::cout << "gyro_rad[0]: " << msg->gyro_rad[0]  << std::endl;[m[K
      |                         [01;36m[K~~~~~~~~~~~~~~~~~~~~~~~~~~~~~~~~~~~~~~~~~~~~~~~~~~~~~~~~~~~~~~~[m[K  
   63 | [01;36m[K                        std::cout << "gyro_rad[1]: " << msg->gyro_rad[1]  << std::endl;[m[K
      |                         [01;36m[K~~~~~~~~~~~~~~~~~~~~~~~~~~~~~~~~~~~~~~~~~~~~~~~~~~~~~~~~~~~~~~~[m[K  
   64 | [01;36m[K                        std::cout << "gyro_rad[2]: " << msg->gyro_rad[2]  << std::endl;[m[K
      |                         [01;36m[K~~~~~~~~~~~~~~~~~~~~~~~~~~~~~~~~~~~~~~~~~~~~~~~~~~~~~~~~~~~~~~~[m[K  
   65 | [01;36m[K                        std::cout << "gyro_integral_dt: " << msg->gyro_integral_dt << std::endl;[m[K
      |                         [01;36m[K~~~~~~~~~~~~~~~~~~~~~~~~~~~~~~~~~~~~~~~~~~~~~~~~~~~~~~~~~~~~~~~~~~~~~~~~[m[K
   66 | [01;36m[K                        std::cout << "accelerometer_timestamp_relative: " << msg->accelerometer_timestamp_relative << std::endl;[m[K
      |                         [01;36m[K~~~~~~~~~~~~~~~~~~~~~~~~~~~~~~~~~~~~~~~~~~~~~~~~~~~~~~~~~~~~~~~~~~~~~~~~~~~~~~~~~~~~~~~~~~~~~~~~~~~~~~~~[m[K
   67 | [01;36m[K                        std::cout << "accelerometer_m_s2[0]: " << msg->accelerometer_m_s2[0] << std::endl;[m[K
      |                         [01;36m[K~~~~~~~~~~~~~~~~~~~~~~~~~~~~~~~~~~~~~~~~~~~~~~~~~~~~~~~~~~~~~~~~~~~~~~~~~~~~~~~~~~[m[K
   68 | [01;36m[K                        std::cout << "accelerometer_m_s2[1]: " << msg->accelerometer_m_s2[1] << std::endl;[m[K
      |                         [01;36m[K~~~~~~~~~~~~~~~~~~~~~~~~~~~~~~~~~~~~~~~~~~~~~~~~~~~~~~~~~~~~~~~~~~~~~~~~~~~~~~~~~~[m[K
   69 | [01;36m[K                        std::cout << "accelerometer_m_s2[2]: " << msg->accelerometer_m_s2[2] << std::endl;[m[K
      |                         [01;36m[K~~~~~~~~~~~~~~~~~~~~~~~~~~~~~~~~~~~~~~~~~~~~~~~~~~~~~~~~~~~~~~~~~~~~~~~~~~~~~~~~~~[m[K
   70 | [01;36m[K                        std::cout << "accelerometer_integral_dt: " << msg->accelerometer_integral_dt << std::endl;[m[K
      |                         [01;36m[K~~~~~~~~~~~~~~~~~~~~~~~~~~~~~~~~~~~~~~~~~~~~~~~~~~~~~~~~~~~~~~~~~~~~~~~~~~~~~~~~~~~~~~~~~~[m[K
   71 | [01;36m[K                })[m[K;
      |                 [01;36m[K~~[m[K                                                                       
[01m[K/home/ubuntu/ros2_ws/src/px4_ros_com/src/examples/offboard/offboard_control.cpp:[m[K In constructor ‘[01m[KOffboardControl::OffboardControl()[m[K’:
[01m[K/home/ubuntu/ros2_ws/src/px4_ros_com/src/examples/offboard/offboard_control.cpp:73:68:[m[K [01;31m[Kerror: [m[Kno matching function for call to ‘[01m[KOffboardControl::create_publisher<px4_msgs::msg::OffboardControlMode>(const char [29])[m[K’
   73 |                         [01;31m[Kthis->create_publisher<OffboardControlMode>("fmu/offboard_control_mode/in")[m[K;
      |                         [01;31m[K~~~~~~~~~~~~~~~~~~~~~~~~~~~~~~~~~~~~~~~~~~~^~~~~~~~~~~~~~~~~~~~~~~~~~~~~~~~[m[K
In file included from [01m[K/opt/ros/humble/include/rclcpp/rclcpp/executors/single_threaded_executor.hpp:28[m[K,
                 from [01m[K/opt/ros/humble/include/rclcpp/rclcpp/executors.hpp:22[m[K,
                 from [01m[K/opt/ros/humble/include/rclcpp/rclcpp/rclcpp.hpp:155[m[K,
                 from [01m[K/home/ubuntu/ros2_ws/src/px4_ros_com/src/examples/offboard/offboard_control.cpp:51[m[K:
[01m[K/opt/ros/humble/include/rclcpp/rclcpp/node.hpp:195:3:[m[K [01;36m[Knote: [m[Kcandidate: ‘[01m[Ktemplate<class MessageT, class AllocatorT, class PublisherT> std::shared_ptr<PublisherT> rclcpp::Node::create_publisher(const string&, const rclcpp::QoS&, const rclcpp::PublisherOptionsWithAllocator<AllocatorT>&)[m[K’
  195 |   [01;36m[Kcreate_publisher[m[K(
      |   [01;36m[K^~~~~~~~~~~~~~~~[m[K
[01m[K/opt/ros/humble/include/rclcpp/rclcpp/node.hpp:195:3:[m[K [01;36m[Knote: [m[K  template argument deduction/substitution failed:
[01m[K/home/ubuntu/ros2_ws/src/px4_ros_com/src/examples/offboard/offboard_control.cpp:73:68:[m[K [01;36m[Knote: [m[K  candidate expects 3 arguments, 1 provided
   73 |                         [01;36m[Kthis->create_publisher<OffboardControlMode>("fmu/offboard_control_mode/in")[m[K;
      |                         [01;36m[K~~~~~~~~~~~~~~~~~~~~~~~~~~~~~~~~~~~~~~~~~~~^~~~~~~~~~~~~~~~~~~~~~~~~~~~~~~~[m[K
[01m[K/home/ubuntu/ros2_ws/src/px4_ros_com/src/examples/offboard/offboard_control.cpp:75:67:[m[K [01;31m[Kerror: [m[Kno matching function for call to ‘[01m[KOffboardControl::create_publisher<px4_msgs::msg::TrajectorySetpoint>(const char [27])[m[K’
   75 |                         [01;31m[Kthis->create_publisher<TrajectorySetpoint>("fmu/trajectory_setpoint/in")[m[K;
      |                         [01;31m[K~~~~~~~~~~~~~~~~~~~~~~~~~~~~~~~~~~~~~~~~~~^~~~~~~~~~~~~~~~~~~~~~~~~~~~~~[m[K
In file included from [01m[K/opt/ros/humble/include/rclcpp/rclcpp/executors/single_threaded_executor.hpp:28[m[K,
                 from [01m[K/opt/ros/humble/include/rclcpp/rclcpp/executors.hpp:22[m[K,
                 from [01m[K/opt/ros/humble/include/rclcpp/rclcpp/rclcpp.hpp:155[m[K,
                 from [01m[K/home/ubuntu/ros2_ws/src/px4_ros_com/src/examples/offboard/offboard_control.cpp:51[m[K:
[01m[K/opt/ros/humble/include/rclcpp/rclcpp/node.hpp:195:3:[m[K [01;36m[Knote: [m[Kcandidate: ‘[01m[Ktemplate<class MessageT, class AllocatorT, class PublisherT> std::shared_ptr<PublisherT> rclcpp::Node::create_publisher(const string&, const rclcpp::QoS&, const rclcpp::PublisherOptionsWithAllocator<AllocatorT>&)[m[K’
  195 |   [01;36m[Kcreate_publisher[m[K(
      |   [01;36m[K^~~~~~~~~~~~~~~~[m[K
[01m[K/opt/ros/humble/include/rclcpp/rclcpp/node.hpp:195:3:[m[K [01;36m[Knote: [m[K  template argument deduction/substitution failed:
[01m[K/home/ubuntu/ros2_ws/src/px4_ros_com/src/examples/offboard/offboard_control.cpp:75:67:[m[K [01;36m[Knote: [m[K  candidate expects 3 arguments, 1 provided
   75 |                         [01;36m[Kthis->create_publisher<TrajectorySetpoint>("fmu/trajectory_setpoint/in")[m[K;
      |                         [01;36m[K~~~~~~~~~~~~~~~~~~~~~~~~~~~~~~~~~~~~~~~~~~^~~~~~~~~~~~~~~~~~~~~~~~~~~~~~[m[K
[01m[K/home/ubuntu/ros2_ws/src/px4_ros_com/src/examples/offboard/offboard_control.cpp:77:63:[m[K [01;31m[Kerror: [m[Kno matching function for call to ‘[01m[KOffboardControl::create_publisher<px4_msgs::msg::VehicleCommand>(const char [23])[m[K’
   77 |                         [01;31m[Kthis->create_publisher<VehicleCommand>("fmu/vehicle_command/in")[m[K;
      |                         [01;31m[K~~~~~~~~~~~~~~~~~~~~~~~~~~~~~~~~~~~~~~^~~~~~~~~~~~~~~~~~~~~~~~~~[m[K
In file included from [01m[K/opt/ros/humble/include/rclcpp/rclcpp/executors/single_threaded_executor.hpp:28[m[K,
                 from [01m[K/opt/ros/humble/include/rclcpp/rclcpp/executors.hpp:22[m[K,
                 from [01m[K/opt/ros/humble/include/rclcpp/rclcpp/rclcpp.hpp:155[m[K,
                 from [01m[K/home/ubuntu/ros2_ws/src/px4_ros_com/src/examples/offboard/offboard_control.cpp:51[m[K:
[01m[K/opt/ros/humble/include/rclcpp/rclcpp/node.hpp:195:3:[m[K [01;36m[Knote: [m[Kcandidate: ‘[01m[Ktemplate<class MessageT, class AllocatorT, class PublisherT> std::shared_ptr<PublisherT> rclcpp::Node::create_publisher(const string&, const rclcpp::QoS&, const rclcpp::PublisherOptionsWithAllocator<AllocatorT>&)[m[K’
  195 |   [01;36m[Kcreate_publisher[m[K(
      |   [01;36m[K^~~~~~~~~~~~~~~~[m[K
[01m[K/opt/ros/humble/include/rclcpp/rclcpp/node.hpp:195:3:[m[K [01;36m[Knote: [m[K  template argument deduction/substitution failed:
[01m[K/home/ubuntu/ros2_ws/src/px4_ros_com/src/examples/offboard/offboard_control.cpp:77:63:[m[K [01;36m[Knote: [m[K  candidate expects 3 arguments, 1 provided
   77 |                         [01;36m[Kthis->create_publisher<VehicleCommand>("fmu/vehicle_command/in")[m[K;
      |                         [01;36m[K~~~~~~~~~~~~~~~~~~~~~~~~~~~~~~~~~~~~~~^~~~~~~~~~~~~~~~~~~~~~~~~~[m[K
[01m[K/home/ubuntu/ros2_ws/src/px4_ros_com/src/examples/listeners/vehicle_gps_position_listener.cpp:[m[K In constructor ‘[01m[KVehicleGpsPositionListener::VehicleGpsPositionListener()[m[K’:
[01m[K/home/ubuntu/ros2_ws/src/px4_ros_com/src/examples/listeners/vehicle_gps_position_listener.cpp:50:93:[m[K [01;31m[Kerror: [m[Kno matching function for call to ‘[01m[KVehicleGpsPositionListener::create_subscription<px4_msgs::msg::VehicleGpsPosition>(const char [29], VehicleGpsPositionListener::VehicleGpsPositionListener()::<lambda(px4_msgs::msg::VehicleGpsPosition_<std::allocator<void> >::UniquePtr)>)[m[K’
   50 |                 subscription_ = [01;31m[Kthis->create_subscription<px4_msgs::msg::VehicleGpsPosition>([m[K
      |                                 [01;31m[K~~~~~~~~~~~~~~~~~~~~~~~~~~~~~~~~~~~~~~~~~~~~~~~~~~~~~~~~~~~~^[m[K
   51 | [01;31m[K                        "fmu/vehicle_gps_position/out",[m[K
      |                         [01;31m[K~~~~~~~~~~~~~~~~~~~~~~~~~~~~~~~[m[K                                      
   52 | [01;31m[K#ifdef ROS_DEFAULT_API[m[K
      | [01;31m[K~~~~~~~~~~~~~~~~~~~~~~[m[K                                                                       
   53 | [01;31m[K            10,[m[K
      |             [01;31m[K~~~[m[K                                                                              
   54 | [01;31m[K#endif[m[K
      | [01;31m[K~~~~~~[m[K                                                                                       
   55 | [01;31m[K                        [this](const px4_msgs::msg::VehicleGpsPosition::UniquePtr msg) {[m[K
      |                         [01;31m[K~~~~~~~~~~~~~~~~~~~~~~~~~~~~~~~~~~~~~~~~~~~~~~~~~~~~~~~~~~~~~~~~[m[K     
   56 | [01;31m[K                        std::cout << "\n\n\n\n\n\n\n\n\n\n";[m[K
      |                         [01;31m[K~~~~~~~~~~~~~~~~~~~~~~~~~~~~~~~~~~~~[m[K                                 
   57 | [01;31m[K                        std::cout << "RECEIVED VEHICLE GPS POSITION DATA"   << std::endl;[m[K
      |                         [01;31m[K~~~~~~~~~~~~~~~~~~~~~~~~~~~~~~~~~~~~~~~~~~~~~~~~~~~~~~~~~~~~~~~~~[m[K    
   58 | [01;31m[K                        std::cout << "=================================="   << std::endl;[m[K
      |                         [01;31m[K~~~~~~~~~~~~~~~~~~~~~~~~~~~~~~~~~~~~~~~~~~~~~~~~~~~~~~~~~~~~~~~~~[m[K    
   59 | [01;31m[K                        std::cout << "ts: "      << msg->timestamp    << std::endl;[m[K
      |                         [01;31m[K~~~~~~~~~~~~~~~~~~~~~~~~~~~~~~~~~~~~~~~~~~~~~~~~~~~~~~~~~~~[m[K          
   60 | [01;31m[K                        std::cout << "lat: " << msg->lat  << std::endl;[m[K
      |                         [01;31m[K~~~~~~~~~~~~~~~~~~~~~~~~~~~~~~~~~~~~~~~~~~~~~~~[m[K                      
   61 | [01;31m[K                        std::cout << "lon: " << msg->lon << std::endl;[m[K
      |                         [01;31m[K~~~~~~~~~~~~~~~~~~~~~~~~~~~~~~~~~~~~~~~~~~~~~~[m[K                       
   62 | [01;31m[K                        std::cout << "alt: " << msg->alt  << std::endl;[m[K
      |                         [01;31m[K~~~~~~~~~~~~~~~~~~~~~~~~~~~~~~~~~~~~~~~~~~~~~~~[m[K                      
   63 | [01;31m[K                        std::cout << "alt_ellipsoid: " << msg->alt_ellipsoid << std::endl;[m[K
      |                         [01;31m[K~~~~~~~~~~~~~~~~~~~~~~~~~~~~~~~~~~~~~~~~~~~~~~~~~~~~~~~~~~~~~~~~~~[m[K   
   64 | [01;31m[K                        std::cout << "s_variance_m_s: " << msg->s_variance_m_s << std::endl;[m[K
      |                         [01;31m[K~~~~~~~~~~~~~~~~~~~~~~~~~~~~~~~~~~~~~~~~~~~~~~~~~~~~~~~~~~~~~~~~~~~~[m[K 
   65 | [01;31m[K                        std::cout << "c_variance_rad: " << msg->c_variance_rad << std::endl;[m[K
      |                         [01;31m[K~~~~~~~~~~~~~~~~~~~~~~~~~~~~~~~~~~~~~~~~~~~~~~~~~~~~~~~~~~~~~~~~~~~~[m[K 
   66 | [01;31m[K                        std::cout << "fix_type: " << msg->fix_type << std::endl;[m[K
      |                         [01;31m[K~~~~~~~~~~~~~~~~~~~~~~~~~~~~~~~~~~~~~~~~~~~~~~~~~~~~~~~~[m[K             
   67 | [01;31m[K                        std::cout << "eph: " << msg->eph << std::endl;[m[K
      |                         [01;31m[K~~~~~~~~~~~~~~~~~~~~~~~~~~~~~~~~~~~~~~~~~~~~~~[m[K                       
   68 | [01;31m[K                        std::cout << "epv: " << msg->epv << std::endl;[m[K
      |                         [01;31m[K~~~~~~~~~~~~~~~~~~~~~~~~~~~~~~~~~~~~~~~~~~~~~~[m[K                       
   69 | [01;31m[K                        std::cout << "hdop: " << msg->hdop << std::endl;[m[K
      |                         [01;31m[K~~~~~~~~~~~~~~~~~~~~~~~~~~~~~~~~~~~~~~~~~~~~~~~~[m[K                     
   70 | [01;31m[K                        std::cout << "vdop: " << msg->vdop << std::endl;[m[K
      |                         [01;31m[K~~~~~~~~~~~~~~~~~~~~~~~~~~~~~~~~~~~~~~~~~~~~~~~~[m[K                     
   71 | [01;31m[K                        std::cout << "noise_per_ms: " << msg->noise_per_ms << std::endl;[m[K
      |                         [01;31m[K~~~~~~~~~~~~~~~~~~~~~~~~~~~~~~~~~~~~~~~~~~~~~~~~~~~~~~~~~~~~~~~~[m[K     
   72 | [01;31m[K                        std::cout << "vel_m_s: " << msg->vel_m_s << std::endl;[m[K
      |                         [01;31m[K~~~~~~~~~~~~~~~~~~~~~~~~~~~~~~~~~~~~~~~~~~~~~~~~~~~~~~[m[K               
   73 | [01;31m[K                        std::cout << "vel_n_m_s: " << msg->vel_n_m_s << std::endl;[m[K
      |                         [01;31m[K~~~~~~~~~~~~~~~~~~~~~~~~~~~~~~~~~~~~~~~~~~~~~~~~~~~~~~~~~~[m[K           
   74 | [01;31m[K                        std::cout << "vel_e_m_s: " << msg->vel_e_m_s << std::endl;[m[K
      |                         [01;31m[K~~~~~~~~~~~~~~~~~~~~~~~~~~~~~~~~~~~~~~~~~~~~~~~~~~~~~~~~~~[m[K           
   75 | [01;31m[K                        std::cout << "vel_d_m_s: " << msg->vel_d_m_s << std::endl;[m[K
      |                         [01;31m[K~~~~~~~~~~~~~~~~~~~~~~~~~~~~~~~~~~~~~~~~~~~~~~~~~~~~~~~~~~[m[K           
   76 | [01;31m[K                        std::cout << "cog_rad: " << msg->cog_rad << std::endl;[m[K
      |                         [01;31m[K~~~~~~~~~~~~~~~~~~~~~~~~~~~~~~~~~~~~~~~~~~~~~~~~~~~~~~[m[K               
   77 | [01;31m[K                        std::cout << "vel_ned_valid: " << msg->vel_ned_valid << std::endl;[m[K
      |                         [01;31m[K~~~~~~~~~~~~~~~~~~~~~~~~~~~~~~~~~~~~~~~~~~~~~~~~~~~~~~~~~~~~~~~~~~[m[K   
   78 | [01;31m[K                        std::cout << "timestamp_time_relative: " << msg->timestamp_time_relative << std::endl;[m[K
      |                         [01;31m[K~~~~~~~~~~~~~~~~~~~~~~~~~~~~~~~~~~~~~~~~~~~~~~~~~~~~~~~~~~~~~~~~~~~~~~~~~~~~~~~~~~~~~~[m[K
   79 | [01;31m[K                        std::cout << "time_utc_usec: " << msg->time_utc_usec << std::endl;[m[K
      |                         [01;31m[K~~~~~~~~~~~~~~~~~~~~~~~~~~~~~~~~~~~~~~~~~~~~~~~~~~~~~~~~~~~~~~~~~~[m[K   
   80 | [01;31m[K                        std::cout << "satellites_used: " << msg->satellites_used << std::endl;[m[K
      |                         [01;31m[K~~~~~~~~~~~~~~~~~~~~~~~~~~~~~~~~~~~~~~~~~~~~~~~~~~~~~~~~~~~~~~~~~~~~~~[m[K
   81 | [01;31m[K                        std::cout << "heading: " << msg->heading << std::endl;[m[K
      |                         [01;31m[K~~~~~~~~~~~~~~~~~~~~~~~~~~~~~~~~~~~~~~~~~~~~~~~~~~~~~~[m[K               
   82 | [01;31m[K                        std::cout << "heading_offset: " << msg->heading_offset << std::endl;[m[K
      |                         [01;31m[K~~~~~~~~~~~~~~~~~~~~~~~~~~~~~~~~~~~~~~~~~~~~~~~~~~~~~~~~~~~~~~~~~~~~[m[K 
   83 | [01;31m[K                })[m[K;
      |                 [01;31m[K~~[m[K                                                                           
In file included from [01m[K/opt/ros/humble/include/rclcpp/rclcpp/executors/single_threaded_executor.hpp:28[m[K,
                 from [01m[K/opt/ros/humble/include/rclcpp/rclcpp/executors.hpp:22[m[K,
                 from [01m[K/opt/ros/humble/include/rclcpp/rclcpp/rclcpp.hpp:155[m[K,
                 from [01m[K/home/ubuntu/ros2_ws/src/px4_ros_com/src/examples/listeners/vehicle_gps_position_listener.cpp:40[m[K:
[01m[K/opt/ros/humble/include/rclcpp/rclcpp/node.hpp:219:3:[m[K [01;36m[Knote: [m[Kcandidate: ‘[01m[Ktemplate<class MessageT, class CallbackT, class AllocatorT, class SubscriptionT, class MessageMemoryStrategyT> std::shared_ptr<ROSMessageT> rclcpp::Node::create_subscription(const string&, const rclcpp::QoS&, CallbackT&&, const rclcpp::SubscriptionOptionsWithAllocator<AllocatorT>&, typename MessageMemoryStrategyT::SharedPtr)[m[K’
  219 |   [01;36m[Kcreate_subscription[m[K(
      |   [01;36m[K^~~~~~~~~~~~~~~~~~~[m[K
[01m[K/opt/ros/humble/include/rclcpp/rclcpp/node.hpp:219:3:[m[K [01;36m[Knote: [m[K  template argument deduction/substitution failed:
[01m[K/home/ubuntu/ros2_ws/src/px4_ros_com/src/examples/listeners/vehicle_gps_position_listener.cpp:50:93:[m[K [01;36m[Knote: [m[K  candidate expects 5 arguments, 2 provided
   50 |                 subscription_ = [01;36m[Kthis->create_subscription<px4_msgs::msg::VehicleGpsPosition>([m[K
      |                                 [01;36m[K~~~~~~~~~~~~~~~~~~~~~~~~~~~~~~~~~~~~~~~~~~~~~~~~~~~~~~~~~~~~^[m[K
   51 | [01;36m[K                        "fmu/vehicle_gps_position/out",[m[K
      |                         [01;36m[K~~~~~~~~~~~~~~~~~~~~~~~~~~~~~~~[m[K                                      
   52 | [01;36m[K#ifdef ROS_DEFAULT_API[m[K
      | [01;36m[K~~~~~~~~~~~~~~~~~~~~~~[m[K                                                                       
   53 | [01;36m[K            10,[m[K
      |             [01;36m[K~~~[m[K                                                                              
   54 | [01;36m[K#endif[m[K
      | [01;36m[K~~~~~~[m[K                                                                                       
   55 | [01;36m[K                        [this](const px4_msgs::msg::VehicleGpsPosition::UniquePtr msg) {[m[K
      |                         [01;36m[K~~~~~~~~~~~~~~~~~~~~~~~~~~~~~~~~~~~~~~~~~~~~~~~~~~~~~~~~~~~~~~~~[m[K     
   56 | [01;36m[K                        std::cout << "\n\n\n\n\n\n\n\n\n\n";[m[K
      |                         [01;36m[K~~~~~~~~~~~~~~~~~~~~~~~~~~~~~~~~~~~~[m[K                                 
   57 | [01;36m[K                        std::cout << "RECEIVED VEHICLE GPS POSITION DATA"   << std::endl;[m[K
      |                         [01;36m[K~~~~~~~~~~~~~~~~~~~~~~~~~~~~~~~~~~~~~~~~~~~~~~~~~~~~~~~~~~~~~~~~~[m[K    
   58 | [01;36m[K                        std::cout << "=================================="   << std::endl;[m[K
      |                         [01;36m[K~~~~~~~~~~~~~~~~~~~~~~~~~~~~~~~~~~~~~~~~~~~~~~~~~~~~~~~~~~~~~~~~~[m[K    
   59 | [01;36m[K                        std::cout << "ts: "      << msg->timestamp    << std::endl;[m[K
      |                         [01;36m[K~~~~~~~~~~~~~~~~~~~~~~~~~~~~~~~~~~~~~~~~~~~~~~~~~~~~~~~~~~~[m[K          
   60 | [01;36m[K                        std::cout << "lat: " << msg->lat  << std::endl;[m[K
      |                         [01;36m[K~~~~~~~~~~~~~~~~~~~~~~~~~~~~~~~~~~~~~~~~~~~~~~~[m[K                      
   61 | [01;36m[K                        std::cout << "lon: " << msg->lon << std::endl;[m[K
      |                         [01;36m[K~~~~~~~~~~~~~~~~~~~~~~~~~~~~~~~~~~~~~~~~~~~~~~[m[K                       
   62 | [01;36m[K                        std::cout << "alt: " << msg->alt  << std::endl;[m[K
      |                         [01;36m[K~~~~~~~~~~~~~~~~~~~~~~~~~~~~~~~~~~~~~~~~~~~~~~~[m[K                      
   63 | [01;36m[K                        std::cout << "alt_ellipsoid: " << msg->alt_ellipsoid << std::endl;[m[K
      |                         [01;36m[K~~~~~~~~~~~~~~~~~~~~~~~~~~~~~~~~~~~~~~~~~~~~~~~~~~~~~~~~~~~~~~~~~~[m[K   
   64 | [01;36m[K                        std::cout << "s_variance_m_s: " << msg->s_variance_m_s << std::endl;[m[K
      |                         [01;36m[K~~~~~~~~~~~~~~~~~~~~~~~~~~~~~~~~~~~~~~~~~~~~~~~~~~~~~~~~~~~~~~~~~~~~[m[K 
   65 | [01;36m[K                        std::cout << "c_variance_rad: " << msg->c_variance_rad << std::endl;[m[K
      |                         [01;36m[K~~~~~~~~~~~~~~~~~~~~~~~~~~~~~~~~~~~~~~~~~~~~~~~~~~~~~~~~~~~~~~~~~~~~[m[K 
   66 | [01;36m[K                        std::cout << "fix_type: " << msg->fix_type << std::endl;[m[K
      |                         [01;36m[K~~~~~~~~~~~~~~~~~~~~~~~~~~~~~~~~~~~~~~~~~~~~~~~~~~~~~~~~[m[K             
   67 | [01;36m[K                        std::cout << "eph: " << msg->eph << std::endl;[m[K
      |                         [01;36m[K~~~~~~~~~~~~~~~~~~~~~~~~~~~~~~~~~~~~~~~~~~~~~~[m[K                       
   68 | [01;36m[K                        std::cout << "epv: " << msg->epv << std::endl;[m[K
      |                         [01;36m[K~~~~~~~~~~~~~~~~~~~~~~~~~~~~~~~~~~~~~~~~~~~~~~[m[K                       
   69 | [01;36m[K                        std::cout << "hdop: " << msg->hdop << std::endl;[m[K
      |                         [01;36m[K~~~~~~~~~~~~~~~~~~~~~~~~~~~~~~~~~~~~~~~~~~~~~~~~[m[K                     
   70 | [01;36m[K                        std::cout << "vdop: " << msg->vdop << std::endl;[m[K
      |                         [01;36m[K~~~~~~~~~~~~~~~~~~~~~~~~~~~~~~~~~~~~~~~~~~~~~~~~[m[K                     
   71 | [01;36m[K                        std::cout << "noise_per_ms: " << msg->noise_per_ms << std::endl;[m[K
      |                         [01;36m[K~~~~~~~~~~~~~~~~~~~~~~~~~~~~~~~~~~~~~~~~~~~~~~~~~~~~~~~~~~~~~~~~[m[K     
   72 | [01;36m[K                        std::cout << "vel_m_s: " << msg->vel_m_s << std::endl;[m[K
      |                         [01;36m[K~~~~~~~~~~~~~~~~~~~~~~~~~~~~~~~~~~~~~~~~~~~~~~~~~~~~~~[m[K               
   73 | [01;36m[K                        std::cout << "vel_n_m_s: " << msg->vel_n_m_s << std::endl;[m[K
      |                         [01;36m[K~~~~~~~~~~~~~~~~~~~~~~~~~~~~~~~~~~~~~~~~~~~~~~~~~~~~~~~~~~[m[K           
   74 | [01;36m[K                        std::cout << "vel_e_m_s: " << msg->vel_e_m_s << std::endl;[m[K
      |                         [01;36m[K~~~~~~~~~~~~~~~~~~~~~~~~~~~~~~~~~~~~~~~~~~~~~~~~~~~~~~~~~~[m[K           
   75 | [01;36m[K                        std::cout << "vel_d_m_s: " << msg->vel_d_m_s << std::endl;[m[K
      |                         [01;36m[K~~~~~~~~~~~~~~~~~~~~~~~~~~~~~~~~~~~~~~~~~~~~~~~~~~~~~~~~~~[m[K           
   76 | [01;36m[K                        std::cout << "cog_rad: " << msg->cog_rad << std::endl;[m[K
      |                         [01;36m[K~~~~~~~~~~~~~~~~~~~~~~~~~~~~~~~~~~~~~~~~~~~~~~~~~~~~~~[m[K               
   77 | [01;36m[K                        std::cout << "vel_ned_valid: " << msg->vel_ned_valid << std::endl;[m[K
      |                         [01;36m[K~~~~~~~~~~~~~~~~~~~~~~~~~~~~~~~~~~~~~~~~~~~~~~~~~~~~~~~~~~~~~~~~~~[m[K   
   78 | [01;36m[K                        std::cout << "timestamp_time_relative: " << msg->timestamp_time_relative << std::endl;[m[K
      |                         [01;36m[K~~~~~~~~~~~~~~~~~~~~~~~~~~~~~~~~~~~~~~~~~~~~~~~~~~~~~~~~~~~~~~~~~~~~~~~~~~~~~~~~~~~~~~[m[K
   79 | [01;36m[K                        std::cout << "time_utc_usec: " << msg->time_utc_usec << std::endl;[m[K
      |                         [01;36m[K~~~~~~~~~~~~~~~~~~~~~~~~~~~~~~~~~~~~~~~~~~~~~~~~~~~~~~~~~~~~~~~~~~[m[K   
   80 | [01;36m[K                        std::cout << "satellites_used: " << msg->satellites_used << std::endl;[m[K
      |                         [01;36m[K~~~~~~~~~~~~~~~~~~~~~~~~~~~~~~~~~~~~~~~~~~~~~~~~~~~~~~~~~~~~~~~~~~~~~~[m[K
   81 | [01;36m[K                        std::cout << "heading: " << msg->heading << std::endl;[m[K
      |                         [01;36m[K~~~~~~~~~~~~~~~~~~~~~~~~~~~~~~~~~~~~~~~~~~~~~~~~~~~~~~[m[K               
   82 | [01;36m[K                        std::cout << "heading_offset: " << msg->heading_offset << std::endl;[m[K
      |                         [01;36m[K~~~~~~~~~~~~~~~~~~~~~~~~~~~~~~~~~~~~~~~~~~~~~~~~~~~~~~~~~~~~~~~~~~~~[m[K 
   83 | [01;36m[K                })[m[K;
      |                 [01;36m[K~~[m[K                                                                           
gmake[2]: *** [CMakeFiles/sensor_combined_listener.dir/build.make:76: CMakeFiles/sensor_combined_listener.dir/src/examples/listeners/sensor_combined_listener.cpp.o] Error 1
gmake[1]: *** [CMakeFiles/Makefile2:199: CMakeFiles/sensor_combined_listener.dir/all] Error 2
gmake[2]: *** [CMakeFiles/vehicle_gps_position_listener.dir/build.make:76: CMakeFiles/vehicle_gps_position_listener.dir/src/examples/listeners/vehicle_gps_position_listener.cpp.o] Error 1
gmake[1]: *** [CMakeFiles/Makefile2:225: CMakeFiles/vehicle_gps_position_listener.dir/all] Error 2
gmake[2]: *** [CMakeFiles/debug_vect_advertiser.dir/build.make:76: CMakeFiles/debug_vect_advertiser.dir/src/examples/advertisers/debug_vect_advertiser.cpp.o] Error 1
gmake[1]: *** [CMakeFiles/Makefile2:251: CMakeFiles/debug_vect_advertiser.dir/all] Error 2
gmake[2]: *** [CMakeFiles/offboard_control.dir/build.make:76: CMakeFiles/offboard_control.dir/src/examples/offboard/offboard_control.cpp.o] Error 1
gmake[1]: *** [CMakeFiles/Makefile2:277: CMakeFiles/offboard_control.dir/all] Error 2
[  8%] [32m[1mLinking CXX shared library libframe_transforms.so[0m
gmake[2]: *** Deleting file 'libframe_transforms.so'
gmake[2]: *** [CMakeFiles/frame_transforms.dir/build.make:1324: libframe_transforms.so] Interrupt
gmake[1]: *** [CMakeFiles/Makefile2:147: CMakeFiles/frame_transforms.dir/all] Interrupt
gmake: *** [Makefile:146: all] Interrupt
