[0.022s] Invoking command in '/home/ubuntu/ros2_ws/build/px4_ros_com': AMENT_PREFIX_PATH=/home/ubuntu/ros2_ws/install/px4_msgs:${AMENT_PREFIX_PATH} CMAKE_PREFIX_PATH=${CMAKE_PREFIX_PATH}:/opt/ros/humble PYTHONPATH=/home/ubuntu/ros2_ws/install/px4_msgs/local/lib/python3.10/dist-packages:${PYTHONPATH} /usr/bin/cmake /home/ubuntu/ros2_ws/src/px4_ros_com -DCMAKE_BUILD_TYPE=RELWITHDEBINFO -DAMENT_CMAKE_SYMLINK_INSTALL=1 -DCMAKE_INSTALL_PREFIX=/home/ubuntu/ros2_ws/install/px4_ros_com
[0.157s] -- The C compiler identification is GNU 11.3.0
[0.325s] -- The CXX compiler identification is GNU 11.3.0
[0.354s] -- Detecting C compiler ABI info
[0.528s] -- Detecting C compiler ABI info - done
[0.550s] -- Check for working C compiler: /usr/bin/cc - skipped
[0.551s] -- Detecting C compile features
[0.552s] -- Detecting C compile features - done
[0.560s] -- Detecting CXX compiler ABI info
[0.769s] -- Detecting CXX compiler ABI info - done
[0.798s] -- Check for working CXX compiler: /usr/bin/c++ - skipped
[0.799s] -- Detecting CXX compile features
[0.800s] -- Detecting CXX compile features - done
[0.805s] -- Performing Test COMPILER_SUPPORTS_CXX17
[1.005s] -- Performing Test COMPILER_SUPPORTS_CXX17 - Success
[1.007s] -- Performing Test COMPILER_SUPPORTS_CXX14
[1.199s] -- Performing Test COMPILER_SUPPORTS_CXX14 - Success
[1.201s] -- Performing Test COMPILER_SUPPORTS_CXX11
[1.414s] -- Performing Test COMPILER_SUPPORTS_CXX11 - Success
[1.416s] -- Performing Test COMPILER_SUPPORTS_CXX0X
[1.611s] -- Performing Test COMPILER_SUPPORTS_CXX0X - Success
[1.611s] -- Using C++17 compiler
[1.619s] -- Found ament_cmake: 1.3.3 (/opt/ros/humble/share/ament_cmake/cmake)
[1.918s] -- Found Python3: /usr/bin/python3.10 (found version "3.10.6") found components: Interpreter 
[2.051s] -- Override CMake install command with custom implementation using symlinks instead of copying resources
[2.080s] -- Found builtin_interfaces: 1.2.1 (/opt/ros/humble/share/builtin_interfaces/cmake)
[2.132s] -- Found rosidl_generator_c: 3.1.4 (/opt/ros/humble/share/rosidl_generator_c/cmake)
[2.140s] -- Found rosidl_adapter: 3.1.4 (/opt/ros/humble/share/rosidl_adapter/cmake)
[2.153s] -- Found rosidl_generator_cpp: 3.1.4 (/opt/ros/humble/share/rosidl_generator_cpp/cmake)
[2.174s] -- Using all available rosidl_typesupport_c: rosidl_typesupport_fastrtps_c;rosidl_typesupport_introspection_c
[2.201s] -- Using all available rosidl_typesupport_cpp: rosidl_typesupport_fastrtps_cpp;rosidl_typesupport_introspection_cpp
[2.273s] -- Found OpenSSL: /usr/lib/x86_64-linux-gnu/libcrypto.so (found version "3.0.2")  
[2.275s] -- Found rclcpp: 16.0.3 (/opt/ros/humble/share/rclcpp/cmake)
[2.348s] -- Found rmw_implementation_cmake: 6.1.1 (/opt/ros/humble/share/rmw_implementation_cmake/cmake)
[2.351s] -- Found rmw_fastrtps_cpp: 6.2.2 (/opt/ros/humble/share/rmw_fastrtps_cpp/cmake)
[2.440s] -- Found FastRTPS: /opt/ros/humble/include  
[2.489s] -- Using RMW implementation 'rmw_fastrtps_cpp' as default
[2.498s] -- Looking for pthread.h
[2.562s] -- Looking for pthread.h - found
[2.562s] -- Performing Test CMAKE_HAVE_LIBC_PTHREAD
[2.660s] -- Performing Test CMAKE_HAVE_LIBC_PTHREAD - Success
[2.663s] -- Found Threads: TRUE  
[2.899s] -- Found px4_msgs: 2.0.1 (/home/ubuntu/ros2_ws/install/px4_msgs/share/px4_msgs/cmake)
[2.935s] -- Found sensor_msgs: 4.2.3 (/opt/ros/humble/share/sensor_msgs/cmake)
[3.078s] -- Found PythonInterp: /usr/bin/python3 (found suitable version "3.10.6", minimum required is "3") 
[3.086s] -- fastrtpsgen found in /usr/local/bin
[3.120s] openjdk version "11.0.18" 2023-01-17
[3.121s] OpenJDK Runtime Environment (build 11.0.18+10-post-Ubuntu-0ubuntu122.04)
[3.121s] OpenJDK 64-Bit Server VM (build 11.0.18+10-post-Ubuntu-0ubuntu122.04, mixed mode, sharing)
[3.151s] -- fastrtpsgen version 1.0.4
[3.151s] -- px4_msgs message dir under /home/ubuntu/ros2_ws/install/px4_msgs/share/px4_msgs/msg
[3.151s] -- IDL definitions under /home/ubuntu/ros2_ws/install/px4_msgs/share/px4_msgs/msg
[3.152s] -- Retrieving list of msgs to send...
[3.219s] -- List of msgs to send: DebugArray, DebugKeyValue, DebugValue, DebugVect, OffboardControlMode, OnboardComputerStatus, OpticalFlow, PositionSetpoint, PositionSetpointTriplet, TelemetryStatus, Timesync, TrajectoryBezier, VehicleCommand, VehicleLocalPositionSetpoint, VehicleTrajectoryBezier, VehicleTrajectoryWaypoint, TrajectorySetpoint, VehicleMocapOdometry, VehicleVisualOdometry
[3.219s] -- Retrieving list of msgs to receive...
[3.286s] -- List of msgs to receive: CollisionConstraints, SensorCombined, Timesync, TimesyncStatus, TrajectoryWaypoint, VehicleControlMode, VehicleOdometry, VehicleStatus
[3.423s] -- Configuring done
[3.681s] -- Generating done
[3.683s] -- Build files have been written to: /home/ubuntu/ros2_ws/build/px4_ros_com
[3.695s] Invoked command in '/home/ubuntu/ros2_ws/build/px4_ros_com' returned '0': AMENT_PREFIX_PATH=/home/ubuntu/ros2_ws/install/px4_msgs:${AMENT_PREFIX_PATH} CMAKE_PREFIX_PATH=${CMAKE_PREFIX_PATH}:/opt/ros/humble PYTHONPATH=/home/ubuntu/ros2_ws/install/px4_msgs/local/lib/python3.10/dist-packages:${PYTHONPATH} /usr/bin/cmake /home/ubuntu/ros2_ws/src/px4_ros_com -DCMAKE_BUILD_TYPE=RELWITHDEBINFO -DAMENT_CMAKE_SYMLINK_INSTALL=1 -DCMAKE_INSTALL_PREFIX=/home/ubuntu/ros2_ws/install/px4_ros_com
[3.697s] Invoking command in '/home/ubuntu/ros2_ws/build/px4_ros_com': AMENT_PREFIX_PATH=/home/ubuntu/ros2_ws/install/px4_msgs:${AMENT_PREFIX_PATH} CMAKE_PREFIX_PATH=${CMAKE_PREFIX_PATH}:/opt/ros/humble PYTHONPATH=/home/ubuntu/ros2_ws/install/px4_msgs/local/lib/python3.10/dist-packages:${PYTHONPATH} /usr/bin/cmake --build /home/ubuntu/ros2_ws/build/px4_ros_com -- -j12 -l12
[3.747s] [  1%] [34m[1mGenerating micro-RTPS agent code...[0m
[3.757s] [  2%] [32mBuilding CXX object CMakeFiles/sensor_combined_listener.dir/src/examples/listeners/sensor_combined_listener.cpp.o[0m
[3.758s] [  4%] [32mBuilding CXX object CMakeFiles/debug_vect_advertiser.dir/src/examples/advertisers/debug_vect_advertiser.cpp.o[0m
[3.759s] [  4%] [32mBuilding CXX object CMakeFiles/vehicle_gps_position_listener.dir/src/examples/listeners/vehicle_gps_position_listener.cpp.o[0m
[3.767s] [  5%] [32mBuilding CXX object CMakeFiles/offboard_control.dir/src/examples/offboard/offboard_control.cpp.o[0m
[3.771s] [  6%] [32mBuilding CXX object CMakeFiles/frame_transforms.dir/src/lib/frame_transforms.cpp.o[0m
[3.813s] Failed to import genmsg: No module named 'genmsg'
[3.813s] 
[3.813s] You may need to install it using:
[3.813s]     pip3 install --user pyros-genmsg
[3.814s] 
[4.143s] [  6%] [34m[1mGenerating micro-RTPS agent code...[0m
[4.200s] Failed to import genmsg: No module named 'genmsg'
[4.200s] 
[4.200s] You may need to install it using:
[4.201s]     pip3 install --user pyros-genmsg
[4.201s] 
[4.213s] [  7%] [32mBuilding CXX object CMakeFiles/micrortps_agent.dir/src/micrortps_agent/microRTPS_agent.cpp.o[0m
[4.224s] [01m[Kcc1plus:[m[K [01;31m[Kfatal error: [m[K/home/ubuntu/ros2_ws/build/px4_ros_com/src/micrortps_agent/microRTPS_agent.cpp: No such file or directory
[4.224s] compilation terminated.
[4.225s] gmake[2]: *** [CMakeFiles/micrortps_agent.dir/build.make:510: CMakeFiles/micrortps_agent.dir/src/micrortps_agent/microRTPS_agent.cpp.o] Error 1
[4.225s] gmake[2]: *** Waiting for unfinished jobs....
[4.235s] gmake[1]: *** [CMakeFiles/Makefile2:173: CMakeFiles/micrortps_agent.dir/all] Error 2
[4.236s] gmake[1]: *** Waiting for unfinished jobs....
[7.137s] [01m[K/home/ubuntu/ros2_ws/src/px4_ros_com/src/examples/advertisers/debug_vect_advertiser.cpp:[m[K In constructor ‘[01m[KDebugVectAdvertiser::DebugVectAdvertiser()[m[K’:
[7.138s] [01m[K/home/ubuntu/ros2_ws/src/px4_ros_com/src/examples/advertisers/debug_vect_advertiser.cpp:53:78:[m[K [01;31m[Kerror: [m[Kno matching function for call to ‘[01m[KDebugVectAdvertiser::create_publisher<px4_msgs::msg::DebugVect>(const char [18])[m[K’
[7.138s]    53 |                 publisher_ = [01;31m[Kthis->create_publisher<px4_msgs::msg::DebugVect>("fmu/debug_vect/in")[m[K;
[7.138s]       |                              [01;31m[K~~~~~~~~~~~~~~~~~~~~~~~~~~~~~~~~~~~~~~~~~~~~~~~~^~~~~~~~~~~~~~~~~~~~~[m[K
[7.138s] In file included from [01m[K/opt/ros/humble/include/rclcpp/rclcpp/executors/single_threaded_executor.hpp:28[m[K,
[7.138s]                  from [01m[K/opt/ros/humble/include/rclcpp/rclcpp/executors.hpp:22[m[K,
[7.139s]                  from [01m[K/opt/ros/humble/include/rclcpp/rclcpp/rclcpp.hpp:155[m[K,
[7.139s]                  from [01m[K/home/ubuntu/ros2_ws/src/px4_ros_com/src/examples/advertisers/debug_vect_advertiser.cpp:41[m[K:
[7.139s] [01m[K/opt/ros/humble/include/rclcpp/rclcpp/node.hpp:195:3:[m[K [01;36m[Knote: [m[Kcandidate: ‘[01m[Ktemplate<class MessageT, class AllocatorT, class PublisherT> std::shared_ptr<PublisherT> rclcpp::Node::create_publisher(const string&, const rclcpp::QoS&, const rclcpp::PublisherOptionsWithAllocator<AllocatorT>&)[m[K’
[7.139s]   195 |   [01;36m[Kcreate_publisher[m[K(
[7.139s]       |   [01;36m[K^~~~~~~~~~~~~~~~[m[K
[7.139s] [01m[K/opt/ros/humble/include/rclcpp/rclcpp/node.hpp:195:3:[m[K [01;36m[Knote: [m[K  template argument deduction/substitution failed:
[7.140s] [01m[K/home/ubuntu/ros2_ws/src/px4_ros_com/src/examples/advertisers/debug_vect_advertiser.cpp:53:78:[m[K [01;36m[Knote: [m[K  candidate expects 3 arguments, 1 provided
[7.140s]    53 |                 publisher_ = [01;36m[Kthis->create_publisher<px4_msgs::msg::DebugVect>("fmu/debug_vect/in")[m[K;
[7.140s]       |                              [01;36m[K~~~~~~~~~~~~~~~~~~~~~~~~~~~~~~~~~~~~~~~~~~~~~~~~^~~~~~~~~~~~~~~~~~~~~[m[K
[7.140s] In file included from [01m[K/opt/ros/humble/include/rclcpp/rclcpp/logging.hpp:24[m[K,
[7.140s]                  from [01m[K/opt/ros/humble/include/rclcpp/rclcpp/client.hpp:40[m[K,
[7.140s]                  from [01m[K/opt/ros/humble/include/rclcpp/rclcpp/callback_group.hpp:24[m[K,
[7.140s]                  from [01m[K/opt/ros/humble/include/rclcpp/rclcpp/any_executable.hpp:20[m[K,
[7.141s]                  from [01m[K/opt/ros/humble/include/rclcpp/rclcpp/memory_strategy.hpp:25[m[K,
[7.141s]                  from [01m[K/opt/ros/humble/include/rclcpp/rclcpp/memory_strategies.hpp:18[m[K,
[7.141s]                  from [01m[K/opt/ros/humble/include/rclcpp/rclcpp/executor_options.hpp:20[m[K,
[7.141s]                  from [01m[K/opt/ros/humble/include/rclcpp/rclcpp/executor.hpp:37[m[K,
[7.141s]                  from [01m[K/opt/ros/humble/include/rclcpp/rclcpp/executors/multi_threaded_executor.hpp:25[m[K,
[7.141s]                  from [01m[K/opt/ros/humble/include/rclcpp/rclcpp/executors.hpp:21[m[K,
[7.141s]                  from [01m[K/opt/ros/humble/include/rclcpp/rclcpp/rclcpp.hpp:155[m[K,
[7.142s]                  from [01m[K/home/ubuntu/ros2_ws/src/px4_ros_com/src/examples/advertisers/debug_vect_advertiser.cpp:41[m[K:
[7.142s] [01m[K/home/ubuntu/ros2_ws/src/px4_ros_com/src/examples/advertisers/debug_vect_advertiser.cpp:[m[K In lambda function:
[7.142s] [01m[K/home/ubuntu/ros2_ws/src/px4_ros_com/src/examples/advertisers/debug_vect_advertiser.cpp:64:57:[m[K [01;35m[Kwarning: [m[Kformat ‘[01m[K%llu[m[K’ expects argument of type ‘[01m[Klong long unsigned int[m[K’, but argument 5 has type ‘[01m[Kpx4_msgs::msg::DebugVect_<std::allocator<void> >::_timestamp_type[m[K’ {aka ‘[01m[Klong unsigned int[m[K’} [[01;35m[K]8;;https://gcc.gnu.org/onlinedocs/gcc/Warning-Options.html#index-Wformat=-Wformat=]8;;[m[K]
[7.142s]    64 |                         RCLCPP_INFO(this->get_logger(), [01;35m[K"\033[97m Publishing debug_vect: time: %llu x: %f y: %f z: %f \033[0m"[m[K,
[7.142s]       |                                                         [01;35m[K^~~~~~~~~~~~~~~~~~~~~~~~~~~~~~~~~~~~~~~~~~~~~~~~~~~~~~~~~~~~~~~~~~~~~~[m[K
[7.142s]    65 |                                 [32m[Kdebug_vect.timestamp[m[K, debug_vect.x, debug_vect.y, debug_vect.z);
[7.142s]       |                                 [32m[K~~~~~~~~~~~~~~~~~~~~[m[K     
[7.143s]       |                                            [32m[K|[m[K
[7.143s]       |                                            [32m[Kpx4_msgs::msg::DebugVect_<std::allocator<void> >::_timestamp_type {aka long unsigned int}[m[K
[7.143s] [01m[K/home/ubuntu/ros2_ws/src/px4_ros_com/src/examples/advertisers/debug_vect_advertiser.cpp:64:99:[m[K [01;36m[Knote: [m[Kformat string is defined here
[7.143s]    64 |                         RCLCPP_INFO(this->get_logger(), "\033[97m Publishing debug_vect: time: [01;36m[K%llu[m[K x: %f y: %f z: %f \033[0m",
[7.143s]       |                                                                                                [01;36m[K~~~^[m[K
[7.143s]       |                                                                                                   [01;36m[K|[m[K
[7.144s]       |                                                                                                   [01;36m[Klong long unsigned int[m[K
[7.144s]       |                                                                                                [32m[K%lu[m[K
[7.224s] [01m[K/home/ubuntu/ros2_ws/src/px4_ros_com/src/examples/listeners/sensor_combined_listener.cpp:[m[K In constructor ‘[01m[KSensorCombinedListener::SensorCombinedListener()[m[K’:
[7.224s] [01m[K/home/ubuntu/ros2_ws/src/px4_ros_com/src/examples/listeners/sensor_combined_listener.cpp:52:89:[m[K [01;31m[Kerror: [m[Kno matching function for call to ‘[01m[KSensorCombinedListener::create_subscription<px4_msgs::msg::SensorCombined>(const char [24], SensorCombinedListener::SensorCombinedListener()::<lambda(px4_msgs::msg::SensorCombined_<std::allocator<void> >::UniquePtr)>)[m[K’
[7.225s]    52 |                 subscription_ = [01;31m[Kthis->create_subscription<px4_msgs::msg::SensorCombined>([m[K
[7.225s]       |                                 [01;31m[K~~~~~~~~~~~~~~~~~~~~~~~~~~~~~~~~~~~~~~~~~~~~~~~~~~~~~~~~^[m[K
[7.225s]    53 | [01;31m[K                        "fmu/sensor_combined/out",[m[K
[7.225s]       |                         [01;31m[K~~~~~~~~~~~~~~~~~~~~~~~~~~[m[K                                       
[7.225s]    54 | [01;31m[K#ifdef ROS_DEFAULT_API[m[K
[7.225s]       | [01;31m[K~~~~~~~~~~~~~~~~~~~~~~[m[K                                                                   
[7.226s]    55 | [01;31m[K            10,[m[K
[7.226s]       |             [01;31m[K~~~[m[K                                                                          
[7.226s]    56 | [01;31m[K#endif[m[K
[7.226s]       | [01;31m[K~~~~~~[m[K                                                                                   
[7.226s]    57 | [01;31m[K                        [this](const px4_msgs::msg::SensorCombined::UniquePtr msg) {[m[K
[7.226s]       |                         [01;31m[K~~~~~~~~~~~~~~~~~~~~~~~~~~~~~~~~~~~~~~~~~~~~~~~~~~~~~~~~~~~~[m[K     
[7.227s]    58 | [01;31m[K                        std::cout << "\n\n\n\n\n\n\n\n\n\n\n\n\n\n\n\n\n\n\n\n\n\n\n\n";[m[K
[7.227s]       |                         [01;31m[K~~~~~~~~~~~~~~~~~~~~~~~~~~~~~~~~~~~~~~~~~~~~~~~~~~~~~~~~~~~~~~~~[m[K 
[7.227s]    59 | [01;31m[K                        std::cout << "RECEIVED SENSOR COMBINED DATA"   << std::endl;[m[K
[7.227s]       |                         [01;31m[K~~~~~~~~~~~~~~~~~~~~~~~~~~~~~~~~~~~~~~~~~~~~~~~~~~~~~~~~~~~~[m[K     
[7.227s]    60 | [01;31m[K                        std::cout << "============================="   << std::endl;[m[K
[7.227s]       |                         [01;31m[K~~~~~~~~~~~~~~~~~~~~~~~~~~~~~~~~~~~~~~~~~~~~~~~~~~~~~~~~~~~~[m[K     
[7.227s]    61 | [01;31m[K                        std::cout << "ts: "          << msg->timestamp    << std::endl;[m[K
[7.228s]       |                         [01;31m[K~~~~~~~~~~~~~~~~~~~~~~~~~~~~~~~~~~~~~~~~~~~~~~~~~~~~~~~~~~~~~~~[m[K  
[7.228s]    62 | [01;31m[K                        std::cout << "gyro_rad[0]: " << msg->gyro_rad[0]  << std::endl;[m[K
[7.228s]       |                         [01;31m[K~~~~~~~~~~~~~~~~~~~~~~~~~~~~~~~~~~~~~~~~~~~~~~~~~~~~~~~~~~~~~~~[m[K  
[7.228s]    63 | [01;31m[K                        std::cout << "gyro_rad[1]: " << msg->gyro_rad[1]  << std::endl;[m[K
[7.228s]       |                         [01;31m[K~~~~~~~~~~~~~~~~~~~~~~~~~~~~~~~~~~~~~~~~~~~~~~~~~~~~~~~~~~~~~~~[m[K  
[7.228s]    64 | [01;31m[K                        std::cout << "gyro_rad[2]: " << msg->gyro_rad[2]  << std::endl;[m[K
[7.229s]       |                         [01;31m[K~~~~~~~~~~~~~~~~~~~~~~~~~~~~~~~~~~~~~~~~~~~~~~~~~~~~~~~~~~~~~~~[m[K  
[7.229s]    65 | [01;31m[K                        std::cout << "gyro_integral_dt: " << msg->gyro_integral_dt << std::endl;[m[K
[7.229s]       |                         [01;31m[K~~~~~~~~~~~~~~~~~~~~~~~~~~~~~~~~~~~~~~~~~~~~~~~~~~~~~~~~~~~~~~~~~~~~~~~~[m[K
[7.229s]    66 | [01;31m[K                        std::cout << "accelerometer_timestamp_relative: " << msg->accelerometer_timestamp_relative << std::endl;[m[K
[7.229s]       |                         [01;31m[K~~~~~~~~~~~~~~~~~~~~~~~~~~~~~~~~~~~~~~~~~~~~~~~~~~~~~~~~~~~~~~~~~~~~~~~~~~~~~~~~~~~~~~~~~~~~~~~~~~~~~~~~[m[K
[7.229s]    67 | [01;31m[K                        std::cout << "accelerometer_m_s2[0]: " << msg->accelerometer_m_s2[0] << std::endl;[m[K
[7.230s]       |                         [01;31m[K~~~~~~~~~~~~~~~~~~~~~~~~~~~~~~~~~~~~~~~~~~~~~~~~~~~~~~~~~~~~~~~~~~~~~~~~~~~~~~~~~~[m[K
[7.230s]    68 | [01;31m[K                        std::cout << "accelerometer_m_s2[1]: " << msg->accelerometer_m_s2[1] << std::endl;[m[K
[7.230s]       |                         [01;31m[K~~~~~~~~~~~~~~~~~~~~~~~~~~~~~~~~~~~~~~~~~~~~~~~~~~~~~~~~~~~~~~~~~~~~~~~~~~~~~~~~~~[m[K
[7.230s]    69 | [01;31m[K                        std::cout << "accelerometer_m_s2[2]: " << msg->accelerometer_m_s2[2] << std::endl;[m[K
[7.230s]       |                         [01;31m[K~~~~~~~~~~~~~~~~~~~~~~~~~~~~~~~~~~~~~~~~~~~~~~~~~~~~~~~~~~~~~~~~~~~~~~~~~~~~~~~~~~[m[K
[7.230s]    70 | [01;31m[K                        std::cout << "accelerometer_integral_dt: " << msg->accelerometer_integral_dt << std::endl;[m[K
[7.230s]       |                         [01;31m[K~~~~~~~~~~~~~~~~~~~~~~~~~~~~~~~~~~~~~~~~~~~~~~~~~~~~~~~~~~~~~~~~~~~~~~~~~~~~~~~~~~~~~~~~~~[m[K
[7.231s]    71 | [01;31m[K                })[m[K;
[7.231s]       |                 [01;31m[K~~[m[K                                                                       
[7.231s] In file included from [01m[K/opt/ros/humble/include/rclcpp/rclcpp/executors/single_threaded_executor.hpp:28[m[K,
[7.231s]                  from [01m[K/opt/ros/humble/include/rclcpp/rclcpp/executors.hpp:22[m[K,
[7.231s]                  from [01m[K/opt/ros/humble/include/rclcpp/rclcpp/rclcpp.hpp:155[m[K,
[7.231s]                  from [01m[K/home/ubuntu/ros2_ws/src/px4_ros_com/src/examples/listeners/sensor_combined_listener.cpp:42[m[K:
[7.232s] [01m[K/opt/ros/humble/include/rclcpp/rclcpp/node.hpp:219:3:[m[K [01;36m[Knote: [m[Kcandidate: ‘[01m[Ktemplate<class MessageT, class CallbackT, class AllocatorT, class SubscriptionT, class MessageMemoryStrategyT> std::shared_ptr<ROSMessageT> rclcpp::Node::create_subscription(const string&, const rclcpp::QoS&, CallbackT&&, const rclcpp::SubscriptionOptionsWithAllocator<AllocatorT>&, typename MessageMemoryStrategyT::SharedPtr)[m[K’
[7.232s]   219 |   [01;36m[Kcreate_subscription[m[K(
[7.232s]       |   [01;36m[K^~~~~~~~~~~~~~~~~~~[m[K
[7.232s] [01m[K/opt/ros/humble/include/rclcpp/rclcpp/node.hpp:219:3:[m[K [01;36m[Knote: [m[K  template argument deduction/substitution failed:
[7.232s] [01m[K/home/ubuntu/ros2_ws/src/px4_ros_com/src/examples/listeners/sensor_combined_listener.cpp:52:89:[m[K [01;36m[Knote: [m[K  candidate expects 5 arguments, 2 provided
[7.232s]    52 |                 subscription_ = [01;36m[Kthis->create_subscription<px4_msgs::msg::SensorCombined>([m[K
[7.232s]       |                                 [01;36m[K~~~~~~~~~~~~~~~~~~~~~~~~~~~~~~~~~~~~~~~~~~~~~~~~~~~~~~~~^[m[K
[7.233s]    53 | [01;36m[K                        "fmu/sensor_combined/out",[m[K
[7.233s]       |                         [01;36m[K~~~~~~~~~~~~~~~~~~~~~~~~~~[m[K                                       
[7.233s]    54 | [01;36m[K#ifdef ROS_DEFAULT_API[m[K
[7.233s]       | [01;36m[K~~~~~~~~~~~~~~~~~~~~~~[m[K                                                                   
[7.233s]    55 | [01;36m[K            10,[m[K
[7.233s]       |             [01;36m[K~~~[m[K                                                                          
[7.234s]    56 | [01;36m[K#endif[m[K
[7.234s]       | [01;36m[K~~~~~~[m[K                                                                                   
[7.234s]    57 | [01;36m[K                        [this](const px4_msgs::msg::SensorCombined::UniquePtr msg) {[m[K
[7.234s]       |                         [01;36m[K~~~~~~~~~~~~~~~~~~~~~~~~~~~~~~~~~~~~~~~~~~~~~~~~~~~~~~~~~~~~[m[K     
[7.234s]    58 | [01;36m[K                        std::cout << "\n\n\n\n\n\n\n\n\n\n\n\n\n\n\n\n\n\n\n\n\n\n\n\n";[m[K
[7.235s]       |                         [01;36m[K~~~~~~~~~~~~~~~~~~~~~~~~~~~~~~~~~~~~~~~~~~~~~~~~~~~~~~~~~~~~~~~~[m[K 
[7.235s]    59 | [01;36m[K                        std::cout << "RECEIVED SENSOR COMBINED DATA"   << std::endl;[m[K
[7.235s]       |                         [01;36m[K~~~~~~~~~~~~~~~~~~~~~~~~~~~~~~~~~~~~~~~~~~~~~~~~~~~~~~~~~~~~[m[K     
[7.235s]    60 | [01;36m[K                        std::cout << "============================="   << std::endl;[m[K
[7.235s]       |                         [01;36m[K~~~~~~~~~~~~~~~~~~~~~~~~~~~~~~~~~~~~~~~~~~~~~~~~~~~~~~~~~~~~[m[K     
[7.235s]    61 | [01;36m[K                        std::cout << "ts: "          << msg->timestamp    << std::endl;[m[K
[7.235s]       |                         [01;36m[K~~~~~~~~~~~~~~~~~~~~~~~~~~~~~~~~~~~~~~~~~~~~~~~~~~~~~~~~~~~~~~~[m[K  
[7.236s]    62 | [01;36m[K                        std::cout << "gyro_rad[0]: " << msg->gyro_rad[0]  << std::endl;[m[K
[7.236s]       |                         [01;36m[K~~~~~~~~~~~~~~~~~~~~~~~~~~~~~~~~~~~~~~~~~~~~~~~~~~~~~~~~~~~~~~~[m[K  
[7.236s]    63 | [01;36m[K                        std::cout << "gyro_rad[1]: " << msg->gyro_rad[1]  << std::endl;[m[K
[7.236s]       |                         [01;36m[K~~~~~~~~~~~~~~~~~~~~~~~~~~~~~~~~~~~~~~~~~~~~~~~~~~~~~~~~~~~~~~~[m[K  
[7.236s]    64 | [01;36m[K                        std::cout << "gyro_rad[2]: " << msg->gyro_rad[2]  << std::endl;[m[K
[7.236s]       |                         [01;36m[K~~~~~~~~~~~~~~~~~~~~~~~~~~~~~~~~~~~~~~~~~~~~~~~~~~~~~~~~~~~~~~~[m[K  
[7.236s]    65 | [01;36m[K                        std::cout << "gyro_integral_dt: " << msg->gyro_integral_dt << std::endl;[m[K
[7.236s]       |                         [01;36m[K~~~~~~~~~~~~~~~~~~~~~~~~~~~~~~~~~~~~~~~~~~~~~~~~~~~~~~~~~~~~~~~~~~~~~~~~[m[K
[7.237s]    66 | [01;36m[K                        std::cout << "accelerometer_timestamp_relative: " << msg->accelerometer_timestamp_relative << std::endl;[m[K
[7.237s]       |                         [01;36m[K~~~~~~~~~~~~~~~~~~~~~~~~~~~~~~~~~~~~~~~~~~~~~~~~~~~~~~~~~~~~~~~~~~~~~~~~~~~~~~~~~~~~~~~~~~~~~~~~~~~~~~~~[m[K
[7.237s]    67 | [01;36m[K                        std::cout << "accelerometer_m_s2[0]: " << msg->accelerometer_m_s2[0] << std::endl;[m[K
[7.237s]       |                         [01;36m[K~~~~~~~~~~~~~~~~~~~~~~~~~~~~~~~~~~~~~~~~~~~~~~~~~~~~~~~~~~~~~~~~~~~~~~~~~~~~~~~~~~[m[K
[7.237s]    68 | [01;36m[K                        std::cout << "accelerometer_m_s2[1]: " << msg->accelerometer_m_s2[1] << std::endl;[m[K
[7.237s]       |                         [01;36m[K~~~~~~~~~~~~~~~~~~~~~~~~~~~~~~~~~~~~~~~~~~~~~~~~~~~~~~~~~~~~~~~~~~~~~~~~~~~~~~~~~~[m[K
[7.237s]    69 | [01;36m[K                        std::cout << "accelerometer_m_s2[2]: " << msg->accelerometer_m_s2[2] << std::endl;[m[K
[7.238s]       |                         [01;36m[K~~~~~~~~~~~~~~~~~~~~~~~~~~~~~~~~~~~~~~~~~~~~~~~~~~~~~~~~~~~~~~~~~~~~~~~~~~~~~~~~~~[m[K
[7.238s]    70 | [01;36m[K                        std::cout << "accelerometer_integral_dt: " << msg->accelerometer_integral_dt << std::endl;[m[K
[7.238s]       |                         [01;36m[K~~~~~~~~~~~~~~~~~~~~~~~~~~~~~~~~~~~~~~~~~~~~~~~~~~~~~~~~~~~~~~~~~~~~~~~~~~~~~~~~~~~~~~~~~~[m[K
[7.238s]    71 | [01;36m[K                })[m[K;
[7.238s]       |                 [01;36m[K~~[m[K                                                                       
[7.238s] [01m[K/home/ubuntu/ros2_ws/src/px4_ros_com/src/examples/offboard/offboard_control.cpp:[m[K In constructor ‘[01m[KOffboardControl::OffboardControl()[m[K’:
[7.239s] [01m[K/home/ubuntu/ros2_ws/src/px4_ros_com/src/examples/offboard/offboard_control.cpp:73:68:[m[K [01;31m[Kerror: [m[Kno matching function for call to ‘[01m[KOffboardControl::create_publisher<px4_msgs::msg::OffboardControlMode>(const char [29])[m[K’
[7.239s]    73 |                         [01;31m[Kthis->create_publisher<OffboardControlMode>("fmu/offboard_control_mode/in")[m[K;
[7.239s]       |                         [01;31m[K~~~~~~~~~~~~~~~~~~~~~~~~~~~~~~~~~~~~~~~~~~~^~~~~~~~~~~~~~~~~~~~~~~~~~~~~~~~[m[K
[7.239s] In file included from [01m[K/opt/ros/humble/include/rclcpp/rclcpp/executors/single_threaded_executor.hpp:28[m[K,
[7.239s]                  from [01m[K/opt/ros/humble/include/rclcpp/rclcpp/executors.hpp:22[m[K,
[7.239s]                  from [01m[K/opt/ros/humble/include/rclcpp/rclcpp/rclcpp.hpp:155[m[K,
[7.239s]                  from [01m[K/home/ubuntu/ros2_ws/src/px4_ros_com/src/examples/offboard/offboard_control.cpp:51[m[K:
[7.240s] [01m[K/opt/ros/humble/include/rclcpp/rclcpp/node.hpp:195:3:[m[K [01;36m[Knote: [m[Kcandidate: ‘[01m[Ktemplate<class MessageT, class AllocatorT, class PublisherT> std::shared_ptr<PublisherT> rclcpp::Node::create_publisher(const string&, const rclcpp::QoS&, const rclcpp::PublisherOptionsWithAllocator<AllocatorT>&)[m[K’
[7.240s]   195 |   [01;36m[Kcreate_publisher[m[K(
[7.240s]       |   [01;36m[K^~~~~~~~~~~~~~~~[m[K
[7.240s] [01m[K/opt/ros/humble/include/rclcpp/rclcpp/node.hpp:195:3:[m[K [01;36m[Knote: [m[K  template argument deduction/substitution failed:
[7.240s] [01m[K/home/ubuntu/ros2_ws/src/px4_ros_com/src/examples/offboard/offboard_control.cpp:73:68:[m[K [01;36m[Knote: [m[K  candidate expects 3 arguments, 1 provided
[7.240s]    73 |                         [01;36m[Kthis->create_publisher<OffboardControlMode>("fmu/offboard_control_mode/in")[m[K;
[7.241s]       |                         [01;36m[K~~~~~~~~~~~~~~~~~~~~~~~~~~~~~~~~~~~~~~~~~~~^~~~~~~~~~~~~~~~~~~~~~~~~~~~~~~~[m[K
[7.241s] [01m[K/home/ubuntu/ros2_ws/src/px4_ros_com/src/examples/offboard/offboard_control.cpp:75:67:[m[K [01;31m[Kerror: [m[Kno matching function for call to ‘[01m[KOffboardControl::create_publisher<px4_msgs::msg::TrajectorySetpoint>(const char [27])[m[K’
[7.241s]    75 |                         [01;31m[Kthis->create_publisher<TrajectorySetpoint>("fmu/trajectory_setpoint/in")[m[K;
[7.241s]       |                         [01;31m[K~~~~~~~~~~~~~~~~~~~~~~~~~~~~~~~~~~~~~~~~~~^~~~~~~~~~~~~~~~~~~~~~~~~~~~~~[m[K
[7.241s] In file included from [01m[K/opt/ros/humble/include/rclcpp/rclcpp/executors/single_threaded_executor.hpp:28[m[K,
[7.241s]                  from [01m[K/opt/ros/humble/include/rclcpp/rclcpp/executors.hpp:22[m[K,
[7.242s]                  from [01m[K/opt/ros/humble/include/rclcpp/rclcpp/rclcpp.hpp:155[m[K,
[7.242s]                  from [01m[K/home/ubuntu/ros2_ws/src/px4_ros_com/src/examples/offboard/offboard_control.cpp:51[m[K:
[7.242s] [01m[K/opt/ros/humble/include/rclcpp/rclcpp/node.hpp:195:3:[m[K [01;36m[Knote: [m[Kcandidate: ‘[01m[Ktemplate<class MessageT, class AllocatorT, class PublisherT> std::shared_ptr<PublisherT> rclcpp::Node::create_publisher(const string&, const rclcpp::QoS&, const rclcpp::PublisherOptionsWithAllocator<AllocatorT>&)[m[K’
[7.242s]   195 |   [01;36m[Kcreate_publisher[m[K(
[7.242s]       |   [01;36m[K^~~~~~~~~~~~~~~~[m[K
[7.242s] [01m[K/opt/ros/humble/include/rclcpp/rclcpp/node.hpp:195:3:[m[K [01;36m[Knote: [m[K  template argument deduction/substitution failed:
[7.242s] [01m[K/home/ubuntu/ros2_ws/src/px4_ros_com/src/examples/offboard/offboard_control.cpp:75:67:[m[K [01;36m[Knote: [m[K  candidate expects 3 arguments, 1 provided
[7.243s]    75 |                         [01;36m[Kthis->create_publisher<TrajectorySetpoint>("fmu/trajectory_setpoint/in")[m[K;
[7.243s]       |                         [01;36m[K~~~~~~~~~~~~~~~~~~~~~~~~~~~~~~~~~~~~~~~~~~^~~~~~~~~~~~~~~~~~~~~~~~~~~~~~[m[K
[7.243s] [01m[K/home/ubuntu/ros2_ws/src/px4_ros_com/src/examples/offboard/offboard_control.cpp:77:63:[m[K [01;31m[Kerror: [m[Kno matching function for call to ‘[01m[KOffboardControl::create_publisher<px4_msgs::msg::VehicleCommand>(const char [23])[m[K’
[7.243s]    77 |                         [01;31m[Kthis->create_publisher<VehicleCommand>("fmu/vehicle_command/in")[m[K;
[7.243s]       |                         [01;31m[K~~~~~~~~~~~~~~~~~~~~~~~~~~~~~~~~~~~~~~^~~~~~~~~~~~~~~~~~~~~~~~~~[m[K
[7.243s] In file included from [01m[K/opt/ros/humble/include/rclcpp/rclcpp/executors/single_threaded_executor.hpp:28[m[K,
[7.244s]                  from [01m[K/opt/ros/humble/include/rclcpp/rclcpp/executors.hpp:22[m[K,
[7.244s]                  from [01m[K/opt/ros/humble/include/rclcpp/rclcpp/rclcpp.hpp:155[m[K,
[7.244s]                  from [01m[K/home/ubuntu/ros2_ws/src/px4_ros_com/src/examples/offboard/offboard_control.cpp:51[m[K:
[7.244s] [01m[K/opt/ros/humble/include/rclcpp/rclcpp/node.hpp:195:3:[m[K [01;36m[Knote: [m[Kcandidate: ‘[01m[Ktemplate<class MessageT, class AllocatorT, class PublisherT> std::shared_ptr<PublisherT> rclcpp::Node::create_publisher(const string&, const rclcpp::QoS&, const rclcpp::PublisherOptionsWithAllocator<AllocatorT>&)[m[K’
[7.244s]   195 |   [01;36m[Kcreate_publisher[m[K(
[7.244s]       |   [01;36m[K^~~~~~~~~~~~~~~~[m[K
[7.244s] [01m[K/opt/ros/humble/include/rclcpp/rclcpp/node.hpp:195:3:[m[K [01;36m[Knote: [m[K  template argument deduction/substitution failed:
[7.245s] [01m[K/home/ubuntu/ros2_ws/src/px4_ros_com/src/examples/offboard/offboard_control.cpp:77:63:[m[K [01;36m[Knote: [m[K  candidate expects 3 arguments, 1 provided
[7.245s]    77 |                         [01;36m[Kthis->create_publisher<VehicleCommand>("fmu/vehicle_command/in")[m[K;
[7.245s]       |                         [01;36m[K~~~~~~~~~~~~~~~~~~~~~~~~~~~~~~~~~~~~~~^~~~~~~~~~~~~~~~~~~~~~~~~~[m[K
[7.260s] [01m[K/home/ubuntu/ros2_ws/src/px4_ros_com/src/examples/listeners/vehicle_gps_position_listener.cpp:[m[K In constructor ‘[01m[KVehicleGpsPositionListener::VehicleGpsPositionListener()[m[K’:
[7.260s] [01m[K/home/ubuntu/ros2_ws/src/px4_ros_com/src/examples/listeners/vehicle_gps_position_listener.cpp:50:93:[m[K [01;31m[Kerror: [m[Kno matching function for call to ‘[01m[KVehicleGpsPositionListener::create_subscription<px4_msgs::msg::VehicleGpsPosition>(const char [29], VehicleGpsPositionListener::VehicleGpsPositionListener()::<lambda(px4_msgs::msg::VehicleGpsPosition_<std::allocator<void> >::UniquePtr)>)[m[K’
[7.260s]    50 |                 subscription_ = [01;31m[Kthis->create_subscription<px4_msgs::msg::VehicleGpsPosition>([m[K
[7.260s]       |                                 [01;31m[K~~~~~~~~~~~~~~~~~~~~~~~~~~~~~~~~~~~~~~~~~~~~~~~~~~~~~~~~~~~~^[m[K
[7.260s]    51 | [01;31m[K                        "fmu/vehicle_gps_position/out",[m[K
[7.260s]       |                         [01;31m[K~~~~~~~~~~~~~~~~~~~~~~~~~~~~~~~[m[K                                      
[7.261s]    52 | [01;31m[K#ifdef ROS_DEFAULT_API[m[K
[7.261s]       | [01;31m[K~~~~~~~~~~~~~~~~~~~~~~[m[K                                                                       
[7.261s]    53 | [01;31m[K            10,[m[K
[7.261s]       |             [01;31m[K~~~[m[K                                                                              
[7.261s]    54 | [01;31m[K#endif[m[K
[7.261s]       | [01;31m[K~~~~~~[m[K                                                                                       
[7.261s]    55 | [01;31m[K                        [this](const px4_msgs::msg::VehicleGpsPosition::UniquePtr msg) {[m[K
[7.262s]       |                         [01;31m[K~~~~~~~~~~~~~~~~~~~~~~~~~~~~~~~~~~~~~~~~~~~~~~~~~~~~~~~~~~~~~~~~[m[K     
[7.262s]    56 | [01;31m[K                        std::cout << "\n\n\n\n\n\n\n\n\n\n";[m[K
[7.262s]       |                         [01;31m[K~~~~~~~~~~~~~~~~~~~~~~~~~~~~~~~~~~~~[m[K                                 
[7.262s]    57 | [01;31m[K                        std::cout << "RECEIVED VEHICLE GPS POSITION DATA"   << std::endl;[m[K
[7.262s]       |                         [01;31m[K~~~~~~~~~~~~~~~~~~~~~~~~~~~~~~~~~~~~~~~~~~~~~~~~~~~~~~~~~~~~~~~~~[m[K    
[7.262s]    58 | [01;31m[K                        std::cout << "=================================="   << std::endl;[m[K
[7.262s]       |                         [01;31m[K~~~~~~~~~~~~~~~~~~~~~~~~~~~~~~~~~~~~~~~~~~~~~~~~~~~~~~~~~~~~~~~~~[m[K    
[7.262s]    59 | [01;31m[K                        std::cout << "ts: "      << msg->timestamp    << std::endl;[m[K
[7.263s]       |                         [01;31m[K~~~~~~~~~~~~~~~~~~~~~~~~~~~~~~~~~~~~~~~~~~~~~~~~~~~~~~~~~~~[m[K          
[7.263s]    60 | [01;31m[K                        std::cout << "lat: " << msg->lat  << std::endl;[m[K
[7.263s]       |                         [01;31m[K~~~~~~~~~~~~~~~~~~~~~~~~~~~~~~~~~~~~~~~~~~~~~~~[m[K                      
[7.263s]    61 | [01;31m[K                        std::cout << "lon: " << msg->lon << std::endl;[m[K
[7.263s]       |                         [01;31m[K~~~~~~~~~~~~~~~~~~~~~~~~~~~~~~~~~~~~~~~~~~~~~~[m[K                       
[7.263s]    62 | [01;31m[K                        std::cout << "alt: " << msg->alt  << std::endl;[m[K
[7.263s]       |                         [01;31m[K~~~~~~~~~~~~~~~~~~~~~~~~~~~~~~~~~~~~~~~~~~~~~~~[m[K                      
[7.264s]    63 | [01;31m[K                        std::cout << "alt_ellipsoid: " << msg->alt_ellipsoid << std::endl;[m[K
[7.264s]       |                         [01;31m[K~~~~~~~~~~~~~~~~~~~~~~~~~~~~~~~~~~~~~~~~~~~~~~~~~~~~~~~~~~~~~~~~~~[m[K   
[7.264s]    64 | [01;31m[K                        std::cout << "s_variance_m_s: " << msg->s_variance_m_s << std::endl;[m[K
[7.264s]       |                         [01;31m[K~~~~~~~~~~~~~~~~~~~~~~~~~~~~~~~~~~~~~~~~~~~~~~~~~~~~~~~~~~~~~~~~~~~~[m[K 
[7.264s]    65 | [01;31m[K                        std::cout << "c_variance_rad: " << msg->c_variance_rad << std::endl;[m[K
[7.264s]       |                         [01;31m[K~~~~~~~~~~~~~~~~~~~~~~~~~~~~~~~~~~~~~~~~~~~~~~~~~~~~~~~~~~~~~~~~~~~~[m[K 
[7.264s]    66 | [01;31m[K                        std::cout << "fix_type: " << msg->fix_type << std::endl;[m[K
[7.265s]       |                         [01;31m[K~~~~~~~~~~~~~~~~~~~~~~~~~~~~~~~~~~~~~~~~~~~~~~~~~~~~~~~~[m[K             
[7.265s]    67 | [01;31m[K                        std::cout << "eph: " << msg->eph << std::endl;[m[K
[7.265s]       |                         [01;31m[K~~~~~~~~~~~~~~~~~~~~~~~~~~~~~~~~~~~~~~~~~~~~~~[m[K                       
[7.265s]    68 | [01;31m[K                        std::cout << "epv: " << msg->epv << std::endl;[m[K
[7.265s]       |                         [01;31m[K~~~~~~~~~~~~~~~~~~~~~~~~~~~~~~~~~~~~~~~~~~~~~~[m[K                       
[7.265s]    69 | [01;31m[K                        std::cout << "hdop: " << msg->hdop << std::endl;[m[K
[7.266s]       |                         [01;31m[K~~~~~~~~~~~~~~~~~~~~~~~~~~~~~~~~~~~~~~~~~~~~~~~~[m[K                     
[7.266s]    70 | [01;31m[K                        std::cout << "vdop: " << msg->vdop << std::endl;[m[K
[7.266s]       |                         [01;31m[K~~~~~~~~~~~~~~~~~~~~~~~~~~~~~~~~~~~~~~~~~~~~~~~~[m[K                     
[7.266s]    71 | [01;31m[K                        std::cout << "noise_per_ms: " << msg->noise_per_ms << std::endl;[m[K
[7.266s]       |                         [01;31m[K~~~~~~~~~~~~~~~~~~~~~~~~~~~~~~~~~~~~~~~~~~~~~~~~~~~~~~~~~~~~~~~~[m[K     
[7.266s]    72 | [01;31m[K                        std::cout << "vel_m_s: " << msg->vel_m_s << std::endl;[m[K
[7.266s]       |                         [01;31m[K~~~~~~~~~~~~~~~~~~~~~~~~~~~~~~~~~~~~~~~~~~~~~~~~~~~~~~[m[K               
[7.267s]    73 | [01;31m[K                        std::cout << "vel_n_m_s: " << msg->vel_n_m_s << std::endl;[m[K
[7.267s]       |                         [01;31m[K~~~~~~~~~~~~~~~~~~~~~~~~~~~~~~~~~~~~~~~~~~~~~~~~~~~~~~~~~~[m[K           
[7.267s]    74 | [01;31m[K                        std::cout << "vel_e_m_s: " << msg->vel_e_m_s << std::endl;[m[K
[7.267s]       |                         [01;31m[K~~~~~~~~~~~~~~~~~~~~~~~~~~~~~~~~~~~~~~~~~~~~~~~~~~~~~~~~~~[m[K           
[7.267s]    75 | [01;31m[K                        std::cout << "vel_d_m_s: " << msg->vel_d_m_s << std::endl;[m[K
[7.267s]       |                         [01;31m[K~~~~~~~~~~~~~~~~~~~~~~~~~~~~~~~~~~~~~~~~~~~~~~~~~~~~~~~~~~[m[K           
[7.268s]    76 | [01;31m[K                        std::cout << "cog_rad: " << msg->cog_rad << std::endl;[m[K
[7.268s]       |                         [01;31m[K~~~~~~~~~~~~~~~~~~~~~~~~~~~~~~~~~~~~~~~~~~~~~~~~~~~~~~[m[K               
[7.268s]    77 | [01;31m[K                        std::cout << "vel_ned_valid: " << msg->vel_ned_valid << std::endl;[m[K
[7.268s]       |                         [01;31m[K~~~~~~~~~~~~~~~~~~~~~~~~~~~~~~~~~~~~~~~~~~~~~~~~~~~~~~~~~~~~~~~~~~[m[K   
[7.268s]    78 | [01;31m[K                        std::cout << "timestamp_time_relative: " << msg->timestamp_time_relative << std::endl;[m[K
[7.268s]       |                         [01;31m[K~~~~~~~~~~~~~~~~~~~~~~~~~~~~~~~~~~~~~~~~~~~~~~~~~~~~~~~~~~~~~~~~~~~~~~~~~~~~~~~~~~~~~~[m[K
[7.268s]    79 | [01;31m[K                        std::cout << "time_utc_usec: " << msg->time_utc_usec << std::endl;[m[K
[7.269s]       |                         [01;31m[K~~~~~~~~~~~~~~~~~~~~~~~~~~~~~~~~~~~~~~~~~~~~~~~~~~~~~~~~~~~~~~~~~~[m[K   
[7.269s]    80 | [01;31m[K                        std::cout << "satellites_used: " << msg->satellites_used << std::endl;[m[K
[7.269s]       |                         [01;31m[K~~~~~~~~~~~~~~~~~~~~~~~~~~~~~~~~~~~~~~~~~~~~~~~~~~~~~~~~~~~~~~~~~~~~~~[m[K
[7.269s]    81 | [01;31m[K                        std::cout << "heading: " << msg->heading << std::endl;[m[K
[7.269s]       |                         [01;31m[K~~~~~~~~~~~~~~~~~~~~~~~~~~~~~~~~~~~~~~~~~~~~~~~~~~~~~~[m[K               
[7.269s]    82 | [01;31m[K                        std::cout << "heading_offset: " << msg->heading_offset << std::endl;[m[K
[7.269s]       |                         [01;31m[K~~~~~~~~~~~~~~~~~~~~~~~~~~~~~~~~~~~~~~~~~~~~~~~~~~~~~~~~~~~~~~~~~~~~[m[K 
[7.270s]    83 | [01;31m[K                })[m[K;
[7.270s]       |                 [01;31m[K~~[m[K                                                                           
[7.270s] In file included from [01m[K/opt/ros/humble/include/rclcpp/rclcpp/executors/single_threaded_executor.hpp:28[m[K,
[7.270s]                  from [01m[K/opt/ros/humble/include/rclcpp/rclcpp/executors.hpp:22[m[K,
[7.270s]                  from [01m[K/opt/ros/humble/include/rclcpp/rclcpp/rclcpp.hpp:155[m[K,
[7.270s]                  from [01m[K/home/ubuntu/ros2_ws/src/px4_ros_com/src/examples/listeners/vehicle_gps_position_listener.cpp:40[m[K:
[7.271s] [01m[K/opt/ros/humble/include/rclcpp/rclcpp/node.hpp:219:3:[m[K [01;36m[Knote: [m[Kcandidate: ‘[01m[Ktemplate<class MessageT, class CallbackT, class AllocatorT, class SubscriptionT, class MessageMemoryStrategyT> std::shared_ptr<ROSMessageT> rclcpp::Node::create_subscription(const string&, const rclcpp::QoS&, CallbackT&&, const rclcpp::SubscriptionOptionsWithAllocator<AllocatorT>&, typename MessageMemoryStrategyT::SharedPtr)[m[K’
[7.271s]   219 |   [01;36m[Kcreate_subscription[m[K(
[7.271s]       |   [01;36m[K^~~~~~~~~~~~~~~~~~~[m[K
[7.271s] [01m[K/opt/ros/humble/include/rclcpp/rclcpp/node.hpp:219:3:[m[K [01;36m[Knote: [m[K  template argument deduction/substitution failed:
[7.271s] [01m[K/home/ubuntu/ros2_ws/src/px4_ros_com/src/examples/listeners/vehicle_gps_position_listener.cpp:50:93:[m[K [01;36m[Knote: [m[K  candidate expects 5 arguments, 2 provided
[7.271s]    50 |                 subscription_ = [01;36m[Kthis->create_subscription<px4_msgs::msg::VehicleGpsPosition>([m[K
[7.271s]       |                                 [01;36m[K~~~~~~~~~~~~~~~~~~~~~~~~~~~~~~~~~~~~~~~~~~~~~~~~~~~~~~~~~~~~^[m[K
[7.272s]    51 | [01;36m[K                        "fmu/vehicle_gps_position/out",[m[K
[7.272s]       |                         [01;36m[K~~~~~~~~~~~~~~~~~~~~~~~~~~~~~~~[m[K                                      
[7.272s]    52 | [01;36m[K#ifdef ROS_DEFAULT_API[m[K
[7.272s]       | [01;36m[K~~~~~~~~~~~~~~~~~~~~~~[m[K                                                                       
[7.272s]    53 | [01;36m[K            10,[m[K
[7.272s]       |             [01;36m[K~~~[m[K                                                                              
[7.273s]    54 | [01;36m[K#endif[m[K
[7.273s]       | [01;36m[K~~~~~~[m[K                                                                                       
[7.273s]    55 | [01;36m[K                        [this](const px4_msgs::msg::VehicleGpsPosition::UniquePtr msg) {[m[K
[7.273s]       |                         [01;36m[K~~~~~~~~~~~~~~~~~~~~~~~~~~~~~~~~~~~~~~~~~~~~~~~~~~~~~~~~~~~~~~~~[m[K     
[7.273s]    56 | [01;36m[K                        std::cout << "\n\n\n\n\n\n\n\n\n\n";[m[K
[7.273s]       |                         [01;36m[K~~~~~~~~~~~~~~~~~~~~~~~~~~~~~~~~~~~~[m[K                                 
[7.274s]    57 | [01;36m[K                        std::cout << "RECEIVED VEHICLE GPS POSITION DATA"   << std::endl;[m[K
[7.274s]       |                         [01;36m[K~~~~~~~~~~~~~~~~~~~~~~~~~~~~~~~~~~~~~~~~~~~~~~~~~~~~~~~~~~~~~~~~~[m[K    
[7.274s]    58 | [01;36m[K                        std::cout << "=================================="   << std::endl;[m[K
[7.274s]       |                         [01;36m[K~~~~~~~~~~~~~~~~~~~~~~~~~~~~~~~~~~~~~~~~~~~~~~~~~~~~~~~~~~~~~~~~~[m[K    
[7.274s]    59 | [01;36m[K                        std::cout << "ts: "      << msg->timestamp    << std::endl;[m[K
[7.274s]       |                         [01;36m[K~~~~~~~~~~~~~~~~~~~~~~~~~~~~~~~~~~~~~~~~~~~~~~~~~~~~~~~~~~~[m[K          
[7.274s]    60 | [01;36m[K                        std::cout << "lat: " << msg->lat  << std::endl;[m[K
[7.275s]       |                         [01;36m[K~~~~~~~~~~~~~~~~~~~~~~~~~~~~~~~~~~~~~~~~~~~~~~~[m[K                      
[7.275s]    61 | [01;36m[K                        std::cout << "lon: " << msg->lon << std::endl;[m[K
[7.275s]       |                         [01;36m[K~~~~~~~~~~~~~~~~~~~~~~~~~~~~~~~~~~~~~~~~~~~~~~[m[K                       
[7.275s]    62 | [01;36m[K                        std::cout << "alt: " << msg->alt  << std::endl;[m[K
[7.275s]       |                         [01;36m[K~~~~~~~~~~~~~~~~~~~~~~~~~~~~~~~~~~~~~~~~~~~~~~~[m[K                      
[7.275s]    63 | [01;36m[K                        std::cout << "alt_ellipsoid: " << msg->alt_ellipsoid << std::endl;[m[K
[7.275s]       |                         [01;36m[K~~~~~~~~~~~~~~~~~~~~~~~~~~~~~~~~~~~~~~~~~~~~~~~~~~~~~~~~~~~~~~~~~~[m[K   
[7.276s]    64 | [01;36m[K                        std::cout << "s_variance_m_s: " << msg->s_variance_m_s << std::endl;[m[K
[7.276s]       |                         [01;36m[K~~~~~~~~~~~~~~~~~~~~~~~~~~~~~~~~~~~~~~~~~~~~~~~~~~~~~~~~~~~~~~~~~~~~[m[K 
[7.276s]    65 | [01;36m[K                        std::cout << "c_variance_rad: " << msg->c_variance_rad << std::endl;[m[K
[7.276s]       |                         [01;36m[K~~~~~~~~~~~~~~~~~~~~~~~~~~~~~~~~~~~~~~~~~~~~~~~~~~~~~~~~~~~~~~~~~~~~[m[K 
[7.276s]    66 | [01;36m[K                        std::cout << "fix_type: " << msg->fix_type << std::endl;[m[K
[7.276s]       |                         [01;36m[K~~~~~~~~~~~~~~~~~~~~~~~~~~~~~~~~~~~~~~~~~~~~~~~~~~~~~~~~[m[K             
[7.277s]    67 | [01;36m[K                        std::cout << "eph: " << msg->eph << std::endl;[m[K
[7.277s]       |                         [01;36m[K~~~~~~~~~~~~~~~~~~~~~~~~~~~~~~~~~~~~~~~~~~~~~~[m[K                       
[7.277s]    68 | [01;36m[K                        std::cout << "epv: " << msg->epv << std::endl;[m[K
[7.277s]       |                         [01;36m[K~~~~~~~~~~~~~~~~~~~~~~~~~~~~~~~~~~~~~~~~~~~~~~[m[K                       
[7.277s]    69 | [01;36m[K                        std::cout << "hdop: " << msg->hdop << std::endl;[m[K
[7.277s]       |                         [01;36m[K~~~~~~~~~~~~~~~~~~~~~~~~~~~~~~~~~~~~~~~~~~~~~~~~[m[K                     
[7.278s]    70 | [01;36m[K                        std::cout << "vdop: " << msg->vdop << std::endl;[m[K
[7.278s]       |                         [01;36m[K~~~~~~~~~~~~~~~~~~~~~~~~~~~~~~~~~~~~~~~~~~~~~~~~[m[K                     
[7.278s]    71 | [01;36m[K                        std::cout << "noise_per_ms: " << msg->noise_per_ms << std::endl;[m[K
[7.278s]       |                         [01;36m[K~~~~~~~~~~~~~~~~~~~~~~~~~~~~~~~~~~~~~~~~~~~~~~~~~~~~~~~~~~~~~~~~[m[K     
[7.278s]    72 | [01;36m[K                        std::cout << "vel_m_s: " << msg->vel_m_s << std::endl;[m[K
[7.278s]       |                         [01;36m[K~~~~~~~~~~~~~~~~~~~~~~~~~~~~~~~~~~~~~~~~~~~~~~~~~~~~~~[m[K               
[7.278s]    73 | [01;36m[K                        std::cout << "vel_n_m_s: " << msg->vel_n_m_s << std::endl;[m[K
[7.279s]       |                         [01;36m[K~~~~~~~~~~~~~~~~~~~~~~~~~~~~~~~~~~~~~~~~~~~~~~~~~~~~~~~~~~[m[K           
[7.279s]    74 | [01;36m[K                        std::cout << "vel_e_m_s: " << msg->vel_e_m_s << std::endl;[m[K
[7.279s]       |                         [01;36m[K~~~~~~~~~~~~~~~~~~~~~~~~~~~~~~~~~~~~~~~~~~~~~~~~~~~~~~~~~~[m[K           
[7.279s]    75 | [01;36m[K                        std::cout << "vel_d_m_s: " << msg->vel_d_m_s << std::endl;[m[K
[7.279s]       |                         [01;36m[K~~~~~~~~~~~~~~~~~~~~~~~~~~~~~~~~~~~~~~~~~~~~~~~~~~~~~~~~~~[m[K           
[7.279s]    76 | [01;36m[K                        std::cout << "cog_rad: " << msg->cog_rad << std::endl;[m[K
[7.280s]       |                         [01;36m[K~~~~~~~~~~~~~~~~~~~~~~~~~~~~~~~~~~~~~~~~~~~~~~~~~~~~~~[m[K               
[7.280s]    77 | [01;36m[K                        std::cout << "vel_ned_valid: " << msg->vel_ned_valid << std::endl;[m[K
[7.280s]       |                         [01;36m[K~~~~~~~~~~~~~~~~~~~~~~~~~~~~~~~~~~~~~~~~~~~~~~~~~~~~~~~~~~~~~~~~~~[m[K   
[7.280s]    78 | [01;36m[K                        std::cout << "timestamp_time_relative: " << msg->timestamp_time_relative << std::endl;[m[K
[7.280s]       |                         [01;36m[K~~~~~~~~~~~~~~~~~~~~~~~~~~~~~~~~~~~~~~~~~~~~~~~~~~~~~~~~~~~~~~~~~~~~~~~~~~~~~~~~~~~~~~[m[K
[7.280s]    79 | [01;36m[K                        std::cout << "time_utc_usec: " << msg->time_utc_usec << std::endl;[m[K
[7.280s]       |                         [01;36m[K~~~~~~~~~~~~~~~~~~~~~~~~~~~~~~~~~~~~~~~~~~~~~~~~~~~~~~~~~~~~~~~~~~[m[K   
[7.281s]    80 | [01;36m[K                        std::cout << "satellites_used: " << msg->satellites_used << std::endl;[m[K
[7.281s]       |                         [01;36m[K~~~~~~~~~~~~~~~~~~~~~~~~~~~~~~~~~~~~~~~~~~~~~~~~~~~~~~~~~~~~~~~~~~~~~~[m[K
[7.281s]    81 | [01;36m[K                        std::cout << "heading: " << msg->heading << std::endl;[m[K
[7.281s]       |                         [01;36m[K~~~~~~~~~~~~~~~~~~~~~~~~~~~~~~~~~~~~~~~~~~~~~~~~~~~~~~[m[K               
[7.281s]    82 | [01;36m[K                        std::cout << "heading_offset: " << msg->heading_offset << std::endl;[m[K
[7.281s]       |                         [01;36m[K~~~~~~~~~~~~~~~~~~~~~~~~~~~~~~~~~~~~~~~~~~~~~~~~~~~~~~~~~~~~~~~~~~~~[m[K 
[7.282s]    83 | [01;36m[K                })[m[K;
[7.282s]       |                 [01;36m[K~~[m[K                                                                           
[8.158s] gmake[2]: *** [CMakeFiles/sensor_combined_listener.dir/build.make:76: CMakeFiles/sensor_combined_listener.dir/src/examples/listeners/sensor_combined_listener.cpp.o] Error 1
[8.159s] gmake[1]: *** [CMakeFiles/Makefile2:199: CMakeFiles/sensor_combined_listener.dir/all] Error 2
[8.203s] gmake[2]: *** [CMakeFiles/vehicle_gps_position_listener.dir/build.make:76: CMakeFiles/vehicle_gps_position_listener.dir/src/examples/listeners/vehicle_gps_position_listener.cpp.o] Error 1
[8.203s] gmake[1]: *** [CMakeFiles/Makefile2:225: CMakeFiles/vehicle_gps_position_listener.dir/all] Error 2
[8.238s] gmake[2]: *** [CMakeFiles/debug_vect_advertiser.dir/build.make:76: CMakeFiles/debug_vect_advertiser.dir/src/examples/advertisers/debug_vect_advertiser.cpp.o] Error 1
[8.238s] gmake[1]: *** [CMakeFiles/Makefile2:251: CMakeFiles/debug_vect_advertiser.dir/all] Error 2
[9.824s] gmake[2]: *** [CMakeFiles/offboard_control.dir/build.make:76: CMakeFiles/offboard_control.dir/src/examples/offboard/offboard_control.cpp.o] Error 1
[9.825s] gmake[1]: *** [CMakeFiles/Makefile2:277: CMakeFiles/offboard_control.dir/all] Error 2
[12.869s] [  8%] [32m[1mLinking CXX shared library libframe_transforms.so[0m
[87.754s] gmake[2]: *** Deleting file 'libframe_transforms.so'
[87.755s] gmake[2]: *** [CMakeFiles/frame_transforms.dir/build.make:1324: libframe_transforms.so] Interrupt
[87.755s] gmake[1]: *** [CMakeFiles/Makefile2:147: CMakeFiles/frame_transforms.dir/all] Interrupt
[87.756s] gmake: *** [Makefile:146: all] Interrupt
[87.763s] Invoked command in '/home/ubuntu/ros2_ws/build/px4_ros_com' returned '-2': AMENT_PREFIX_PATH=/home/ubuntu/ros2_ws/install/px4_msgs:${AMENT_PREFIX_PATH} CMAKE_PREFIX_PATH=${CMAKE_PREFIX_PATH}:/opt/ros/humble PYTHONPATH=/home/ubuntu/ros2_ws/install/px4_msgs/local/lib/python3.10/dist-packages:${PYTHONPATH} /usr/bin/cmake --build /home/ubuntu/ros2_ws/build/px4_ros_com -- -j12 -l12
