[0.087s] Invoking command in '/home/ubuntu/ros2_ws/build/drone_sensors': CMAKE_PREFIX_PATH=${CMAKE_PREFIX_PATH}:/opt/ros/humble /usr/bin/cmake --build /home/ubuntu/ros2_ws/build/drone_sensors -- -j4 -l4
[0.922s] [100%] Built target height_sensor
[0.968s] Invoked command in '/home/ubuntu/ros2_ws/build/drone_sensors' returned '0': CMAKE_PREFIX_PATH=${CMAKE_PREFIX_PATH}:/opt/ros/humble /usr/bin/cmake --build /home/ubuntu/ros2_ws/build/drone_sensors -- -j4 -l4
[1.147s] Invoking command in '/home/ubuntu/ros2_ws/build/drone_sensors': CMAKE_PREFIX_PATH=${CMAKE_PREFIX_PATH}:/opt/ros/humble /usr/bin/cmake --install /home/ubuntu/ros2_ws/build/drone_sensors
[1.185s] -- Install configuration: "RELWITHDEBINFO"
[1.191s] -- Execute custom install script
[1.196s] -- Up-to-date symlink: /home/ubuntu/ros2_ws/install/drone_sensors/lib/drone_sensors/height_sensor
[1.197s] -- Up-to-date symlink: /home/ubuntu/ros2_ws/install/drone_sensors/share/ament_index/resource_index/package_run_dependencies/drone_sensors
[1.200s] -- Up-to-date symlink: /home/ubuntu/ros2_ws/install/drone_sensors/share/ament_index/resource_index/parent_prefix_path/drone_sensors
[1.203s] -- Up-to-date symlink: /home/ubuntu/ros2_ws/install/drone_sensors/share/drone_sensors/environment/ament_prefix_path.sh
[1.204s] -- Up-to-date symlink: /home/ubuntu/ros2_ws/install/drone_sensors/share/drone_sensors/environment/ament_prefix_path.dsv
[1.206s] -- Up-to-date symlink: /home/ubuntu/ros2_ws/install/drone_sensors/share/drone_sensors/environment/path.sh
[1.208s] -- Up-to-date symlink: /home/ubuntu/ros2_ws/install/drone_sensors/share/drone_sensors/environment/path.dsv
[1.210s] -- Up-to-date symlink: /home/ubuntu/ros2_ws/install/drone_sensors/share/drone_sensors/local_setup.bash
[1.212s] -- Up-to-date symlink: /home/ubuntu/ros2_ws/install/drone_sensors/share/drone_sensors/local_setup.sh
[1.214s] -- Up-to-date symlink: /home/ubuntu/ros2_ws/install/drone_sensors/share/drone_sensors/local_setup.zsh
[1.215s] -- Up-to-date symlink: /home/ubuntu/ros2_ws/install/drone_sensors/share/drone_sensors/local_setup.dsv
[1.217s] -- Symlinking: /home/ubuntu/ros2_ws/install/drone_sensors/share/drone_sensors/package.dsv
[1.261s] -- Up-to-date symlink: /home/ubuntu/ros2_ws/install/drone_sensors/share/ament_index/resource_index/packages/drone_sensors
[1.263s] -- Up-to-date symlink: /home/ubuntu/ros2_ws/install/drone_sensors/share/drone_sensors/cmake/drone_sensorsConfig.cmake
[1.265s] -- Up-to-date symlink: /home/ubuntu/ros2_ws/install/drone_sensors/share/drone_sensors/cmake/drone_sensorsConfig-version.cmake
[1.267s] -- Up-to-date symlink: /home/ubuntu/ros2_ws/install/drone_sensors/share/drone_sensors/package.xml
[1.278s] Invoked command in '/home/ubuntu/ros2_ws/build/drone_sensors' returned '0': CMAKE_PREFIX_PATH=${CMAKE_PREFIX_PATH}:/opt/ros/humble /usr/bin/cmake --install /home/ubuntu/ros2_ws/build/drone_sensors
