[  3%] Building CXX object CMakeFiles/offboard_control.dir/src/examples/offboard/offboard_control.cpp.o
[  3%] Built target vehicle_gps_position_listener
[  4%] Building CXX object CMakeFiles/frame_transforms.dir/src/lib/frame_transforms.cpp.o
[ 93%] Built target micrortps_agent
Scanning dependencies of target debug_vect_advertiser
Scanning dependencies of target sensor_combined_listener
[ 94%] Building CXX object CMakeFiles/sensor_combined_listener.dir/src/examples/listeners/sensor_combined_listener.cpp.o
[ 95%] Building CXX object CMakeFiles/debug_vect_advertiser.dir/src/examples/advertisers/debug_vect_advertiser.cpp.o
c++: fatal error: Killed signal terminated program cc1plus
compilation terminated.
make[2]: *** [CMakeFiles/offboard_control.dir/build.make:63: CMakeFiles/offboard_control.dir/src/examples/offboard/offboard_control.cpp.o] Error 1
make[1]: *** [CMakeFiles/Makefile2:115: CMakeFiles/offboard_control.dir/all] Error 2
make[1]: *** Waiting for unfinished jobs....
[ 96%] Linking CXX executable debug_vect_advertiser
[ 96%] Built target debug_vect_advertiser
[ 97%] Linking CXX executable sensor_combined_listener
[ 98%] Linking CXX shared library libframe_transforms.so
[ 98%] Built target sensor_combined_listener
[ 98%] Built target frame_transforms
make: *** [Makefile:141: all] Error 2
