[0.095s] Invoking command in '/home/ubuntu/ros2_ws/build/px4_ros_com': CMAKE_PREFIX_PATH=${CMAKE_PREFIX_PATH}:/opt/ros/foxy /usr/bin/cmake --build /home/ubuntu/ros2_ws/build/px4_ros_com -- -j4 -l4
[0.475s] [  3%] Building CXX object CMakeFiles/offboard_control.dir/src/examples/offboard/offboard_control.cpp.o
[0.477s] [  3%] Built target vehicle_gps_position_listener
[0.505s] [  4%] Building CXX object CMakeFiles/frame_transforms.dir/src/lib/frame_transforms.cpp.o
[0.648s] [ 93%] Built target micrortps_agent
[1.383s] Scanning dependencies of target debug_vect_advertiser
[1.384s] Scanning dependencies of target sensor_combined_listener
[1.494s] [ 94%] Building CXX object CMakeFiles/sensor_combined_listener.dir/src/examples/listeners/sensor_combined_listener.cpp.o
[1.503s] [ 95%] Building CXX object CMakeFiles/debug_vect_advertiser.dir/src/examples/advertisers/debug_vect_advertiser.cpp.o
[1597.514s] c++: fatal error: Killed signal terminated program cc1plus
[1597.548s] compilation terminated.
[1597.552s] make[2]: *** [CMakeFiles/offboard_control.dir/build.make:63: CMakeFiles/offboard_control.dir/src/examples/offboard/offboard_control.cpp.o] Error 1
[1597.577s] make[1]: *** [CMakeFiles/Makefile2:115: CMakeFiles/offboard_control.dir/all] Error 2
[1597.580s] make[1]: *** Waiting for unfinished jobs....
[1614.335s] [ 96%] Linking CXX executable debug_vect_advertiser
[1615.496s] [ 96%] Built target debug_vect_advertiser
[1634.782s] [ 97%] Linking CXX executable sensor_combined_listener
[1635.465s] [ 98%] Linking CXX shared library libframe_transforms.so
[1635.789s] [ 98%] Built target sensor_combined_listener
[1783.658s] [ 98%] Built target frame_transforms
[1783.678s] make: *** [Makefile:141: all] Error 2
[1783.715s] Invoked command in '/home/ubuntu/ros2_ws/build/px4_ros_com' returned '2': CMAKE_PREFIX_PATH=${CMAKE_PREFIX_PATH}:/opt/ros/foxy /usr/bin/cmake --build /home/ubuntu/ros2_ws/build/px4_ros_com -- -j4 -l4
