[0.131s] Invoking command in '/home/ubuntu/ros2_ws/build/beacon_positioning': CMAKE_PREFIX_PATH=${CMAKE_PREFIX_PATH}:/opt/ros/foxy /usr/bin/cmake /home/ubuntu/ros2_ws/src/beacon_positioning -DCMAKE_INSTALL_PREFIX=/home/ubuntu/ros2_ws/install/beacon_positioning
[0.403s] -- The C compiler identification is GNU 9.4.0
[0.670s] -- The CXX compiler identification is GNU 9.4.0
[0.697s] -- Check for working C compiler: /usr/bin/cc
[0.992s] -- Check for working C compiler: /usr/bin/cc -- works
[1.001s] -- Detecting C compiler ABI info
[1.314s] -- Detecting C compiler ABI info - done
[1.356s] -- Detecting C compile features
[1.358s] -- Detecting C compile features - done
[1.371s] -- Check for working CXX compiler: /usr/bin/c++
[1.705s] -- Check for working CXX compiler: /usr/bin/c++ -- works
[1.708s] -- Detecting CXX compiler ABI info
[2.047s] -- Detecting CXX compiler ABI info - done
[2.086s] -- Detecting CXX compile features
[2.087s] -- Detecting CXX compile features - done
[2.104s] -- Found ament_cmake: 0.9.11 (/opt/ros/foxy/share/ament_cmake/cmake)
[2.233s] -- Found PythonInterp: /usr/bin/python3 (found suitable version "3.8.10", minimum required is "3") 
[2.237s] -- Using PYTHON_EXECUTABLE: /usr/bin/python3
[3.163s] -- Found rclcpp: 2.4.2 (/opt/ros/foxy/share/rclcpp/cmake)
[3.378s] -- Using all available rosidl_typesupport_c: rosidl_typesupport_fastrtps_c;rosidl_typesupport_introspection_c
[3.415s] -- Found rosidl_adapter: 1.3.0 (/opt/ros/foxy/share/rosidl_adapter/cmake)
[3.733s] -- Found OpenSSL: /usr/lib/aarch64-linux-gnu/libcrypto.so (found version "1.1.1f")  
[3.843s] -- Found FastRTPS: /opt/ros/foxy/include  
[4.178s] -- Using all available rosidl_typesupport_cpp: rosidl_typesupport_fastrtps_cpp;rosidl_typesupport_introspection_cpp
[4.414s] -- Found rmw_implementation_cmake: 1.0.4 (/opt/ros/foxy/share/rmw_implementation_cmake/cmake)
[4.419s] -- Using RMW implementation 'rmw_fastrtps_cpp' as default
[4.423s] -- Looking for pthread.h
[5.386s] -- Looking for pthread.h - found
[5.387s] -- Performing Test CMAKE_HAVE_LIBC_PTHREAD
[5.679s] -- Performing Test CMAKE_HAVE_LIBC_PTHREAD - Failed
[5.680s] -- Looking for pthread_create in pthreads
[5.920s] -- Looking for pthread_create in pthreads - not found
[5.921s] -- Looking for pthread_create in pthread
[6.198s] -- Looking for pthread_create in pthread - found
[6.202s] -- Found Threads: TRUE  
[6.834s] -- Found rosidl_default_generators: 1.0.1 (/opt/ros/foxy/share/rosidl_default_generators/cmake)
[6.938s] CMake Error at CMakeLists.txt:27 (find_package):
[6.939s]   By not providing "Findbeacon_positioning.cmake" in CMAKE_MODULE_PATH this
[6.939s]   project has asked CMake to find a package configuration file provided by
[6.940s]   "beacon_positioning", but CMake did not find one.
[6.940s] 
[6.941s]   Could not find a package configuration file provided by
[6.941s]   "beacon_positioning" with any of the following names:
[6.941s] 
[6.941s]     beacon_positioningConfig.cmake
[6.942s]     beacon_positioning-config.cmake
[6.942s] 
[6.942s]   Add the installation prefix of "beacon_positioning" to CMAKE_PREFIX_PATH or
[6.942s]   set "beacon_positioning_DIR" to a directory containing one of the above
[6.943s]   files.  If "beacon_positioning" provides a separate development package or
[6.943s]   SDK, be sure it has been installed.
[6.943s] 
[6.943s] 
[6.953s] -- Configuring incomplete, errors occurred!
[6.953s] See also "/home/ubuntu/ros2_ws/build/beacon_positioning/CMakeFiles/CMakeOutput.log".
[6.954s] See also "/home/ubuntu/ros2_ws/build/beacon_positioning/CMakeFiles/CMakeError.log".
[6.974s] Invoked command in '/home/ubuntu/ros2_ws/build/beacon_positioning' returned '1': CMAKE_PREFIX_PATH=${CMAKE_PREFIX_PATH}:/opt/ros/foxy /usr/bin/cmake /home/ubuntu/ros2_ws/src/beacon_positioning -DCMAKE_INSTALL_PREFIX=/home/ubuntu/ros2_ws/install/beacon_positioning
