-- The C compiler identification is GNU 9.4.0
-- The CXX compiler identification is GNU 9.4.0
-- Check for working C compiler: /usr/bin/cc
-- Check for working C compiler: /usr/bin/cc -- works
-- Detecting C compiler ABI info
-- Detecting C compiler ABI info - done
-- Detecting C compile features
-- Detecting C compile features - done
-- Check for working CXX compiler: /usr/bin/c++
-- Check for working CXX compiler: /usr/bin/c++ -- works
-- Detecting CXX compiler ABI info
-- Detecting CXX compiler ABI info - done
-- Detecting CXX compile features
-- Detecting CXX compile features - done
-- Found ament_cmake: 0.9.11 (/opt/ros/foxy/share/ament_cmake/cmake)
-- Found PythonInterp: /usr/bin/python3 (found suitable version "3.8.10", minimum required is "3") 
-- Using PYTHON_EXECUTABLE: /usr/bin/python3
-- Found rclcpp: 2.4.2 (/opt/ros/foxy/share/rclcpp/cmake)
-- Using all available rosidl_typesupport_c: rosidl_typesupport_fastrtps_c;rosidl_typesupport_introspection_c
-- Found rosidl_adapter: 1.3.0 (/opt/ros/foxy/share/rosidl_adapter/cmake)
-- Found OpenSSL: /usr/lib/aarch64-linux-gnu/libcrypto.so (found version "1.1.1f")  
-- Found FastRTPS: /opt/ros/foxy/include  
-- Using all available rosidl_typesupport_cpp: rosidl_typesupport_fastrtps_cpp;rosidl_typesupport_introspection_cpp
-- Found rmw_implementation_cmake: 1.0.4 (/opt/ros/foxy/share/rmw_implementation_cmake/cmake)
-- Using RMW implementation 'rmw_fastrtps_cpp' as default
-- Looking for pthread.h
-- Looking for pthread.h - found
-- Performing Test CMAKE_HAVE_LIBC_PTHREAD
-- Performing Test CMAKE_HAVE_LIBC_PTHREAD - Failed
-- Looking for pthread_create in pthreads
-- Looking for pthread_create in pthreads - not found
-- Looking for pthread_create in pthread
-- Looking for pthread_create in pthread - found
-- Found Threads: TRUE  
-- Found rosidl_default_generators: 1.0.1 (/opt/ros/foxy/share/rosidl_default_generators/cmake)
-- Found PythonInterp: /usr/bin/python3 (found version "3.8.10") 
-- Found ament_cmake_ros: 0.9.2 (/opt/ros/foxy/share/ament_cmake_ros/cmake)
-- Using all available rosidl_typesupport_c: rosidl_typesupport_fastrtps_c;rosidl_typesupport_introspection_c
-- Using all available rosidl_typesupport_cpp: rosidl_typesupport_fastrtps_cpp;rosidl_typesupport_introspection_cpp
-- Found PythonInterp: /usr/bin/python3 (found suitable version "3.8.10", minimum required is "3.5") 
-- Found python_cmake_module: 0.8.1 (/opt/ros/foxy/share/python_cmake_module/cmake)
-- Found PythonLibs: /usr/lib/aarch64-linux-gnu/libpython3.8.so (found suitable version "3.8.10", minimum required is "3.5") 
-- Using PYTHON_EXECUTABLE: /usr/bin/python3
-- Using PYTHON_INCLUDE_DIRS: /usr/include/python3.8
-- Using PYTHON_LIBRARIES: /usr/lib/aarch64-linux-gnu/libpython3.8.so
-- Found PythonExtra: .so  
-- Found ament_lint_auto: 0.9.8 (/opt/ros/foxy/share/ament_lint_auto/cmake)
-- Added test 'copyright' to check source files copyright and LICENSE
-- Added test 'cppcheck' to perform static code analysis on C / C++ code
-- Configured cppcheck include dirs: 
-- Configured cppcheck exclude dirs and/or files: 
-- Added test 'cpplint' to check C / C++ code against the Google style
-- Configured cpplint exclude dirs and/or files: 
-- Added test 'flake8' to check Python code syntax and style conventions
-- Added test 'lint_cmake' to check CMake code style
-- Added test 'pep257' to check Python code against some of the style conventions in PEP 257
-- Added test 'uncrustify' to check C / C++ code style
-- Configured uncrustify additional arguments: 
-- Added test 'xmllint' to check XML markup files
-- Configuring done
-- Generating done
-- Build files have been written to: /home/ubuntu/ros2_ws/build/beacon_positioning
[35m[1mScanning dependencies of target tracker_position[0m
[  3%] [34m[1mGenerating C code for ROS interfaces[0m
[35m[1mScanning dependencies of target beacon_positioning__cpp[0m
[  6%] [34m[1mGenerating C++ code for ROS interfaces[0m
[  9%] [32mBuilding CXX object CMakeFiles/tracker_position.dir/src/tracker_position.cpp.o[0m
[35m[1mScanning dependencies of target beacon_positioning__rosidl_generator_c[0m
[  9%] Built target beacon_positioning__cpp
[ 12%] [32mBuilding C object CMakeFiles/beacon_positioning__rosidl_generator_c.dir/rosidl_generator_c/beacon_positioning/msg/detail/tracker_position__functions.c.o[0m
[ 15%] [34m[1mGenerating C++ type support for eProsima Fast-RTPS[0m
[ 18%] [34m[1mGenerating C++ introspection for ROS interfaces[0m
[ 21%] [32m[1mLinking C shared library libbeacon_positioning__rosidl_generator_c.so[0m
[ 21%] Built target beacon_positioning__rosidl_generator_c
[ 24%] [34m[1mGenerating C++ type support dispatch for ROS interfaces[0m
[35m[1mScanning dependencies of target beacon_positioning__rosidl_typesupport_introspection_cpp[0m
[35m[1mScanning dependencies of target beacon_positioning__rosidl_typesupport_fastrtps_cpp[0m
[ 27%] [32mBuilding CXX object CMakeFiles/beacon_positioning__rosidl_typesupport_introspection_cpp.dir/rosidl_typesupport_introspection_cpp/beacon_positioning/msg/detail/tracker_position__type_support.cpp.o[0m
[ 30%] [32mBuilding CXX object CMakeFiles/beacon_positioning__rosidl_typesupport_fastrtps_cpp.dir/rosidl_typesupport_fastrtps_cpp/beacon_positioning/msg/detail/dds_fastrtps/tracker_position__type_support.cpp.o[0m
[35m[1mScanning dependencies of target beacon_positioning__rosidl_typesupport_cpp[0m
[ 33%] [32mBuilding CXX object CMakeFiles/beacon_positioning__rosidl_typesupport_cpp.dir/rosidl_typesupport_cpp/beacon_positioning/msg/tracker_position__type_support.cpp.o[0m
[ 36%] [32m[1mLinking CXX shared library libbeacon_positioning__rosidl_typesupport_introspection_cpp.so[0m
[ 39%] [32m[1mLinking CXX shared library libbeacon_positioning__rosidl_typesupport_cpp.so[0m
[ 39%] Built target beacon_positioning__rosidl_typesupport_introspection_cpp
[ 42%] [34m[1mGenerating C introspection for ROS interfaces[0m
[ 42%] Built target beacon_positioning__rosidl_typesupport_cpp
[ 45%] [34m[1mGenerating C type support dispatch for ROS interfaces[0m
[ 48%] [32m[1mLinking CXX shared library libbeacon_positioning__rosidl_typesupport_fastrtps_cpp.so[0m
[ 48%] Built target beacon_positioning__rosidl_typesupport_fastrtps_cpp
[ 51%] [34m[1mGenerating C type support for eProsima Fast-RTPS[0m
[35m[1mScanning dependencies of target beacon_positioning__rosidl_typesupport_c[0m
[ 54%] [32mBuilding CXX object CMakeFiles/beacon_positioning__rosidl_typesupport_c.dir/rosidl_typesupport_c/beacon_positioning/msg/tracker_position__type_support.cpp.o[0m
[35m[1mScanning dependencies of target beacon_positioning__rosidl_typesupport_introspection_c[0m
[ 57%] [32mBuilding C object CMakeFiles/beacon_positioning__rosidl_typesupport_introspection_c.dir/rosidl_typesupport_introspection_c/beacon_positioning/msg/detail/tracker_position__type_support.c.o[0m
[ 60%] [32m[1mLinking CXX shared library libbeacon_positioning__rosidl_typesupport_c.so[0m
[ 63%] [32m[1mLinking C shared library libbeacon_positioning__rosidl_typesupport_introspection_c.so[0m
[ 63%] Built target beacon_positioning__rosidl_typesupport_c
[ 63%] Built target beacon_positioning__rosidl_typesupport_introspection_c
[35m[1mScanning dependencies of target beacon_positioning__rosidl_typesupport_fastrtps_c[0m
[ 66%] [32mBuilding CXX object CMakeFiles/beacon_positioning__rosidl_typesupport_fastrtps_c.dir/rosidl_typesupport_fastrtps_c/beacon_positioning/msg/detail/tracker_position__type_support_c.cpp.o[0m
[ 69%] [32m[1mLinking CXX shared library libbeacon_positioning__rosidl_typesupport_fastrtps_c.so[0m
[ 69%] Built target beacon_positioning__rosidl_typesupport_fastrtps_c
[35m[1mScanning dependencies of target beacon_positioning[0m
[ 69%] Built target beacon_positioning
[35m[1mScanning dependencies of target beacon_positioning__py[0m
[ 72%] [34m[1mGenerating Python code for ROS interfaces[0m
[ 72%] Built target beacon_positioning__py
[35m[1mScanning dependencies of target beacon_positioning__python[0m
[ 75%] [32mBuilding C object CMakeFiles/beacon_positioning__python.dir/rosidl_generator_py/beacon_positioning/msg/_tracker_position_s.c.o[0m
[ 78%] [32m[1mLinking C shared library rosidl_generator_py/beacon_positioning/libbeacon_positioning__python.so[0m
[ 78%] Built target beacon_positioning__python
[35m[1mScanning dependencies of target beacon_positioning__rosidl_typesupport_c__pyext[0m
[35m[1mScanning dependencies of target beacon_positioning__rosidl_typesupport_introspection_c__pyext[0m
[35m[1mScanning dependencies of target beacon_positioning__rosidl_typesupport_fastrtps_c__pyext[0m
[ 81%] [32mBuilding C object CMakeFiles/beacon_positioning__rosidl_typesupport_c__pyext.dir/rosidl_generator_py/beacon_positioning/_beacon_positioning_s.ep.rosidl_typesupport_c.c.o[0m
[ 84%] [32mBuilding C object CMakeFiles/beacon_positioning__rosidl_typesupport_introspection_c__pyext.dir/rosidl_generator_py/beacon_positioning/_beacon_positioning_s.ep.rosidl_typesupport_introspection_c.c.o[0m
[ 87%] [32mBuilding C object CMakeFiles/beacon_positioning__rosidl_typesupport_fastrtps_c__pyext.dir/rosidl_generator_py/beacon_positioning/_beacon_positioning_s.ep.rosidl_typesupport_fastrtps_c.c.o[0m
[ 90%] [32m[1mLinking C shared library rosidl_generator_py/beacon_positioning/beacon_positioning_s__rosidl_typesupport_c.cpython-38-aarch64-linux-gnu.so[0m
[ 93%] [32m[1mLinking C shared library rosidl_generator_py/beacon_positioning/beacon_positioning_s__rosidl_typesupport_introspection_c.cpython-38-aarch64-linux-gnu.so[0m
[ 96%] [32m[1mLinking CXX shared library rosidl_generator_py/beacon_positioning/beacon_positioning_s__rosidl_typesupport_fastrtps_c.cpython-38-aarch64-linux-gnu.so[0m
[ 96%] Built target beacon_positioning__rosidl_typesupport_c__pyext
[ 96%] Built target beacon_positioning__rosidl_typesupport_introspection_c__pyext
[ 96%] Built target beacon_positioning__rosidl_typesupport_fastrtps_c__pyext
[100%] [32m[1mLinking CXX executable tracker_position[0m
[100%] Built target tracker_position
-- Install configuration: ""
-- Installing: /home/ubuntu/ros2_ws/install/beacon_positioning/share/ament_index/resource_index/rosidl_interfaces/beacon_positioning
-- Installing: /home/ubuntu/ros2_ws/install/beacon_positioning/include/beacon_positioning
-- Installing: /home/ubuntu/ros2_ws/install/beacon_positioning/include/beacon_positioning/msg
-- Installing: /home/ubuntu/ros2_ws/install/beacon_positioning/include/beacon_positioning/msg/detail
-- Installing: /home/ubuntu/ros2_ws/install/beacon_positioning/include/beacon_positioning/msg/detail/tracker_position__functions.c
-- Installing: /home/ubuntu/ros2_ws/install/beacon_positioning/include/beacon_positioning/msg/detail/tracker_position__struct.h
-- Installing: /home/ubuntu/ros2_ws/install/beacon_positioning/include/beacon_positioning/msg/detail/tracker_position__functions.h
-- Installing: /home/ubuntu/ros2_ws/install/beacon_positioning/include/beacon_positioning/msg/detail/tracker_position__type_support.h
-- Installing: /home/ubuntu/ros2_ws/install/beacon_positioning/include/beacon_positioning/msg/rosidl_generator_c__visibility_control.h
-- Installing: /home/ubuntu/ros2_ws/install/beacon_positioning/include/beacon_positioning/msg/tracker_position.h
-- Installing: /home/ubuntu/ros2_ws/install/beacon_positioning/share/beacon_positioning/environment/library_path.sh
-- Installing: /home/ubuntu/ros2_ws/install/beacon_positioning/share/beacon_positioning/environment/library_path.dsv
-- Installing: /home/ubuntu/ros2_ws/install/beacon_positioning/lib/libbeacon_positioning__rosidl_generator_c.so
-- Set runtime path of "/home/ubuntu/ros2_ws/install/beacon_positioning/lib/libbeacon_positioning__rosidl_generator_c.so" to ""
-- Up-to-date: /home/ubuntu/ros2_ws/install/beacon_positioning/include/beacon_positioning
-- Up-to-date: /home/ubuntu/ros2_ws/install/beacon_positioning/include/beacon_positioning/msg
-- Installing: /home/ubuntu/ros2_ws/install/beacon_positioning/include/beacon_positioning/msg/rosidl_typesupport_fastrtps_c__visibility_control.h
-- Up-to-date: /home/ubuntu/ros2_ws/install/beacon_positioning/include/beacon_positioning/msg/detail
-- Installing: /home/ubuntu/ros2_ws/install/beacon_positioning/include/beacon_positioning/msg/detail/tracker_position__rosidl_typesupport_fastrtps_c.h
-- Installing: /home/ubuntu/ros2_ws/install/beacon_positioning/lib/libbeacon_positioning__rosidl_typesupport_fastrtps_c.so
-- Set runtime path of "/home/ubuntu/ros2_ws/install/beacon_positioning/lib/libbeacon_positioning__rosidl_typesupport_fastrtps_c.so" to ""
-- Up-to-date: /home/ubuntu/ros2_ws/install/beacon_positioning/include/beacon_positioning
-- Up-to-date: /home/ubuntu/ros2_ws/install/beacon_positioning/include/beacon_positioning/msg
-- Installing: /home/ubuntu/ros2_ws/install/beacon_positioning/include/beacon_positioning/msg/rosidl_typesupport_fastrtps_cpp__visibility_control.h
-- Up-to-date: /home/ubuntu/ros2_ws/install/beacon_positioning/include/beacon_positioning/msg/detail
-- Installing: /home/ubuntu/ros2_ws/install/beacon_positioning/include/beacon_positioning/msg/detail/dds_fastrtps
-- Installing: /home/ubuntu/ros2_ws/install/beacon_positioning/include/beacon_positioning/msg/detail/tracker_position__rosidl_typesupport_fastrtps_cpp.hpp
-- Installing: /home/ubuntu/ros2_ws/install/beacon_positioning/lib/libbeacon_positioning__rosidl_typesupport_fastrtps_cpp.so
-- Set runtime path of "/home/ubuntu/ros2_ws/install/beacon_positioning/lib/libbeacon_positioning__rosidl_typesupport_fastrtps_cpp.so" to ""
-- Up-to-date: /home/ubuntu/ros2_ws/install/beacon_positioning/include/beacon_positioning
-- Up-to-date: /home/ubuntu/ros2_ws/install/beacon_positioning/include/beacon_positioning/msg
-- Up-to-date: /home/ubuntu/ros2_ws/install/beacon_positioning/include/beacon_positioning/msg/detail
-- Installing: /home/ubuntu/ros2_ws/install/beacon_positioning/include/beacon_positioning/msg/detail/tracker_position__type_support.c
-- Installing: /home/ubuntu/ros2_ws/install/beacon_positioning/include/beacon_positioning/msg/detail/tracker_position__rosidl_typesupport_introspection_c.h
-- Installing: /home/ubuntu/ros2_ws/install/beacon_positioning/include/beacon_positioning/msg/rosidl_typesupport_introspection_c__visibility_control.h
-- Installing: /home/ubuntu/ros2_ws/install/beacon_positioning/lib/libbeacon_positioning__rosidl_typesupport_introspection_c.so
-- Set runtime path of "/home/ubuntu/ros2_ws/install/beacon_positioning/lib/libbeacon_positioning__rosidl_typesupport_introspection_c.so" to ""
-- Installing: /home/ubuntu/ros2_ws/install/beacon_positioning/lib/libbeacon_positioning__rosidl_typesupport_c.so
-- Set runtime path of "/home/ubuntu/ros2_ws/install/beacon_positioning/lib/libbeacon_positioning__rosidl_typesupport_c.so" to ""
-- Up-to-date: /home/ubuntu/ros2_ws/install/beacon_positioning/include/beacon_positioning
-- Up-to-date: /home/ubuntu/ros2_ws/install/beacon_positioning/include/beacon_positioning/msg
-- Installing: /home/ubuntu/ros2_ws/install/beacon_positioning/include/beacon_positioning/msg/tracker_position.hpp
-- Up-to-date: /home/ubuntu/ros2_ws/install/beacon_positioning/include/beacon_positioning/msg/detail
-- Installing: /home/ubuntu/ros2_ws/install/beacon_positioning/include/beacon_positioning/msg/detail/tracker_position__traits.hpp
-- Installing: /home/ubuntu/ros2_ws/install/beacon_positioning/include/beacon_positioning/msg/detail/tracker_position__builder.hpp
-- Installing: /home/ubuntu/ros2_ws/install/beacon_positioning/include/beacon_positioning/msg/detail/tracker_position__struct.hpp
-- Up-to-date: /home/ubuntu/ros2_ws/install/beacon_positioning/include/beacon_positioning
-- Up-to-date: /home/ubuntu/ros2_ws/install/beacon_positioning/include/beacon_positioning/msg
-- Up-to-date: /home/ubuntu/ros2_ws/install/beacon_positioning/include/beacon_positioning/msg/detail
-- Installing: /home/ubuntu/ros2_ws/install/beacon_positioning/include/beacon_positioning/msg/detail/tracker_position__type_support.cpp
-- Installing: /home/ubuntu/ros2_ws/install/beacon_positioning/include/beacon_positioning/msg/detail/tracker_position__rosidl_typesupport_introspection_cpp.hpp
-- Installing: /home/ubuntu/ros2_ws/install/beacon_positioning/lib/libbeacon_positioning__rosidl_typesupport_introspection_cpp.so
-- Set runtime path of "/home/ubuntu/ros2_ws/install/beacon_positioning/lib/libbeacon_positioning__rosidl_typesupport_introspection_cpp.so" to ""
-- Installing: /home/ubuntu/ros2_ws/install/beacon_positioning/lib/libbeacon_positioning__rosidl_typesupport_cpp.so
-- Set runtime path of "/home/ubuntu/ros2_ws/install/beacon_positioning/lib/libbeacon_positioning__rosidl_typesupport_cpp.so" to ""
-- Installing: /home/ubuntu/ros2_ws/install/beacon_positioning/share/beacon_positioning/environment/pythonpath.sh
-- Installing: /home/ubuntu/ros2_ws/install/beacon_positioning/share/beacon_positioning/environment/pythonpath.dsv
-- Installing: /home/ubuntu/ros2_ws/install/beacon_positioning/lib/python3.8/site-packages/beacon_positioning/__init__.py
Compiling '/home/ubuntu/ros2_ws/install/beacon_positioning/lib/python3.8/site-packages/beacon_positioning/__init__.py'...
-- Installing: /home/ubuntu/ros2_ws/install/beacon_positioning/lib/python3.8/site-packages/beacon_positioning/msg
-- Installing: /home/ubuntu/ros2_ws/install/beacon_positioning/lib/python3.8/site-packages/beacon_positioning/msg/_tracker_position_s.c
-- Installing: /home/ubuntu/ros2_ws/install/beacon_positioning/lib/python3.8/site-packages/beacon_positioning/msg/_tracker_position.py
-- Installing: /home/ubuntu/ros2_ws/install/beacon_positioning/lib/python3.8/site-packages/beacon_positioning/msg/__init__.py
-- Installing: /home/ubuntu/ros2_ws/install/beacon_positioning/lib/python3.8/site-packages/beacon_positioning/beacon_positioning_s__rosidl_typesupport_fastrtps_c.cpython-38-aarch64-linux-gnu.so
-- Set runtime path of "/home/ubuntu/ros2_ws/install/beacon_positioning/lib/python3.8/site-packages/beacon_positioning/beacon_positioning_s__rosidl_typesupport_fastrtps_c.cpython-38-aarch64-linux-gnu.so" to ""
-- Installing: /home/ubuntu/ros2_ws/install/beacon_positioning/lib/python3.8/site-packages/beacon_positioning/beacon_positioning_s__rosidl_typesupport_introspection_c.cpython-38-aarch64-linux-gnu.so
-- Set runtime path of "/home/ubuntu/ros2_ws/install/beacon_positioning/lib/python3.8/site-packages/beacon_positioning/beacon_positioning_s__rosidl_typesupport_introspection_c.cpython-38-aarch64-linux-gnu.so" to ""
-- Installing: /home/ubuntu/ros2_ws/install/beacon_positioning/lib/python3.8/site-packages/beacon_positioning/beacon_positioning_s__rosidl_typesupport_c.cpython-38-aarch64-linux-gnu.so
-- Set runtime path of "/home/ubuntu/ros2_ws/install/beacon_positioning/lib/python3.8/site-packages/beacon_positioning/beacon_positioning_s__rosidl_typesupport_c.cpython-38-aarch64-linux-gnu.so" to ""
-- Installing: /home/ubuntu/ros2_ws/install/beacon_positioning/lib/libbeacon_positioning__python.so
-- Set runtime path of "/home/ubuntu/ros2_ws/install/beacon_positioning/lib/libbeacon_positioning__python.so" to ""
-- Installing: /home/ubuntu/ros2_ws/install/beacon_positioning/share/beacon_positioning/msg/TrackerPosition.idl
-- Installing: /home/ubuntu/ros2_ws/install/beacon_positioning/share/beacon_positioning/msg/TrackerPosition.msg
-- Installing: /home/ubuntu/ros2_ws/install/beacon_positioning/lib/beacon_positioning/tracker_position
-- Set runtime path of "/home/ubuntu/ros2_ws/install/beacon_positioning/lib/beacon_positioning/tracker_position" to ""
-- Installing: /home/ubuntu/ros2_ws/install/beacon_positioning/share/beacon_positioning/launch
-- Installing: /home/ubuntu/ros2_ws/install/beacon_positioning/share/beacon_positioning/launch/beacon_positioning_launch.py
-- Installing: /home/ubuntu/ros2_ws/install/beacon_positioning/share/ament_index/resource_index/package_run_dependencies/beacon_positioning
-- Installing: /home/ubuntu/ros2_ws/install/beacon_positioning/share/ament_index/resource_index/parent_prefix_path/beacon_positioning
-- Installing: /home/ubuntu/ros2_ws/install/beacon_positioning/share/beacon_positioning/environment/ament_prefix_path.sh
-- Installing: /home/ubuntu/ros2_ws/install/beacon_positioning/share/beacon_positioning/environment/ament_prefix_path.dsv
-- Installing: /home/ubuntu/ros2_ws/install/beacon_positioning/share/beacon_positioning/environment/path.sh
-- Installing: /home/ubuntu/ros2_ws/install/beacon_positioning/share/beacon_positioning/environment/path.dsv
-- Installing: /home/ubuntu/ros2_ws/install/beacon_positioning/share/beacon_positioning/local_setup.bash
-- Installing: /home/ubuntu/ros2_ws/install/beacon_positioning/share/beacon_positioning/local_setup.sh
-- Installing: /home/ubuntu/ros2_ws/install/beacon_positioning/share/beacon_positioning/local_setup.zsh
-- Installing: /home/ubuntu/ros2_ws/install/beacon_positioning/share/beacon_positioning/local_setup.dsv
-- Installing: /home/ubuntu/ros2_ws/install/beacon_positioning/share/beacon_positioning/package.dsv
-- Installing: /home/ubuntu/ros2_ws/install/beacon_positioning/share/ament_index/resource_index/packages/beacon_positioning
-- Installing: /home/ubuntu/ros2_ws/install/beacon_positioning/share/beacon_positioning/cmake/beacon_positioning__rosidl_generator_cExport.cmake
-- Installing: /home/ubuntu/ros2_ws/install/beacon_positioning/share/beacon_positioning/cmake/beacon_positioning__rosidl_generator_cExport-noconfig.cmake
-- Installing: /home/ubuntu/ros2_ws/install/beacon_positioning/share/beacon_positioning/cmake/beacon_positioning__rosidl_typesupport_introspection_cExport.cmake
-- Installing: /home/ubuntu/ros2_ws/install/beacon_positioning/share/beacon_positioning/cmake/beacon_positioning__rosidl_typesupport_introspection_cExport-noconfig.cmake
-- Installing: /home/ubuntu/ros2_ws/install/beacon_positioning/share/beacon_positioning/cmake/beacon_positioning__rosidl_typesupport_cExport.cmake
-- Installing: /home/ubuntu/ros2_ws/install/beacon_positioning/share/beacon_positioning/cmake/beacon_positioning__rosidl_typesupport_cExport-noconfig.cmake
-- Installing: /home/ubuntu/ros2_ws/install/beacon_positioning/share/beacon_positioning/cmake/beacon_positioning__rosidl_generator_cppExport.cmake
-- Installing: /home/ubuntu/ros2_ws/install/beacon_positioning/share/beacon_positioning/cmake/beacon_positioning__rosidl_typesupport_introspection_cppExport.cmake
-- Installing: /home/ubuntu/ros2_ws/install/beacon_positioning/share/beacon_positioning/cmake/beacon_positioning__rosidl_typesupport_introspection_cppExport-noconfig.cmake
-- Installing: /home/ubuntu/ros2_ws/install/beacon_positioning/share/beacon_positioning/cmake/beacon_positioning__rosidl_typesupport_cppExport.cmake
-- Installing: /home/ubuntu/ros2_ws/install/beacon_positioning/share/beacon_positioning/cmake/beacon_positioning__rosidl_typesupport_cppExport-noconfig.cmake
-- Installing: /home/ubuntu/ros2_ws/install/beacon_positioning/share/beacon_positioning/cmake/rosidl_cmake-extras.cmake
-- Installing: /home/ubuntu/ros2_ws/install/beacon_positioning/share/beacon_positioning/cmake/ament_cmake_export_dependencies-extras.cmake
-- Installing: /home/ubuntu/ros2_ws/install/beacon_positioning/share/beacon_positioning/cmake/ament_cmake_export_libraries-extras.cmake
-- Installing: /home/ubuntu/ros2_ws/install/beacon_positioning/share/beacon_positioning/cmake/ament_cmake_export_targets-extras.cmake
-- Installing: /home/ubuntu/ros2_ws/install/beacon_positioning/share/beacon_positioning/cmake/ament_cmake_export_include_directories-extras.cmake
-- Installing: /home/ubuntu/ros2_ws/install/beacon_positioning/share/beacon_positioning/cmake/rosidl_cmake_export_typesupport_libraries-extras.cmake
-- Installing: /home/ubuntu/ros2_ws/install/beacon_positioning/share/beacon_positioning/cmake/rosidl_cmake_export_typesupport_targets-extras.cmake
-- Installing: /home/ubuntu/ros2_ws/install/beacon_positioning/share/beacon_positioning/cmake/beacon_positioningConfig.cmake
-- Installing: /home/ubuntu/ros2_ws/install/beacon_positioning/share/beacon_positioning/cmake/beacon_positioningConfig-version.cmake
-- Installing: /home/ubuntu/ros2_ws/install/beacon_positioning/share/beacon_positioning/package.xml
