[0.134s] Invoking command in '/home/ubuntu/ros2_ws/build/beacon_positioning': CMAKE_PREFIX_PATH=${CMAKE_PREFIX_PATH}:/opt/ros/foxy /usr/bin/cmake /home/ubuntu/ros2_ws/src/beacon_positioning -DCMAKE_INSTALL_PREFIX=/home/ubuntu/ros2_ws/install/beacon_positioning
[0.372s] -- The C compiler identification is GNU 9.4.0
[0.605s] -- The CXX compiler identification is GNU 9.4.0
[0.621s] -- Check for working C compiler: /usr/bin/cc
[0.909s] -- Check for working C compiler: /usr/bin/cc -- works
[0.912s] -- Detecting C compiler ABI info
[1.205s] -- Detecting C compiler ABI info - done
[1.240s] -- Detecting C compile features
[1.241s] -- Detecting C compile features - done
[1.250s] -- Check for working CXX compiler: /usr/bin/c++
[1.581s] -- Check for working CXX compiler: /usr/bin/c++ -- works
[1.584s] -- Detecting CXX compiler ABI info
[1.913s] -- Detecting CXX compiler ABI info - done
[1.949s] -- Detecting CXX compile features
[1.951s] -- Detecting CXX compile features - done
[1.966s] -- Found ament_cmake: 0.9.11 (/opt/ros/foxy/share/ament_cmake/cmake)
[2.091s] -- Found PythonInterp: /usr/bin/python3 (found suitable version "3.8.10", minimum required is "3") 
[2.092s] -- Using PYTHON_EXECUTABLE: /usr/bin/python3
[3.001s] -- Found rclcpp: 2.4.2 (/opt/ros/foxy/share/rclcpp/cmake)
[3.216s] -- Using all available rosidl_typesupport_c: rosidl_typesupport_fastrtps_c;rosidl_typesupport_introspection_c
[3.253s] -- Found rosidl_adapter: 1.3.0 (/opt/ros/foxy/share/rosidl_adapter/cmake)
[3.572s] -- Found OpenSSL: /usr/lib/aarch64-linux-gnu/libcrypto.so (found version "1.1.1f")  
[3.682s] -- Found FastRTPS: /opt/ros/foxy/include  
[4.016s] -- Using all available rosidl_typesupport_cpp: rosidl_typesupport_fastrtps_cpp;rosidl_typesupport_introspection_cpp
[4.248s] -- Found rmw_implementation_cmake: 1.0.4 (/opt/ros/foxy/share/rmw_implementation_cmake/cmake)
[4.254s] -- Using RMW implementation 'rmw_fastrtps_cpp' as default
[4.258s] -- Looking for pthread.h
[4.564s] -- Looking for pthread.h - found
[4.565s] -- Performing Test CMAKE_HAVE_LIBC_PTHREAD
[4.852s] -- Performing Test CMAKE_HAVE_LIBC_PTHREAD - Failed
[4.852s] -- Looking for pthread_create in pthreads
[5.080s] -- Looking for pthread_create in pthreads - not found
[5.081s] -- Looking for pthread_create in pthread
[5.358s] -- Looking for pthread_create in pthread - found
[5.361s] -- Found Threads: TRUE  
[5.992s] -- Found rosidl_default_generators: 1.0.1 (/opt/ros/foxy/share/rosidl_default_generators/cmake)
[6.139s] -- Found PythonInterp: /usr/bin/python3 (found version "3.8.10") 
[6.706s] -- Found ament_cmake_ros: 0.9.2 (/opt/ros/foxy/share/ament_cmake_ros/cmake)
[7.148s] -- Using all available rosidl_typesupport_c: rosidl_typesupport_fastrtps_c;rosidl_typesupport_introspection_c
[7.178s] -- Using all available rosidl_typesupport_cpp: rosidl_typesupport_fastrtps_cpp;rosidl_typesupport_introspection_cpp
[7.283s] -- Found PythonInterp: /usr/bin/python3 (found suitable version "3.8.10", minimum required is "3.5") 
[7.293s] -- Found python_cmake_module: 0.8.1 (/opt/ros/foxy/share/python_cmake_module/cmake)
[7.403s] -- Found PythonLibs: /usr/lib/aarch64-linux-gnu/libpython3.8.so (found suitable version "3.8.10", minimum required is "3.5") 
[7.404s] -- Using PYTHON_EXECUTABLE: /usr/bin/python3
[7.404s] -- Using PYTHON_INCLUDE_DIRS: /usr/include/python3.8
[7.404s] -- Using PYTHON_LIBRARIES: /usr/lib/aarch64-linux-gnu/libpython3.8.so
[7.502s] -- Found PythonExtra: .so  
[8.079s] -- Found ament_lint_auto: 0.9.8 (/opt/ros/foxy/share/ament_lint_auto/cmake)
[8.205s] -- Added test 'copyright' to check source files copyright and LICENSE
[8.213s] -- Added test 'cppcheck' to perform static code analysis on C / C++ code
[8.217s] -- Configured cppcheck include dirs: 
[8.217s] -- Configured cppcheck exclude dirs and/or files: 
[8.224s] -- Added test 'cpplint' to check C / C++ code against the Google style
[8.225s] -- Configured cpplint exclude dirs and/or files: 
[8.227s] -- Added test 'flake8' to check Python code syntax and style conventions
[8.230s] -- Added test 'lint_cmake' to check CMake code style
[8.233s] -- Added test 'pep257' to check Python code against some of the style conventions in PEP 257
[8.240s] -- Added test 'uncrustify' to check C / C++ code style
[8.240s] -- Configured uncrustify additional arguments: 
[8.243s] -- Added test 'xmllint' to check XML markup files
[8.280s] -- Configuring done
[8.435s] -- Generating done
[8.448s] -- Build files have been written to: /home/ubuntu/ros2_ws/build/beacon_positioning
[8.486s] Invoked command in '/home/ubuntu/ros2_ws/build/beacon_positioning' returned '0': CMAKE_PREFIX_PATH=${CMAKE_PREFIX_PATH}:/opt/ros/foxy /usr/bin/cmake /home/ubuntu/ros2_ws/src/beacon_positioning -DCMAKE_INSTALL_PREFIX=/home/ubuntu/ros2_ws/install/beacon_positioning
[8.497s] Invoking command in '/home/ubuntu/ros2_ws/build/beacon_positioning': CMAKE_PREFIX_PATH=${CMAKE_PREFIX_PATH}:/opt/ros/foxy /usr/bin/cmake --build /home/ubuntu/ros2_ws/build/beacon_positioning -- -j4 -l4
[8.662s] [35m[1mScanning dependencies of target tracker_position[0m
[8.664s] [  3%] [34m[1mGenerating C code for ROS interfaces[0m
[8.665s] [35m[1mScanning dependencies of target beacon_positioning__cpp[0m
[8.713s] [  6%] [34m[1mGenerating C++ code for ROS interfaces[0m
[8.865s] [  9%] [32mBuilding CXX object CMakeFiles/tracker_position.dir/src/tracker_position.cpp.o[0m
[9.989s] [35m[1mScanning dependencies of target beacon_positioning__rosidl_generator_c[0m
[10.018s] [  9%] Built target beacon_positioning__cpp
[10.059s] [ 12%] [32mBuilding C object CMakeFiles/beacon_positioning__rosidl_generator_c.dir/rosidl_generator_c/beacon_positioning/msg/detail/tracker_position__functions.c.o[0m
[10.078s] [ 15%] [34m[1mGenerating C++ type support for eProsima Fast-RTPS[0m
[10.105s] [ 18%] [34m[1mGenerating C++ introspection for ROS interfaces[0m
[10.481s] [ 21%] [32m[1mLinking C shared library libbeacon_positioning__rosidl_generator_c.so[0m
[10.796s] [ 21%] Built target beacon_positioning__rosidl_generator_c
[10.872s] [ 24%] [34m[1mGenerating C++ type support dispatch for ROS interfaces[0m
[11.705s] [35m[1mScanning dependencies of target beacon_positioning__rosidl_typesupport_introspection_cpp[0m
[11.772s] [35m[1mScanning dependencies of target beacon_positioning__rosidl_typesupport_fastrtps_cpp[0m
[11.832s] [ 27%] [32mBuilding CXX object CMakeFiles/beacon_positioning__rosidl_typesupport_introspection_cpp.dir/rosidl_typesupport_introspection_cpp/beacon_positioning/msg/detail/tracker_position__type_support.cpp.o[0m
[11.921s] [ 30%] [32mBuilding CXX object CMakeFiles/beacon_positioning__rosidl_typesupport_fastrtps_cpp.dir/rosidl_typesupport_fastrtps_cpp/beacon_positioning/msg/detail/dds_fastrtps/tracker_position__type_support.cpp.o[0m
[12.304s] [35m[1mScanning dependencies of target beacon_positioning__rosidl_typesupport_cpp[0m
[12.466s] [ 33%] [32mBuilding CXX object CMakeFiles/beacon_positioning__rosidl_typesupport_cpp.dir/rosidl_typesupport_cpp/beacon_positioning/msg/tracker_position__type_support.cpp.o[0m
[14.253s] [ 36%] [32m[1mLinking CXX shared library libbeacon_positioning__rosidl_typesupport_introspection_cpp.so[0m
[14.597s] [ 39%] [32m[1mLinking CXX shared library libbeacon_positioning__rosidl_typesupport_cpp.so[0m
[14.805s] [ 39%] Built target beacon_positioning__rosidl_typesupport_introspection_cpp
[14.881s] [ 42%] [34m[1mGenerating C introspection for ROS interfaces[0m
[14.919s] [ 42%] Built target beacon_positioning__rosidl_typesupport_cpp
[15.000s] [ 45%] [34m[1mGenerating C type support dispatch for ROS interfaces[0m
[15.125s] [ 48%] [32m[1mLinking CXX shared library libbeacon_positioning__rosidl_typesupport_fastrtps_cpp.so[0m
[15.897s] [ 48%] Built target beacon_positioning__rosidl_typesupport_fastrtps_cpp
[16.003s] [ 51%] [34m[1mGenerating C type support for eProsima Fast-RTPS[0m
[16.392s] [35m[1mScanning dependencies of target beacon_positioning__rosidl_typesupport_c[0m
[16.518s] [ 54%] [32mBuilding CXX object CMakeFiles/beacon_positioning__rosidl_typesupport_c.dir/rosidl_typesupport_c/beacon_positioning/msg/tracker_position__type_support.cpp.o[0m
[16.667s] [35m[1mScanning dependencies of target beacon_positioning__rosidl_typesupport_introspection_c[0m
[16.770s] [ 57%] [32mBuilding C object CMakeFiles/beacon_positioning__rosidl_typesupport_introspection_c.dir/rosidl_typesupport_introspection_c/beacon_positioning/msg/detail/tracker_position__type_support.c.o[0m
[16.794s] [ 60%] [32m[1mLinking CXX shared library libbeacon_positioning__rosidl_typesupport_c.so[0m
[17.060s] [ 63%] [32m[1mLinking C shared library libbeacon_positioning__rosidl_typesupport_introspection_c.so[0m
[17.123s] [ 63%] Built target beacon_positioning__rosidl_typesupport_c
[17.241s] [ 63%] Built target beacon_positioning__rosidl_typesupport_introspection_c
[17.442s] [35m[1mScanning dependencies of target beacon_positioning__rosidl_typesupport_fastrtps_c[0m
[17.511s] [ 66%] [32mBuilding CXX object CMakeFiles/beacon_positioning__rosidl_typesupport_fastrtps_c.dir/rosidl_typesupport_fastrtps_c/beacon_positioning/msg/detail/tracker_position__type_support_c.cpp.o[0m
[18.776s] [01m[K/home/ubuntu/ros2_ws/src/beacon_positioning/src/tracker_position.cpp:[m[K In lambda function:
[18.777s] [01m[K/home/ubuntu/ros2_ws/src/beacon_positioning/src/tracker_position.cpp:152:25:[m[K [01;35m[Kwarning: [m[Kcomparison of integer expressions of different signedness: ‘[01m[Kint[m[K’ and ‘[01m[Kstd::vector<terabee::RtlsDevice::anchor_data_t>::size_type[m[K’ {aka ‘[01m[Klong unsigned int[m[K’} [[01;35m[K-Wsign-compare[m[K]
[18.779s]   152 |       for (int i = 0; [01;35m[Ki < tracker_msg.anchors_data.size()[m[K; i++)
[18.780s]       |                       [01;35m[K~~^~~~~~~~~~~~~~~~~~~~~~~~~~~~~~~~~[m[K
[19.820s] [ 69%] [32m[1mLinking CXX shared library libbeacon_positioning__rosidl_typesupport_fastrtps_c.so[0m
[20.270s] [ 69%] Built target beacon_positioning__rosidl_typesupport_fastrtps_c
[20.314s] [35m[1mScanning dependencies of target beacon_positioning[0m
[20.363s] [ 69%] Built target beacon_positioning
[20.410s] [35m[1mScanning dependencies of target beacon_positioning__py[0m
[20.471s] [ 72%] [34m[1mGenerating Python code for ROS interfaces[0m
[22.472s] [ 72%] Built target beacon_positioning__py
[22.520s] [35m[1mScanning dependencies of target beacon_positioning__python[0m
[22.621s] [ 75%] [32mBuilding C object CMakeFiles/beacon_positioning__python.dir/rosidl_generator_py/beacon_positioning/msg/_tracker_position_s.c.o[0m
[23.099s] [ 78%] [32m[1mLinking C shared library rosidl_generator_py/beacon_positioning/libbeacon_positioning__python.so[0m
[23.295s] [ 78%] Built target beacon_positioning__python
[23.448s] [35m[1mScanning dependencies of target beacon_positioning__rosidl_typesupport_c__pyext[0m
[23.475s] [35m[1mScanning dependencies of target beacon_positioning__rosidl_typesupport_introspection_c__pyext[0m
[23.476s] [35m[1mScanning dependencies of target beacon_positioning__rosidl_typesupport_fastrtps_c__pyext[0m
[23.688s] [ 81%] [32mBuilding C object CMakeFiles/beacon_positioning__rosidl_typesupport_c__pyext.dir/rosidl_generator_py/beacon_positioning/_beacon_positioning_s.ep.rosidl_typesupport_c.c.o[0m
[23.697s] [ 84%] [32mBuilding C object CMakeFiles/beacon_positioning__rosidl_typesupport_introspection_c__pyext.dir/rosidl_generator_py/beacon_positioning/_beacon_positioning_s.ep.rosidl_typesupport_introspection_c.c.o[0m
[23.700s] [ 87%] [32mBuilding C object CMakeFiles/beacon_positioning__rosidl_typesupport_fastrtps_c__pyext.dir/rosidl_generator_py/beacon_positioning/_beacon_positioning_s.ep.rosidl_typesupport_fastrtps_c.c.o[0m
[24.419s] [ 90%] [32m[1mLinking C shared library rosidl_generator_py/beacon_positioning/beacon_positioning_s__rosidl_typesupport_c.cpython-38-aarch64-linux-gnu.so[0m
[24.585s] [ 93%] [32m[1mLinking C shared library rosidl_generator_py/beacon_positioning/beacon_positioning_s__rosidl_typesupport_introspection_c.cpython-38-aarch64-linux-gnu.so[0m
[24.599s] [ 96%] [32m[1mLinking CXX shared library rosidl_generator_py/beacon_positioning/beacon_positioning_s__rosidl_typesupport_fastrtps_c.cpython-38-aarch64-linux-gnu.so[0m
[24.858s] [ 96%] Built target beacon_positioning__rosidl_typesupport_c__pyext
[24.977s] [ 96%] Built target beacon_positioning__rosidl_typesupport_introspection_c__pyext
[25.090s] [ 96%] Built target beacon_positioning__rosidl_typesupport_fastrtps_c__pyext
[25.688s] [100%] [32m[1mLinking CXX executable tracker_position[0m
[26.352s] [100%] Built target tracker_position
[26.395s] Invoked command in '/home/ubuntu/ros2_ws/build/beacon_positioning' returned '0': CMAKE_PREFIX_PATH=${CMAKE_PREFIX_PATH}:/opt/ros/foxy /usr/bin/cmake --build /home/ubuntu/ros2_ws/build/beacon_positioning -- -j4 -l4
[26.711s] Invoking command in '/home/ubuntu/ros2_ws/build/beacon_positioning': CMAKE_PREFIX_PATH=${CMAKE_PREFIX_PATH}:/opt/ros/foxy /usr/bin/cmake --install /home/ubuntu/ros2_ws/build/beacon_positioning
[26.744s] -- Install configuration: ""
[26.745s] -- Installing: /home/ubuntu/ros2_ws/install/beacon_positioning/share/ament_index/resource_index/rosidl_interfaces/beacon_positioning
[26.746s] -- Installing: /home/ubuntu/ros2_ws/install/beacon_positioning/include/beacon_positioning
[26.748s] -- Installing: /home/ubuntu/ros2_ws/install/beacon_positioning/include/beacon_positioning/msg
[26.749s] -- Installing: /home/ubuntu/ros2_ws/install/beacon_positioning/include/beacon_positioning/msg/detail
[26.751s] -- Installing: /home/ubuntu/ros2_ws/install/beacon_positioning/include/beacon_positioning/msg/detail/tracker_position__functions.c
[26.752s] -- Installing: /home/ubuntu/ros2_ws/install/beacon_positioning/include/beacon_positioning/msg/detail/tracker_position__struct.h
[26.752s] -- Installing: /home/ubuntu/ros2_ws/install/beacon_positioning/include/beacon_positioning/msg/detail/tracker_position__functions.h
[26.753s] -- Installing: /home/ubuntu/ros2_ws/install/beacon_positioning/include/beacon_positioning/msg/detail/tracker_position__type_support.h
[26.754s] -- Installing: /home/ubuntu/ros2_ws/install/beacon_positioning/include/beacon_positioning/msg/rosidl_generator_c__visibility_control.h
[26.755s] -- Installing: /home/ubuntu/ros2_ws/install/beacon_positioning/include/beacon_positioning/msg/tracker_position.h
[26.757s] -- Installing: /home/ubuntu/ros2_ws/install/beacon_positioning/share/beacon_positioning/environment/library_path.sh
[26.758s] -- Installing: /home/ubuntu/ros2_ws/install/beacon_positioning/share/beacon_positioning/environment/library_path.dsv
[26.760s] -- Installing: /home/ubuntu/ros2_ws/install/beacon_positioning/lib/libbeacon_positioning__rosidl_generator_c.so
[26.762s] -- Set runtime path of "/home/ubuntu/ros2_ws/install/beacon_positioning/lib/libbeacon_positioning__rosidl_generator_c.so" to ""
[26.763s] -- Up-to-date: /home/ubuntu/ros2_ws/install/beacon_positioning/include/beacon_positioning
[26.763s] -- Up-to-date: /home/ubuntu/ros2_ws/install/beacon_positioning/include/beacon_positioning/msg
[26.764s] -- Installing: /home/ubuntu/ros2_ws/install/beacon_positioning/include/beacon_positioning/msg/rosidl_typesupport_fastrtps_c__visibility_control.h
[26.765s] -- Up-to-date: /home/ubuntu/ros2_ws/install/beacon_positioning/include/beacon_positioning/msg/detail
[26.765s] -- Installing: /home/ubuntu/ros2_ws/install/beacon_positioning/include/beacon_positioning/msg/detail/tracker_position__rosidl_typesupport_fastrtps_c.h
[26.766s] -- Installing: /home/ubuntu/ros2_ws/install/beacon_positioning/lib/libbeacon_positioning__rosidl_typesupport_fastrtps_c.so
[26.769s] -- Set runtime path of "/home/ubuntu/ros2_ws/install/beacon_positioning/lib/libbeacon_positioning__rosidl_typesupport_fastrtps_c.so" to ""
[26.769s] -- Up-to-date: /home/ubuntu/ros2_ws/install/beacon_positioning/include/beacon_positioning
[26.770s] -- Up-to-date: /home/ubuntu/ros2_ws/install/beacon_positioning/include/beacon_positioning/msg
[26.771s] -- Installing: /home/ubuntu/ros2_ws/install/beacon_positioning/include/beacon_positioning/msg/rosidl_typesupport_fastrtps_cpp__visibility_control.h
[26.771s] -- Up-to-date: /home/ubuntu/ros2_ws/install/beacon_positioning/include/beacon_positioning/msg/detail
[26.772s] -- Installing: /home/ubuntu/ros2_ws/install/beacon_positioning/include/beacon_positioning/msg/detail/dds_fastrtps
[26.772s] -- Installing: /home/ubuntu/ros2_ws/install/beacon_positioning/include/beacon_positioning/msg/detail/tracker_position__rosidl_typesupport_fastrtps_cpp.hpp
[26.773s] -- Installing: /home/ubuntu/ros2_ws/install/beacon_positioning/lib/libbeacon_positioning__rosidl_typesupport_fastrtps_cpp.so
[26.776s] -- Set runtime path of "/home/ubuntu/ros2_ws/install/beacon_positioning/lib/libbeacon_positioning__rosidl_typesupport_fastrtps_cpp.so" to ""
[26.777s] -- Up-to-date: /home/ubuntu/ros2_ws/install/beacon_positioning/include/beacon_positioning
[26.777s] -- Up-to-date: /home/ubuntu/ros2_ws/install/beacon_positioning/include/beacon_positioning/msg
[26.777s] -- Up-to-date: /home/ubuntu/ros2_ws/install/beacon_positioning/include/beacon_positioning/msg/detail
[26.778s] -- Installing: /home/ubuntu/ros2_ws/install/beacon_positioning/include/beacon_positioning/msg/detail/tracker_position__type_support.c
[26.779s] -- Installing: /home/ubuntu/ros2_ws/install/beacon_positioning/include/beacon_positioning/msg/detail/tracker_position__rosidl_typesupport_introspection_c.h
[26.779s] -- Installing: /home/ubuntu/ros2_ws/install/beacon_positioning/include/beacon_positioning/msg/rosidl_typesupport_introspection_c__visibility_control.h
[26.781s] -- Installing: /home/ubuntu/ros2_ws/install/beacon_positioning/lib/libbeacon_positioning__rosidl_typesupport_introspection_c.so
[26.783s] -- Set runtime path of "/home/ubuntu/ros2_ws/install/beacon_positioning/lib/libbeacon_positioning__rosidl_typesupport_introspection_c.so" to ""
[26.784s] -- Installing: /home/ubuntu/ros2_ws/install/beacon_positioning/lib/libbeacon_positioning__rosidl_typesupport_c.so
[26.786s] -- Set runtime path of "/home/ubuntu/ros2_ws/install/beacon_positioning/lib/libbeacon_positioning__rosidl_typesupport_c.so" to ""
[26.787s] -- Up-to-date: /home/ubuntu/ros2_ws/install/beacon_positioning/include/beacon_positioning
[26.787s] -- Up-to-date: /home/ubuntu/ros2_ws/install/beacon_positioning/include/beacon_positioning/msg
[26.788s] -- Installing: /home/ubuntu/ros2_ws/install/beacon_positioning/include/beacon_positioning/msg/tracker_position.hpp
[26.789s] -- Up-to-date: /home/ubuntu/ros2_ws/install/beacon_positioning/include/beacon_positioning/msg/detail
[26.789s] -- Installing: /home/ubuntu/ros2_ws/install/beacon_positioning/include/beacon_positioning/msg/detail/tracker_position__traits.hpp
[26.790s] -- Installing: /home/ubuntu/ros2_ws/install/beacon_positioning/include/beacon_positioning/msg/detail/tracker_position__builder.hpp
[26.790s] -- Installing: /home/ubuntu/ros2_ws/install/beacon_positioning/include/beacon_positioning/msg/detail/tracker_position__struct.hpp
[26.792s] -- Up-to-date: /home/ubuntu/ros2_ws/install/beacon_positioning/include/beacon_positioning
[26.792s] -- Up-to-date: /home/ubuntu/ros2_ws/install/beacon_positioning/include/beacon_positioning/msg
[26.793s] -- Up-to-date: /home/ubuntu/ros2_ws/install/beacon_positioning/include/beacon_positioning/msg/detail
[26.793s] -- Installing: /home/ubuntu/ros2_ws/install/beacon_positioning/include/beacon_positioning/msg/detail/tracker_position__type_support.cpp
[26.794s] -- Installing: /home/ubuntu/ros2_ws/install/beacon_positioning/include/beacon_positioning/msg/detail/tracker_position__rosidl_typesupport_introspection_cpp.hpp
[26.795s] -- Installing: /home/ubuntu/ros2_ws/install/beacon_positioning/lib/libbeacon_positioning__rosidl_typesupport_introspection_cpp.so
[26.798s] -- Set runtime path of "/home/ubuntu/ros2_ws/install/beacon_positioning/lib/libbeacon_positioning__rosidl_typesupport_introspection_cpp.so" to ""
[26.799s] -- Installing: /home/ubuntu/ros2_ws/install/beacon_positioning/lib/libbeacon_positioning__rosidl_typesupport_cpp.so
[26.801s] -- Set runtime path of "/home/ubuntu/ros2_ws/install/beacon_positioning/lib/libbeacon_positioning__rosidl_typesupport_cpp.so" to ""
[26.802s] -- Installing: /home/ubuntu/ros2_ws/install/beacon_positioning/share/beacon_positioning/environment/pythonpath.sh
[26.802s] -- Installing: /home/ubuntu/ros2_ws/install/beacon_positioning/share/beacon_positioning/environment/pythonpath.dsv
[26.804s] -- Installing: /home/ubuntu/ros2_ws/install/beacon_positioning/lib/python3.8/site-packages/beacon_positioning/__init__.py
[26.943s] Compiling '/home/ubuntu/ros2_ws/install/beacon_positioning/lib/python3.8/site-packages/beacon_positioning/__init__.py'...
[26.969s] -- Installing: /home/ubuntu/ros2_ws/install/beacon_positioning/lib/python3.8/site-packages/beacon_positioning/msg
[26.970s] -- Installing: /home/ubuntu/ros2_ws/install/beacon_positioning/lib/python3.8/site-packages/beacon_positioning/msg/_tracker_position_s.c
[26.971s] -- Installing: /home/ubuntu/ros2_ws/install/beacon_positioning/lib/python3.8/site-packages/beacon_positioning/msg/_tracker_position.py
[26.972s] -- Installing: /home/ubuntu/ros2_ws/install/beacon_positioning/lib/python3.8/site-packages/beacon_positioning/msg/__init__.py
[26.974s] -- Installing: /home/ubuntu/ros2_ws/install/beacon_positioning/lib/python3.8/site-packages/beacon_positioning/beacon_positioning_s__rosidl_typesupport_fastrtps_c.cpython-38-aarch64-linux-gnu.so
[26.977s] -- Set runtime path of "/home/ubuntu/ros2_ws/install/beacon_positioning/lib/python3.8/site-packages/beacon_positioning/beacon_positioning_s__rosidl_typesupport_fastrtps_c.cpython-38-aarch64-linux-gnu.so" to ""
[26.979s] -- Installing: /home/ubuntu/ros2_ws/install/beacon_positioning/lib/python3.8/site-packages/beacon_positioning/beacon_positioning_s__rosidl_typesupport_introspection_c.cpython-38-aarch64-linux-gnu.so
[26.982s] -- Set runtime path of "/home/ubuntu/ros2_ws/install/beacon_positioning/lib/python3.8/site-packages/beacon_positioning/beacon_positioning_s__rosidl_typesupport_introspection_c.cpython-38-aarch64-linux-gnu.so" to ""
[26.983s] -- Installing: /home/ubuntu/ros2_ws/install/beacon_positioning/lib/python3.8/site-packages/beacon_positioning/beacon_positioning_s__rosidl_typesupport_c.cpython-38-aarch64-linux-gnu.so
[26.985s] -- Set runtime path of "/home/ubuntu/ros2_ws/install/beacon_positioning/lib/python3.8/site-packages/beacon_positioning/beacon_positioning_s__rosidl_typesupport_c.cpython-38-aarch64-linux-gnu.so" to ""
[26.986s] -- Installing: /home/ubuntu/ros2_ws/install/beacon_positioning/lib/libbeacon_positioning__python.so
[26.989s] -- Set runtime path of "/home/ubuntu/ros2_ws/install/beacon_positioning/lib/libbeacon_positioning__python.so" to ""
[26.989s] -- Installing: /home/ubuntu/ros2_ws/install/beacon_positioning/share/beacon_positioning/msg/TrackerPosition.idl
[26.990s] -- Installing: /home/ubuntu/ros2_ws/install/beacon_positioning/share/beacon_positioning/msg/TrackerPosition.msg
[26.992s] -- Installing: /home/ubuntu/ros2_ws/install/beacon_positioning/lib/beacon_positioning/tracker_position
[26.996s] -- Set runtime path of "/home/ubuntu/ros2_ws/install/beacon_positioning/lib/beacon_positioning/tracker_position" to ""
[26.996s] -- Installing: /home/ubuntu/ros2_ws/install/beacon_positioning/share/beacon_positioning/launch
[26.997s] -- Installing: /home/ubuntu/ros2_ws/install/beacon_positioning/share/beacon_positioning/launch/beacon_positioning_launch.py
[26.998s] -- Installing: /home/ubuntu/ros2_ws/install/beacon_positioning/share/ament_index/resource_index/package_run_dependencies/beacon_positioning
[26.999s] -- Installing: /home/ubuntu/ros2_ws/install/beacon_positioning/share/ament_index/resource_index/parent_prefix_path/beacon_positioning
[27.001s] -- Installing: /home/ubuntu/ros2_ws/install/beacon_positioning/share/beacon_positioning/environment/ament_prefix_path.sh
[27.002s] -- Installing: /home/ubuntu/ros2_ws/install/beacon_positioning/share/beacon_positioning/environment/ament_prefix_path.dsv
[27.003s] -- Installing: /home/ubuntu/ros2_ws/install/beacon_positioning/share/beacon_positioning/environment/path.sh
[27.004s] -- Installing: /home/ubuntu/ros2_ws/install/beacon_positioning/share/beacon_positioning/environment/path.dsv
[27.005s] -- Installing: /home/ubuntu/ros2_ws/install/beacon_positioning/share/beacon_positioning/local_setup.bash
[27.007s] -- Installing: /home/ubuntu/ros2_ws/install/beacon_positioning/share/beacon_positioning/local_setup.sh
[27.008s] -- Installing: /home/ubuntu/ros2_ws/install/beacon_positioning/share/beacon_positioning/local_setup.zsh
[27.009s] -- Installing: /home/ubuntu/ros2_ws/install/beacon_positioning/share/beacon_positioning/local_setup.dsv
[27.010s] -- Installing: /home/ubuntu/ros2_ws/install/beacon_positioning/share/beacon_positioning/package.dsv
[27.011s] -- Installing: /home/ubuntu/ros2_ws/install/beacon_positioning/share/ament_index/resource_index/packages/beacon_positioning
[27.013s] -- Installing: /home/ubuntu/ros2_ws/install/beacon_positioning/share/beacon_positioning/cmake/beacon_positioning__rosidl_generator_cExport.cmake
[27.015s] -- Installing: /home/ubuntu/ros2_ws/install/beacon_positioning/share/beacon_positioning/cmake/beacon_positioning__rosidl_generator_cExport-noconfig.cmake
[27.017s] -- Installing: /home/ubuntu/ros2_ws/install/beacon_positioning/share/beacon_positioning/cmake/beacon_positioning__rosidl_typesupport_introspection_cExport.cmake
[27.018s] -- Installing: /home/ubuntu/ros2_ws/install/beacon_positioning/share/beacon_positioning/cmake/beacon_positioning__rosidl_typesupport_introspection_cExport-noconfig.cmake
[27.020s] -- Installing: /home/ubuntu/ros2_ws/install/beacon_positioning/share/beacon_positioning/cmake/beacon_positioning__rosidl_typesupport_cExport.cmake
[27.021s] -- Installing: /home/ubuntu/ros2_ws/install/beacon_positioning/share/beacon_positioning/cmake/beacon_positioning__rosidl_typesupport_cExport-noconfig.cmake
[27.023s] -- Installing: /home/ubuntu/ros2_ws/install/beacon_positioning/share/beacon_positioning/cmake/beacon_positioning__rosidl_generator_cppExport.cmake
[27.024s] -- Installing: /home/ubuntu/ros2_ws/install/beacon_positioning/share/beacon_positioning/cmake/beacon_positioning__rosidl_typesupport_introspection_cppExport.cmake
[27.026s] -- Installing: /home/ubuntu/ros2_ws/install/beacon_positioning/share/beacon_positioning/cmake/beacon_positioning__rosidl_typesupport_introspection_cppExport-noconfig.cmake
[27.027s] -- Installing: /home/ubuntu/ros2_ws/install/beacon_positioning/share/beacon_positioning/cmake/beacon_positioning__rosidl_typesupport_cppExport.cmake
[27.029s] -- Installing: /home/ubuntu/ros2_ws/install/beacon_positioning/share/beacon_positioning/cmake/beacon_positioning__rosidl_typesupport_cppExport-noconfig.cmake
[27.030s] -- Installing: /home/ubuntu/ros2_ws/install/beacon_positioning/share/beacon_positioning/cmake/rosidl_cmake-extras.cmake
[27.031s] -- Installing: /home/ubuntu/ros2_ws/install/beacon_positioning/share/beacon_positioning/cmake/ament_cmake_export_dependencies-extras.cmake
[27.033s] -- Installing: /home/ubuntu/ros2_ws/install/beacon_positioning/share/beacon_positioning/cmake/ament_cmake_export_libraries-extras.cmake
[27.034s] -- Installing: /home/ubuntu/ros2_ws/install/beacon_positioning/share/beacon_positioning/cmake/ament_cmake_export_targets-extras.cmake
[27.035s] -- Installing: /home/ubuntu/ros2_ws/install/beacon_positioning/share/beacon_positioning/cmake/ament_cmake_export_include_directories-extras.cmake
[27.036s] -- Installing: /home/ubuntu/ros2_ws/install/beacon_positioning/share/beacon_positioning/cmake/rosidl_cmake_export_typesupport_libraries-extras.cmake
[27.038s] -- Installing: /home/ubuntu/ros2_ws/install/beacon_positioning/share/beacon_positioning/cmake/rosidl_cmake_export_typesupport_targets-extras.cmake
[27.039s] -- Installing: /home/ubuntu/ros2_ws/install/beacon_positioning/share/beacon_positioning/cmake/beacon_positioningConfig.cmake
[27.040s] -- Installing: /home/ubuntu/ros2_ws/install/beacon_positioning/share/beacon_positioning/cmake/beacon_positioningConfig-version.cmake
[27.041s] -- Installing: /home/ubuntu/ros2_ws/install/beacon_positioning/share/beacon_positioning/package.xml
[27.056s] Invoked command in '/home/ubuntu/ros2_ws/build/beacon_positioning' returned '0': CMAKE_PREFIX_PATH=${CMAKE_PREFIX_PATH}:/opt/ros/foxy /usr/bin/cmake --install /home/ubuntu/ros2_ws/build/beacon_positioning
