-- Found ament_cmake: 0.9.11 (/opt/ros/foxy/share/ament_cmake/cmake)
-- Using PYTHON_EXECUTABLE: /usr/bin/python3
-- Override CMake install command with custom implementation using symlinks instead of copying resources
-- Found rclcpp: 2.4.2 (/opt/ros/foxy/share/rclcpp/cmake)
-- Using all available rosidl_typesupport_c: rosidl_typesupport_fastrtps_c;rosidl_typesupport_introspection_c
-- Found rosidl_adapter: 1.3.0 (/opt/ros/foxy/share/rosidl_adapter/cmake)
-- Using all available rosidl_typesupport_cpp: rosidl_typesupport_fastrtps_cpp;rosidl_typesupport_introspection_cpp
-- Found rmw_implementation_cmake: 1.0.4 (/opt/ros/foxy/share/rmw_implementation_cmake/cmake)
-- Using RMW implementation 'rmw_fastrtps_cpp' as default
-- Found ament_lint_auto: 0.9.8 (/opt/ros/foxy/share/ament_lint_auto/cmake)
-- Added test 'copyright' to check source files copyright and LICENSE
-- Added test 'cppcheck' to perform static code analysis on C / C++ code
-- Configured cppcheck include dirs: $<BUILD_INTERFACE:/home/ubuntu/ros2_ws/src/beacon_positioning/include>
-- Configured cppcheck exclude dirs and/or files: 
-- Added test 'cpplint' to check C / C++ code against the Google style
-- Configured cpplint exclude dirs and/or files: 
-- Added test 'lint_cmake' to check CMake code style
-- Added test 'uncrustify' to check C / C++ code style
-- Configured uncrustify additional arguments: 
-- Added test 'xmllint' to check XML markup files
-- Configuring done
-- Generating done
-- Build files have been written to: /home/ubuntu/ros2_ws/build/beacon_positioning
[35m[1mScanning dependencies of target tracker_position[0m
[ 50%] [32mBuilding CXX object CMakeFiles/tracker_position.dir/src/tracker_position.cpp.o[0m
[01m[K/home/ubuntu/ros2_ws/src/beacon_positioning/src/tracker_position.cpp:[m[K In constructor ‘[01m[KBeaconPositioningPublisher::BeaconPositioningPublisher()[m[K’:
[01m[K/home/ubuntu/ros2_ws/src/beacon_positioning/src/tracker_position.cpp:18:69:[m[K [01;31m[Kerror: [m[Kuse of deleted function ‘[01m[Kterabee::RtlsDevice::RtlsDevice()[m[K’
   18 |   BeaconPositioningPublisher() : Node("beacon_positioning_publisher"[01;31m[K)[m[K
      |                                                                     [01;31m[K^[m[K
In file included from [01m[K/home/ubuntu/ros2_ws/src/beacon_positioning/src/tracker_position.cpp:7[m[K:
[01m[K/usr/local/include/rtls_driver/rtls_driver.hpp:113:3:[m[K [01;36m[Knote: [m[Kdeclared here
  113 |   [01;36m[KRtlsDevice[m[K() = delete;
      |   [01;36m[K^~~~~~~~~~[m[K
[01m[K/home/ubuntu/ros2_ws/src/beacon_positioning/src/tracker_position.cpp:40:50:[m[K [01;31m[Kerror: [m[Kuse of deleted function ‘[01m[Kterabee::RtlsDevice& terabee::RtlsDevice::operator=(const terabee::RtlsDevice&)[m[K’
   40 |     rtls_device = terabee::RtlsDevice(serial_port[01;31m[K)[m[K;
      |                                                  [01;31m[K^[m[K
In file included from [01m[K/home/ubuntu/ros2_ws/src/beacon_positioning/src/tracker_position.cpp:7[m[K:
[01m[K/usr/local/include/rtls_driver/rtls_driver.hpp:13:7:[m[K [01;36m[Knote: [m[K‘[01m[Kterabee::RtlsDevice& terabee::RtlsDevice::operator=(const terabee::RtlsDevice&)[m[K’ is implicitly declared as deleted because ‘[01m[Kterabee::RtlsDevice[m[K’ declares a move constructor or move assignment operator
   13 | class [01;36m[KRtlsDevice[m[K
      |       [01;36m[K^~~~~~~~~~[m[K
make[2]: *** [CMakeFiles/tracker_position.dir/build.make:63: CMakeFiles/tracker_position.dir/src/tracker_position.cpp.o] Error 1
make[1]: *** [CMakeFiles/Makefile2:78: CMakeFiles/tracker_position.dir/all] Error 2
make: *** [Makefile:141: all] Error 2
