[0.113s] Invoking command in '/home/ubuntu/ros2_ws/build/beacon_positioning': CMAKE_PREFIX_PATH=${CMAKE_PREFIX_PATH}:/opt/ros/foxy /usr/bin/cmake /home/ubuntu/ros2_ws/src/beacon_positioning -DCMAKE_INSTALL_PREFIX=/home/ubuntu/ros2_ws/install/beacon_positioning
[0.173s] -- Found ament_cmake: 0.9.11 (/opt/ros/foxy/share/ament_cmake/cmake)
[0.266s] -- Using PYTHON_EXECUTABLE: /usr/bin/python3
[0.905s] -- Override CMake install command with custom implementation using symlinks instead of copying resources
[0.933s] -- Found rclcpp: 2.4.2 (/opt/ros/foxy/share/rclcpp/cmake)
[1.062s] -- Using all available rosidl_typesupport_c: rosidl_typesupport_fastrtps_c;rosidl_typesupport_introspection_c
[1.074s] -- Found rosidl_adapter: 1.3.0 (/opt/ros/foxy/share/rosidl_adapter/cmake)
[1.556s] -- Using all available rosidl_typesupport_cpp: rosidl_typesupport_fastrtps_cpp;rosidl_typesupport_introspection_cpp
[1.727s] -- Found rmw_implementation_cmake: 1.0.4 (/opt/ros/foxy/share/rmw_implementation_cmake/cmake)
[1.732s] -- Using RMW implementation 'rmw_fastrtps_cpp' as default
[2.240s] -- Found ament_lint_auto: 0.9.8 (/opt/ros/foxy/share/ament_lint_auto/cmake)
[2.561s] -- Added test 'copyright' to check source files copyright and LICENSE
[2.566s] -- Added test 'cppcheck' to perform static code analysis on C / C++ code
[2.566s] -- Configured cppcheck include dirs: $<BUILD_INTERFACE:/home/ubuntu/ros2_ws/src/beacon_positioning/include>
[2.567s] -- Configured cppcheck exclude dirs and/or files: 
[2.571s] -- Added test 'cpplint' to check C / C++ code against the Google style
[2.571s] -- Configured cpplint exclude dirs and/or files: 
[2.574s] -- Added test 'lint_cmake' to check CMake code style
[2.579s] -- Added test 'uncrustify' to check C / C++ code style
[2.580s] -- Configured uncrustify additional arguments: 
[2.581s] -- Added test 'xmllint' to check XML markup files
[2.599s] -- Configuring done
[2.629s] -- Generating done
[2.635s] -- Build files have been written to: /home/ubuntu/ros2_ws/build/beacon_positioning
[2.656s] Invoked command in '/home/ubuntu/ros2_ws/build/beacon_positioning' returned '0': CMAKE_PREFIX_PATH=${CMAKE_PREFIX_PATH}:/opt/ros/foxy /usr/bin/cmake /home/ubuntu/ros2_ws/src/beacon_positioning -DCMAKE_INSTALL_PREFIX=/home/ubuntu/ros2_ws/install/beacon_positioning
[2.665s] Invoking command in '/home/ubuntu/ros2_ws/build/beacon_positioning': CMAKE_PREFIX_PATH=${CMAKE_PREFIX_PATH}:/opt/ros/foxy /usr/bin/cmake --build /home/ubuntu/ros2_ws/build/beacon_positioning -- -j4 -l4
[2.835s] [35m[1mScanning dependencies of target tracker_position[0m
[2.958s] [ 50%] [32mBuilding CXX object CMakeFiles/tracker_position.dir/src/tracker_position.cpp.o[0m
[9.393s] [01m[K/home/ubuntu/ros2_ws/src/beacon_positioning/src/tracker_position.cpp:[m[K In constructor ‘[01m[KBeaconPositioningPublisher::BeaconPositioningPublisher()[m[K’:
[9.393s] [01m[K/home/ubuntu/ros2_ws/src/beacon_positioning/src/tracker_position.cpp:18:69:[m[K [01;31m[Kerror: [m[Kuse of deleted function ‘[01m[Kterabee::RtlsDevice::RtlsDevice()[m[K’
[9.394s]    18 |   BeaconPositioningPublisher() : Node("beacon_positioning_publisher"[01;31m[K)[m[K
[9.394s]       |                                                                     [01;31m[K^[m[K
[9.394s] In file included from [01m[K/home/ubuntu/ros2_ws/src/beacon_positioning/src/tracker_position.cpp:7[m[K:
[9.395s] [01m[K/usr/local/include/rtls_driver/rtls_driver.hpp:113:3:[m[K [01;36m[Knote: [m[Kdeclared here
[9.395s]   113 |   [01;36m[KRtlsDevice[m[K() = delete;
[9.395s]       |   [01;36m[K^~~~~~~~~~[m[K
[9.438s] [01m[K/home/ubuntu/ros2_ws/src/beacon_positioning/src/tracker_position.cpp:40:50:[m[K [01;31m[Kerror: [m[Kuse of deleted function ‘[01m[Kterabee::RtlsDevice& terabee::RtlsDevice::operator=(const terabee::RtlsDevice&)[m[K’
[9.438s]    40 |     rtls_device = terabee::RtlsDevice(serial_port[01;31m[K)[m[K;
[9.438s]       |                                                  [01;31m[K^[m[K
[9.439s] In file included from [01m[K/home/ubuntu/ros2_ws/src/beacon_positioning/src/tracker_position.cpp:7[m[K:
[9.439s] [01m[K/usr/local/include/rtls_driver/rtls_driver.hpp:13:7:[m[K [01;36m[Knote: [m[K‘[01m[Kterabee::RtlsDevice& terabee::RtlsDevice::operator=(const terabee::RtlsDevice&)[m[K’ is implicitly declared as deleted because ‘[01m[Kterabee::RtlsDevice[m[K’ declares a move constructor or move assignment operator
[9.440s]    13 | class [01;36m[KRtlsDevice[m[K
[9.440s]       |       [01;36m[K^~~~~~~~~~[m[K
[12.710s] make[2]: *** [CMakeFiles/tracker_position.dir/build.make:63: CMakeFiles/tracker_position.dir/src/tracker_position.cpp.o] Error 1
[12.710s] make[1]: *** [CMakeFiles/Makefile2:78: CMakeFiles/tracker_position.dir/all] Error 2
[12.711s] make: *** [Makefile:141: all] Error 2
[12.717s] Invoked command in '/home/ubuntu/ros2_ws/build/beacon_positioning' returned '2': CMAKE_PREFIX_PATH=${CMAKE_PREFIX_PATH}:/opt/ros/foxy /usr/bin/cmake --build /home/ubuntu/ros2_ws/build/beacon_positioning -- -j4 -l4
