[35m[1mConsolidate compiler generated dependencies of target height_sensor[0m
[100%] Built target height_sensor
-- Install configuration: "RELWITHDEBINFO"
-- Execute custom install script
-- Up-to-date symlink: /home/ubuntu/ros2_ws/install/drone_sensors/lib/drone_sensors/height_sensor
-- Up-to-date symlink: /home/ubuntu/ros2_ws/install/drone_sensors/share/ament_index/resource_index/package_run_dependencies/drone_sensors
-- Up-to-date symlink: /home/ubuntu/ros2_ws/install/drone_sensors/share/ament_index/resource_index/parent_prefix_path/drone_sensors
-- Up-to-date symlink: /home/ubuntu/ros2_ws/install/drone_sensors/share/drone_sensors/environment/ament_prefix_path.sh
-- Up-to-date symlink: /home/ubuntu/ros2_ws/install/drone_sensors/share/drone_sensors/environment/ament_prefix_path.dsv
-- Up-to-date symlink: /home/ubuntu/ros2_ws/install/drone_sensors/share/drone_sensors/environment/path.sh
-- Up-to-date symlink: /home/ubuntu/ros2_ws/install/drone_sensors/share/drone_sensors/environment/path.dsv
-- Up-to-date symlink: /home/ubuntu/ros2_ws/install/drone_sensors/share/drone_sensors/local_setup.bash
-- Up-to-date symlink: /home/ubuntu/ros2_ws/install/drone_sensors/share/drone_sensors/local_setup.sh
-- Up-to-date symlink: /home/ubuntu/ros2_ws/install/drone_sensors/share/drone_sensors/local_setup.zsh
-- Up-to-date symlink: /home/ubuntu/ros2_ws/install/drone_sensors/share/drone_sensors/local_setup.dsv
-- Symlinking: /home/ubuntu/ros2_ws/install/drone_sensors/share/drone_sensors/package.dsv
-- Up-to-date symlink: /home/ubuntu/ros2_ws/install/drone_sensors/share/ament_index/resource_index/packages/drone_sensors
-- Up-to-date symlink: /home/ubuntu/ros2_ws/install/drone_sensors/share/drone_sensors/cmake/drone_sensorsConfig.cmake
-- Up-to-date symlink: /home/ubuntu/ros2_ws/install/drone_sensors/share/drone_sensors/cmake/drone_sensorsConfig-version.cmake
-- Up-to-date symlink: /home/ubuntu/ros2_ws/install/drone_sensors/share/drone_sensors/package.xml
