[2.348s] DEBUG:colcon:Command line arguments: ['/usr/bin/colcon', 'build', '--cmake-args', '-DCMAKE_BUILD_TYPE=RELWITHDEBINFO', '--symlink-install', '--event-handlers', 'console_direct+']
[2.349s] DEBUG:colcon:Parsed command line arguments: Namespace(log_base=None, log_level=None, verb_name='build', build_base='build', install_base='install', merge_install=False, symlink_install=True, test_result_base=None, continue_on_error=False, executor='parallel', parallel_workers=4, event_handlers=['console_direct+'], ignore_user_meta=False, metas=['./colcon.meta'], base_paths=['.'], packages_ignore=None, packages_ignore_regex=None, paths=None, packages_up_to=None, packages_up_to_regex=None, packages_above=None, packages_above_and_dependencies=None, packages_above_depth=None, packages_select_by_dep=None, packages_skip_by_dep=None, packages_skip_up_to=None, packages_select_build_failed=False, packages_skip_build_finished=False, packages_select_test_failures=False, packages_skip_test_passed=False, packages_select=None, packages_skip=None, packages_select_regex=None, packages_skip_regex=None, packages_start=None, packages_end=None, allow_overriding=[], cmake_args=['-DCMAKE_BUILD_TYPE=RELWITHDEBINFO'], cmake_target=None, cmake_target_skip_unavailable=False, cmake_clean_cache=False, cmake_clean_first=False, cmake_force_configure=False, ament_cmake_args=None, catkin_cmake_args=None, catkin_skip_building_tests=False, verb_parser=<colcon_defaults.argument_parser.defaults.DefaultArgumentsDecorator object at 0xffff95c23b80>, verb_extension=<colcon_core.verb.build.BuildVerb object at 0xffff96698040>, main=<bound method BuildVerb.main of <colcon_core.verb.build.BuildVerb object at 0xffff96698040>>)
[2.588s] Level 1:colcon.colcon_core.package_discovery:discover_packages(colcon_meta) check parameters
[2.589s] Level 1:colcon.colcon_core.package_discovery:discover_packages(recursive) check parameters
[2.589s] Level 1:colcon.colcon_core.package_discovery:discover_packages(ignore) check parameters
[2.589s] Level 1:colcon.colcon_core.package_discovery:discover_packages(path) check parameters
[2.589s] Level 1:colcon.colcon_core.package_discovery:discover_packages(colcon_meta) discover
[2.590s] Level 1:colcon.colcon_core.package_discovery:discover_packages(recursive) discover
[2.590s] INFO:colcon.colcon_core.package_discovery:Crawling recursively for packages in '/home/ubuntu/ros2_ws'
[2.590s] Level 1:colcon.colcon_core.package_identification:_identify(.) by extensions ['ignore', 'ignore_ament_install']
[2.591s] Level 1:colcon.colcon_core.package_identification:_identify(.) by extension 'ignore'
[2.591s] Level 1:colcon.colcon_core.package_identification:_identify(.) by extension 'ignore_ament_install'
[2.591s] Level 1:colcon.colcon_core.package_identification:_identify(.) by extensions ['colcon_pkg']
[2.591s] Level 1:colcon.colcon_core.package_identification:_identify(.) by extension 'colcon_pkg'
[2.591s] Level 1:colcon.colcon_core.package_identification:_identify(.) by extensions ['colcon_meta']
[2.591s] Level 1:colcon.colcon_core.package_identification:_identify(.) by extension 'colcon_meta'
[2.592s] Level 1:colcon.colcon_core.package_identification:_identify(.) by extensions ['ros']
[2.592s] Level 1:colcon.colcon_core.package_identification:_identify(.) by extension 'ros'
[2.686s] Level 1:colcon.colcon_core.package_identification:_identify(.) by extensions ['cmake', 'python']
[2.686s] Level 1:colcon.colcon_core.package_identification:_identify(.) by extension 'cmake'
[2.686s] Level 1:colcon.colcon_core.package_identification:_identify(.) by extension 'python'
[2.686s] Level 1:colcon.colcon_core.package_identification:_identify(.) by extensions ['python_setup_py']
[2.686s] Level 1:colcon.colcon_core.package_identification:_identify(.) by extension 'python_setup_py'
[2.687s] Level 1:colcon.colcon_core.package_identification:_identify(build) by extensions ['ignore', 'ignore_ament_install']
[2.687s] Level 1:colcon.colcon_core.package_identification:_identify(build) by extension 'ignore'
[2.687s] Level 1:colcon.colcon_core.package_identification:_identify(build) ignored
[2.688s] Level 1:colcon.colcon_core.package_identification:_identify(install) by extensions ['ignore', 'ignore_ament_install']
[2.688s] Level 1:colcon.colcon_core.package_identification:_identify(install) by extension 'ignore'
[2.688s] Level 1:colcon.colcon_core.package_identification:_identify(install) ignored
[2.689s] Level 1:colcon.colcon_core.package_identification:_identify(log) by extensions ['ignore', 'ignore_ament_install']
[2.689s] Level 1:colcon.colcon_core.package_identification:_identify(log) by extension 'ignore'
[2.689s] Level 1:colcon.colcon_core.package_identification:_identify(log) ignored
[2.690s] Level 1:colcon.colcon_core.package_identification:_identify(src) by extensions ['ignore', 'ignore_ament_install']
[2.690s] Level 1:colcon.colcon_core.package_identification:_identify(src) by extension 'ignore'
[2.690s] Level 1:colcon.colcon_core.package_identification:_identify(src) by extension 'ignore_ament_install'
[2.691s] Level 1:colcon.colcon_core.package_identification:_identify(src) by extensions ['colcon_pkg']
[2.691s] Level 1:colcon.colcon_core.package_identification:_identify(src) by extension 'colcon_pkg'
[2.691s] Level 1:colcon.colcon_core.package_identification:_identify(src) by extensions ['colcon_meta']
[2.691s] Level 1:colcon.colcon_core.package_identification:_identify(src) by extension 'colcon_meta'
[2.691s] Level 1:colcon.colcon_core.package_identification:_identify(src) by extensions ['ros']
[2.691s] Level 1:colcon.colcon_core.package_identification:_identify(src) by extension 'ros'
[2.692s] Level 1:colcon.colcon_core.package_identification:_identify(src) by extensions ['cmake', 'python']
[2.692s] Level 1:colcon.colcon_core.package_identification:_identify(src) by extension 'cmake'
[2.692s] Level 1:colcon.colcon_core.package_identification:_identify(src) by extension 'python'
[2.692s] Level 1:colcon.colcon_core.package_identification:_identify(src) by extensions ['python_setup_py']
[2.692s] Level 1:colcon.colcon_core.package_identification:_identify(src) by extension 'python_setup_py'
[2.692s] Level 1:colcon.colcon_core.package_identification:_identify(src/drone_sensors) by extensions ['ignore', 'ignore_ament_install']
[2.693s] Level 1:colcon.colcon_core.package_identification:_identify(src/drone_sensors) by extension 'ignore'
[2.693s] Level 1:colcon.colcon_core.package_identification:_identify(src/drone_sensors) by extension 'ignore_ament_install'
[2.693s] Level 1:colcon.colcon_core.package_identification:_identify(src/drone_sensors) by extensions ['colcon_pkg']
[2.693s] Level 1:colcon.colcon_core.package_identification:_identify(src/drone_sensors) by extension 'colcon_pkg'
[2.694s] Level 1:colcon.colcon_core.package_identification:_identify(src/drone_sensors) by extensions ['colcon_meta']
[2.694s] Level 1:colcon.colcon_core.package_identification:_identify(src/drone_sensors) by extension 'colcon_meta'
[2.694s] Level 1:colcon.colcon_core.package_identification:_identify(src/drone_sensors) by extensions ['ros']
[2.694s] Level 1:colcon.colcon_core.package_identification:_identify(src/drone_sensors) by extension 'ros'
[2.711s] DEBUG:colcon.colcon_core.package_identification:Package 'src/drone_sensors' with type 'ros.ament_cmake' and name 'drone_sensors'
[2.712s] Level 1:colcon.colcon_core.package_identification:_identify(src/px4_msgs) by extensions ['ignore', 'ignore_ament_install']
[2.713s] Level 1:colcon.colcon_core.package_identification:_identify(src/px4_msgs) by extension 'ignore'
[2.713s] Level 1:colcon.colcon_core.package_identification:_identify(src/px4_msgs) by extension 'ignore_ament_install'
[2.713s] Level 1:colcon.colcon_core.package_identification:_identify(src/px4_msgs) by extensions ['colcon_pkg']
[2.713s] Level 1:colcon.colcon_core.package_identification:_identify(src/px4_msgs) by extension 'colcon_pkg'
[2.714s] Level 1:colcon.colcon_core.package_identification:_identify(src/px4_msgs) by extensions ['colcon_meta']
[2.714s] Level 1:colcon.colcon_core.package_identification:_identify(src/px4_msgs) by extension 'colcon_meta'
[2.714s] Level 1:colcon.colcon_core.package_identification:_identify(src/px4_msgs) by extensions ['ros']
[2.714s] Level 1:colcon.colcon_core.package_identification:_identify(src/px4_msgs) by extension 'ros'
[2.718s] DEBUG:colcon.colcon_core.package_identification:Package 'src/px4_msgs' with type 'ros.ament_cmake' and name 'px4_msgs'
[2.719s] Level 1:colcon.colcon_core.package_identification:_identify(src/px4_ros_com) by extensions ['ignore', 'ignore_ament_install']
[2.719s] Level 1:colcon.colcon_core.package_identification:_identify(src/px4_ros_com) by extension 'ignore'
[2.719s] Level 1:colcon.colcon_core.package_identification:_identify(src/px4_ros_com) by extension 'ignore_ament_install'
[2.720s] Level 1:colcon.colcon_core.package_identification:_identify(src/px4_ros_com) by extensions ['colcon_pkg']
[2.720s] Level 1:colcon.colcon_core.package_identification:_identify(src/px4_ros_com) by extension 'colcon_pkg'
[2.720s] Level 1:colcon.colcon_core.package_identification:_identify(src/px4_ros_com) by extensions ['colcon_meta']
[2.720s] Level 1:colcon.colcon_core.package_identification:_identify(src/px4_ros_com) by extension 'colcon_meta'
[2.720s] Level 1:colcon.colcon_core.package_identification:_identify(src/px4_ros_com) by extensions ['ros']
[2.720s] Level 1:colcon.colcon_core.package_identification:_identify(src/px4_ros_com) by extension 'ros'
[2.725s] DEBUG:colcon.colcon_core.package_identification:Package 'src/px4_ros_com' with type 'ros.ament_cmake' and name 'px4_ros_com'
[2.726s] Level 1:colcon.colcon_core.package_discovery:discover_packages(recursive) using defaults
[2.726s] Level 1:colcon.colcon_core.package_discovery:discover_packages(ignore) discover
[2.726s] Level 1:colcon.colcon_core.package_discovery:discover_packages(ignore) using defaults
[2.726s] Level 1:colcon.colcon_core.package_discovery:discover_packages(path) discover
[2.726s] Level 1:colcon.colcon_core.package_discovery:discover_packages(path) using defaults
[2.881s] Level 1:colcon.colcon_core.package_discovery:discover_packages(prefix_path) check parameters
[2.881s] Level 1:colcon.colcon_core.package_discovery:discover_packages(prefix_path) discover
[2.902s] DEBUG:colcon.colcon_installed_package_information.package_discovery:Found 3 installed packages in /home/ubuntu/ros2_ws/install
[2.911s] DEBUG:colcon.colcon_installed_package_information.package_discovery:Found 180 installed packages in /opt/ros/humble
[2.915s] Level 1:colcon.colcon_core.package_discovery:discover_packages(prefix_path) using defaults
[3.108s] Level 5:colcon.colcon_core.verb:set package 'drone_sensors' build argument 'cmake_args' from command line to '['-DCMAKE_BUILD_TYPE=RELWITHDEBINFO']'
[3.108s] Level 5:colcon.colcon_core.verb:set package 'drone_sensors' build argument 'cmake_target' from command line to 'None'
[3.108s] Level 5:colcon.colcon_core.verb:set package 'drone_sensors' build argument 'cmake_target_skip_unavailable' from command line to 'False'
[3.108s] Level 5:colcon.colcon_core.verb:set package 'drone_sensors' build argument 'cmake_clean_cache' from command line to 'False'
[3.108s] Level 5:colcon.colcon_core.verb:set package 'drone_sensors' build argument 'cmake_clean_first' from command line to 'False'
[3.108s] Level 5:colcon.colcon_core.verb:set package 'drone_sensors' build argument 'cmake_force_configure' from command line to 'False'
[3.108s] Level 5:colcon.colcon_core.verb:set package 'drone_sensors' build argument 'ament_cmake_args' from command line to 'None'
[3.108s] Level 5:colcon.colcon_core.verb:set package 'drone_sensors' build argument 'catkin_cmake_args' from command line to 'None'
[3.109s] Level 5:colcon.colcon_core.verb:set package 'drone_sensors' build argument 'catkin_skip_building_tests' from command line to 'False'
[3.109s] DEBUG:colcon.colcon_core.verb:Building package 'drone_sensors' with the following arguments: {'ament_cmake_args': None, 'build_base': '/home/ubuntu/ros2_ws/build/drone_sensors', 'catkin_cmake_args': None, 'catkin_skip_building_tests': False, 'cmake_args': ['-DCMAKE_BUILD_TYPE=RELWITHDEBINFO'], 'cmake_clean_cache': False, 'cmake_clean_first': False, 'cmake_force_configure': False, 'cmake_target': None, 'cmake_target_skip_unavailable': False, 'install_base': '/home/ubuntu/ros2_ws/install/drone_sensors', 'merge_install': False, 'path': '/home/ubuntu/ros2_ws/src/drone_sensors', 'symlink_install': True, 'test_result_base': None}
[3.113s] Level 5:colcon.colcon_core.verb:set package 'px4_msgs' build argument 'cmake_args' from command line to '['-DCMAKE_BUILD_TYPE=RELWITHDEBINFO']'
[3.113s] Level 5:colcon.colcon_core.verb:set package 'px4_msgs' build argument 'cmake_target' from command line to 'None'
[3.113s] Level 5:colcon.colcon_core.verb:set package 'px4_msgs' build argument 'cmake_target_skip_unavailable' from command line to 'False'
[3.113s] Level 5:colcon.colcon_core.verb:set package 'px4_msgs' build argument 'cmake_clean_cache' from command line to 'False'
[3.113s] Level 5:colcon.colcon_core.verb:set package 'px4_msgs' build argument 'cmake_clean_first' from command line to 'False'
[3.113s] Level 5:colcon.colcon_core.verb:set package 'px4_msgs' build argument 'cmake_force_configure' from command line to 'False'
[3.113s] Level 5:colcon.colcon_core.verb:set package 'px4_msgs' build argument 'ament_cmake_args' from command line to 'None'
[3.114s] Level 5:colcon.colcon_core.verb:set package 'px4_msgs' build argument 'catkin_cmake_args' from command line to 'None'
[3.114s] Level 5:colcon.colcon_core.verb:set package 'px4_msgs' build argument 'catkin_skip_building_tests' from command line to 'False'
[3.114s] DEBUG:colcon.colcon_core.verb:Building package 'px4_msgs' with the following arguments: {'ament_cmake_args': None, 'build_base': '/home/ubuntu/ros2_ws/build/px4_msgs', 'catkin_cmake_args': None, 'catkin_skip_building_tests': False, 'cmake_args': ['-DCMAKE_BUILD_TYPE=RELWITHDEBINFO'], 'cmake_clean_cache': False, 'cmake_clean_first': False, 'cmake_force_configure': False, 'cmake_target': None, 'cmake_target_skip_unavailable': False, 'install_base': '/home/ubuntu/ros2_ws/install/px4_msgs', 'merge_install': False, 'path': '/home/ubuntu/ros2_ws/src/px4_msgs', 'symlink_install': True, 'test_result_base': None}
[3.118s] Level 5:colcon.colcon_core.verb:set package 'px4_ros_com' build argument 'cmake_args' from command line to '['-DCMAKE_BUILD_TYPE=RELWITHDEBINFO']'
[3.118s] Level 5:colcon.colcon_core.verb:set package 'px4_ros_com' build argument 'cmake_target' from command line to 'None'
[3.118s] Level 5:colcon.colcon_core.verb:set package 'px4_ros_com' build argument 'cmake_target_skip_unavailable' from command line to 'False'
[3.118s] Level 5:colcon.colcon_core.verb:set package 'px4_ros_com' build argument 'cmake_clean_cache' from command line to 'False'
[3.118s] Level 5:colcon.colcon_core.verb:set package 'px4_ros_com' build argument 'cmake_clean_first' from command line to 'False'
[3.118s] Level 5:colcon.colcon_core.verb:set package 'px4_ros_com' build argument 'cmake_force_configure' from command line to 'False'
[3.118s] Level 5:colcon.colcon_core.verb:set package 'px4_ros_com' build argument 'ament_cmake_args' from command line to 'None'
[3.118s] Level 5:colcon.colcon_core.verb:set package 'px4_ros_com' build argument 'catkin_cmake_args' from command line to 'None'
[3.118s] Level 5:colcon.colcon_core.verb:set package 'px4_ros_com' build argument 'catkin_skip_building_tests' from command line to 'False'
[3.119s] DEBUG:colcon.colcon_core.verb:Building package 'px4_ros_com' with the following arguments: {'ament_cmake_args': None, 'build_base': '/home/ubuntu/ros2_ws/build/px4_ros_com', 'catkin_cmake_args': None, 'catkin_skip_building_tests': False, 'cmake_args': ['-DCMAKE_BUILD_TYPE=RELWITHDEBINFO'], 'cmake_clean_cache': False, 'cmake_clean_first': False, 'cmake_force_configure': False, 'cmake_target': None, 'cmake_target_skip_unavailable': False, 'install_base': '/home/ubuntu/ros2_ws/install/px4_ros_com', 'merge_install': False, 'path': '/home/ubuntu/ros2_ws/src/px4_ros_com', 'symlink_install': True, 'test_result_base': None}
[3.121s] INFO:colcon.colcon_core.executor:Executing jobs using 'parallel' executor
[3.133s] DEBUG:colcon.colcon_parallel_executor.executor.parallel:run_until_complete
[3.134s] INFO:colcon.colcon_ros.task.ament_cmake.build:Building ROS package in '/home/ubuntu/ros2_ws/src/px4_msgs' with build type 'ament_cmake'
[3.134s] INFO:colcon.colcon_cmake.task.cmake.build:Building CMake package in '/home/ubuntu/ros2_ws/src/px4_msgs'
[3.172s] INFO:colcon.colcon_core.plugin_system:Skipping extension 'colcon_core.shell.bat': Not used on non-Windows systems
[3.173s] INFO:colcon.colcon_core.shell:Skip shell extension 'powershell' for command environment: Not usable outside of PowerShell
[3.174s] DEBUG:colcon.colcon_core.shell:Skip shell extension 'dsv' for command environment
[3.200s] INFO:colcon.colcon_ros.task.ament_cmake.build:Building ROS package in '/home/ubuntu/ros2_ws/src/drone_sensors' with build type 'ament_cmake'
[3.201s] INFO:colcon.colcon_cmake.task.cmake.build:Building CMake package in '/home/ubuntu/ros2_ws/src/drone_sensors'
[3.209s] INFO:colcon.colcon_core.shell:Skip shell extension 'powershell' for command environment: Not usable outside of PowerShell
[3.210s] DEBUG:colcon.colcon_core.shell:Skip shell extension 'dsv' for command environment
[3.248s] DEBUG:colcon.colcon_core.event_handler.log_command:Invoking command in '/home/ubuntu/ros2_ws/build/px4_msgs': CMAKE_PREFIX_PATH=${CMAKE_PREFIX_PATH}:/opt/ros/humble /usr/bin/cmake --build /home/ubuntu/ros2_ws/build/px4_msgs -- -j4 -l4
[3.291s] DEBUG:colcon.colcon_core.event_handler.log_command:Invoking command in '/home/ubuntu/ros2_ws/build/drone_sensors': CMAKE_PREFIX_PATH=${CMAKE_PREFIX_PATH}:/opt/ros/humble /usr/bin/cmake --build /home/ubuntu/ros2_ws/build/drone_sensors -- -j4 -l4
[4.130s] DEBUG:colcon.colcon_core.event_handler.log_command:Invoked command in '/home/ubuntu/ros2_ws/build/drone_sensors' returned '0': CMAKE_PREFIX_PATH=${CMAKE_PREFIX_PATH}:/opt/ros/humble /usr/bin/cmake --build /home/ubuntu/ros2_ws/build/drone_sensors -- -j4 -l4
[4.315s] DEBUG:colcon.colcon_core.event_handler.log_command:Invoking command in '/home/ubuntu/ros2_ws/build/drone_sensors': CMAKE_PREFIX_PATH=${CMAKE_PREFIX_PATH}:/opt/ros/humble /usr/bin/cmake --install /home/ubuntu/ros2_ws/build/drone_sensors
[4.449s] Level 1:colcon.colcon_core.environment:create_environment_scripts_only(drone_sensors)
[4.454s] DEBUG:colcon.colcon_core.event_handler.log_command:Invoked command in '/home/ubuntu/ros2_ws/build/drone_sensors' returned '0': CMAKE_PREFIX_PATH=${CMAKE_PREFIX_PATH}:/opt/ros/humble /usr/bin/cmake --install /home/ubuntu/ros2_ws/build/drone_sensors
[4.507s] Level 1:colcon.colcon_core.environment:checking '/home/ubuntu/ros2_ws/install/drone_sensors' for CMake module files
[4.511s] Level 1:colcon.colcon_core.environment:checking '/home/ubuntu/ros2_ws/install/drone_sensors' for CMake config files
[4.515s] Level 1:colcon.colcon_core.shell:create_environment_hook('drone_sensors', 'cmake_prefix_path')
[4.522s] INFO:colcon.colcon_core.shell:Creating environment hook '/home/ubuntu/ros2_ws/install/drone_sensors/share/drone_sensors/hook/cmake_prefix_path.ps1'
[4.531s] INFO:colcon.colcon_core.shell:Creating environment descriptor '/home/ubuntu/ros2_ws/install/drone_sensors/share/drone_sensors/hook/cmake_prefix_path.dsv'
[4.536s] INFO:colcon.colcon_core.shell:Creating environment hook '/home/ubuntu/ros2_ws/install/drone_sensors/share/drone_sensors/hook/cmake_prefix_path.sh'
[4.542s] Level 1:colcon.colcon_core.environment:checking '/home/ubuntu/ros2_ws/install/drone_sensors/lib'
[4.544s] Level 1:colcon.colcon_core.environment:checking '/home/ubuntu/ros2_ws/install/drone_sensors/bin'
[4.544s] Level 1:colcon.colcon_core.environment:checking '/home/ubuntu/ros2_ws/install/drone_sensors/lib/pkgconfig/drone_sensors.pc'
[4.546s] Level 1:colcon.colcon_core.environment:checking '/home/ubuntu/ros2_ws/install/drone_sensors/lib/python3.10/site-packages'
[4.548s] Level 1:colcon.colcon_core.environment:checking '/home/ubuntu/ros2_ws/install/drone_sensors/bin'
[4.556s] INFO:colcon.colcon_core.shell:Creating package script '/home/ubuntu/ros2_ws/install/drone_sensors/share/drone_sensors/package.ps1'
[4.564s] INFO:colcon.colcon_core.shell:Creating package descriptor '/home/ubuntu/ros2_ws/install/drone_sensors/share/drone_sensors/package.dsv'
[4.569s] INFO:colcon.colcon_core.shell:Creating package script '/home/ubuntu/ros2_ws/install/drone_sensors/share/drone_sensors/package.sh'
[4.574s] INFO:colcon.colcon_core.shell:Creating package script '/home/ubuntu/ros2_ws/install/drone_sensors/share/drone_sensors/package.bash'
[4.581s] INFO:colcon.colcon_core.shell:Creating package script '/home/ubuntu/ros2_ws/install/drone_sensors/share/drone_sensors/package.zsh'
[4.587s] Level 1:colcon.colcon_core.environment:create_file_with_runtime_dependencies(/home/ubuntu/ros2_ws/install/drone_sensors/share/colcon-core/packages/drone_sensors)
[4.731s] Level 1:colcon.colcon_core.environment:create_environment_scripts_only(drone_sensors)
[4.742s] Level 1:colcon.colcon_core.environment:checking '/home/ubuntu/ros2_ws/install/drone_sensors' for CMake module files
[4.746s] Level 1:colcon.colcon_core.environment:checking '/home/ubuntu/ros2_ws/install/drone_sensors' for CMake config files
[4.750s] Level 1:colcon.colcon_core.shell:create_environment_hook('drone_sensors', 'cmake_prefix_path')
[4.759s] INFO:colcon.colcon_core.shell:Creating environment hook '/home/ubuntu/ros2_ws/install/drone_sensors/share/drone_sensors/hook/cmake_prefix_path.ps1'
[4.762s] INFO:colcon.colcon_core.shell:Creating environment descriptor '/home/ubuntu/ros2_ws/install/drone_sensors/share/drone_sensors/hook/cmake_prefix_path.dsv'
[4.765s] INFO:colcon.colcon_core.shell:Creating environment hook '/home/ubuntu/ros2_ws/install/drone_sensors/share/drone_sensors/hook/cmake_prefix_path.sh'
[4.769s] Level 1:colcon.colcon_core.environment:checking '/home/ubuntu/ros2_ws/install/drone_sensors/lib'
[4.770s] Level 1:colcon.colcon_core.environment:checking '/home/ubuntu/ros2_ws/install/drone_sensors/bin'
[4.770s] Level 1:colcon.colcon_core.environment:checking '/home/ubuntu/ros2_ws/install/drone_sensors/lib/pkgconfig/drone_sensors.pc'
[4.772s] Level 1:colcon.colcon_core.environment:checking '/home/ubuntu/ros2_ws/install/drone_sensors/lib/python3.10/site-packages'
[4.773s] Level 1:colcon.colcon_core.environment:checking '/home/ubuntu/ros2_ws/install/drone_sensors/bin'
[4.781s] INFO:colcon.colcon_core.shell:Creating package script '/home/ubuntu/ros2_ws/install/drone_sensors/share/drone_sensors/package.ps1'
[4.784s] INFO:colcon.colcon_core.shell:Creating package descriptor '/home/ubuntu/ros2_ws/install/drone_sensors/share/drone_sensors/package.dsv'
[4.788s] INFO:colcon.colcon_core.shell:Creating package script '/home/ubuntu/ros2_ws/install/drone_sensors/share/drone_sensors/package.sh'
[4.791s] INFO:colcon.colcon_core.shell:Creating package script '/home/ubuntu/ros2_ws/install/drone_sensors/share/drone_sensors/package.bash'
[4.795s] INFO:colcon.colcon_core.shell:Creating package script '/home/ubuntu/ros2_ws/install/drone_sensors/share/drone_sensors/package.zsh'
[4.798s] Level 1:colcon.colcon_core.environment:create_file_with_runtime_dependencies(/home/ubuntu/ros2_ws/install/drone_sensors/share/colcon-core/packages/drone_sensors)
[1344.593s] DEBUG:colcon.colcon_core.event_handler.log_command:Invoked command in '/home/ubuntu/ros2_ws/build/px4_msgs' returned '0': CMAKE_PREFIX_PATH=${CMAKE_PREFIX_PATH}:/opt/ros/humble /usr/bin/cmake --build /home/ubuntu/ros2_ws/build/px4_msgs -- -j4 -l4
[1370.421s] DEBUG:colcon.colcon_core.event_handler.log_command:Invoking command in '/home/ubuntu/ros2_ws/build/px4_msgs': CMAKE_PREFIX_PATH=${CMAKE_PREFIX_PATH}:/opt/ros/humble /usr/bin/cmake --install /home/ubuntu/ros2_ws/build/px4_msgs
[1391.494s] Level 1:colcon.colcon_core.environment:create_environment_scripts_only(px4_msgs)
[1391.502s] Level 1:colcon.colcon_core.environment:checking '/home/ubuntu/ros2_ws/install/px4_msgs' for CMake module files
[1391.503s] DEBUG:colcon.colcon_core.event_handler.log_command:Invoked command in '/home/ubuntu/ros2_ws/build/px4_msgs' returned '0': CMAKE_PREFIX_PATH=${CMAKE_PREFIX_PATH}:/opt/ros/humble /usr/bin/cmake --install /home/ubuntu/ros2_ws/build/px4_msgs
[1391.507s] Level 1:colcon.colcon_core.environment:checking '/home/ubuntu/ros2_ws/install/px4_msgs' for CMake config files
[1391.737s] Level 1:colcon.colcon_core.shell:create_environment_hook('px4_msgs', 'cmake_prefix_path')
[1391.744s] INFO:colcon.colcon_core.shell:Creating environment hook '/home/ubuntu/ros2_ws/install/px4_msgs/share/px4_msgs/hook/cmake_prefix_path.ps1'
[1391.746s] INFO:colcon.colcon_core.shell:Creating environment descriptor '/home/ubuntu/ros2_ws/install/px4_msgs/share/px4_msgs/hook/cmake_prefix_path.dsv'
[1391.748s] INFO:colcon.colcon_core.shell:Creating environment hook '/home/ubuntu/ros2_ws/install/px4_msgs/share/px4_msgs/hook/cmake_prefix_path.sh'
[1391.750s] Level 1:colcon.colcon_core.environment:checking '/home/ubuntu/ros2_ws/install/px4_msgs/lib'
[1391.751s] Level 1:colcon.colcon_core.shell:create_environment_hook('px4_msgs', 'ld_library_path_lib')
[1391.756s] INFO:colcon.colcon_core.shell:Creating environment hook '/home/ubuntu/ros2_ws/install/px4_msgs/share/px4_msgs/hook/ld_library_path_lib.ps1'
[1391.758s] INFO:colcon.colcon_core.shell:Creating environment descriptor '/home/ubuntu/ros2_ws/install/px4_msgs/share/px4_msgs/hook/ld_library_path_lib.dsv'
[1391.760s] INFO:colcon.colcon_core.shell:Creating environment hook '/home/ubuntu/ros2_ws/install/px4_msgs/share/px4_msgs/hook/ld_library_path_lib.sh'
[1391.761s] Level 1:colcon.colcon_core.environment:checking '/home/ubuntu/ros2_ws/install/px4_msgs/bin'
[1391.762s] Level 1:colcon.colcon_core.environment:checking '/home/ubuntu/ros2_ws/install/px4_msgs/lib/pkgconfig/px4_msgs.pc'
[1391.763s] Level 1:colcon.colcon_core.environment:checking '/home/ubuntu/ros2_ws/install/px4_msgs/lib/python3.10/site-packages'
[1391.764s] Level 1:colcon.colcon_core.environment:checking '/home/ubuntu/ros2_ws/install/px4_msgs/bin'
[1391.769s] INFO:colcon.colcon_core.shell:Creating package script '/home/ubuntu/ros2_ws/install/px4_msgs/share/px4_msgs/package.ps1'
[1391.771s] INFO:colcon.colcon_core.shell:Creating package descriptor '/home/ubuntu/ros2_ws/install/px4_msgs/share/px4_msgs/package.dsv'
[1391.773s] INFO:colcon.colcon_core.shell:Creating package script '/home/ubuntu/ros2_ws/install/px4_msgs/share/px4_msgs/package.sh'
[1391.775s] INFO:colcon.colcon_core.shell:Creating package script '/home/ubuntu/ros2_ws/install/px4_msgs/share/px4_msgs/package.bash'
[1391.776s] INFO:colcon.colcon_core.shell:Creating package script '/home/ubuntu/ros2_ws/install/px4_msgs/share/px4_msgs/package.zsh'
[1391.778s] Level 1:colcon.colcon_core.environment:create_file_with_runtime_dependencies(/home/ubuntu/ros2_ws/install/px4_msgs/share/colcon-core/packages/px4_msgs)
[1417.533s] Level 1:colcon.colcon_core.environment:create_environment_scripts_only(px4_msgs)
[1417.540s] Level 1:colcon.colcon_core.environment:checking '/home/ubuntu/ros2_ws/install/px4_msgs' for CMake module files
[1417.544s] Level 1:colcon.colcon_core.environment:checking '/home/ubuntu/ros2_ws/install/px4_msgs' for CMake config files
[1417.714s] Level 1:colcon.colcon_core.shell:create_environment_hook('px4_msgs', 'cmake_prefix_path')
[1417.718s] INFO:colcon.colcon_core.shell:Creating environment hook '/home/ubuntu/ros2_ws/install/px4_msgs/share/px4_msgs/hook/cmake_prefix_path.ps1'
[1417.720s] INFO:colcon.colcon_core.shell:Creating environment descriptor '/home/ubuntu/ros2_ws/install/px4_msgs/share/px4_msgs/hook/cmake_prefix_path.dsv'
[1417.722s] INFO:colcon.colcon_core.shell:Creating environment hook '/home/ubuntu/ros2_ws/install/px4_msgs/share/px4_msgs/hook/cmake_prefix_path.sh'
[1417.725s] Level 1:colcon.colcon_core.environment:checking '/home/ubuntu/ros2_ws/install/px4_msgs/lib'
[1417.725s] Level 1:colcon.colcon_core.shell:create_environment_hook('px4_msgs', 'ld_library_path_lib')
[1417.730s] INFO:colcon.colcon_core.shell:Creating environment hook '/home/ubuntu/ros2_ws/install/px4_msgs/share/px4_msgs/hook/ld_library_path_lib.ps1'
[1417.732s] INFO:colcon.colcon_core.shell:Creating environment descriptor '/home/ubuntu/ros2_ws/install/px4_msgs/share/px4_msgs/hook/ld_library_path_lib.dsv'
[1417.733s] INFO:colcon.colcon_core.shell:Creating environment hook '/home/ubuntu/ros2_ws/install/px4_msgs/share/px4_msgs/hook/ld_library_path_lib.sh'
[1417.735s] Level 1:colcon.colcon_core.environment:checking '/home/ubuntu/ros2_ws/install/px4_msgs/bin'
[1417.735s] Level 1:colcon.colcon_core.environment:checking '/home/ubuntu/ros2_ws/install/px4_msgs/lib/pkgconfig/px4_msgs.pc'
[1417.736s] Level 1:colcon.colcon_core.environment:checking '/home/ubuntu/ros2_ws/install/px4_msgs/lib/python3.10/site-packages'
[1417.737s] Level 1:colcon.colcon_core.environment:checking '/home/ubuntu/ros2_ws/install/px4_msgs/bin'
[1417.743s] INFO:colcon.colcon_core.shell:Creating package script '/home/ubuntu/ros2_ws/install/px4_msgs/share/px4_msgs/package.ps1'
[1417.745s] INFO:colcon.colcon_core.shell:Creating package descriptor '/home/ubuntu/ros2_ws/install/px4_msgs/share/px4_msgs/package.dsv'
[1417.747s] INFO:colcon.colcon_core.shell:Creating package script '/home/ubuntu/ros2_ws/install/px4_msgs/share/px4_msgs/package.sh'
[1417.749s] INFO:colcon.colcon_core.shell:Creating package script '/home/ubuntu/ros2_ws/install/px4_msgs/share/px4_msgs/package.bash'
[1417.751s] INFO:colcon.colcon_core.shell:Creating package script '/home/ubuntu/ros2_ws/install/px4_msgs/share/px4_msgs/package.zsh'
[1417.752s] Level 1:colcon.colcon_core.environment:create_file_with_runtime_dependencies(/home/ubuntu/ros2_ws/install/px4_msgs/share/colcon-core/packages/px4_msgs)
[1417.754s] INFO:colcon.colcon_ros.task.ament_cmake.build:Building ROS package in '/home/ubuntu/ros2_ws/src/px4_ros_com' with build type 'ament_cmake'
[1417.755s] INFO:colcon.colcon_cmake.task.cmake.build:Building CMake package in '/home/ubuntu/ros2_ws/src/px4_ros_com'
[1417.760s] INFO:colcon.colcon_core.shell:Skip shell extension 'powershell' for command environment: Not usable outside of PowerShell
[1417.760s] DEBUG:colcon.colcon_core.shell:Skip shell extension 'dsv' for command environment
[1417.827s] DEBUG:colcon.colcon_core.event_handler.log_command:Invoking command in '/home/ubuntu/ros2_ws/build/px4_ros_com': CMAKE_PREFIX_PATH=${CMAKE_PREFIX_PATH}:/opt/ros/humble /usr/bin/cmake --build /home/ubuntu/ros2_ws/build/px4_ros_com -- -j4 -l4
[1974.992s] DEBUG:colcon.colcon_parallel_executor.executor.parallel:run_until_complete was interrupted
[1975.016s] DEBUG:colcon.colcon_parallel_executor.executor.parallel:run_until_complete again
[1975.121s] DEBUG:colcon.colcon_core.event_handler.log_command:Invoked command in '/home/ubuntu/ros2_ws/build/px4_ros_com' returned '-2': CMAKE_PREFIX_PATH=${CMAKE_PREFIX_PATH}:/opt/ros/humble /usr/bin/cmake --build /home/ubuntu/ros2_ws/build/px4_ros_com -- -j4 -l4
[1976.178s] Level 1:colcon.colcon_core.environment:create_environment_scripts_only(px4_ros_com)
[1976.195s] Level 1:colcon.colcon_core.environment:checking '/home/ubuntu/ros2_ws/install/px4_ros_com' for CMake module files
[1976.207s] Level 1:colcon.colcon_core.environment:checking '/home/ubuntu/ros2_ws/install/px4_ros_com' for CMake config files
[1976.215s] Level 1:colcon.colcon_core.environment:checking '/home/ubuntu/ros2_ws/install/px4_ros_com/bin'
[1976.216s] Level 1:colcon.colcon_core.environment:checking '/home/ubuntu/ros2_ws/install/px4_ros_com/lib/pkgconfig/px4_ros_com.pc'
[1976.218s] Level 1:colcon.colcon_core.environment:checking '/home/ubuntu/ros2_ws/install/px4_ros_com/lib/python3.10/site-packages'
[1976.219s] Level 1:colcon.colcon_core.environment:checking '/home/ubuntu/ros2_ws/install/px4_ros_com/bin'
[1976.226s] INFO:colcon.colcon_core.shell:Creating package script '/home/ubuntu/ros2_ws/install/px4_ros_com/share/px4_ros_com/package.ps1'
[1976.255s] INFO:colcon.colcon_core.shell:Creating package descriptor '/home/ubuntu/ros2_ws/install/px4_ros_com/share/px4_ros_com/package.dsv'
[1976.275s] INFO:colcon.colcon_core.shell:Creating package script '/home/ubuntu/ros2_ws/install/px4_ros_com/share/px4_ros_com/package.sh'
[1976.279s] INFO:colcon.colcon_core.shell:Creating package script '/home/ubuntu/ros2_ws/install/px4_ros_com/share/px4_ros_com/package.bash'
[1976.306s] INFO:colcon.colcon_core.shell:Creating package script '/home/ubuntu/ros2_ws/install/px4_ros_com/share/px4_ros_com/package.zsh'
[1976.338s] Level 1:colcon.colcon_core.environment:create_file_with_runtime_dependencies(/home/ubuntu/ros2_ws/install/px4_ros_com/share/colcon-core/packages/px4_ros_com)
[1976.350s] DEBUG:colcon.colcon_parallel_executor.executor.parallel:run_until_complete finished
[1976.351s] DEBUG:colcon.colcon_parallel_executor.executor.parallel:closing loop
[1976.351s] DEBUG:colcon.colcon_parallel_executor.executor.parallel:loop closed
[1976.352s] DEBUG:colcon.colcon_core.event_reactor:joining thread
[1976.631s] INFO:colcon.colcon_core.plugin_system:Skipping extension 'colcon_notification.desktop_notification.notify_send': Could not find 'notify-send'
[1976.632s] INFO:colcon.colcon_core.plugin_system:Skipping extension 'colcon_notification.desktop_notification.terminal_notifier': Not used on non-Darwin systems
[1976.633s] INFO:colcon.colcon_core.plugin_system:Skipping extension 'colcon_notification.desktop_notification.win32': Not used on non-Windows systems
[1976.633s] INFO:colcon.colcon_notification.desktop_notification:Sending desktop notification using 'notify2'
[1976.745s] DEBUG:colcon.colcon_notification.desktop_notification.notify2:Failed to initialize notify2: org.freedesktop.DBus.Error.ServiceUnknown: The name org.freedesktop.Notifications was not provided by any .service files
[1976.746s] DEBUG:colcon.colcon_core.event_reactor:joined thread
[1976.752s] INFO:colcon.colcon_core.shell:Creating prefix script '/home/ubuntu/ros2_ws/install/local_setup.ps1'
[1976.760s] INFO:colcon.colcon_core.shell:Creating prefix util module '/home/ubuntu/ros2_ws/install/_local_setup_util_ps1.py'
[1976.773s] INFO:colcon.colcon_core.shell:Creating prefix chain script '/home/ubuntu/ros2_ws/install/setup.ps1'
[1976.809s] INFO:colcon.colcon_core.shell:Creating prefix script '/home/ubuntu/ros2_ws/install/local_setup.sh'
[1976.816s] INFO:colcon.colcon_core.shell:Creating prefix util module '/home/ubuntu/ros2_ws/install/_local_setup_util_sh.py'
[1976.818s] INFO:colcon.colcon_core.shell:Creating prefix chain script '/home/ubuntu/ros2_ws/install/setup.sh'
[1976.827s] INFO:colcon.colcon_core.shell:Creating prefix script '/home/ubuntu/ros2_ws/install/local_setup.bash'
[1976.833s] INFO:colcon.colcon_core.shell:Creating prefix chain script '/home/ubuntu/ros2_ws/install/setup.bash'
[1976.842s] INFO:colcon.colcon_core.shell:Creating prefix script '/home/ubuntu/ros2_ws/install/local_setup.zsh'
[1976.848s] INFO:colcon.colcon_core.shell:Creating prefix chain script '/home/ubuntu/ros2_ws/install/setup.zsh'
