[0.116s] Invoking command in '/home/ubuntu/ros2_ws/build/beacon_positioning': CMAKE_PREFIX_PATH=${CMAKE_PREFIX_PATH}:/opt/ros/foxy /usr/bin/cmake --build /home/ubuntu/ros2_ws/build/beacon_positioning -- -j4 -l4
[0.298s] [35m[1mScanning dependencies of target tracker_position[0m
[0.424s] [ 50%] [32mBuilding CXX object CMakeFiles/tracker_position.dir/src/tracker_position.cpp.o[0m
[24.866s] [100%] [32m[1mLinking CXX executable tracker_position[0m
[25.498s] [100%] Built target tracker_position
[25.536s] Invoked command in '/home/ubuntu/ros2_ws/build/beacon_positioning' returned '0': CMAKE_PREFIX_PATH=${CMAKE_PREFIX_PATH}:/opt/ros/foxy /usr/bin/cmake --build /home/ubuntu/ros2_ws/build/beacon_positioning -- -j4 -l4
[25.695s] Invoking command in '/home/ubuntu/ros2_ws/build/beacon_positioning': CMAKE_PREFIX_PATH=${CMAKE_PREFIX_PATH}:/opt/ros/foxy /usr/bin/cmake --install /home/ubuntu/ros2_ws/build/beacon_positioning
[25.727s] -- Install configuration: "RELWITHDEBINFO"
[25.728s] -- Execute custom install script
[25.730s] -- Up-to-date symlink: /home/ubuntu/ros2_ws/install/beacon_positioning/lib/beacon_positioning/tracker_position
[25.732s] -- Up-to-date symlink: /home/ubuntu/ros2_ws/install/beacon_positioning/share/ament_index/resource_index/package_run_dependencies/beacon_positioning
[25.733s] -- Up-to-date symlink: /home/ubuntu/ros2_ws/install/beacon_positioning/share/ament_index/resource_index/parent_prefix_path/beacon_positioning
[25.734s] -- Up-to-date symlink: /home/ubuntu/ros2_ws/install/beacon_positioning/share/beacon_positioning/environment/ament_prefix_path.sh
[25.736s] -- Up-to-date symlink: /home/ubuntu/ros2_ws/install/beacon_positioning/share/beacon_positioning/environment/ament_prefix_path.dsv
[25.737s] -- Up-to-date symlink: /home/ubuntu/ros2_ws/install/beacon_positioning/share/beacon_positioning/environment/path.sh
[25.738s] -- Up-to-date symlink: /home/ubuntu/ros2_ws/install/beacon_positioning/share/beacon_positioning/environment/path.dsv
[25.739s] -- Up-to-date symlink: /home/ubuntu/ros2_ws/install/beacon_positioning/share/beacon_positioning/local_setup.bash
[25.740s] -- Up-to-date symlink: /home/ubuntu/ros2_ws/install/beacon_positioning/share/beacon_positioning/local_setup.sh
[25.742s] -- Up-to-date symlink: /home/ubuntu/ros2_ws/install/beacon_positioning/share/beacon_positioning/local_setup.zsh
[25.743s] -- Up-to-date symlink: /home/ubuntu/ros2_ws/install/beacon_positioning/share/beacon_positioning/local_setup.dsv
[25.744s] -- Symlinking: /home/ubuntu/ros2_ws/install/beacon_positioning/share/beacon_positioning/package.dsv
[25.778s] -- Up-to-date symlink: /home/ubuntu/ros2_ws/install/beacon_positioning/share/ament_index/resource_index/packages/beacon_positioning
[25.779s] -- Up-to-date symlink: /home/ubuntu/ros2_ws/install/beacon_positioning/share/beacon_positioning/cmake/beacon_positioningConfig.cmake
[25.780s] -- Up-to-date symlink: /home/ubuntu/ros2_ws/install/beacon_positioning/share/beacon_positioning/cmake/beacon_positioningConfig-version.cmake
[25.781s] -- Up-to-date symlink: /home/ubuntu/ros2_ws/install/beacon_positioning/share/beacon_positioning/package.xml
[25.795s] Invoked command in '/home/ubuntu/ros2_ws/build/beacon_positioning' returned '0': CMAKE_PREFIX_PATH=${CMAKE_PREFIX_PATH}:/opt/ros/foxy /usr/bin/cmake --install /home/ubuntu/ros2_ws/build/beacon_positioning
