[2.337s] DEBUG:colcon:Command line arguments: ['/usr/bin/colcon', 'build', '--cmake-args', '-DCMAKE_BUILD_TYPE=RELWITHDEBINFO', '--symlink-install', '--packages-skip', 'ros1_bridge', '--event-handlers', 'console_direct+']
[2.338s] DEBUG:colcon:Parsed command line arguments: Namespace(log_base=None, log_level=None, verb_name='build', build_base='build', install_base='install', merge_install=False, symlink_install=True, test_result_base=None, continue_on_error=False, executor='parallel', parallel_workers=4, event_handlers=['console_direct+'], ignore_user_meta=False, metas=['./colcon.meta'], base_paths=['.'], packages_ignore=None, packages_ignore_regex=None, paths=None, packages_up_to=None, packages_up_to_regex=None, packages_above=None, packages_above_and_dependencies=None, packages_above_depth=None, packages_select_by_dep=None, packages_skip_by_dep=None, packages_skip_up_to=None, packages_select_build_failed=False, packages_skip_build_finished=False, packages_select_test_failures=False, packages_skip_test_passed=False, packages_select=None, packages_skip=['ros1_bridge'], packages_select_regex=None, packages_skip_regex=None, packages_start=None, packages_end=None, allow_overriding=[], cmake_args=['-DCMAKE_BUILD_TYPE=RELWITHDEBINFO'], cmake_target=None, cmake_target_skip_unavailable=False, cmake_clean_cache=False, cmake_clean_first=False, cmake_force_configure=False, ament_cmake_args=None, catkin_cmake_args=None, catkin_skip_building_tests=False, verb_parser=<colcon_defaults.argument_parser.defaults.DefaultArgumentsDecorator object at 0xffffa1673e20>, verb_extension=<colcon_core.verb.build.BuildVerb object at 0xffffa1603f40>, main=<bound method BuildVerb.main of <colcon_core.verb.build.BuildVerb object at 0xffffa1603f40>>)
[2.575s] Level 1:colcon.colcon_core.package_discovery:discover_packages(colcon_meta) check parameters
[2.576s] Level 1:colcon.colcon_core.package_discovery:discover_packages(recursive) check parameters
[2.576s] Level 1:colcon.colcon_core.package_discovery:discover_packages(ignore) check parameters
[2.576s] Level 1:colcon.colcon_core.package_discovery:discover_packages(path) check parameters
[2.576s] Level 1:colcon.colcon_core.package_discovery:discover_packages(colcon_meta) discover
[2.576s] Level 1:colcon.colcon_core.package_discovery:discover_packages(recursive) discover
[2.577s] INFO:colcon.colcon_core.package_discovery:Crawling recursively for packages in '/home/ubuntu/ros2_ws'
[2.577s] Level 1:colcon.colcon_core.package_identification:_identify(.) by extensions ['ignore', 'ignore_ament_install']
[2.578s] Level 1:colcon.colcon_core.package_identification:_identify(.) by extension 'ignore'
[2.578s] Level 1:colcon.colcon_core.package_identification:_identify(.) by extension 'ignore_ament_install'
[2.578s] Level 1:colcon.colcon_core.package_identification:_identify(.) by extensions ['colcon_pkg']
[2.578s] Level 1:colcon.colcon_core.package_identification:_identify(.) by extension 'colcon_pkg'
[2.579s] Level 1:colcon.colcon_core.package_identification:_identify(.) by extensions ['colcon_meta']
[2.579s] Level 1:colcon.colcon_core.package_identification:_identify(.) by extension 'colcon_meta'
[2.579s] Level 1:colcon.colcon_core.package_identification:_identify(.) by extensions ['ros']
[2.579s] Level 1:colcon.colcon_core.package_identification:_identify(.) by extension 'ros'
[2.666s] Level 1:colcon.colcon_core.package_identification:_identify(.) by extensions ['cmake', 'python']
[2.667s] Level 1:colcon.colcon_core.package_identification:_identify(.) by extension 'cmake'
[2.667s] Level 1:colcon.colcon_core.package_identification:_identify(.) by extension 'python'
[2.667s] Level 1:colcon.colcon_core.package_identification:_identify(.) by extensions ['python_setup_py']
[2.667s] Level 1:colcon.colcon_core.package_identification:_identify(.) by extension 'python_setup_py'
[2.668s] Level 1:colcon.colcon_core.package_identification:_identify(build) by extensions ['ignore', 'ignore_ament_install']
[2.668s] Level 1:colcon.colcon_core.package_identification:_identify(build) by extension 'ignore'
[2.668s] Level 1:colcon.colcon_core.package_identification:_identify(build) ignored
[2.669s] Level 1:colcon.colcon_core.package_identification:_identify(install) by extensions ['ignore', 'ignore_ament_install']
[2.669s] Level 1:colcon.colcon_core.package_identification:_identify(install) by extension 'ignore'
[2.669s] Level 1:colcon.colcon_core.package_identification:_identify(install) ignored
[2.670s] Level 1:colcon.colcon_core.package_identification:_identify(log) by extensions ['ignore', 'ignore_ament_install']
[2.670s] Level 1:colcon.colcon_core.package_identification:_identify(log) by extension 'ignore'
[2.670s] Level 1:colcon.colcon_core.package_identification:_identify(log) ignored
[2.671s] Level 1:colcon.colcon_core.package_identification:_identify(src) by extensions ['ignore', 'ignore_ament_install']
[2.671s] Level 1:colcon.colcon_core.package_identification:_identify(src) by extension 'ignore'
[2.671s] Level 1:colcon.colcon_core.package_identification:_identify(src) by extension 'ignore_ament_install'
[2.671s] Level 1:colcon.colcon_core.package_identification:_identify(src) by extensions ['colcon_pkg']
[2.671s] Level 1:colcon.colcon_core.package_identification:_identify(src) by extension 'colcon_pkg'
[2.672s] Level 1:colcon.colcon_core.package_identification:_identify(src) by extensions ['colcon_meta']
[2.672s] Level 1:colcon.colcon_core.package_identification:_identify(src) by extension 'colcon_meta'
[2.672s] Level 1:colcon.colcon_core.package_identification:_identify(src) by extensions ['ros']
[2.672s] Level 1:colcon.colcon_core.package_identification:_identify(src) by extension 'ros'
[2.672s] Level 1:colcon.colcon_core.package_identification:_identify(src) by extensions ['cmake', 'python']
[2.672s] Level 1:colcon.colcon_core.package_identification:_identify(src) by extension 'cmake'
[2.673s] Level 1:colcon.colcon_core.package_identification:_identify(src) by extension 'python'
[2.673s] Level 1:colcon.colcon_core.package_identification:_identify(src) by extensions ['python_setup_py']
[2.673s] Level 1:colcon.colcon_core.package_identification:_identify(src) by extension 'python_setup_py'
[2.677s] Level 1:colcon.colcon_core.package_identification:_identify(src/drone_sensors) by extensions ['ignore', 'ignore_ament_install']
[2.677s] Level 1:colcon.colcon_core.package_identification:_identify(src/drone_sensors) by extension 'ignore'
[2.678s] Level 1:colcon.colcon_core.package_identification:_identify(src/drone_sensors) by extension 'ignore_ament_install'
[2.678s] Level 1:colcon.colcon_core.package_identification:_identify(src/drone_sensors) by extensions ['colcon_pkg']
[2.678s] Level 1:colcon.colcon_core.package_identification:_identify(src/drone_sensors) by extension 'colcon_pkg'
[2.678s] Level 1:colcon.colcon_core.package_identification:_identify(src/drone_sensors) by extensions ['colcon_meta']
[2.678s] Level 1:colcon.colcon_core.package_identification:_identify(src/drone_sensors) by extension 'colcon_meta'
[2.678s] Level 1:colcon.colcon_core.package_identification:_identify(src/drone_sensors) by extensions ['ros']
[2.679s] Level 1:colcon.colcon_core.package_identification:_identify(src/drone_sensors) by extension 'ros'
[2.693s] DEBUG:colcon.colcon_core.package_identification:Package 'src/drone_sensors' with type 'ros.ament_cmake' and name 'drone_sensors'
[2.695s] Level 1:colcon.colcon_core.package_identification:_identify(src/px4_msgs) by extensions ['ignore', 'ignore_ament_install']
[2.696s] Level 1:colcon.colcon_core.package_identification:_identify(src/px4_msgs) by extension 'ignore'
[2.696s] Level 1:colcon.colcon_core.package_identification:_identify(src/px4_msgs) by extension 'ignore_ament_install'
[2.696s] Level 1:colcon.colcon_core.package_identification:_identify(src/px4_msgs) by extensions ['colcon_pkg']
[2.696s] Level 1:colcon.colcon_core.package_identification:_identify(src/px4_msgs) by extension 'colcon_pkg'
[2.696s] Level 1:colcon.colcon_core.package_identification:_identify(src/px4_msgs) by extensions ['colcon_meta']
[2.697s] Level 1:colcon.colcon_core.package_identification:_identify(src/px4_msgs) by extension 'colcon_meta'
[2.697s] Level 1:colcon.colcon_core.package_identification:_identify(src/px4_msgs) by extensions ['ros']
[2.697s] Level 1:colcon.colcon_core.package_identification:_identify(src/px4_msgs) by extension 'ros'
[2.701s] DEBUG:colcon.colcon_core.package_identification:Package 'src/px4_msgs' with type 'ros.ament_cmake' and name 'px4_msgs'
[2.701s] Level 1:colcon.colcon_core.package_identification:_identify(src/px4_ros_com) by extensions ['ignore', 'ignore_ament_install']
[2.702s] Level 1:colcon.colcon_core.package_identification:_identify(src/px4_ros_com) by extension 'ignore'
[2.702s] Level 1:colcon.colcon_core.package_identification:_identify(src/px4_ros_com) by extension 'ignore_ament_install'
[2.702s] Level 1:colcon.colcon_core.package_identification:_identify(src/px4_ros_com) by extensions ['colcon_pkg']
[2.703s] Level 1:colcon.colcon_core.package_identification:_identify(src/px4_ros_com) by extension 'colcon_pkg'
[2.703s] Level 1:colcon.colcon_core.package_identification:_identify(src/px4_ros_com) by extensions ['colcon_meta']
[2.703s] Level 1:colcon.colcon_core.package_identification:_identify(src/px4_ros_com) by extension 'colcon_meta'
[2.703s] Level 1:colcon.colcon_core.package_identification:_identify(src/px4_ros_com) by extensions ['ros']
[2.703s] Level 1:colcon.colcon_core.package_identification:_identify(src/px4_ros_com) by extension 'ros'
[2.709s] DEBUG:colcon.colcon_core.package_identification:Package 'src/px4_ros_com' with type 'ros.ament_cmake' and name 'px4_ros_com'
[2.709s] Level 1:colcon.colcon_core.package_discovery:discover_packages(recursive) using defaults
[2.710s] Level 1:colcon.colcon_core.package_discovery:discover_packages(ignore) discover
[2.710s] Level 1:colcon.colcon_core.package_discovery:discover_packages(ignore) using defaults
[2.710s] Level 1:colcon.colcon_core.package_discovery:discover_packages(path) discover
[2.710s] Level 1:colcon.colcon_core.package_discovery:discover_packages(path) using defaults
[2.715s] WARNING:colcon.colcon_core.package_selection:ignoring unknown package 'ros1_bridge' in --packages-skip
[2.868s] Level 1:colcon.colcon_core.package_discovery:discover_packages(prefix_path) check parameters
[2.868s] Level 1:colcon.colcon_core.package_discovery:discover_packages(prefix_path) discover
[2.888s] DEBUG:colcon.colcon_installed_package_information.package_discovery:Found 3 installed packages in /home/ubuntu/ros2_ws/install
[2.896s] DEBUG:colcon.colcon_installed_package_information.package_discovery:Found 180 installed packages in /opt/ros/humble
[2.901s] Level 1:colcon.colcon_core.package_discovery:discover_packages(prefix_path) using defaults
[3.111s] Level 5:colcon.colcon_core.verb:set package 'drone_sensors' build argument 'cmake_args' from command line to '['-DCMAKE_BUILD_TYPE=RELWITHDEBINFO']'
[3.111s] Level 5:colcon.colcon_core.verb:set package 'drone_sensors' build argument 'cmake_target' from command line to 'None'
[3.111s] Level 5:colcon.colcon_core.verb:set package 'drone_sensors' build argument 'cmake_target_skip_unavailable' from command line to 'False'
[3.111s] Level 5:colcon.colcon_core.verb:set package 'drone_sensors' build argument 'cmake_clean_cache' from command line to 'False'
[3.111s] Level 5:colcon.colcon_core.verb:set package 'drone_sensors' build argument 'cmake_clean_first' from command line to 'False'
[3.112s] Level 5:colcon.colcon_core.verb:set package 'drone_sensors' build argument 'cmake_force_configure' from command line to 'False'
[3.112s] Level 5:colcon.colcon_core.verb:set package 'drone_sensors' build argument 'ament_cmake_args' from command line to 'None'
[3.112s] Level 5:colcon.colcon_core.verb:set package 'drone_sensors' build argument 'catkin_cmake_args' from command line to 'None'
[3.112s] Level 5:colcon.colcon_core.verb:set package 'drone_sensors' build argument 'catkin_skip_building_tests' from command line to 'False'
[3.112s] DEBUG:colcon.colcon_core.verb:Building package 'drone_sensors' with the following arguments: {'ament_cmake_args': None, 'build_base': '/home/ubuntu/ros2_ws/build/drone_sensors', 'catkin_cmake_args': None, 'catkin_skip_building_tests': False, 'cmake_args': ['-DCMAKE_BUILD_TYPE=RELWITHDEBINFO'], 'cmake_clean_cache': False, 'cmake_clean_first': False, 'cmake_force_configure': False, 'cmake_target': None, 'cmake_target_skip_unavailable': False, 'install_base': '/home/ubuntu/ros2_ws/install/drone_sensors', 'merge_install': False, 'path': '/home/ubuntu/ros2_ws/src/drone_sensors', 'symlink_install': True, 'test_result_base': None}
[3.116s] Level 5:colcon.colcon_core.verb:set package 'px4_msgs' build argument 'cmake_args' from command line to '['-DCMAKE_BUILD_TYPE=RELWITHDEBINFO']'
[3.116s] Level 5:colcon.colcon_core.verb:set package 'px4_msgs' build argument 'cmake_target' from command line to 'None'
[3.116s] Level 5:colcon.colcon_core.verb:set package 'px4_msgs' build argument 'cmake_target_skip_unavailable' from command line to 'False'
[3.116s] Level 5:colcon.colcon_core.verb:set package 'px4_msgs' build argument 'cmake_clean_cache' from command line to 'False'
[3.116s] Level 5:colcon.colcon_core.verb:set package 'px4_msgs' build argument 'cmake_clean_first' from command line to 'False'
[3.116s] Level 5:colcon.colcon_core.verb:set package 'px4_msgs' build argument 'cmake_force_configure' from command line to 'False'
[3.116s] Level 5:colcon.colcon_core.verb:set package 'px4_msgs' build argument 'ament_cmake_args' from command line to 'None'
[3.117s] Level 5:colcon.colcon_core.verb:set package 'px4_msgs' build argument 'catkin_cmake_args' from command line to 'None'
[3.117s] Level 5:colcon.colcon_core.verb:set package 'px4_msgs' build argument 'catkin_skip_building_tests' from command line to 'False'
[3.117s] DEBUG:colcon.colcon_core.verb:Building package 'px4_msgs' with the following arguments: {'ament_cmake_args': None, 'build_base': '/home/ubuntu/ros2_ws/build/px4_msgs', 'catkin_cmake_args': None, 'catkin_skip_building_tests': False, 'cmake_args': ['-DCMAKE_BUILD_TYPE=RELWITHDEBINFO'], 'cmake_clean_cache': False, 'cmake_clean_first': False, 'cmake_force_configure': False, 'cmake_target': None, 'cmake_target_skip_unavailable': False, 'install_base': '/home/ubuntu/ros2_ws/install/px4_msgs', 'merge_install': False, 'path': '/home/ubuntu/ros2_ws/src/px4_msgs', 'symlink_install': True, 'test_result_base': None}
[3.120s] Level 5:colcon.colcon_core.verb:set package 'px4_ros_com' build argument 'cmake_args' from command line to '['-DCMAKE_BUILD_TYPE=RELWITHDEBINFO']'
[3.121s] Level 5:colcon.colcon_core.verb:set package 'px4_ros_com' build argument 'cmake_target' from command line to 'None'
[3.121s] Level 5:colcon.colcon_core.verb:set package 'px4_ros_com' build argument 'cmake_target_skip_unavailable' from command line to 'False'
[3.121s] Level 5:colcon.colcon_core.verb:set package 'px4_ros_com' build argument 'cmake_clean_cache' from command line to 'False'
[3.121s] Level 5:colcon.colcon_core.verb:set package 'px4_ros_com' build argument 'cmake_clean_first' from command line to 'False'
[3.121s] Level 5:colcon.colcon_core.verb:set package 'px4_ros_com' build argument 'cmake_force_configure' from command line to 'False'
[3.121s] Level 5:colcon.colcon_core.verb:set package 'px4_ros_com' build argument 'ament_cmake_args' from command line to 'None'
[3.121s] Level 5:colcon.colcon_core.verb:set package 'px4_ros_com' build argument 'catkin_cmake_args' from command line to 'None'
[3.121s] Level 5:colcon.colcon_core.verb:set package 'px4_ros_com' build argument 'catkin_skip_building_tests' from command line to 'False'
[3.122s] DEBUG:colcon.colcon_core.verb:Building package 'px4_ros_com' with the following arguments: {'ament_cmake_args': None, 'build_base': '/home/ubuntu/ros2_ws/build/px4_ros_com', 'catkin_cmake_args': None, 'catkin_skip_building_tests': False, 'cmake_args': ['-DCMAKE_BUILD_TYPE=RELWITHDEBINFO'], 'cmake_clean_cache': False, 'cmake_clean_first': False, 'cmake_force_configure': False, 'cmake_target': None, 'cmake_target_skip_unavailable': False, 'install_base': '/home/ubuntu/ros2_ws/install/px4_ros_com', 'merge_install': False, 'path': '/home/ubuntu/ros2_ws/src/px4_ros_com', 'symlink_install': True, 'test_result_base': None}
[3.124s] INFO:colcon.colcon_core.executor:Executing jobs using 'parallel' executor
[3.136s] DEBUG:colcon.colcon_parallel_executor.executor.parallel:run_until_complete
[3.137s] INFO:colcon.colcon_ros.task.ament_cmake.build:Building ROS package in '/home/ubuntu/ros2_ws/src/px4_msgs' with build type 'ament_cmake'
[3.137s] INFO:colcon.colcon_cmake.task.cmake.build:Building CMake package in '/home/ubuntu/ros2_ws/src/px4_msgs'
[3.175s] INFO:colcon.colcon_core.plugin_system:Skipping extension 'colcon_core.shell.bat': Not used on non-Windows systems
[3.176s] INFO:colcon.colcon_core.shell:Skip shell extension 'powershell' for command environment: Not usable outside of PowerShell
[3.176s] DEBUG:colcon.colcon_core.shell:Skip shell extension 'dsv' for command environment
[3.204s] INFO:colcon.colcon_ros.task.ament_cmake.build:Building ROS package in '/home/ubuntu/ros2_ws/src/drone_sensors' with build type 'ament_cmake'
[3.205s] INFO:colcon.colcon_cmake.task.cmake.build:Building CMake package in '/home/ubuntu/ros2_ws/src/drone_sensors'
[3.212s] INFO:colcon.colcon_core.shell:Skip shell extension 'powershell' for command environment: Not usable outside of PowerShell
[3.212s] DEBUG:colcon.colcon_core.shell:Skip shell extension 'dsv' for command environment
[3.262s] DEBUG:colcon.colcon_core.event_handler.log_command:Invoking command in '/home/ubuntu/ros2_ws/build/px4_msgs': CMAKE_PREFIX_PATH=${CMAKE_PREFIX_PATH}:/opt/ros/humble /usr/bin/cmake --build /home/ubuntu/ros2_ws/build/px4_msgs -- -j4 -l4
[3.292s] DEBUG:colcon.colcon_core.event_handler.log_command:Invoking command in '/home/ubuntu/ros2_ws/build/drone_sensors': CMAKE_PREFIX_PATH=${CMAKE_PREFIX_PATH}:/opt/ros/humble /usr/bin/cmake --build /home/ubuntu/ros2_ws/build/drone_sensors -- -j4 -l4
[4.173s] DEBUG:colcon.colcon_core.event_handler.log_command:Invoked command in '/home/ubuntu/ros2_ws/build/drone_sensors' returned '0': CMAKE_PREFIX_PATH=${CMAKE_PREFIX_PATH}:/opt/ros/humble /usr/bin/cmake --build /home/ubuntu/ros2_ws/build/drone_sensors -- -j4 -l4
[4.352s] DEBUG:colcon.colcon_core.event_handler.log_command:Invoking command in '/home/ubuntu/ros2_ws/build/drone_sensors': CMAKE_PREFIX_PATH=${CMAKE_PREFIX_PATH}:/opt/ros/humble /usr/bin/cmake --install /home/ubuntu/ros2_ws/build/drone_sensors
[4.479s] Level 1:colcon.colcon_core.environment:create_environment_scripts_only(drone_sensors)
[4.484s] DEBUG:colcon.colcon_core.event_handler.log_command:Invoked command in '/home/ubuntu/ros2_ws/build/drone_sensors' returned '0': CMAKE_PREFIX_PATH=${CMAKE_PREFIX_PATH}:/opt/ros/humble /usr/bin/cmake --install /home/ubuntu/ros2_ws/build/drone_sensors
[4.536s] Level 1:colcon.colcon_core.environment:checking '/home/ubuntu/ros2_ws/install/drone_sensors' for CMake module files
[4.540s] Level 1:colcon.colcon_core.environment:checking '/home/ubuntu/ros2_ws/install/drone_sensors' for CMake config files
[4.544s] Level 1:colcon.colcon_core.shell:create_environment_hook('drone_sensors', 'cmake_prefix_path')
[4.551s] INFO:colcon.colcon_core.shell:Creating environment hook '/home/ubuntu/ros2_ws/install/drone_sensors/share/drone_sensors/hook/cmake_prefix_path.ps1'
[4.560s] INFO:colcon.colcon_core.shell:Creating environment descriptor '/home/ubuntu/ros2_ws/install/drone_sensors/share/drone_sensors/hook/cmake_prefix_path.dsv'
[4.564s] INFO:colcon.colcon_core.shell:Creating environment hook '/home/ubuntu/ros2_ws/install/drone_sensors/share/drone_sensors/hook/cmake_prefix_path.sh'
[4.570s] Level 1:colcon.colcon_core.environment:checking '/home/ubuntu/ros2_ws/install/drone_sensors/lib'
[4.572s] Level 1:colcon.colcon_core.environment:checking '/home/ubuntu/ros2_ws/install/drone_sensors/bin'
[4.572s] Level 1:colcon.colcon_core.environment:checking '/home/ubuntu/ros2_ws/install/drone_sensors/lib/pkgconfig/drone_sensors.pc'
[4.574s] Level 1:colcon.colcon_core.environment:checking '/home/ubuntu/ros2_ws/install/drone_sensors/lib/python3.10/site-packages'
[4.575s] Level 1:colcon.colcon_core.environment:checking '/home/ubuntu/ros2_ws/install/drone_sensors/bin'
[4.583s] INFO:colcon.colcon_core.shell:Creating package script '/home/ubuntu/ros2_ws/install/drone_sensors/share/drone_sensors/package.ps1'
[4.591s] INFO:colcon.colcon_core.shell:Creating package descriptor '/home/ubuntu/ros2_ws/install/drone_sensors/share/drone_sensors/package.dsv'
[4.595s] INFO:colcon.colcon_core.shell:Creating package script '/home/ubuntu/ros2_ws/install/drone_sensors/share/drone_sensors/package.sh'
[4.601s] INFO:colcon.colcon_core.shell:Creating package script '/home/ubuntu/ros2_ws/install/drone_sensors/share/drone_sensors/package.bash'
[4.607s] INFO:colcon.colcon_core.shell:Creating package script '/home/ubuntu/ros2_ws/install/drone_sensors/share/drone_sensors/package.zsh'
[4.613s] Level 1:colcon.colcon_core.environment:create_file_with_runtime_dependencies(/home/ubuntu/ros2_ws/install/drone_sensors/share/colcon-core/packages/drone_sensors)
[4.754s] Level 1:colcon.colcon_core.environment:create_environment_scripts_only(drone_sensors)
[4.765s] Level 1:colcon.colcon_core.environment:checking '/home/ubuntu/ros2_ws/install/drone_sensors' for CMake module files
[4.770s] Level 1:colcon.colcon_core.environment:checking '/home/ubuntu/ros2_ws/install/drone_sensors' for CMake config files
[4.774s] Level 1:colcon.colcon_core.shell:create_environment_hook('drone_sensors', 'cmake_prefix_path')
[4.781s] INFO:colcon.colcon_core.shell:Creating environment hook '/home/ubuntu/ros2_ws/install/drone_sensors/share/drone_sensors/hook/cmake_prefix_path.ps1'
[4.784s] INFO:colcon.colcon_core.shell:Creating environment descriptor '/home/ubuntu/ros2_ws/install/drone_sensors/share/drone_sensors/hook/cmake_prefix_path.dsv'
[4.787s] INFO:colcon.colcon_core.shell:Creating environment hook '/home/ubuntu/ros2_ws/install/drone_sensors/share/drone_sensors/hook/cmake_prefix_path.sh'
[4.791s] Level 1:colcon.colcon_core.environment:checking '/home/ubuntu/ros2_ws/install/drone_sensors/lib'
[4.792s] Level 1:colcon.colcon_core.environment:checking '/home/ubuntu/ros2_ws/install/drone_sensors/bin'
[4.793s] Level 1:colcon.colcon_core.environment:checking '/home/ubuntu/ros2_ws/install/drone_sensors/lib/pkgconfig/drone_sensors.pc'
[4.794s] Level 1:colcon.colcon_core.environment:checking '/home/ubuntu/ros2_ws/install/drone_sensors/lib/python3.10/site-packages'
[4.796s] Level 1:colcon.colcon_core.environment:checking '/home/ubuntu/ros2_ws/install/drone_sensors/bin'
[4.803s] INFO:colcon.colcon_core.shell:Creating package script '/home/ubuntu/ros2_ws/install/drone_sensors/share/drone_sensors/package.ps1'
[4.807s] INFO:colcon.colcon_core.shell:Creating package descriptor '/home/ubuntu/ros2_ws/install/drone_sensors/share/drone_sensors/package.dsv'
[4.810s] INFO:colcon.colcon_core.shell:Creating package script '/home/ubuntu/ros2_ws/install/drone_sensors/share/drone_sensors/package.sh'
[4.813s] INFO:colcon.colcon_core.shell:Creating package script '/home/ubuntu/ros2_ws/install/drone_sensors/share/drone_sensors/package.bash'
[4.817s] INFO:colcon.colcon_core.shell:Creating package script '/home/ubuntu/ros2_ws/install/drone_sensors/share/drone_sensors/package.zsh'
[4.820s] Level 1:colcon.colcon_core.environment:create_file_with_runtime_dependencies(/home/ubuntu/ros2_ws/install/drone_sensors/share/colcon-core/packages/drone_sensors)
[9.602s] DEBUG:colcon.colcon_core.event_handler.log_command:Invoked command in '/home/ubuntu/ros2_ws/build/px4_msgs' returned '0': CMAKE_PREFIX_PATH=${CMAKE_PREFIX_PATH}:/opt/ros/humble /usr/bin/cmake --build /home/ubuntu/ros2_ws/build/px4_msgs -- -j4 -l4
[39.724s] DEBUG:colcon.colcon_core.event_handler.log_command:Invoking command in '/home/ubuntu/ros2_ws/build/px4_msgs': CMAKE_PREFIX_PATH=${CMAKE_PREFIX_PATH}:/opt/ros/humble /usr/bin/cmake --install /home/ubuntu/ros2_ws/build/px4_msgs
[46.308s] Level 1:colcon.colcon_core.environment:create_environment_scripts_only(px4_msgs)
[46.317s] Level 1:colcon.colcon_core.environment:checking '/home/ubuntu/ros2_ws/install/px4_msgs' for CMake module files
[46.319s] DEBUG:colcon.colcon_core.event_handler.log_command:Invoked command in '/home/ubuntu/ros2_ws/build/px4_msgs' returned '0': CMAKE_PREFIX_PATH=${CMAKE_PREFIX_PATH}:/opt/ros/humble /usr/bin/cmake --install /home/ubuntu/ros2_ws/build/px4_msgs
[46.324s] Level 1:colcon.colcon_core.environment:checking '/home/ubuntu/ros2_ws/install/px4_msgs' for CMake config files
[46.475s] Level 1:colcon.colcon_core.shell:create_environment_hook('px4_msgs', 'cmake_prefix_path')
[46.479s] INFO:colcon.colcon_core.shell:Creating environment hook '/home/ubuntu/ros2_ws/install/px4_msgs/share/px4_msgs/hook/cmake_prefix_path.ps1'
[46.481s] INFO:colcon.colcon_core.shell:Creating environment descriptor '/home/ubuntu/ros2_ws/install/px4_msgs/share/px4_msgs/hook/cmake_prefix_path.dsv'
[46.483s] INFO:colcon.colcon_core.shell:Creating environment hook '/home/ubuntu/ros2_ws/install/px4_msgs/share/px4_msgs/hook/cmake_prefix_path.sh'
[46.485s] Level 1:colcon.colcon_core.environment:checking '/home/ubuntu/ros2_ws/install/px4_msgs/lib'
[46.486s] Level 1:colcon.colcon_core.shell:create_environment_hook('px4_msgs', 'ld_library_path_lib')
[46.491s] INFO:colcon.colcon_core.shell:Creating environment hook '/home/ubuntu/ros2_ws/install/px4_msgs/share/px4_msgs/hook/ld_library_path_lib.ps1'
[46.492s] INFO:colcon.colcon_core.shell:Creating environment descriptor '/home/ubuntu/ros2_ws/install/px4_msgs/share/px4_msgs/hook/ld_library_path_lib.dsv'
[46.494s] INFO:colcon.colcon_core.shell:Creating environment hook '/home/ubuntu/ros2_ws/install/px4_msgs/share/px4_msgs/hook/ld_library_path_lib.sh'
[46.496s] Level 1:colcon.colcon_core.environment:checking '/home/ubuntu/ros2_ws/install/px4_msgs/bin'
[46.496s] Level 1:colcon.colcon_core.environment:checking '/home/ubuntu/ros2_ws/install/px4_msgs/lib/pkgconfig/px4_msgs.pc'
[46.497s] Level 1:colcon.colcon_core.environment:checking '/home/ubuntu/ros2_ws/install/px4_msgs/lib/python3.10/site-packages'
[46.498s] Level 1:colcon.colcon_core.environment:checking '/home/ubuntu/ros2_ws/install/px4_msgs/bin'
[46.503s] INFO:colcon.colcon_core.shell:Creating package script '/home/ubuntu/ros2_ws/install/px4_msgs/share/px4_msgs/package.ps1'
[46.505s] INFO:colcon.colcon_core.shell:Creating package descriptor '/home/ubuntu/ros2_ws/install/px4_msgs/share/px4_msgs/package.dsv'
[46.507s] INFO:colcon.colcon_core.shell:Creating package script '/home/ubuntu/ros2_ws/install/px4_msgs/share/px4_msgs/package.sh'
[46.509s] INFO:colcon.colcon_core.shell:Creating package script '/home/ubuntu/ros2_ws/install/px4_msgs/share/px4_msgs/package.bash'
[46.511s] INFO:colcon.colcon_core.shell:Creating package script '/home/ubuntu/ros2_ws/install/px4_msgs/share/px4_msgs/package.zsh'
[46.513s] Level 1:colcon.colcon_core.environment:create_file_with_runtime_dependencies(/home/ubuntu/ros2_ws/install/px4_msgs/share/colcon-core/packages/px4_msgs)
[76.592s] Level 1:colcon.colcon_core.environment:create_environment_scripts_only(px4_msgs)
[76.600s] Level 1:colcon.colcon_core.environment:checking '/home/ubuntu/ros2_ws/install/px4_msgs' for CMake module files
[76.604s] Level 1:colcon.colcon_core.environment:checking '/home/ubuntu/ros2_ws/install/px4_msgs' for CMake config files
[76.762s] Level 1:colcon.colcon_core.shell:create_environment_hook('px4_msgs', 'cmake_prefix_path')
[76.767s] INFO:colcon.colcon_core.shell:Creating environment hook '/home/ubuntu/ros2_ws/install/px4_msgs/share/px4_msgs/hook/cmake_prefix_path.ps1'
[76.769s] INFO:colcon.colcon_core.shell:Creating environment descriptor '/home/ubuntu/ros2_ws/install/px4_msgs/share/px4_msgs/hook/cmake_prefix_path.dsv'
[76.770s] INFO:colcon.colcon_core.shell:Creating environment hook '/home/ubuntu/ros2_ws/install/px4_msgs/share/px4_msgs/hook/cmake_prefix_path.sh'
[76.773s] Level 1:colcon.colcon_core.environment:checking '/home/ubuntu/ros2_ws/install/px4_msgs/lib'
[76.773s] Level 1:colcon.colcon_core.shell:create_environment_hook('px4_msgs', 'ld_library_path_lib')
[76.778s] INFO:colcon.colcon_core.shell:Creating environment hook '/home/ubuntu/ros2_ws/install/px4_msgs/share/px4_msgs/hook/ld_library_path_lib.ps1'
[76.780s] INFO:colcon.colcon_core.shell:Creating environment descriptor '/home/ubuntu/ros2_ws/install/px4_msgs/share/px4_msgs/hook/ld_library_path_lib.dsv'
[76.781s] INFO:colcon.colcon_core.shell:Creating environment hook '/home/ubuntu/ros2_ws/install/px4_msgs/share/px4_msgs/hook/ld_library_path_lib.sh'
[76.783s] Level 1:colcon.colcon_core.environment:checking '/home/ubuntu/ros2_ws/install/px4_msgs/bin'
[76.783s] Level 1:colcon.colcon_core.environment:checking '/home/ubuntu/ros2_ws/install/px4_msgs/lib/pkgconfig/px4_msgs.pc'
[76.784s] Level 1:colcon.colcon_core.environment:checking '/home/ubuntu/ros2_ws/install/px4_msgs/lib/python3.10/site-packages'
[76.785s] Level 1:colcon.colcon_core.environment:checking '/home/ubuntu/ros2_ws/install/px4_msgs/bin'
[76.790s] INFO:colcon.colcon_core.shell:Creating package script '/home/ubuntu/ros2_ws/install/px4_msgs/share/px4_msgs/package.ps1'
[76.793s] INFO:colcon.colcon_core.shell:Creating package descriptor '/home/ubuntu/ros2_ws/install/px4_msgs/share/px4_msgs/package.dsv'
[76.795s] INFO:colcon.colcon_core.shell:Creating package script '/home/ubuntu/ros2_ws/install/px4_msgs/share/px4_msgs/package.sh'
[76.797s] INFO:colcon.colcon_core.shell:Creating package script '/home/ubuntu/ros2_ws/install/px4_msgs/share/px4_msgs/package.bash'
[76.799s] INFO:colcon.colcon_core.shell:Creating package script '/home/ubuntu/ros2_ws/install/px4_msgs/share/px4_msgs/package.zsh'
[76.801s] Level 1:colcon.colcon_core.environment:create_file_with_runtime_dependencies(/home/ubuntu/ros2_ws/install/px4_msgs/share/colcon-core/packages/px4_msgs)
[76.802s] INFO:colcon.colcon_ros.task.ament_cmake.build:Building ROS package in '/home/ubuntu/ros2_ws/src/px4_ros_com' with build type 'ament_cmake'
[76.803s] INFO:colcon.colcon_cmake.task.cmake.build:Building CMake package in '/home/ubuntu/ros2_ws/src/px4_ros_com'
[76.808s] INFO:colcon.colcon_core.shell:Skip shell extension 'powershell' for command environment: Not usable outside of PowerShell
[76.808s] DEBUG:colcon.colcon_core.shell:Skip shell extension 'dsv' for command environment
[76.889s] DEBUG:colcon.colcon_core.event_handler.log_command:Invoking command in '/home/ubuntu/ros2_ws/build/px4_ros_com': CMAKE_PREFIX_PATH=${CMAKE_PREFIX_PATH}:/opt/ros/humble /usr/bin/cmake --build /home/ubuntu/ros2_ws/build/px4_ros_com -- -j4 -l4
