-- Found ament_cmake: 1.3.3 (/opt/ros/humble/share/ament_cmake/cmake)
-- Override CMake install command with custom implementation using symlinks instead of copying resources
-- Found rclcpp: 16.0.3 (/opt/ros/humble/share/rclcpp/cmake)
-- Found rosidl_generator_c: 3.1.4 (/opt/ros/humble/share/rosidl_generator_c/cmake)
-- Found rosidl_adapter: 3.1.4 (/opt/ros/humble/share/rosidl_adapter/cmake)
-- Found rosidl_generator_cpp: 3.1.4 (/opt/ros/humble/share/rosidl_generator_cpp/cmake)
-- Using all available rosidl_typesupport_c: rosidl_typesupport_fastrtps_c;rosidl_typesupport_introspection_c
-- Using all available rosidl_typesupport_cpp: rosidl_typesupport_fastrtps_cpp;rosidl_typesupport_introspection_cpp
-- Found rmw_implementation_cmake: 6.1.1 (/opt/ros/humble/share/rmw_implementation_cmake/cmake)
-- Found rmw_fastrtps_cpp: 6.2.2 (/opt/ros/humble/share/rmw_fastrtps_cpp/cmake)
-- Using RMW implementation 'rmw_fastrtps_cpp' as default
-- Found ament_lint_auto: 0.12.5 (/opt/ros/humble/share/ament_lint_auto/cmake)
-- Added test 'cppcheck' to perform static code analysis on C / C++ code
-- Configured cppcheck include dirs: 
-- Configured cppcheck exclude dirs and/or files: 
-- Added test 'lint_cmake' to check CMake code style
-- Added test 'uncrustify' to check C / C++ code style
-- Configured uncrustify additional arguments: 
-- Added test 'xmllint' to check XML markup files
-- Configuring done
-- Generating done
-- Build files have been written to: /home/ubuntu/ros2_ws/build/drone_sensors
[35m[1mConsolidate compiler generated dependencies of target height_sensor[0m
[ 50%] [32mBuilding CXX object CMakeFiles/height_sensor.dir/src/height_sensor.cpp.o[0m
[100%] [32m[1mLinking CXX executable height_sensor[0m
[100%] Built target height_sensor
-- Install configuration: "RELWITHDEBINFO"
-- Execute custom install script
-- Up-to-date symlink: /home/ubuntu/ros2_ws/install/drone_sensors/lib/drone_sensors/height_sensor
-- Up-to-date symlink: /home/ubuntu/ros2_ws/install/drone_sensors/share/ament_index/resource_index/package_run_dependencies/drone_sensors
-- Up-to-date symlink: /home/ubuntu/ros2_ws/install/drone_sensors/share/ament_index/resource_index/parent_prefix_path/drone_sensors
-- Up-to-date symlink: /home/ubuntu/ros2_ws/install/drone_sensors/share/drone_sensors/environment/ament_prefix_path.sh
-- Up-to-date symlink: /home/ubuntu/ros2_ws/install/drone_sensors/share/drone_sensors/environment/ament_prefix_path.dsv
-- Up-to-date symlink: /home/ubuntu/ros2_ws/install/drone_sensors/share/drone_sensors/environment/path.sh
-- Up-to-date symlink: /home/ubuntu/ros2_ws/install/drone_sensors/share/drone_sensors/environment/path.dsv
-- Up-to-date symlink: /home/ubuntu/ros2_ws/install/drone_sensors/share/drone_sensors/local_setup.bash
-- Up-to-date symlink: /home/ubuntu/ros2_ws/install/drone_sensors/share/drone_sensors/local_setup.sh
-- Up-to-date symlink: /home/ubuntu/ros2_ws/install/drone_sensors/share/drone_sensors/local_setup.zsh
-- Up-to-date symlink: /home/ubuntu/ros2_ws/install/drone_sensors/share/drone_sensors/local_setup.dsv
-- Symlinking: /home/ubuntu/ros2_ws/install/drone_sensors/share/drone_sensors/package.dsv
-- Up-to-date symlink: /home/ubuntu/ros2_ws/install/drone_sensors/share/ament_index/resource_index/packages/drone_sensors
-- Up-to-date symlink: /home/ubuntu/ros2_ws/install/drone_sensors/share/drone_sensors/cmake/drone_sensorsConfig.cmake
-- Up-to-date symlink: /home/ubuntu/ros2_ws/install/drone_sensors/share/drone_sensors/cmake/drone_sensorsConfig-version.cmake
-- Up-to-date symlink: /home/ubuntu/ros2_ws/install/drone_sensors/share/drone_sensors/package.xml
