[0.098s] Invoking command in '/home/ubuntu/ros2_ws/build/px4_ros_com': CMAKE_PREFIX_PATH=/home/ubuntu/ros2_ws/install/px4_msgs:/home/ubuntu/ros2_ws/install/beacon_positioning:/home/ubuntu/ros2_ws/install/px4_ros_com:/home/ubuntu/ros2_ws/install/drone_sensors:/opt/ros/foxy LD_LIBRARY_PATH=/home/ubuntu/ros2_ws/install/px4_msgs/lib:/home/ubuntu/ros2_ws/install/px4_ros_com/lib:/opt/ros/foxy/opt/yaml_cpp_vendor/lib:/opt/ros/foxy/lib/aarch64-linux-gnu:/opt/ros/foxy/lib /usr/bin/cmake --build /home/ubuntu/ros2_ws/build/px4_ros_com -- -j4 -l4
[0.419s] [ 20%] Built target vehicle_gps_position_listener
[0.425s] [ 60%] Built target offboard_control
[0.426s] [ 60%] Built target debug_vect_advertiser
[0.440s] [ 80%] Built target frame_transforms
[0.575s] [100%] Built target sensor_combined_listener
[0.612s] Invoked command in '/home/ubuntu/ros2_ws/build/px4_ros_com' returned '0': CMAKE_PREFIX_PATH=/home/ubuntu/ros2_ws/install/px4_msgs:/home/ubuntu/ros2_ws/install/beacon_positioning:/home/ubuntu/ros2_ws/install/px4_ros_com:/home/ubuntu/ros2_ws/install/drone_sensors:/opt/ros/foxy LD_LIBRARY_PATH=/home/ubuntu/ros2_ws/install/px4_msgs/lib:/home/ubuntu/ros2_ws/install/px4_ros_com/lib:/opt/ros/foxy/opt/yaml_cpp_vendor/lib:/opt/ros/foxy/lib/aarch64-linux-gnu:/opt/ros/foxy/lib /usr/bin/cmake --build /home/ubuntu/ros2_ws/build/px4_ros_com -- -j4 -l4
[0.802s] Invoking command in '/home/ubuntu/ros2_ws/build/px4_ros_com': CMAKE_PREFIX_PATH=/home/ubuntu/ros2_ws/install/px4_msgs:/home/ubuntu/ros2_ws/install/beacon_positioning:/home/ubuntu/ros2_ws/install/px4_ros_com:/home/ubuntu/ros2_ws/install/drone_sensors:/opt/ros/foxy LD_LIBRARY_PATH=/home/ubuntu/ros2_ws/install/px4_msgs/lib:/home/ubuntu/ros2_ws/install/px4_ros_com/lib:/opt/ros/foxy/opt/yaml_cpp_vendor/lib:/opt/ros/foxy/lib/aarch64-linux-gnu:/opt/ros/foxy/lib /usr/bin/cmake --install /home/ubuntu/ros2_ws/build/px4_ros_com
[0.837s] -- Install configuration: "RELWITHDEBINFO"
[0.840s] -- Execute custom install script
[0.843s] -- Up-to-date symlink: /home/ubuntu/ros2_ws/install/px4_ros_com/lib/px4_ros_com/sensor_combined_listener
[0.845s] -- Up-to-date symlink: /home/ubuntu/ros2_ws/install/px4_ros_com/lib/px4_ros_com/vehicle_gps_position_listener
[0.848s] -- Up-to-date symlink: /home/ubuntu/ros2_ws/install/px4_ros_com/lib/px4_ros_com/debug_vect_advertiser
[0.850s] -- Up-to-date symlink: /home/ubuntu/ros2_ws/install/px4_ros_com/lib/px4_ros_com/offboard_control
[0.852s] -- Up-to-date symlink: /home/ubuntu/ros2_ws/install/px4_ros_com/share/px4_ros_com/environment/library_path.sh
[0.853s] -- Up-to-date symlink: /home/ubuntu/ros2_ws/install/px4_ros_com/share/px4_ros_com/environment/library_path.dsv
[0.855s] -- Up-to-date symlink: /home/ubuntu/ros2_ws/install/px4_ros_com/include/px4_ros_com/frame_transforms.h
[0.858s] -- Up-to-date symlink: /home/ubuntu/ros2_ws/install/px4_ros_com/share/px4_ros_com//launch/offboard_control_launch.yaml
[0.859s] -- Up-to-date symlink: /home/ubuntu/ros2_ws/install/px4_ros_com/share/px4_ros_com//launch/sensor_combined_listener.launch.py
[0.861s] -- Up-to-date symlink: /home/ubuntu/ros2_ws/install/px4_ros_com/share/px4_ros_com//test/__init__.py
[0.862s] -- Up-to-date symlink: /home/ubuntu/ros2_ws/install/px4_ros_com/share/px4_ros_com//test/pipeline_io_test.py
[0.863s] -- Up-to-date symlink: /home/ubuntu/ros2_ws/install/px4_ros_com/share/px4_ros_com//test/test_input.py
[0.864s] -- Up-to-date symlink: /home/ubuntu/ros2_ws/install/px4_ros_com/share/px4_ros_com//test/test_output.py
[0.865s] -- Up-to-date symlink: /home/ubuntu/ros2_ws/install/px4_ros_com/share/ament_index/resource_index/package_run_dependencies/px4_ros_com
[0.867s] -- Up-to-date symlink: /home/ubuntu/ros2_ws/install/px4_ros_com/share/ament_index/resource_index/parent_prefix_path/px4_ros_com
[0.868s] -- Up-to-date symlink: /home/ubuntu/ros2_ws/install/px4_ros_com/share/px4_ros_com/environment/ament_prefix_path.sh
[0.869s] -- Up-to-date symlink: /home/ubuntu/ros2_ws/install/px4_ros_com/share/px4_ros_com/environment/ament_prefix_path.dsv
[0.870s] -- Up-to-date symlink: /home/ubuntu/ros2_ws/install/px4_ros_com/share/px4_ros_com/environment/path.sh
[0.872s] -- Up-to-date symlink: /home/ubuntu/ros2_ws/install/px4_ros_com/share/px4_ros_com/environment/path.dsv
[0.873s] -- Up-to-date symlink: /home/ubuntu/ros2_ws/install/px4_ros_com/share/px4_ros_com/local_setup.bash
[0.874s] -- Up-to-date symlink: /home/ubuntu/ros2_ws/install/px4_ros_com/share/px4_ros_com/local_setup.sh
[0.875s] -- Up-to-date symlink: /home/ubuntu/ros2_ws/install/px4_ros_com/share/px4_ros_com/local_setup.zsh
[0.877s] -- Up-to-date symlink: /home/ubuntu/ros2_ws/install/px4_ros_com/share/px4_ros_com/local_setup.dsv
[0.878s] -- Symlinking: /home/ubuntu/ros2_ws/install/px4_ros_com/share/px4_ros_com/package.dsv
[0.909s] -- Up-to-date symlink: /home/ubuntu/ros2_ws/install/px4_ros_com/share/ament_index/resource_index/packages/px4_ros_com
[0.910s] -- Up-to-date symlink: /home/ubuntu/ros2_ws/install/px4_ros_com/share/px4_ros_com/cmake/ament_cmake_export_dependencies-extras.cmake
[0.912s] -- Up-to-date symlink: /home/ubuntu/ros2_ws/install/px4_ros_com/share/px4_ros_com/cmake/ament_cmake_export_targets-extras.cmake
[0.913s] -- Up-to-date symlink: /home/ubuntu/ros2_ws/install/px4_ros_com/share/px4_ros_com/cmake/ament_cmake_export_include_directories-extras.cmake
[0.915s] -- Up-to-date symlink: /home/ubuntu/ros2_ws/install/px4_ros_com/share/px4_ros_com/cmake/ament_cmake_export_libraries-extras.cmake
[0.916s] -- Up-to-date symlink: /home/ubuntu/ros2_ws/install/px4_ros_com/share/px4_ros_com/cmake/px4_ros_comConfig.cmake
[0.918s] -- Up-to-date symlink: /home/ubuntu/ros2_ws/install/px4_ros_com/share/px4_ros_com/cmake/px4_ros_comConfig-version.cmake
[0.919s] -- Up-to-date symlink: /home/ubuntu/ros2_ws/install/px4_ros_com/share/px4_ros_com/package.xml
[0.921s] -- Installing: /home/ubuntu/ros2_ws/install/px4_ros_com/lib/libframe_transforms.so
[1.222s] -- Set runtime path of "/home/ubuntu/ros2_ws/install/px4_ros_com/lib/libframe_transforms.so" to ""
[1.224s] -- Installing: /home/ubuntu/ros2_ws/install/px4_ros_com/share/px4_ros_com/cmake/export_frame_transformsExport.cmake
[1.226s] -- Installing: /home/ubuntu/ros2_ws/install/px4_ros_com/share/px4_ros_com/cmake/export_frame_transformsExport-relwithdebinfo.cmake
[1.244s] Invoked command in '/home/ubuntu/ros2_ws/build/px4_ros_com' returned '0': CMAKE_PREFIX_PATH=/home/ubuntu/ros2_ws/install/px4_msgs:/home/ubuntu/ros2_ws/install/beacon_positioning:/home/ubuntu/ros2_ws/install/px4_ros_com:/home/ubuntu/ros2_ws/install/drone_sensors:/opt/ros/foxy LD_LIBRARY_PATH=/home/ubuntu/ros2_ws/install/px4_msgs/lib:/home/ubuntu/ros2_ws/install/px4_ros_com/lib:/opt/ros/foxy/opt/yaml_cpp_vendor/lib:/opt/ros/foxy/lib/aarch64-linux-gnu:/opt/ros/foxy/lib /usr/bin/cmake --install /home/ubuntu/ros2_ws/build/px4_ros_com
