[0.018s] Invoking command in '/mnt/Homework/Avans/AFSTUDEERSTAGE/5g_drone_ROS2/build/px4_msgs': CMAKE_PREFIX_PATH=${CMAKE_PREFIX_PATH}:/opt/ros/humble /usr/bin/cmake /mnt/Homework/Avans/AFSTUDEERSTAGE/5g_drone_ROS2/src/px4_msgs -DCMAKE_BUILD_TYPE=RELWITHDEBINFO -DAMENT_CMAKE_SYMLINK_INSTALL=1 -DCMAKE_INSTALL_PREFIX=/mnt/Homework/Avans/AFSTUDEERSTAGE/5g_drone_ROS2/install/px4_msgs
[0.087s] -- The C compiler identification is GNU 11.3.0
[0.187s] -- The CXX compiler identification is GNU 11.3.0
[0.204s] -- Detecting C compiler ABI info
[0.323s] -- Detecting C compiler ABI info - done
[0.337s] -- Check for working C compiler: /usr/bin/cc - skipped
[0.338s] -- Detecting C compile features
[0.339s] -- Detecting C compile features - done
[0.344s] -- Detecting CXX compiler ABI info
[0.476s] -- Detecting CXX compiler ABI info - done
[0.491s] -- Check for working CXX compiler: /usr/bin/c++ - skipped
[0.491s] -- Detecting CXX compile features
[0.492s] -- Detecting CXX compile features - done
[0.495s] -- Performing Test COMPILER_SUPPORTS_CXX17
[0.627s] -- Performing Test COMPILER_SUPPORTS_CXX17 - Success
[0.629s] -- Performing Test COMPILER_SUPPORTS_CXX14
[0.764s] -- Performing Test COMPILER_SUPPORTS_CXX14 - Success
[0.766s] -- Performing Test COMPILER_SUPPORTS_CXX11
[0.881s] -- Performing Test COMPILER_SUPPORTS_CXX11 - Success
[0.882s] -- Performing Test COMPILER_SUPPORTS_CXX0X
[0.975s] -- Performing Test COMPILER_SUPPORTS_CXX0X - Success
[0.975s] -- Using C++17 compiler
[0.977s] -- Found ament_cmake: 1.3.3 (/opt/ros/humble/share/ament_cmake/cmake)
[1.149s] -- Found Python3: /usr/bin/python3.10 (found version "3.10.6") found components: Interpreter 
[1.210s] -- Override CMake install command with custom implementation using symlinks instead of copying resources
[1.239s] -- Found builtin_interfaces: 1.2.1 (/opt/ros/humble/share/builtin_interfaces/cmake)
[1.305s] -- Found rosidl_generator_c: 3.1.4 (/opt/ros/humble/share/rosidl_generator_c/cmake)
[1.313s] -- Found rosidl_adapter: 3.1.4 (/opt/ros/humble/share/rosidl_adapter/cmake)
[1.323s] -- Found rosidl_generator_cpp: 3.1.4 (/opt/ros/humble/share/rosidl_generator_cpp/cmake)
[1.339s] -- Using all available rosidl_typesupport_c: rosidl_typesupport_fastrtps_c;rosidl_typesupport_introspection_c
[1.362s] -- Using all available rosidl_typesupport_cpp: rosidl_typesupport_fastrtps_cpp;rosidl_typesupport_introspection_cpp
[1.383s] -- Found rosidl_default_generators: 1.2.0 (/opt/ros/humble/share/rosidl_default_generators/cmake)
[3.157s] -- Found ament_cmake_cppcheck: 0.12.5 (/opt/ros/humble/share/ament_cmake_cppcheck/cmake)
[3.159s] -- Found ament_cmake_cpplint: 0.12.5 (/opt/ros/humble/share/ament_cmake_cpplint/cmake)
[3.162s] -- Found ament_cmake_uncrustify: 0.12.5 (/opt/ros/humble/share/ament_cmake_uncrustify/cmake)
[3.164s] -- Found ament_cmake_ros: 0.10.0 (/opt/ros/humble/share/ament_cmake_ros/cmake)
[3.591s] -- Using all available rosidl_typesupport_c: rosidl_typesupport_fastrtps_c;rosidl_typesupport_introspection_c
[3.743s] -- Using all available rosidl_typesupport_cpp: rosidl_typesupport_fastrtps_cpp;rosidl_typesupport_introspection_cpp
[3.770s] -- Found PythonInterp: /usr/bin/python3 (found suitable version "3.10.6", minimum required is "3.6") 
[3.771s] -- Found python_cmake_module: 0.10.0 (/opt/ros/humble/share/python_cmake_module/cmake)
[3.806s] -- Found PythonLibs: /usr/lib/x86_64-linux-gnu/libpython3.10.so (found suitable version "3.10.6", minimum required is "3.5") 
[3.806s] -- Using PYTHON_EXECUTABLE: /usr/bin/python3
[3.806s] -- Using PYTHON_INCLUDE_DIRS: /usr/include/python3.10
[3.806s] -- Using PYTHON_LIBRARIES: /usr/lib/x86_64-linux-gnu/libpython3.10.so
[3.830s] -- Found PythonExtra: .so  
[3.902s] -- Found ament_cmake_flake8: 0.12.5 (/opt/ros/humble/share/ament_cmake_flake8/cmake)
[3.905s] -- Found ament_cmake_pep257: 0.12.5 (/opt/ros/humble/share/ament_cmake_pep257/cmake)
[3.972s] -- Configuring done
[4.367s] -- Generating done
[4.372s] -- Build files have been written to: /mnt/Homework/Avans/AFSTUDEERSTAGE/5g_drone_ROS2/build/px4_msgs
[4.397s] Invoked command in '/mnt/Homework/Avans/AFSTUDEERSTAGE/5g_drone_ROS2/build/px4_msgs' returned '0': CMAKE_PREFIX_PATH=${CMAKE_PREFIX_PATH}:/opt/ros/humble /usr/bin/cmake /mnt/Homework/Avans/AFSTUDEERSTAGE/5g_drone_ROS2/src/px4_msgs -DCMAKE_BUILD_TYPE=RELWITHDEBINFO -DAMENT_CMAKE_SYMLINK_INSTALL=1 -DCMAKE_INSTALL_PREFIX=/mnt/Homework/Avans/AFSTUDEERSTAGE/5g_drone_ROS2/install/px4_msgs
[4.399s] Invoking command in '/mnt/Homework/Avans/AFSTUDEERSTAGE/5g_drone_ROS2/build/px4_msgs': CMAKE_PREFIX_PATH=${CMAKE_PREFIX_PATH}:/opt/ros/humble /usr/bin/cmake --build /mnt/Homework/Avans/AFSTUDEERSTAGE/5g_drone_ROS2/build/px4_msgs -- -j12 -l12
[5.111s] [  0%] [34m[1mGenerating C code for ROS interfaces[0m
[5.117s] [  0%] Built target ament_cmake_python_symlink_px4_msgs
[5.136s] [  0%] [34m[1mGenerating C++ code for ROS interfaces[0m
[5.432s] running egg_info
[5.433s] creating px4_msgs.egg-info
[5.433s] writing px4_msgs.egg-info/PKG-INFO
[5.433s] writing dependency_links to px4_msgs.egg-info/dependency_links.txt
[5.433s] writing top-level names to px4_msgs.egg-info/top_level.txt
[5.434s] writing manifest file 'px4_msgs.egg-info/SOURCES.txt'
[5.439s] reading manifest file 'px4_msgs.egg-info/SOURCES.txt'
[5.440s] writing manifest file 'px4_msgs.egg-info/SOURCES.txt'
[5.480s] [  0%] Built target ament_cmake_python_build_px4_msgs_egg
[45.158s] [  0%] [32mBuilding C object CMakeFiles/px4_msgs__rosidl_generator_c.dir/rosidl_generator_c/px4_msgs/msg/detail/action_request__functions.c.o[0m
[45.172s] [  0%] [32mBuilding C object CMakeFiles/px4_msgs__rosidl_generator_c.dir/rosidl_generator_c/px4_msgs/msg/detail/actuator_armed__functions.c.o[0m
[45.175s] [  0%] [32mBuilding C object CMakeFiles/px4_msgs__rosidl_generator_c.dir/rosidl_generator_c/px4_msgs/msg/detail/actuator_controls__functions.c.o[0m
[45.184s] [  0%] [32mBuilding C object CMakeFiles/px4_msgs__rosidl_generator_c.dir/rosidl_generator_c/px4_msgs/msg/detail/actuator_controls0__functions.c.o[0m
[45.188s] [  0%] [32mBuilding C object CMakeFiles/px4_msgs__rosidl_generator_c.dir/rosidl_generator_c/px4_msgs/msg/detail/actuator_controls1__functions.c.o[0m
[45.195s] [  0%] [32mBuilding C object CMakeFiles/px4_msgs__rosidl_generator_c.dir/rosidl_generator_c/px4_msgs/msg/detail/actuator_controls2__functions.c.o[0m
[45.209s] [  0%] [32mBuilding C object CMakeFiles/px4_msgs__rosidl_generator_c.dir/rosidl_generator_c/px4_msgs/msg/detail/actuator_controls3__functions.c.o[0m
[45.221s] [  0%] [32mBuilding C object CMakeFiles/px4_msgs__rosidl_generator_c.dir/rosidl_generator_c/px4_msgs/msg/detail/actuator_controls_status__functions.c.o[0m
[45.301s] [  0%] [32mBuilding C object CMakeFiles/px4_msgs__rosidl_generator_c.dir/rosidl_generator_c/px4_msgs/msg/detail/actuator_controls_status0__functions.c.o[0m
[45.310s] [  0%] [32mBuilding C object CMakeFiles/px4_msgs__rosidl_generator_c.dir/rosidl_generator_c/px4_msgs/msg/detail/actuator_controls_virtual_fw__functions.c.o[0m
[45.339s] [  0%] [32mBuilding C object CMakeFiles/px4_msgs__rosidl_generator_c.dir/rosidl_generator_c/px4_msgs/msg/detail/actuator_controls_status1__functions.c.o[0m
[45.434s] [  0%] [32mBuilding C object CMakeFiles/px4_msgs__rosidl_generator_c.dir/rosidl_generator_c/px4_msgs/msg/detail/actuator_controls_virtual_mc__functions.c.o[0m
[45.445s] [  0%] [32mBuilding C object CMakeFiles/px4_msgs__rosidl_generator_c.dir/rosidl_generator_c/px4_msgs/msg/detail/actuator_motors__functions.c.o[0m
[45.452s] [  1%] [32mBuilding C object CMakeFiles/px4_msgs__rosidl_generator_c.dir/rosidl_generator_c/px4_msgs/msg/detail/actuator_outputs_sim__functions.c.o[0m
[45.472s] [  1%] [32mBuilding C object CMakeFiles/px4_msgs__rosidl_generator_c.dir/rosidl_generator_c/px4_msgs/msg/detail/actuator_outputs__functions.c.o[0m
[45.481s] [  1%] [32mBuilding C object CMakeFiles/px4_msgs__rosidl_generator_c.dir/rosidl_generator_c/px4_msgs/msg/detail/actuator_servos_trim__functions.c.o[0m
[45.482s] [  1%] [32mBuilding C object CMakeFiles/px4_msgs__rosidl_generator_c.dir/rosidl_generator_c/px4_msgs/msg/detail/actuator_test__functions.c.o[0m
[45.494s] [  1%] [32mBuilding C object CMakeFiles/px4_msgs__rosidl_generator_c.dir/rosidl_generator_c/px4_msgs/msg/detail/actuator_servos__functions.c.o[0m
[45.533s] [  1%] [32mBuilding C object CMakeFiles/px4_msgs__rosidl_generator_c.dir/rosidl_generator_c/px4_msgs/msg/detail/adc_report__functions.c.o[0m
[45.557s] [  1%] [32mBuilding C object CMakeFiles/px4_msgs__rosidl_generator_c.dir/rosidl_generator_c/px4_msgs/msg/detail/airspeed__functions.c.o[0m
[45.585s] [  1%] [32mBuilding C object CMakeFiles/px4_msgs__rosidl_generator_c.dir/rosidl_generator_c/px4_msgs/msg/detail/airspeed_validated__functions.c.o[0m
[45.629s] [  1%] [32mBuilding C object CMakeFiles/px4_msgs__rosidl_generator_c.dir/rosidl_generator_c/px4_msgs/msg/detail/airspeed_wind__functions.c.o[0m
[45.692s] [  1%] [32mBuilding C object CMakeFiles/px4_msgs__rosidl_generator_c.dir/rosidl_generator_c/px4_msgs/msg/detail/autotune_attitude_control_status__functions.c.o[0m
[45.709s] [  1%] [32mBuilding C object CMakeFiles/px4_msgs__rosidl_generator_c.dir/rosidl_generator_c/px4_msgs/msg/detail/battery_status__functions.c.o[0m
[45.735s] [  1%] [32mBuilding C object CMakeFiles/px4_msgs__rosidl_generator_c.dir/rosidl_generator_c/px4_msgs/msg/detail/button_event__functions.c.o[0m
[45.769s] [  1%] [32mBuilding C object CMakeFiles/px4_msgs__rosidl_generator_c.dir/rosidl_generator_c/px4_msgs/msg/detail/camera_capture__functions.c.o[0m
[45.782s] [  1%] [32mBuilding C object CMakeFiles/px4_msgs__rosidl_generator_c.dir/rosidl_generator_c/px4_msgs/msg/detail/camera_status__functions.c.o[0m
[45.784s] [  1%] [32mBuilding C object CMakeFiles/px4_msgs__rosidl_generator_c.dir/rosidl_generator_c/px4_msgs/msg/detail/camera_trigger__functions.c.o[0m
[45.836s] [  1%] [32mBuilding C object CMakeFiles/px4_msgs__rosidl_generator_c.dir/rosidl_generator_c/px4_msgs/msg/detail/cellular_status__functions.c.o[0m
[45.864s] [  1%] [32mBuilding C object CMakeFiles/px4_msgs__rosidl_generator_c.dir/rosidl_generator_c/px4_msgs/msg/detail/collision_constraints__functions.c.o[0m
[45.888s] [  1%] [32mBuilding C object CMakeFiles/px4_msgs__rosidl_generator_c.dir/rosidl_generator_c/px4_msgs/msg/detail/collision_report__functions.c.o[0m
[45.896s] [  2%] [32mBuilding C object CMakeFiles/px4_msgs__rosidl_generator_c.dir/rosidl_generator_c/px4_msgs/msg/detail/commander_state__functions.c.o[0m
[45.944s] [  2%] [32mBuilding C object CMakeFiles/px4_msgs__rosidl_generator_c.dir/rosidl_generator_c/px4_msgs/msg/detail/control_allocator_status__functions.c.o[0m
[45.991s] [  2%] [32mBuilding C object CMakeFiles/px4_msgs__rosidl_generator_c.dir/rosidl_generator_c/px4_msgs/msg/detail/cpuload__functions.c.o[0m
[45.992s] [  2%] [32mBuilding C object CMakeFiles/px4_msgs__rosidl_generator_c.dir/rosidl_generator_c/px4_msgs/msg/detail/debug_array__functions.c.o[0m
[46.025s] [  2%] [32mBuilding C object CMakeFiles/px4_msgs__rosidl_generator_c.dir/rosidl_generator_c/px4_msgs/msg/detail/debug_key_value__functions.c.o[0m
[46.046s] [  2%] [32mBuilding C object CMakeFiles/px4_msgs__rosidl_generator_c.dir/rosidl_generator_c/px4_msgs/msg/detail/debug_value__functions.c.o[0m
[46.063s] [  2%] [32mBuilding C object CMakeFiles/px4_msgs__rosidl_generator_c.dir/rosidl_generator_c/px4_msgs/msg/detail/debug_vect__functions.c.o[0m
[46.089s] [  2%] [32mBuilding C object CMakeFiles/px4_msgs__rosidl_generator_c.dir/rosidl_generator_c/px4_msgs/msg/detail/differential_pressure__functions.c.o[0m
[46.109s] [  2%] [32mBuilding C object CMakeFiles/px4_msgs__rosidl_generator_c.dir/rosidl_generator_c/px4_msgs/msg/detail/distance_sensor__functions.c.o[0m
[46.129s] [  2%] [32mBuilding C object CMakeFiles/px4_msgs__rosidl_generator_c.dir/rosidl_generator_c/px4_msgs/msg/detail/ekf2_timestamps__functions.c.o[0m
[46.201s] [  2%] [32mBuilding C object CMakeFiles/px4_msgs__rosidl_generator_c.dir/rosidl_generator_c/px4_msgs/msg/detail/esc_report__functions.c.o[0m
[46.231s] [  2%] [32mBuilding C object CMakeFiles/px4_msgs__rosidl_generator_c.dir/rosidl_generator_c/px4_msgs/msg/detail/esc_status__functions.c.o[0m
[46.237s] [  2%] [32mBuilding C object CMakeFiles/px4_msgs__rosidl_generator_c.dir/rosidl_generator_c/px4_msgs/msg/detail/estimator_attitude__functions.c.o[0m
[46.247s] [  2%] [32mBuilding C object CMakeFiles/px4_msgs__rosidl_generator_c.dir/rosidl_generator_c/px4_msgs/msg/detail/estimator_baro_bias__functions.c.o[0m
[46.303s] [  2%] [32mBuilding C object CMakeFiles/px4_msgs__rosidl_generator_c.dir/rosidl_generator_c/px4_msgs/msg/detail/estimator_event_flags__functions.c.o[0m
[46.304s] [  2%] [32mBuilding C object CMakeFiles/px4_msgs__rosidl_generator_c.dir/rosidl_generator_c/px4_msgs/msg/detail/estimator_global_position__functions.c.o[0m
[46.342s] [  2%] [32mBuilding C object CMakeFiles/px4_msgs__rosidl_generator_c.dir/rosidl_generator_c/px4_msgs/msg/detail/estimator_gps_status__functions.c.o[0m
[46.345s] [  2%] [32mBuilding C object CMakeFiles/px4_msgs__rosidl_generator_c.dir/rosidl_generator_c/px4_msgs/msg/detail/estimator_innovation_test_ratios__functions.c.o[0m
[46.350s] [  3%] [32mBuilding C object CMakeFiles/px4_msgs__rosidl_generator_c.dir/rosidl_generator_c/px4_msgs/msg/detail/estimator_innovation_variances__functions.c.o[0m
[46.370s] [  3%] [32mBuilding C object CMakeFiles/px4_msgs__rosidl_generator_c.dir/rosidl_generator_c/px4_msgs/msg/detail/estimator_innovations__functions.c.o[0m
[46.430s] [  3%] [32mBuilding C object CMakeFiles/px4_msgs__rosidl_generator_c.dir/rosidl_generator_c/px4_msgs/msg/detail/estimator_local_position__functions.c.o[0m
[46.458s] [  3%] [32mBuilding C object CMakeFiles/px4_msgs__rosidl_generator_c.dir/rosidl_generator_c/px4_msgs/msg/detail/estimator_odometry__functions.c.o[0m
[46.461s] [  3%] [32mBuilding C object CMakeFiles/px4_msgs__rosidl_generator_c.dir/rosidl_generator_c/px4_msgs/msg/detail/estimator_optical_flow_vel__functions.c.o[0m
[46.469s] [  3%] [32mBuilding C object CMakeFiles/px4_msgs__rosidl_generator_c.dir/rosidl_generator_c/px4_msgs/msg/detail/estimator_selector_status__functions.c.o[0m
[46.516s] [  3%] [32mBuilding C object CMakeFiles/px4_msgs__rosidl_generator_c.dir/rosidl_generator_c/px4_msgs/msg/detail/estimator_sensor_bias__functions.c.o[0m
[46.522s] [  3%] [32mBuilding C object CMakeFiles/px4_msgs__rosidl_generator_c.dir/rosidl_generator_c/px4_msgs/msg/detail/estimator_states__functions.c.o[0m
[46.545s] [  3%] [32mBuilding C object CMakeFiles/px4_msgs__rosidl_generator_c.dir/rosidl_generator_c/px4_msgs/msg/detail/estimator_status__functions.c.o[0m
[46.577s] [  3%] [32mBuilding C object CMakeFiles/px4_msgs__rosidl_generator_c.dir/rosidl_generator_c/px4_msgs/msg/detail/estimator_status_flags__functions.c.o[0m
[46.623s] [  3%] [32mBuilding C object CMakeFiles/px4_msgs__rosidl_generator_c.dir/rosidl_generator_c/px4_msgs/msg/detail/estimator_visual_odometry_aligned__functions.c.o[0m
[46.629s] [  3%] [32mBuilding C object CMakeFiles/px4_msgs__rosidl_generator_c.dir/rosidl_generator_c/px4_msgs/msg/detail/estimator_wind__functions.c.o[0m
[46.675s] [  3%] [32mBuilding C object CMakeFiles/px4_msgs__rosidl_generator_c.dir/rosidl_generator_c/px4_msgs/msg/detail/event__functions.c.o[0m
[46.691s] [  3%] [32mBuilding C object CMakeFiles/px4_msgs__rosidl_generator_c.dir/rosidl_generator_c/px4_msgs/msg/detail/failure_detector_status__functions.c.o[0m
[46.708s] [  3%] [32mBuilding C object CMakeFiles/px4_msgs__rosidl_generator_c.dir/rosidl_generator_c/px4_msgs/msg/detail/follow_target__functions.c.o[0m
[46.724s] [  3%] [32mBuilding C object CMakeFiles/px4_msgs__rosidl_generator_c.dir/rosidl_generator_c/px4_msgs/msg/detail/fw_virtual_attitude_setpoint__functions.c.o[0m
[46.729s] [  3%] [32mBuilding C object CMakeFiles/px4_msgs__rosidl_generator_c.dir/rosidl_generator_c/px4_msgs/msg/detail/generator_status__functions.c.o[0m
[46.739s] [  4%] [32mBuilding C object CMakeFiles/px4_msgs__rosidl_generator_c.dir/rosidl_generator_c/px4_msgs/msg/detail/geofence_result__functions.c.o[0m
[46.813s] [  4%] [32mBuilding C object CMakeFiles/px4_msgs__rosidl_generator_c.dir/rosidl_generator_c/px4_msgs/msg/detail/gimbal_device_attitude_status__functions.c.o[0m
[46.815s] [  4%] [32mBuilding C object CMakeFiles/px4_msgs__rosidl_generator_c.dir/rosidl_generator_c/px4_msgs/msg/detail/gimbal_device_information__functions.c.o[0m
[46.851s] [  4%] [32mBuilding C object CMakeFiles/px4_msgs__rosidl_generator_c.dir/rosidl_generator_c/px4_msgs/msg/detail/gimbal_device_set_attitude__functions.c.o[0m
[46.854s] [  4%] [32mBuilding C object CMakeFiles/px4_msgs__rosidl_generator_c.dir/rosidl_generator_c/px4_msgs/msg/detail/gimbal_manager_information__functions.c.o[0m
[46.887s] [  4%] [32mBuilding C object CMakeFiles/px4_msgs__rosidl_generator_c.dir/rosidl_generator_c/px4_msgs/msg/detail/gimbal_manager_set_attitude__functions.c.o[0m
[46.895s] [  4%] [32mBuilding C object CMakeFiles/px4_msgs__rosidl_generator_c.dir/rosidl_generator_c/px4_msgs/msg/detail/gimbal_manager_set_manual_control__functions.c.o[0m
[46.911s] [  4%] [32mBuilding C object CMakeFiles/px4_msgs__rosidl_generator_c.dir/rosidl_generator_c/px4_msgs/msg/detail/gimbal_manager_status__functions.c.o[0m
[46.928s] [  4%] [32mBuilding C object CMakeFiles/px4_msgs__rosidl_generator_c.dir/rosidl_generator_c/px4_msgs/msg/detail/gimbal_v1_command__functions.c.o[0m
[46.949s] [  4%] [32mBuilding C object CMakeFiles/px4_msgs__rosidl_generator_c.dir/rosidl_generator_c/px4_msgs/msg/detail/gps_inject_data__functions.c.o[0m
[46.954s] [  4%] [32mBuilding C object CMakeFiles/px4_msgs__rosidl_generator_c.dir/rosidl_generator_c/px4_msgs/msg/detail/gps_dump__functions.c.o[0m
[46.963s] In file included from [01m[K/mnt/Homework/Avans/AFSTUDEERSTAGE/5g_drone_ROS2/build/px4_msgs/rosidl_generator_c/px4_msgs/msg/detail/gimbal_v1_command__functions.h:19[m[K,
[46.964s]                  from [01m[K/mnt/Homework/Avans/AFSTUDEERSTAGE/5g_drone_ROS2/build/px4_msgs/rosidl_generator_c/px4_msgs/msg/detail/gimbal_v1_command__functions.c:4[m[K:
[46.964s] [01m[K/mnt/Homework/Avans/AFSTUDEERSTAGE/5g_drone_ROS2/build/px4_msgs/rosidl_generator_c/px4_msgs/msg/detail/gimbal_v1_command__struct.h:356:3:[m[K [01;31m[Kerror: [m[Kexpected identifier or ‘[01m[K([m[K’ before ‘[01m[K/[m[K’ token
[46.964s]   356 |  *[01;31m[K/[m[K
[46.964s]       |   [01;31m[K^[m[K
[46.964s] [01m[K/mnt/Homework/Avans/AFSTUDEERSTAGE/5g_drone_ROS2/build/px4_msgs/rosidl_generator_c/px4_msgs/msg/detail/gimbal_v1_command__struct.h:365:3:[m[K [01;31m[Kerror: [m[Kexpected identifier or ‘[01m[K([m[K’ before ‘[01m[K/[m[K’ token
[46.965s]   365 |  *[01;31m[K/[m[K
[46.965s]       |   [01;31m[K^[m[K
[46.986s] gmake[2]: *** [CMakeFiles/px4_msgs__rosidl_generator_c.dir/build.make:4551: CMakeFiles/px4_msgs__rosidl_generator_c.dir/rosidl_generator_c/px4_msgs/msg/detail/gimbal_v1_command__functions.c.o] Error 1
[46.987s] gmake[2]: *** Waiting for unfinished jobs....
[47.002s] [  4%] [32mBuilding C object CMakeFiles/px4_msgs__rosidl_generator_c.dir/rosidl_generator_c/px4_msgs/msg/detail/heater_status__functions.c.o[0m
[47.229s] gmake[1]: *** [CMakeFiles/Makefile2:213: CMakeFiles/px4_msgs__rosidl_generator_c.dir/all] Error 2
[47.230s] gmake[1]: *** Waiting for unfinished jobs....
[47.304s] [  4%] Built target px4_msgs__cpp
[47.305s] gmake: *** [Makefile:146: all] Error 2
[47.308s] Invoked command in '/mnt/Homework/Avans/AFSTUDEERSTAGE/5g_drone_ROS2/build/px4_msgs' returned '2': CMAKE_PREFIX_PATH=${CMAKE_PREFIX_PATH}:/opt/ros/humble /usr/bin/cmake --build /mnt/Homework/Avans/AFSTUDEERSTAGE/5g_drone_ROS2/build/px4_msgs -- -j12 -l12
