[0.057s] Invoking command in '/home/ubuntu/ros2_ws/build/drone_sensors': CMAKE_PREFIX_PATH=${CMAKE_PREFIX_PATH}:/opt/ros/humble /usr/bin/cmake /home/ubuntu/ros2_ws/src/drone_sensors -DAMENT_CMAKE_SYMLINK_INSTALL=1 -DCMAKE_INSTALL_PREFIX=/home/ubuntu/ros2_ws/install/drone_sensors
[0.318s] -- The C compiler identification is GNU 11.3.0
[0.583s] -- The CXX compiler identification is GNU 11.3.0
[0.614s] -- Detecting C compiler ABI info
[0.932s] -- Detecting C compiler ABI info - done
[0.958s] -- Check for working C compiler: /usr/bin/cc - skipped
[0.960s] -- Detecting C compile features
[0.961s] -- Detecting C compile features - done
[0.972s] -- Detecting CXX compiler ABI info
[1.323s] -- Detecting CXX compiler ABI info - done
[1.351s] -- Check for working CXX compiler: /usr/bin/c++ - skipped
[1.351s] -- Detecting CXX compile features
[1.353s] -- Detecting CXX compile features - done
[1.385s] -- Found ament_cmake: 1.3.3 (/opt/ros/humble/share/ament_cmake/cmake)
[2.270s] -- Found Python3: /usr/bin/python3.10 (found version "3.10.6") found components: Interpreter 
[2.584s] -- Override CMake install command with custom implementation using symlinks instead of copying resources
[2.882s] -- Found rclcpp: 16.0.3 (/opt/ros/humble/share/rclcpp/cmake)
[3.272s] -- Found rosidl_generator_c: 3.1.4 (/opt/ros/humble/share/rosidl_generator_c/cmake)
[3.319s] -- Found rosidl_adapter: 3.1.4 (/opt/ros/humble/share/rosidl_adapter/cmake)
[3.397s] -- Found rosidl_generator_cpp: 3.1.4 (/opt/ros/humble/share/rosidl_generator_cpp/cmake)
[3.514s] -- Using all available rosidl_typesupport_c: rosidl_typesupport_fastrtps_c;rosidl_typesupport_introspection_c
[3.670s] -- Using all available rosidl_typesupport_cpp: rosidl_typesupport_fastrtps_cpp;rosidl_typesupport_introspection_cpp
[4.126s] -- Found rmw_implementation_cmake: 6.1.1 (/opt/ros/humble/share/rmw_implementation_cmake/cmake)
[4.150s] -- Found rmw_fastrtps_cpp: 6.2.2 (/opt/ros/humble/share/rmw_fastrtps_cpp/cmake)
[4.676s] -- Found OpenSSL: /usr/lib/aarch64-linux-gnu/libcrypto.so (found version "3.0.2")  
[4.806s] -- Found FastRTPS: /opt/ros/humble/include  
[5.024s] -- Using RMW implementation 'rmw_fastrtps_cpp' as default
[5.114s] -- Looking for pthread.h
[5.499s] -- Looking for pthread.h - found
[5.502s] -- Performing Test CMAKE_HAVE_LIBC_PTHREAD
[5.832s] -- Performing Test CMAKE_HAVE_LIBC_PTHREAD - Success
[5.837s] -- Found Threads: TRUE  
[6.609s] -- Found ament_lint_auto: 0.12.5 (/opt/ros/humble/share/ament_lint_auto/cmake)
[7.053s] -- Added test 'cppcheck' to perform static code analysis on C / C++ code
[7.054s] -- Configured cppcheck include dirs: 
[7.054s] -- Configured cppcheck exclude dirs and/or files: 
[7.059s] -- Added test 'lint_cmake' to check CMake code style
[7.066s] -- Added test 'uncrustify' to check C / C++ code style
[7.066s] -- Configured uncrustify additional arguments: 
[7.069s] -- Added test 'xmllint' to check XML markup files
[7.081s] -- Configuring done
[7.145s] -- Generating done
[7.152s] -- Build files have been written to: /home/ubuntu/ros2_ws/build/drone_sensors
[7.184s] Invoked command in '/home/ubuntu/ros2_ws/build/drone_sensors' returned '0': CMAKE_PREFIX_PATH=${CMAKE_PREFIX_PATH}:/opt/ros/humble /usr/bin/cmake /home/ubuntu/ros2_ws/src/drone_sensors -DAMENT_CMAKE_SYMLINK_INSTALL=1 -DCMAKE_INSTALL_PREFIX=/home/ubuntu/ros2_ws/install/drone_sensors
[7.194s] Invoking command in '/home/ubuntu/ros2_ws/build/drone_sensors': CMAKE_PREFIX_PATH=${CMAKE_PREFIX_PATH}:/opt/ros/humble /usr/bin/cmake --build /home/ubuntu/ros2_ws/build/drone_sensors -- -j4 -l4
[7.383s] [ 50%] [32mBuilding CXX object CMakeFiles/height_sensor.dir/src/height_sensor.cpp.o[0m
[29.671s] [100%] [32m[1mLinking CXX executable height_sensor[0m
[30.886s] [100%] Built target height_sensor
[30.927s] Invoked command in '/home/ubuntu/ros2_ws/build/drone_sensors' returned '0': CMAKE_PREFIX_PATH=${CMAKE_PREFIX_PATH}:/opt/ros/humble /usr/bin/cmake --build /home/ubuntu/ros2_ws/build/drone_sensors -- -j4 -l4
[31.092s] Invoking command in '/home/ubuntu/ros2_ws/build/drone_sensors': CMAKE_PREFIX_PATH=${CMAKE_PREFIX_PATH}:/opt/ros/humble /usr/bin/cmake --install /home/ubuntu/ros2_ws/build/drone_sensors
[31.118s] -- Install configuration: ""
[31.120s] -- Execute custom install script
[31.123s] -- Symlinking: /home/ubuntu/ros2_ws/install/drone_sensors/lib/drone_sensors/height_sensor
[31.155s] -- Symlinking: /home/ubuntu/ros2_ws/install/drone_sensors/share/ament_index/resource_index/package_run_dependencies/drone_sensors
[31.188s] -- Symlinking: /home/ubuntu/ros2_ws/install/drone_sensors/share/ament_index/resource_index/parent_prefix_path/drone_sensors
[31.222s] -- Symlinking: /home/ubuntu/ros2_ws/install/drone_sensors/share/drone_sensors/environment/ament_prefix_path.sh
[31.253s] -- Symlinking: /home/ubuntu/ros2_ws/install/drone_sensors/share/drone_sensors/environment/ament_prefix_path.dsv
[31.285s] -- Symlinking: /home/ubuntu/ros2_ws/install/drone_sensors/share/drone_sensors/environment/path.sh
[31.320s] -- Symlinking: /home/ubuntu/ros2_ws/install/drone_sensors/share/drone_sensors/environment/path.dsv
[31.353s] -- Symlinking: /home/ubuntu/ros2_ws/install/drone_sensors/share/drone_sensors/local_setup.bash
[31.386s] -- Symlinking: /home/ubuntu/ros2_ws/install/drone_sensors/share/drone_sensors/local_setup.sh
[31.418s] -- Symlinking: /home/ubuntu/ros2_ws/install/drone_sensors/share/drone_sensors/local_setup.zsh
[31.451s] -- Symlinking: /home/ubuntu/ros2_ws/install/drone_sensors/share/drone_sensors/local_setup.dsv
[31.484s] -- Symlinking: /home/ubuntu/ros2_ws/install/drone_sensors/share/drone_sensors/package.dsv
[31.516s] -- Symlinking: /home/ubuntu/ros2_ws/install/drone_sensors/share/ament_index/resource_index/packages/drone_sensors
[31.549s] -- Symlinking: /home/ubuntu/ros2_ws/install/drone_sensors/share/drone_sensors/cmake/drone_sensorsConfig.cmake
[31.580s] -- Symlinking: /home/ubuntu/ros2_ws/install/drone_sensors/share/drone_sensors/cmake/drone_sensorsConfig-version.cmake
[31.614s] -- Symlinking: /home/ubuntu/ros2_ws/install/drone_sensors/share/drone_sensors/package.xml
[31.653s] Invoked command in '/home/ubuntu/ros2_ws/build/drone_sensors' returned '0': CMAKE_PREFIX_PATH=${CMAKE_PREFIX_PATH}:/opt/ros/humble /usr/bin/cmake --install /home/ubuntu/ros2_ws/build/drone_sensors
