[35m[1mScanning dependencies of target tracker_position[0m
[ 50%] [32mBuilding CXX object CMakeFiles/tracker_position.dir/src/tracker_position.cpp.o[0m
[01m[K/home/ubuntu/ros2_ws/src/beacon_positioning/src/tracker_position.cpp:75:26:[m[K [01;31m[Kerror: [m[K‘[01m[Kstd_msgs::msg[m[K’ is not a type
   75 |   void publish(std_msgs::[01;31m[Kmsg[m[K msg)
      |                          [01;31m[K^~~[m[K
In file included from [01m[K/opt/ros/foxy/include/rclcpp/client.hpp:40[m[K,
                 from [01m[K/opt/ros/foxy/include/rclcpp/callback_group.hpp:23[m[K,
                 from [01m[K/opt/ros/foxy/include/rclcpp/any_executable.hpp:20[m[K,
                 from [01m[K/opt/ros/foxy/include/rclcpp/memory_strategy.hpp:24[m[K,
                 from [01m[K/opt/ros/foxy/include/rclcpp/memory_strategies.hpp:18[m[K,
                 from [01m[K/opt/ros/foxy/include/rclcpp/executor_options.hpp:20[m[K,
                 from [01m[K/opt/ros/foxy/include/rclcpp/executor.hpp:33[m[K,
                 from [01m[K/opt/ros/foxy/include/rclcpp/executors/multi_threaded_executor.hpp:26[m[K,
                 from [01m[K/opt/ros/foxy/include/rclcpp/executors.hpp:21[m[K,
                 from [01m[K/opt/ros/foxy/include/rclcpp/rclcpp.hpp:146[m[K,
                 from [01m[K/home/ubuntu/ros2_ws/src/beacon_positioning/src/tracker_position.cpp:4[m[K:
[01m[K/home/ubuntu/ros2_ws/src/beacon_positioning/src/tracker_position.cpp:[m[K In lambda function:
[01m[K/home/ubuntu/ros2_ws/src/beacon_positioning/src/tracker_position.cpp:117:151:[m[K [01;31m[Kerror: [m[K‘[01m[Kconst struct terabee::RtlsDevice::tracker_msg_t[m[K’ has no member named ‘[01m[Kztracker_position_xyz[m[K’; did you mean ‘[01m[Ktracker_position_xyz[m[K’?
  117 |       RCLCPP_INFO(node->get_logger(), "x = %f, y = %f, z = %f", tracker_msg.tracker_position_xyz[0], tracker_msg.tracker_position_xyz[1], tracker_msg.[01;31m[Kztracker_position_xyz[m[K[2]);
      |                                                                                                                                                       [01;31m[K^~~~~~~~~~~~~~~~~~~~~[m[K
[01m[K/home/ubuntu/ros2_ws/src/beacon_positioning/src/tracker_position.cpp:120:21:[m[K [01;31m[Kerror: [m[Kcannot convert ‘[01m[Kstd_msgs::msg::String_<std::allocator<void> >[m[K’ to ‘[01m[Kint[m[K’
  120 |       node->publish([01;31m[Kmessage[m[K);
      |                     [01;31m[K^~~~~~~[m[K
      |                     [01;31m[K|[m[K
      |                     [01;31m[Kstd_msgs::msg::String_<std::allocator<void> >[m[K
[01m[K/home/ubuntu/ros2_ws/src/beacon_positioning/src/tracker_position.cpp:75:30:[m[K [01;36m[Knote: [m[K  initializing argument 1 of ‘[01m[Kvoid BeaconPositioningPublisher::publish(int)[m[K’
   75 |   void publish([01;36m[Kstd_msgs::msg msg[m[K)
      |                [01;36m[K~~~~~~~~~~~~~~^~~[m[K
make[2]: *** [CMakeFiles/tracker_position.dir/build.make:63: CMakeFiles/tracker_position.dir/src/tracker_position.cpp.o] Error 1
make[1]: *** [CMakeFiles/Makefile2:78: CMakeFiles/tracker_position.dir/all] Error 2
make: *** [Makefile:141: all] Error 2
