[0.116s] Invoking command in '/home/ubuntu/ros2_ws/build/beacon_positioning': CMAKE_PREFIX_PATH=${CMAKE_PREFIX_PATH}:/opt/ros/foxy /usr/bin/cmake --build /home/ubuntu/ros2_ws/build/beacon_positioning -- -j4 -l4
[0.292s] [35m[1mScanning dependencies of target tracker_position[0m
[0.414s] [ 50%] [32mBuilding CXX object CMakeFiles/tracker_position.dir/src/tracker_position.cpp.o[0m
[6.959s] [01m[K/home/ubuntu/ros2_ws/src/beacon_positioning/src/tracker_position.cpp:[m[K In lambda function:
[6.960s] [01m[K/home/ubuntu/ros2_ws/src/beacon_positioning/src/tracker_position.cpp:119:61:[m[K [01;31m[Kerror: [m[Kinvalid initialization of reference of type ‘[01m[Kconst main(int, char**)::<lambda(const terabee::RtlsDevice::tracker_msg_t&)>::anchor_data_t&[m[K’ from expression of type ‘[01m[Kconst terabee::RtlsDevice::anchor_data_t[m[K’
[6.960s]   119 |       for (const struct anchor_data_t &anchor : tracker_msg.[01;31m[Kanchors_data[m[K)
[6.960s]       |                                                             [01;31m[K^~~~~~~~~~~~[m[K
[6.962s] In file included from [01m[K/opt/ros/foxy/include/rclcpp/client.hpp:40[m[K,
[6.962s]                  from [01m[K/opt/ros/foxy/include/rclcpp/callback_group.hpp:23[m[K,
[6.962s]                  from [01m[K/opt/ros/foxy/include/rclcpp/any_executable.hpp:20[m[K,
[6.963s]                  from [01m[K/opt/ros/foxy/include/rclcpp/memory_strategy.hpp:24[m[K,
[6.963s]                  from [01m[K/opt/ros/foxy/include/rclcpp/memory_strategies.hpp:18[m[K,
[6.963s]                  from [01m[K/opt/ros/foxy/include/rclcpp/executor_options.hpp:20[m[K,
[6.964s]                  from [01m[K/opt/ros/foxy/include/rclcpp/executor.hpp:33[m[K,
[6.964s]                  from [01m[K/opt/ros/foxy/include/rclcpp/executors/multi_threaded_executor.hpp:26[m[K,
[6.964s]                  from [01m[K/opt/ros/foxy/include/rclcpp/executors.hpp:21[m[K,
[6.965s]                  from [01m[K/opt/ros/foxy/include/rclcpp/rclcpp.hpp:146[m[K,
[6.965s]                  from [01m[K/home/ubuntu/ros2_ws/src/beacon_positioning/src/tracker_position.cpp:4[m[K:
[6.965s] [01m[K/home/ubuntu/ros2_ws/src/beacon_positioning/src/tracker_position.cpp:121:107:[m[K [01;31m[Kerror: [m[Kbase operand of ‘[01m[K->[m[K’ has non-pointer type ‘[01m[Kconst main(int, char**)::<lambda(const terabee::RtlsDevice::tracker_msg_t&)>::anchor_data_t[m[K’
[6.966s]   121 |         RCLCPP_INFO(node->get_logger(), "anchor number= %d, distance = %f, x = %f, y = %f, z = %f", anchor[01;31m[K->[m[Knumber, anchor->distance, anchor->pos_x, anchor->pos_y, anchor->pos_z);
[6.966s]       |                                                                                                           [01;31m[K^~[m[K
[6.966s] [01m[K/home/ubuntu/ros2_ws/src/beacon_positioning/src/tracker_position.cpp:121:123:[m[K [01;31m[Kerror: [m[Kbase operand of ‘[01m[K->[m[K’ has non-pointer type ‘[01m[Kconst main(int, char**)::<lambda(const terabee::RtlsDevice::tracker_msg_t&)>::anchor_data_t[m[K’
[6.967s]   121 |         RCLCPP_INFO(node->get_logger(), "anchor number= %d, distance = %f, x = %f, y = %f, z = %f", anchor->number, anchor[01;31m[K->[m[Kdistance, anchor->pos_x, anchor->pos_y, anchor->pos_z);
[6.967s]       |                                                                                                                           [01;31m[K^~[m[K
[6.967s] [01m[K/home/ubuntu/ros2_ws/src/beacon_positioning/src/tracker_position.cpp:121:141:[m[K [01;31m[Kerror: [m[Kbase operand of ‘[01m[K->[m[K’ has non-pointer type ‘[01m[Kconst main(int, char**)::<lambda(const terabee::RtlsDevice::tracker_msg_t&)>::anchor_data_t[m[K’
[6.968s]   121 |         RCLCPP_INFO(node->get_logger(), "anchor number= %d, distance = %f, x = %f, y = %f, z = %f", anchor->number, anchor->distance, anchor[01;31m[K->[m[Kpos_x, anchor->pos_y, anchor->pos_z);
[6.968s]       |                                                                                                                                             [01;31m[K^~[m[K
[6.969s] [01m[K/home/ubuntu/ros2_ws/src/beacon_positioning/src/tracker_position.cpp:121:156:[m[K [01;31m[Kerror: [m[Kbase operand of ‘[01m[K->[m[K’ has non-pointer type ‘[01m[Kconst main(int, char**)::<lambda(const terabee::RtlsDevice::tracker_msg_t&)>::anchor_data_t[m[K’
[6.969s]   121 |         RCLCPP_INFO(node->get_logger(), "anchor number= %d, distance = %f, x = %f, y = %f, z = %f", anchor->number, anchor->distance, anchor->pos_x, anchor[01;31m[K->[m[Kpos_y, anchor->pos_z);
[6.969s]       |                                                                                                                                                            [01;31m[K^~[m[K
[6.970s] [01m[K/home/ubuntu/ros2_ws/src/beacon_positioning/src/tracker_position.cpp:121:171:[m[K [01;31m[Kerror: [m[Kbase operand of ‘[01m[K->[m[K’ has non-pointer type ‘[01m[Kconst main(int, char**)::<lambda(const terabee::RtlsDevice::tracker_msg_t&)>::anchor_data_t[m[K’
[6.970s]   121 |         RCLCPP_INFO(node->get_logger(), "anchor number= %d, distance = %f, x = %f, y = %f, z = %f", anchor->number, anchor->distance, anchor->pos_x, anchor->pos_y, anchor[01;31m[K->[m[Kpos_z);
[6.971s]       |                                                                                                                                                                           [01;31m[K^~[m[K
[10.149s] make[2]: *** [CMakeFiles/tracker_position.dir/build.make:63: CMakeFiles/tracker_position.dir/src/tracker_position.cpp.o] Error 1
[10.149s] make[1]: *** [CMakeFiles/Makefile2:78: CMakeFiles/tracker_position.dir/all] Error 2
[10.150s] make: *** [Makefile:141: all] Error 2
[10.155s] Invoked command in '/home/ubuntu/ros2_ws/build/beacon_positioning' returned '2': CMAKE_PREFIX_PATH=${CMAKE_PREFIX_PATH}:/opt/ros/foxy /usr/bin/cmake --build /home/ubuntu/ros2_ws/build/beacon_positioning -- -j4 -l4
