[1.702s] DEBUG:colcon:Command line arguments: ['/home/ubuntu/.local/bin/colcon', 'build', '--packages-select', 'beacon_positioning']
[1.702s] DEBUG:colcon:Parsed command line arguments: Namespace(allow_overriding=[], ament_cmake_args=None, base_paths=['.'], build_base='build', catkin_cmake_args=None, catkin_skip_building_tests=False, cmake_args=None, cmake_clean_cache=False, cmake_clean_first=False, cmake_force_configure=False, cmake_target=None, cmake_target_skip_unavailable=False, continue_on_error=False, event_handlers=None, executor='parallel', ignore_user_meta=False, install_base='install', log_base=None, log_level=None, main=<bound method BuildVerb.main of <colcon_core.verb.build.BuildVerb object at 0xffff8134ce20>>, merge_install=False, metas=['./colcon.meta'], packages_above=None, packages_above_and_dependencies=None, packages_above_depth=None, packages_end=None, packages_ignore=None, packages_ignore_regex=None, packages_select=['beacon_positioning'], packages_select_build_failed=False, packages_select_by_dep=None, packages_select_regex=None, packages_select_test_failures=False, packages_skip=None, packages_skip_build_finished=False, packages_skip_by_dep=None, packages_skip_regex=None, packages_skip_test_passed=False, packages_skip_up_to=None, packages_start=None, packages_up_to=None, packages_up_to_regex=None, parallel_workers=4, paths=None, symlink_install=False, test_result_base=None, verb_extension=<colcon_core.verb.build.BuildVerb object at 0xffff8134ce20>, verb_name='build', verb_parser=<colcon_defaults.argument_parser.defaults.DefaultArgumentsDecorator object at 0xffff8123d700>)
[1.905s] Level 1:colcon.colcon_core.package_discovery:discover_packages(colcon_meta) check parameters
[1.905s] Level 1:colcon.colcon_core.package_discovery:discover_packages(recursive) check parameters
[1.905s] Level 1:colcon.colcon_core.package_discovery:discover_packages(ignore) check parameters
[1.905s] Level 1:colcon.colcon_core.package_discovery:discover_packages(path) check parameters
[1.905s] Level 1:colcon.colcon_core.package_discovery:discover_packages(colcon_meta) discover
[1.906s] Level 1:colcon.colcon_core.package_discovery:discover_packages(recursive) discover
[1.906s] INFO:colcon.colcon_core.package_discovery:Crawling recursively for packages in '/home/ubuntu/ros2_ws'
[1.906s] Level 1:colcon.colcon_core.package_identification:_identify(.) by extensions ['ignore', 'ignore_ament_install']
[1.907s] Level 1:colcon.colcon_core.package_identification:_identify(.) by extension 'ignore'
[1.907s] Level 1:colcon.colcon_core.package_identification:_identify(.) by extension 'ignore_ament_install'
[1.907s] Level 1:colcon.colcon_core.package_identification:_identify(.) by extensions ['colcon_pkg']
[1.907s] Level 1:colcon.colcon_core.package_identification:_identify(.) by extension 'colcon_pkg'
[1.907s] Level 1:colcon.colcon_core.package_identification:_identify(.) by extensions ['colcon_meta']
[1.908s] Level 1:colcon.colcon_core.package_identification:_identify(.) by extension 'colcon_meta'
[1.908s] Level 1:colcon.colcon_core.package_identification:_identify(.) by extensions ['ros']
[1.908s] Level 1:colcon.colcon_core.package_identification:_identify(.) by extension 'ros'
[1.991s] Level 1:colcon.colcon_core.package_identification:_identify(.) by extensions ['cmake', 'python']
[1.991s] Level 1:colcon.colcon_core.package_identification:_identify(.) by extension 'cmake'
[1.991s] Level 1:colcon.colcon_core.package_identification:_identify(.) by extension 'python'
[1.991s] Level 1:colcon.colcon_core.package_identification:_identify(.) by extensions ['python_setup_py']
[1.991s] Level 1:colcon.colcon_core.package_identification:_identify(.) by extension 'python_setup_py'
[1.992s] Level 1:colcon.colcon_core.package_identification:_identify(build) by extensions ['ignore', 'ignore_ament_install']
[1.992s] Level 1:colcon.colcon_core.package_identification:_identify(build) by extension 'ignore'
[1.992s] Level 1:colcon.colcon_core.package_identification:_identify(build) ignored
[1.993s] Level 1:colcon.colcon_core.package_identification:_identify(install) by extensions ['ignore', 'ignore_ament_install']
[1.993s] Level 1:colcon.colcon_core.package_identification:_identify(install) by extension 'ignore'
[1.994s] Level 1:colcon.colcon_core.package_identification:_identify(install) ignored
[1.994s] Level 1:colcon.colcon_core.package_identification:_identify(log) by extensions ['ignore', 'ignore_ament_install']
[1.995s] Level 1:colcon.colcon_core.package_identification:_identify(log) by extension 'ignore'
[1.995s] Level 1:colcon.colcon_core.package_identification:_identify(log) ignored
[1.995s] Level 1:colcon.colcon_core.package_identification:_identify(src) by extensions ['ignore', 'ignore_ament_install']
[1.995s] Level 1:colcon.colcon_core.package_identification:_identify(src) by extension 'ignore'
[1.996s] Level 1:colcon.colcon_core.package_identification:_identify(src) by extension 'ignore_ament_install'
[1.996s] Level 1:colcon.colcon_core.package_identification:_identify(src) by extensions ['colcon_pkg']
[1.996s] Level 1:colcon.colcon_core.package_identification:_identify(src) by extension 'colcon_pkg'
[1.996s] Level 1:colcon.colcon_core.package_identification:_identify(src) by extensions ['colcon_meta']
[1.996s] Level 1:colcon.colcon_core.package_identification:_identify(src) by extension 'colcon_meta'
[1.996s] Level 1:colcon.colcon_core.package_identification:_identify(src) by extensions ['ros']
[1.996s] Level 1:colcon.colcon_core.package_identification:_identify(src) by extension 'ros'
[1.997s] Level 1:colcon.colcon_core.package_identification:_identify(src) by extensions ['cmake', 'python']
[1.997s] Level 1:colcon.colcon_core.package_identification:_identify(src) by extension 'cmake'
[1.997s] Level 1:colcon.colcon_core.package_identification:_identify(src) by extension 'python'
[1.997s] Level 1:colcon.colcon_core.package_identification:_identify(src) by extensions ['python_setup_py']
[1.997s] Level 1:colcon.colcon_core.package_identification:_identify(src) by extension 'python_setup_py'
[1.998s] Level 1:colcon.colcon_core.package_identification:_identify(src/beacon_positioning) by extensions ['ignore', 'ignore_ament_install']
[1.998s] Level 1:colcon.colcon_core.package_identification:_identify(src/beacon_positioning) by extension 'ignore'
[1.998s] Level 1:colcon.colcon_core.package_identification:_identify(src/beacon_positioning) by extension 'ignore_ament_install'
[1.998s] Level 1:colcon.colcon_core.package_identification:_identify(src/beacon_positioning) by extensions ['colcon_pkg']
[1.999s] Level 1:colcon.colcon_core.package_identification:_identify(src/beacon_positioning) by extension 'colcon_pkg'
[1.999s] Level 1:colcon.colcon_core.package_identification:_identify(src/beacon_positioning) by extensions ['colcon_meta']
[1.999s] Level 1:colcon.colcon_core.package_identification:_identify(src/beacon_positioning) by extension 'colcon_meta'
[1.999s] Level 1:colcon.colcon_core.package_identification:_identify(src/beacon_positioning) by extensions ['ros']
[1.999s] Level 1:colcon.colcon_core.package_identification:_identify(src/beacon_positioning) by extension 'ros'
[2.007s] DEBUG:colcon.colcon_core.package_identification:Package 'src/beacon_positioning' with type 'ros.ament_cmake' and name 'beacon_positioning'
[2.008s] Level 1:colcon.colcon_core.package_identification:_identify(src/build) by extensions ['ignore', 'ignore_ament_install']
[2.008s] Level 1:colcon.colcon_core.package_identification:_identify(src/build) by extension 'ignore'
[2.009s] Level 1:colcon.colcon_core.package_identification:_identify(src/build) ignored
[2.009s] Level 1:colcon.colcon_core.package_identification:_identify(src/drone_sensors) by extensions ['ignore', 'ignore_ament_install']
[2.009s] Level 1:colcon.colcon_core.package_identification:_identify(src/drone_sensors) by extension 'ignore'
[2.009s] Level 1:colcon.colcon_core.package_identification:_identify(src/drone_sensors) by extension 'ignore_ament_install'
[2.010s] Level 1:colcon.colcon_core.package_identification:_identify(src/drone_sensors) by extensions ['colcon_pkg']
[2.010s] Level 1:colcon.colcon_core.package_identification:_identify(src/drone_sensors) by extension 'colcon_pkg'
[2.010s] Level 1:colcon.colcon_core.package_identification:_identify(src/drone_sensors) by extensions ['colcon_meta']
[2.010s] Level 1:colcon.colcon_core.package_identification:_identify(src/drone_sensors) by extension 'colcon_meta'
[2.010s] Level 1:colcon.colcon_core.package_identification:_identify(src/drone_sensors) by extensions ['ros']
[2.010s] Level 1:colcon.colcon_core.package_identification:_identify(src/drone_sensors) by extension 'ros'
[2.013s] DEBUG:colcon.colcon_core.package_identification:Package 'src/drone_sensors' with type 'ros.ament_cmake' and name 'drone_sensors'
[2.013s] Level 1:colcon.colcon_core.package_identification:_identify(src/install) by extensions ['ignore', 'ignore_ament_install']
[2.014s] Level 1:colcon.colcon_core.package_identification:_identify(src/install) by extension 'ignore'
[2.014s] Level 1:colcon.colcon_core.package_identification:_identify(src/install) ignored
[2.015s] Level 1:colcon.colcon_core.package_identification:_identify(src/log) by extensions ['ignore', 'ignore_ament_install']
[2.015s] Level 1:colcon.colcon_core.package_identification:_identify(src/log) by extension 'ignore'
[2.015s] Level 1:colcon.colcon_core.package_identification:_identify(src/log) ignored
[2.016s] Level 1:colcon.colcon_core.package_identification:_identify(src/px4_msgs) by extensions ['ignore', 'ignore_ament_install']
[2.016s] Level 1:colcon.colcon_core.package_identification:_identify(src/px4_msgs) by extension 'ignore'
[2.016s] Level 1:colcon.colcon_core.package_identification:_identify(src/px4_msgs) by extension 'ignore_ament_install'
[2.016s] Level 1:colcon.colcon_core.package_identification:_identify(src/px4_msgs) by extensions ['colcon_pkg']
[2.016s] Level 1:colcon.colcon_core.package_identification:_identify(src/px4_msgs) by extension 'colcon_pkg'
[2.016s] Level 1:colcon.colcon_core.package_identification:_identify(src/px4_msgs) by extensions ['colcon_meta']
[2.017s] Level 1:colcon.colcon_core.package_identification:_identify(src/px4_msgs) by extension 'colcon_meta'
[2.017s] Level 1:colcon.colcon_core.package_identification:_identify(src/px4_msgs) by extensions ['ros']
[2.017s] Level 1:colcon.colcon_core.package_identification:_identify(src/px4_msgs) by extension 'ros'
[2.019s] DEBUG:colcon.colcon_core.package_identification:Package 'src/px4_msgs' with type 'ros.ament_cmake' and name 'px4_msgs'
[2.020s] Level 1:colcon.colcon_core.package_identification:_identify(src/px4_ros_com) by extensions ['ignore', 'ignore_ament_install']
[2.020s] Level 1:colcon.colcon_core.package_identification:_identify(src/px4_ros_com) by extension 'ignore'
[2.021s] Level 1:colcon.colcon_core.package_identification:_identify(src/px4_ros_com) by extension 'ignore_ament_install'
[2.021s] Level 1:colcon.colcon_core.package_identification:_identify(src/px4_ros_com) by extensions ['colcon_pkg']
[2.021s] Level 1:colcon.colcon_core.package_identification:_identify(src/px4_ros_com) by extension 'colcon_pkg'
[2.021s] Level 1:colcon.colcon_core.package_identification:_identify(src/px4_ros_com) by extensions ['colcon_meta']
[2.021s] Level 1:colcon.colcon_core.package_identification:_identify(src/px4_ros_com) by extension 'colcon_meta'
[2.021s] Level 1:colcon.colcon_core.package_identification:_identify(src/px4_ros_com) by extensions ['ros']
[2.021s] Level 1:colcon.colcon_core.package_identification:_identify(src/px4_ros_com) by extension 'ros'
[2.026s] DEBUG:colcon.colcon_core.package_identification:Package 'src/px4_ros_com' with type 'ros.ament_cmake' and name 'px4_ros_com'
[2.026s] Level 1:colcon.colcon_core.package_discovery:discover_packages(recursive) using defaults
[2.026s] Level 1:colcon.colcon_core.package_discovery:discover_packages(ignore) discover
[2.027s] Level 1:colcon.colcon_core.package_discovery:discover_packages(ignore) using defaults
[2.027s] Level 1:colcon.colcon_core.package_discovery:discover_packages(path) discover
[2.027s] Level 1:colcon.colcon_core.package_discovery:discover_packages(path) using defaults
[2.203s] INFO:colcon.colcon_core.package_selection:Skipping not selected package 'drone_sensors' in 'src/drone_sensors'
[2.203s] INFO:colcon.colcon_core.package_selection:Skipping not selected package 'px4_msgs' in 'src/px4_msgs'
[2.203s] INFO:colcon.colcon_core.package_selection:Skipping not selected package 'px4_ros_com' in 'src/px4_ros_com'
[2.205s] Level 1:colcon.colcon_core.package_discovery:discover_packages(prefix_path) check parameters
[2.206s] Level 1:colcon.colcon_core.package_discovery:discover_packages(prefix_path) discover
[2.247s] DEBUG:colcon.colcon_installed_package_information.package_discovery:Found 4 installed packages in /home/ubuntu/ros2_ws/install
[2.266s] DEBUG:colcon.colcon_installed_package_information.package_discovery:Found 168 installed packages in /opt/ros/foxy
[2.270s] Level 1:colcon.colcon_core.package_discovery:discover_packages(prefix_path) using defaults
[2.422s] Level 5:colcon.colcon_core.verb:set package 'beacon_positioning' build argument 'cmake_args' from command line to 'None'
[2.422s] Level 5:colcon.colcon_core.verb:set package 'beacon_positioning' build argument 'cmake_target' from command line to 'None'
[2.422s] Level 5:colcon.colcon_core.verb:set package 'beacon_positioning' build argument 'cmake_target_skip_unavailable' from command line to 'False'
[2.423s] Level 5:colcon.colcon_core.verb:set package 'beacon_positioning' build argument 'cmake_clean_cache' from command line to 'False'
[2.423s] Level 5:colcon.colcon_core.verb:set package 'beacon_positioning' build argument 'cmake_clean_first' from command line to 'False'
[2.423s] Level 5:colcon.colcon_core.verb:set package 'beacon_positioning' build argument 'cmake_force_configure' from command line to 'False'
[2.423s] Level 5:colcon.colcon_core.verb:set package 'beacon_positioning' build argument 'ament_cmake_args' from command line to 'None'
[2.423s] Level 5:colcon.colcon_core.verb:set package 'beacon_positioning' build argument 'catkin_cmake_args' from command line to 'None'
[2.423s] Level 5:colcon.colcon_core.verb:set package 'beacon_positioning' build argument 'catkin_skip_building_tests' from command line to 'False'
[2.423s] DEBUG:colcon.colcon_core.verb:Building package 'beacon_positioning' with the following arguments: {'ament_cmake_args': None, 'build_base': '/home/ubuntu/ros2_ws/build/beacon_positioning', 'catkin_cmake_args': None, 'catkin_skip_building_tests': False, 'cmake_args': None, 'cmake_clean_cache': False, 'cmake_clean_first': False, 'cmake_force_configure': False, 'cmake_target': None, 'cmake_target_skip_unavailable': False, 'install_base': '/home/ubuntu/ros2_ws/install/beacon_positioning', 'merge_install': False, 'path': '/home/ubuntu/ros2_ws/src/beacon_positioning', 'symlink_install': False, 'test_result_base': None}
[2.432s] INFO:colcon.colcon_core.executor:Executing jobs using 'parallel' executor
[2.487s] DEBUG:colcon.colcon_parallel_executor.executor.parallel:run_until_complete
[2.488s] INFO:colcon.colcon_ros.task.ament_cmake.build:Building ROS package in '/home/ubuntu/ros2_ws/src/beacon_positioning' with build type 'ament_cmake'
[2.489s] INFO:colcon.colcon_cmake.task.cmake.build:Building CMake package in '/home/ubuntu/ros2_ws/src/beacon_positioning'
[2.523s] INFO:colcon.colcon_core.plugin_system:Skipping extension 'colcon_core.shell.bat': Not used on non-Windows systems
[2.524s] INFO:colcon.colcon_core.shell:Skip shell extension 'powershell' for command environment: Not usable outside of PowerShell
[2.524s] DEBUG:colcon.colcon_core.shell:Skip shell extension 'dsv' for command environment
[2.607s] DEBUG:colcon.colcon_core.event_handler.log_command:Invoking command in '/home/ubuntu/ros2_ws/build/beacon_positioning': CMAKE_PREFIX_PATH=${CMAKE_PREFIX_PATH}:/opt/ros/foxy /usr/bin/cmake --build /home/ubuntu/ros2_ws/build/beacon_positioning -- -j4 -l4
[17.051s] DEBUG:colcon.colcon_core.event_handler.log_command:Invoked command in '/home/ubuntu/ros2_ws/build/beacon_positioning' returned '0': CMAKE_PREFIX_PATH=${CMAKE_PREFIX_PATH}:/opt/ros/foxy /usr/bin/cmake --build /home/ubuntu/ros2_ws/build/beacon_positioning -- -j4 -l4
[17.212s] DEBUG:colcon.colcon_core.event_handler.log_command:Invoking command in '/home/ubuntu/ros2_ws/build/beacon_positioning': CMAKE_PREFIX_PATH=${CMAKE_PREFIX_PATH}:/opt/ros/foxy /usr/bin/cmake --install /home/ubuntu/ros2_ws/build/beacon_positioning
[17.265s] Level 1:colcon.colcon_core.environment:create_environment_scripts_only(beacon_positioning)
[17.272s] DEBUG:colcon.colcon_core.event_handler.log_command:Invoked command in '/home/ubuntu/ros2_ws/build/beacon_positioning' returned '0': CMAKE_PREFIX_PATH=${CMAKE_PREFIX_PATH}:/opt/ros/foxy /usr/bin/cmake --install /home/ubuntu/ros2_ws/build/beacon_positioning
[17.307s] Level 1:colcon.colcon_core.environment:checking '/home/ubuntu/ros2_ws/install/beacon_positioning' for CMake module files
[17.309s] Level 1:colcon.colcon_core.environment:checking '/home/ubuntu/ros2_ws/install/beacon_positioning' for CMake config files
[17.310s] Level 1:colcon.colcon_core.shell:create_environment_hook('beacon_positioning', 'cmake_prefix_path')
[17.333s] INFO:colcon.colcon_core.shell:Creating environment hook '/home/ubuntu/ros2_ws/install/beacon_positioning/share/beacon_positioning/hook/cmake_prefix_path.ps1'
[17.336s] INFO:colcon.colcon_core.shell:Creating environment descriptor '/home/ubuntu/ros2_ws/install/beacon_positioning/share/beacon_positioning/hook/cmake_prefix_path.dsv'
[17.338s] INFO:colcon.colcon_core.shell:Creating environment hook '/home/ubuntu/ros2_ws/install/beacon_positioning/share/beacon_positioning/hook/cmake_prefix_path.sh'
[17.341s] Level 1:colcon.colcon_core.environment:checking '/home/ubuntu/ros2_ws/install/beacon_positioning/lib'
[17.342s] Level 1:colcon.colcon_core.environment:checking '/home/ubuntu/ros2_ws/install/beacon_positioning/bin'
[17.342s] Level 1:colcon.colcon_core.environment:checking '/home/ubuntu/ros2_ws/install/beacon_positioning/lib/pkgconfig/beacon_positioning.pc'
[17.343s] Level 1:colcon.colcon_core.environment:checking '/home/ubuntu/ros2_ws/install/beacon_positioning/lib/python3.8/site-packages'
[17.343s] Level 1:colcon.colcon_core.environment:checking '/home/ubuntu/ros2_ws/install/beacon_positioning/bin'
[17.366s] INFO:colcon.colcon_core.shell:Creating package script '/home/ubuntu/ros2_ws/install/beacon_positioning/share/beacon_positioning/package.ps1'
[17.370s] INFO:colcon.colcon_core.shell:Creating package descriptor '/home/ubuntu/ros2_ws/install/beacon_positioning/share/beacon_positioning/package.dsv'
[17.372s] INFO:colcon.colcon_core.shell:Creating package script '/home/ubuntu/ros2_ws/install/beacon_positioning/share/beacon_positioning/package.sh'
[17.374s] INFO:colcon.colcon_core.shell:Creating package script '/home/ubuntu/ros2_ws/install/beacon_positioning/share/beacon_positioning/package.bash'
[17.377s] INFO:colcon.colcon_core.shell:Creating package script '/home/ubuntu/ros2_ws/install/beacon_positioning/share/beacon_positioning/package.zsh'
[17.380s] Level 1:colcon.colcon_core.environment:create_file_with_runtime_dependencies(/home/ubuntu/ros2_ws/install/beacon_positioning/share/colcon-core/packages/beacon_positioning)
[17.521s] Level 1:colcon.colcon_core.environment:create_environment_scripts_only(beacon_positioning)
[17.548s] Level 1:colcon.colcon_core.environment:checking '/home/ubuntu/ros2_ws/install/beacon_positioning' for CMake module files
[17.551s] Level 1:colcon.colcon_core.environment:checking '/home/ubuntu/ros2_ws/install/beacon_positioning' for CMake config files
[17.552s] Level 1:colcon.colcon_core.shell:create_environment_hook('beacon_positioning', 'cmake_prefix_path')
[17.575s] INFO:colcon.colcon_core.shell:Creating environment hook '/home/ubuntu/ros2_ws/install/beacon_positioning/share/beacon_positioning/hook/cmake_prefix_path.ps1'
[17.577s] INFO:colcon.colcon_core.shell:Creating environment descriptor '/home/ubuntu/ros2_ws/install/beacon_positioning/share/beacon_positioning/hook/cmake_prefix_path.dsv'
[17.578s] INFO:colcon.colcon_core.shell:Creating environment hook '/home/ubuntu/ros2_ws/install/beacon_positioning/share/beacon_positioning/hook/cmake_prefix_path.sh'
[17.581s] Level 1:colcon.colcon_core.environment:checking '/home/ubuntu/ros2_ws/install/beacon_positioning/lib'
[17.581s] Level 1:colcon.colcon_core.environment:checking '/home/ubuntu/ros2_ws/install/beacon_positioning/bin'
[17.581s] Level 1:colcon.colcon_core.environment:checking '/home/ubuntu/ros2_ws/install/beacon_positioning/lib/pkgconfig/beacon_positioning.pc'
[17.582s] Level 1:colcon.colcon_core.environment:checking '/home/ubuntu/ros2_ws/install/beacon_positioning/lib/python3.8/site-packages'
[17.583s] Level 1:colcon.colcon_core.environment:checking '/home/ubuntu/ros2_ws/install/beacon_positioning/bin'
[17.606s] INFO:colcon.colcon_core.shell:Creating package script '/home/ubuntu/ros2_ws/install/beacon_positioning/share/beacon_positioning/package.ps1'
[17.608s] INFO:colcon.colcon_core.shell:Creating package descriptor '/home/ubuntu/ros2_ws/install/beacon_positioning/share/beacon_positioning/package.dsv'
[17.610s] INFO:colcon.colcon_core.shell:Creating package script '/home/ubuntu/ros2_ws/install/beacon_positioning/share/beacon_positioning/package.sh'
[17.612s] INFO:colcon.colcon_core.shell:Creating package script '/home/ubuntu/ros2_ws/install/beacon_positioning/share/beacon_positioning/package.bash'
[17.614s] INFO:colcon.colcon_core.shell:Creating package script '/home/ubuntu/ros2_ws/install/beacon_positioning/share/beacon_positioning/package.zsh'
[17.616s] Level 1:colcon.colcon_core.environment:create_file_with_runtime_dependencies(/home/ubuntu/ros2_ws/install/beacon_positioning/share/colcon-core/packages/beacon_positioning)
[17.617s] DEBUG:colcon.colcon_parallel_executor.executor.parallel:closing loop
[17.618s] DEBUG:colcon.colcon_parallel_executor.executor.parallel:loop closed
[17.619s] DEBUG:colcon.colcon_parallel_executor.executor.parallel:run_until_complete finished with '0'
[17.619s] DEBUG:colcon.colcon_core.event_reactor:joining thread
[17.656s] INFO:colcon.colcon_core.plugin_system:Skipping extension 'colcon_notification.desktop_notification.notify_send': Could not find 'notify-send'
[17.657s] INFO:colcon.colcon_core.plugin_system:Skipping extension 'colcon_notification.desktop_notification.terminal_notifier': Not used on non-Darwin systems
[17.657s] INFO:colcon.colcon_core.plugin_system:Skipping extension 'colcon_notification.desktop_notification.win32': Not used on non-Windows systems
[17.657s] INFO:colcon.colcon_notification.desktop_notification:Sending desktop notification using 'notify2'
[17.660s] DEBUG:colcon.colcon_notification.desktop_notification.notify2:Failed to initialize notify2: org.freedesktop.DBus.Error.ServiceUnknown: The name org.freedesktop.Notifications was not provided by any .service files
[17.660s] DEBUG:colcon.colcon_core.event_reactor:joined thread
[17.688s] INFO:colcon.colcon_core.shell:Creating prefix script '/home/ubuntu/ros2_ws/install/local_setup.ps1'
[17.692s] INFO:colcon.colcon_core.shell:Creating prefix util module '/home/ubuntu/ros2_ws/install/_local_setup_util_ps1.py'
[17.696s] INFO:colcon.colcon_core.shell:Creating prefix chain script '/home/ubuntu/ros2_ws/install/setup.ps1'
[17.719s] INFO:colcon.colcon_core.shell:Creating prefix script '/home/ubuntu/ros2_ws/install/local_setup.sh'
[17.721s] INFO:colcon.colcon_core.shell:Creating prefix util module '/home/ubuntu/ros2_ws/install/_local_setup_util_sh.py'
[17.723s] INFO:colcon.colcon_core.shell:Creating prefix chain script '/home/ubuntu/ros2_ws/install/setup.sh'
[17.745s] INFO:colcon.colcon_core.shell:Creating prefix script '/home/ubuntu/ros2_ws/install/local_setup.bash'
[17.747s] INFO:colcon.colcon_core.shell:Creating prefix chain script '/home/ubuntu/ros2_ws/install/setup.bash'
[17.769s] INFO:colcon.colcon_core.shell:Creating prefix script '/home/ubuntu/ros2_ws/install/local_setup.zsh'
[17.771s] INFO:colcon.colcon_core.shell:Creating prefix chain script '/home/ubuntu/ros2_ws/install/setup.zsh'
