[0.115s] Invoking command in '/home/ubuntu/ros2_ws/build/beacon_positioning': CMAKE_PREFIX_PATH=${CMAKE_PREFIX_PATH}:/opt/ros/foxy /usr/bin/cmake --build /home/ubuntu/ros2_ws/build/beacon_positioning -- -j4 -l4
[0.299s] [35m[1mScanning dependencies of target tracker_position[0m
[0.424s] [ 50%] [32mBuilding CXX object CMakeFiles/tracker_position.dir/src/tracker_position.cpp.o[0m
[6.851s] [01m[K/home/ubuntu/ros2_ws/src/beacon_positioning/src/tracker_position.cpp:[m[K In constructor ‘[01m[KBeaconPositioningPublisher::BeaconPositioningPublisher()[m[K’:
[6.852s] [01m[K/home/ubuntu/ros2_ws/src/beacon_positioning/src/tracker_position.cpp:18:69:[m[K [01;31m[Kerror: [m[Kuse of deleted function ‘[01m[Kterabee::RtlsDevice::RtlsDevice()[m[K’
[6.852s]    18 |   BeaconPositioningPublisher() : Node("beacon_positioning_publisher"[01;31m[K)[m[K
[6.852s]       |                                                                     [01;31m[K^[m[K
[6.853s] In file included from [01m[K/home/ubuntu/ros2_ws/src/beacon_positioning/src/tracker_position.cpp:7[m[K:
[6.853s] [01m[K/usr/local/include/rtls_driver/rtls_driver.hpp:113:3:[m[K [01;36m[Knote: [m[Kdeclared here
[6.854s]   113 |   [01;36m[KRtlsDevice[m[K() = delete;
[6.854s]       |   [01;36m[K^~~~~~~~~~[m[K
[6.896s] [01m[K/home/ubuntu/ros2_ws/src/beacon_positioning/src/tracker_position.cpp:40:54:[m[K [01;31m[Kerror: [m[Kuse of deleted function ‘[01m[Kterabee::RtlsDevice& terabee::RtlsDevice::operator=(const terabee::RtlsDevice&)[m[K’
[6.896s]    40 |     rtls_device = terabee::RtlsDevice(serial_port,200[01;31m[K)[m[K;
[6.897s]       |                                                      [01;31m[K^[m[K
[6.897s] In file included from [01m[K/home/ubuntu/ros2_ws/src/beacon_positioning/src/tracker_position.cpp:7[m[K:
[6.897s] [01m[K/usr/local/include/rtls_driver/rtls_driver.hpp:13:7:[m[K [01;36m[Knote: [m[K‘[01m[Kterabee::RtlsDevice& terabee::RtlsDevice::operator=(const terabee::RtlsDevice&)[m[K’ is implicitly declared as deleted because ‘[01m[Kterabee::RtlsDevice[m[K’ declares a move constructor or move assignment operator
[6.898s]    13 | class [01;36m[KRtlsDevice[m[K
[6.898s]       |       [01;36m[K^~~~~~~~~~[m[K
[10.169s] make[2]: *** [CMakeFiles/tracker_position.dir/build.make:63: CMakeFiles/tracker_position.dir/src/tracker_position.cpp.o] Error 1
[10.170s] make[1]: *** [CMakeFiles/Makefile2:78: CMakeFiles/tracker_position.dir/all] Error 2
[10.171s] make: *** [Makefile:141: all] Error 2
[10.176s] Invoked command in '/home/ubuntu/ros2_ws/build/beacon_positioning' returned '2': CMAKE_PREFIX_PATH=${CMAKE_PREFIX_PATH}:/opt/ros/foxy /usr/bin/cmake --build /home/ubuntu/ros2_ws/build/beacon_positioning -- -j4 -l4
