[0.295s] DEBUG:colcon:Command line arguments: ['/usr/bin/colcon', 'build', '--cmake-args', '-DCMAKE_BUILD_TYPE=RELWITHDEBINFO', '--symlink-install', '--packages-skip', 'ros1_bridge', '--event-handlers', 'console_direct+']
[0.295s] DEBUG:colcon:Parsed command line arguments: Namespace(log_base=None, log_level=None, verb_name='build', build_base='build', install_base='install', merge_install=False, symlink_install=True, test_result_base=None, continue_on_error=False, executor='parallel', parallel_workers=12, event_handlers=['console_direct+'], ignore_user_meta=False, metas=['./colcon.meta'], base_paths=['.'], packages_ignore=None, packages_ignore_regex=None, paths=None, packages_up_to=None, packages_up_to_regex=None, packages_above=None, packages_above_and_dependencies=None, packages_above_depth=None, packages_select_by_dep=None, packages_skip_by_dep=None, packages_skip_up_to=None, packages_select_build_failed=False, packages_skip_build_finished=False, packages_select_test_failures=False, packages_skip_test_passed=False, packages_select=None, packages_skip=['ros1_bridge'], packages_select_regex=None, packages_skip_regex=None, packages_start=None, packages_end=None, allow_overriding=[], cmake_args=['-DCMAKE_BUILD_TYPE=RELWITHDEBINFO'], cmake_target=None, cmake_target_skip_unavailable=False, cmake_clean_cache=False, cmake_clean_first=False, cmake_force_configure=False, ament_cmake_args=None, catkin_cmake_args=None, catkin_skip_building_tests=False, verb_parser=<colcon_defaults.argument_parser.defaults.DefaultArgumentsDecorator object at 0x7fbe8aceac50>, verb_extension=<colcon_core.verb.build.BuildVerb object at 0x7fbe8b47fca0>, main=<bound method BuildVerb.main of <colcon_core.verb.build.BuildVerb object at 0x7fbe8b47fca0>>)
[0.320s] Level 1:colcon.colcon_core.package_discovery:discover_packages(colcon_meta) check parameters
[0.320s] Level 1:colcon.colcon_core.package_discovery:discover_packages(recursive) check parameters
[0.320s] Level 1:colcon.colcon_core.package_discovery:discover_packages(ignore) check parameters
[0.320s] Level 1:colcon.colcon_core.package_discovery:discover_packages(path) check parameters
[0.320s] Level 1:colcon.colcon_core.package_discovery:discover_packages(colcon_meta) discover
[0.320s] Level 1:colcon.colcon_core.package_discovery:discover_packages(recursive) discover
[0.320s] INFO:colcon.colcon_core.package_discovery:Crawling recursively for packages in '/mnt/Homework/Avans/AFSTUDEERSTAGE/5g_drone_ROS2'
[0.321s] Level 1:colcon.colcon_core.package_identification:_identify(.) by extensions ['ignore', 'ignore_ament_install']
[0.321s] Level 1:colcon.colcon_core.package_identification:_identify(.) by extension 'ignore'
[0.321s] Level 1:colcon.colcon_core.package_identification:_identify(.) by extension 'ignore_ament_install'
[0.321s] Level 1:colcon.colcon_core.package_identification:_identify(.) by extensions ['colcon_pkg']
[0.321s] Level 1:colcon.colcon_core.package_identification:_identify(.) by extension 'colcon_pkg'
[0.321s] Level 1:colcon.colcon_core.package_identification:_identify(.) by extensions ['colcon_meta']
[0.321s] Level 1:colcon.colcon_core.package_identification:_identify(.) by extension 'colcon_meta'
[0.321s] Level 1:colcon.colcon_core.package_identification:_identify(.) by extensions ['ros']
[0.321s] Level 1:colcon.colcon_core.package_identification:_identify(.) by extension 'ros'
[0.330s] Level 1:colcon.colcon_core.package_identification:_identify(.) by extensions ['cmake', 'python']
[0.331s] Level 1:colcon.colcon_core.package_identification:_identify(.) by extension 'cmake'
[0.331s] Level 1:colcon.colcon_core.package_identification:_identify(.) by extension 'python'
[0.331s] Level 1:colcon.colcon_core.package_identification:_identify(.) by extensions ['python_setup_py']
[0.331s] Level 1:colcon.colcon_core.package_identification:_identify(.) by extension 'python_setup_py'
[0.331s] Level 1:colcon.colcon_core.package_identification:_identify(build) by extensions ['ignore', 'ignore_ament_install']
[0.331s] Level 1:colcon.colcon_core.package_identification:_identify(build) by extension 'ignore'
[0.331s] Level 1:colcon.colcon_core.package_identification:_identify(build) ignored
[0.331s] Level 1:colcon.colcon_core.package_identification:_identify(install) by extensions ['ignore', 'ignore_ament_install']
[0.331s] Level 1:colcon.colcon_core.package_identification:_identify(install) by extension 'ignore'
[0.331s] Level 1:colcon.colcon_core.package_identification:_identify(install) ignored
[0.331s] Level 1:colcon.colcon_core.package_identification:_identify(log) by extensions ['ignore', 'ignore_ament_install']
[0.331s] Level 1:colcon.colcon_core.package_identification:_identify(log) by extension 'ignore'
[0.331s] Level 1:colcon.colcon_core.package_identification:_identify(log) ignored
[0.331s] Level 1:colcon.colcon_core.package_identification:_identify(src) by extensions ['ignore', 'ignore_ament_install']
[0.331s] Level 1:colcon.colcon_core.package_identification:_identify(src) by extension 'ignore'
[0.331s] Level 1:colcon.colcon_core.package_identification:_identify(src) by extension 'ignore_ament_install'
[0.331s] Level 1:colcon.colcon_core.package_identification:_identify(src) by extensions ['colcon_pkg']
[0.332s] Level 1:colcon.colcon_core.package_identification:_identify(src) by extension 'colcon_pkg'
[0.332s] Level 1:colcon.colcon_core.package_identification:_identify(src) by extensions ['colcon_meta']
[0.332s] Level 1:colcon.colcon_core.package_identification:_identify(src) by extension 'colcon_meta'
[0.332s] Level 1:colcon.colcon_core.package_identification:_identify(src) by extensions ['ros']
[0.332s] Level 1:colcon.colcon_core.package_identification:_identify(src) by extension 'ros'
[0.332s] Level 1:colcon.colcon_core.package_identification:_identify(src) by extensions ['cmake', 'python']
[0.332s] Level 1:colcon.colcon_core.package_identification:_identify(src) by extension 'cmake'
[0.332s] Level 1:colcon.colcon_core.package_identification:_identify(src) by extension 'python'
[0.332s] Level 1:colcon.colcon_core.package_identification:_identify(src) by extensions ['python_setup_py']
[0.332s] Level 1:colcon.colcon_core.package_identification:_identify(src) by extension 'python_setup_py'
[0.332s] Level 1:colcon.colcon_core.package_identification:_identify(src/drone_sensors) by extensions ['ignore', 'ignore_ament_install']
[0.332s] Level 1:colcon.colcon_core.package_identification:_identify(src/drone_sensors) by extension 'ignore'
[0.332s] Level 1:colcon.colcon_core.package_identification:_identify(src/drone_sensors) by extension 'ignore_ament_install'
[0.332s] Level 1:colcon.colcon_core.package_identification:_identify(src/drone_sensors) by extensions ['colcon_pkg']
[0.332s] Level 1:colcon.colcon_core.package_identification:_identify(src/drone_sensors) by extension 'colcon_pkg'
[0.332s] Level 1:colcon.colcon_core.package_identification:_identify(src/drone_sensors) by extensions ['colcon_meta']
[0.332s] Level 1:colcon.colcon_core.package_identification:_identify(src/drone_sensors) by extension 'colcon_meta'
[0.332s] Level 1:colcon.colcon_core.package_identification:_identify(src/drone_sensors) by extensions ['ros']
[0.332s] Level 1:colcon.colcon_core.package_identification:_identify(src/drone_sensors) by extension 'ros'
[0.334s] DEBUG:colcon.colcon_core.package_identification:Package 'src/drone_sensors' with type 'ros.ament_cmake' and name 'drone_sensors'
[0.334s] Level 1:colcon.colcon_core.package_identification:_identify(src/px4_msgs) by extensions ['ignore', 'ignore_ament_install']
[0.334s] Level 1:colcon.colcon_core.package_identification:_identify(src/px4_msgs) by extension 'ignore'
[0.334s] Level 1:colcon.colcon_core.package_identification:_identify(src/px4_msgs) by extension 'ignore_ament_install'
[0.334s] Level 1:colcon.colcon_core.package_identification:_identify(src/px4_msgs) by extensions ['colcon_pkg']
[0.334s] Level 1:colcon.colcon_core.package_identification:_identify(src/px4_msgs) by extension 'colcon_pkg'
[0.334s] Level 1:colcon.colcon_core.package_identification:_identify(src/px4_msgs) by extensions ['colcon_meta']
[0.334s] Level 1:colcon.colcon_core.package_identification:_identify(src/px4_msgs) by extension 'colcon_meta'
[0.334s] Level 1:colcon.colcon_core.package_identification:_identify(src/px4_msgs) by extensions ['ros']
[0.335s] Level 1:colcon.colcon_core.package_identification:_identify(src/px4_msgs) by extension 'ros'
[0.335s] DEBUG:colcon.colcon_core.package_identification:Package 'src/px4_msgs' with type 'ros.ament_cmake' and name 'px4_msgs'
[0.335s] Level 1:colcon.colcon_core.package_identification:_identify(src/px4_ros_com) by extensions ['ignore', 'ignore_ament_install']
[0.335s] Level 1:colcon.colcon_core.package_identification:_identify(src/px4_ros_com) by extension 'ignore'
[0.335s] Level 1:colcon.colcon_core.package_identification:_identify(src/px4_ros_com) by extension 'ignore_ament_install'
[0.335s] Level 1:colcon.colcon_core.package_identification:_identify(src/px4_ros_com) by extensions ['colcon_pkg']
[0.335s] Level 1:colcon.colcon_core.package_identification:_identify(src/px4_ros_com) by extension 'colcon_pkg'
[0.335s] Level 1:colcon.colcon_core.package_identification:_identify(src/px4_ros_com) by extensions ['colcon_meta']
[0.335s] Level 1:colcon.colcon_core.package_identification:_identify(src/px4_ros_com) by extension 'colcon_meta'
[0.335s] Level 1:colcon.colcon_core.package_identification:_identify(src/px4_ros_com) by extensions ['ros']
[0.336s] Level 1:colcon.colcon_core.package_identification:_identify(src/px4_ros_com) by extension 'ros'
[0.336s] DEBUG:colcon.colcon_core.package_identification:Package 'src/px4_ros_com' with type 'ros.ament_cmake' and name 'px4_ros_com'
[0.336s] Level 1:colcon.colcon_core.package_discovery:discover_packages(recursive) using defaults
[0.337s] Level 1:colcon.colcon_core.package_discovery:discover_packages(ignore) discover
[0.337s] Level 1:colcon.colcon_core.package_discovery:discover_packages(ignore) using defaults
[0.337s] Level 1:colcon.colcon_core.package_discovery:discover_packages(path) discover
[0.337s] Level 1:colcon.colcon_core.package_discovery:discover_packages(path) using defaults
[0.338s] WARNING:colcon.colcon_core.package_selection:ignoring unknown package 'ros1_bridge' in --packages-skip
[0.357s] Level 1:colcon.colcon_core.package_discovery:discover_packages(prefix_path) check parameters
[0.357s] Level 1:colcon.colcon_core.package_discovery:discover_packages(prefix_path) discover
[0.360s] DEBUG:colcon.colcon_installed_package_information.package_discovery:Found 3 installed packages in /mnt/Homework/Avans/AFSTUDEERSTAGE/5g_drone_ROS2/install
[0.361s] DEBUG:colcon.colcon_installed_package_information.package_discovery:Found 270 installed packages in /opt/ros/humble
[0.362s] Level 1:colcon.colcon_core.package_discovery:discover_packages(prefix_path) using defaults
[0.414s] Level 5:colcon.colcon_core.verb:set package 'drone_sensors' build argument 'cmake_args' from command line to '['-DCMAKE_BUILD_TYPE=RELWITHDEBINFO']'
[0.414s] Level 5:colcon.colcon_core.verb:set package 'drone_sensors' build argument 'cmake_target' from command line to 'None'
[0.414s] Level 5:colcon.colcon_core.verb:set package 'drone_sensors' build argument 'cmake_target_skip_unavailable' from command line to 'False'
[0.414s] Level 5:colcon.colcon_core.verb:set package 'drone_sensors' build argument 'cmake_clean_cache' from command line to 'False'
[0.414s] Level 5:colcon.colcon_core.verb:set package 'drone_sensors' build argument 'cmake_clean_first' from command line to 'False'
[0.414s] Level 5:colcon.colcon_core.verb:set package 'drone_sensors' build argument 'cmake_force_configure' from command line to 'False'
[0.414s] Level 5:colcon.colcon_core.verb:set package 'drone_sensors' build argument 'ament_cmake_args' from command line to 'None'
[0.414s] Level 5:colcon.colcon_core.verb:set package 'drone_sensors' build argument 'catkin_cmake_args' from command line to 'None'
[0.414s] Level 5:colcon.colcon_core.verb:set package 'drone_sensors' build argument 'catkin_skip_building_tests' from command line to 'False'
[0.414s] DEBUG:colcon.colcon_core.verb:Building package 'drone_sensors' with the following arguments: {'ament_cmake_args': None, 'build_base': '/mnt/Homework/Avans/AFSTUDEERSTAGE/5g_drone_ROS2/build/drone_sensors', 'catkin_cmake_args': None, 'catkin_skip_building_tests': False, 'cmake_args': ['-DCMAKE_BUILD_TYPE=RELWITHDEBINFO'], 'cmake_clean_cache': False, 'cmake_clean_first': False, 'cmake_force_configure': False, 'cmake_target': None, 'cmake_target_skip_unavailable': False, 'install_base': '/mnt/Homework/Avans/AFSTUDEERSTAGE/5g_drone_ROS2/install/drone_sensors', 'merge_install': False, 'path': '/mnt/Homework/Avans/AFSTUDEERSTAGE/5g_drone_ROS2/src/drone_sensors', 'symlink_install': True, 'test_result_base': None}
[0.415s] Level 5:colcon.colcon_core.verb:set package 'px4_msgs' build argument 'cmake_args' from command line to '['-DCMAKE_BUILD_TYPE=RELWITHDEBINFO']'
[0.415s] Level 5:colcon.colcon_core.verb:set package 'px4_msgs' build argument 'cmake_target' from command line to 'None'
[0.415s] Level 5:colcon.colcon_core.verb:set package 'px4_msgs' build argument 'cmake_target_skip_unavailable' from command line to 'False'
[0.415s] Level 5:colcon.colcon_core.verb:set package 'px4_msgs' build argument 'cmake_clean_cache' from command line to 'False'
[0.415s] Level 5:colcon.colcon_core.verb:set package 'px4_msgs' build argument 'cmake_clean_first' from command line to 'False'
[0.415s] Level 5:colcon.colcon_core.verb:set package 'px4_msgs' build argument 'cmake_force_configure' from command line to 'False'
[0.415s] Level 5:colcon.colcon_core.verb:set package 'px4_msgs' build argument 'ament_cmake_args' from command line to 'None'
[0.415s] Level 5:colcon.colcon_core.verb:set package 'px4_msgs' build argument 'catkin_cmake_args' from command line to 'None'
[0.415s] Level 5:colcon.colcon_core.verb:set package 'px4_msgs' build argument 'catkin_skip_building_tests' from command line to 'False'
[0.415s] DEBUG:colcon.colcon_core.verb:Building package 'px4_msgs' with the following arguments: {'ament_cmake_args': None, 'build_base': '/mnt/Homework/Avans/AFSTUDEERSTAGE/5g_drone_ROS2/build/px4_msgs', 'catkin_cmake_args': None, 'catkin_skip_building_tests': False, 'cmake_args': ['-DCMAKE_BUILD_TYPE=RELWITHDEBINFO'], 'cmake_clean_cache': False, 'cmake_clean_first': False, 'cmake_force_configure': False, 'cmake_target': None, 'cmake_target_skip_unavailable': False, 'install_base': '/mnt/Homework/Avans/AFSTUDEERSTAGE/5g_drone_ROS2/install/px4_msgs', 'merge_install': False, 'path': '/mnt/Homework/Avans/AFSTUDEERSTAGE/5g_drone_ROS2/src/px4_msgs', 'symlink_install': True, 'test_result_base': None}
[0.416s] Level 5:colcon.colcon_core.verb:set package 'px4_ros_com' build argument 'cmake_args' from command line to '['-DCMAKE_BUILD_TYPE=RELWITHDEBINFO']'
[0.416s] Level 5:colcon.colcon_core.verb:set package 'px4_ros_com' build argument 'cmake_target' from command line to 'None'
[0.416s] Level 5:colcon.colcon_core.verb:set package 'px4_ros_com' build argument 'cmake_target_skip_unavailable' from command line to 'False'
[0.416s] Level 5:colcon.colcon_core.verb:set package 'px4_ros_com' build argument 'cmake_clean_cache' from command line to 'False'
[0.416s] Level 5:colcon.colcon_core.verb:set package 'px4_ros_com' build argument 'cmake_clean_first' from command line to 'False'
[0.416s] Level 5:colcon.colcon_core.verb:set package 'px4_ros_com' build argument 'cmake_force_configure' from command line to 'False'
[0.416s] Level 5:colcon.colcon_core.verb:set package 'px4_ros_com' build argument 'ament_cmake_args' from command line to 'None'
[0.416s] Level 5:colcon.colcon_core.verb:set package 'px4_ros_com' build argument 'catkin_cmake_args' from command line to 'None'
[0.416s] Level 5:colcon.colcon_core.verb:set package 'px4_ros_com' build argument 'catkin_skip_building_tests' from command line to 'False'
[0.416s] DEBUG:colcon.colcon_core.verb:Building package 'px4_ros_com' with the following arguments: {'ament_cmake_args': None, 'build_base': '/mnt/Homework/Avans/AFSTUDEERSTAGE/5g_drone_ROS2/build/px4_ros_com', 'catkin_cmake_args': None, 'catkin_skip_building_tests': False, 'cmake_args': ['-DCMAKE_BUILD_TYPE=RELWITHDEBINFO'], 'cmake_clean_cache': False, 'cmake_clean_first': False, 'cmake_force_configure': False, 'cmake_target': None, 'cmake_target_skip_unavailable': False, 'install_base': '/mnt/Homework/Avans/AFSTUDEERSTAGE/5g_drone_ROS2/install/px4_ros_com', 'merge_install': False, 'path': '/mnt/Homework/Avans/AFSTUDEERSTAGE/5g_drone_ROS2/src/px4_ros_com', 'symlink_install': True, 'test_result_base': None}
[0.417s] INFO:colcon.colcon_core.executor:Executing jobs using 'parallel' executor
[0.420s] DEBUG:colcon.colcon_parallel_executor.executor.parallel:run_until_complete
[0.420s] INFO:colcon.colcon_ros.task.ament_cmake.build:Building ROS package in '/mnt/Homework/Avans/AFSTUDEERSTAGE/5g_drone_ROS2/src/px4_msgs' with build type 'ament_cmake'
[0.420s] INFO:colcon.colcon_cmake.task.cmake.build:Building CMake package in '/mnt/Homework/Avans/AFSTUDEERSTAGE/5g_drone_ROS2/src/px4_msgs'
[0.424s] INFO:colcon.colcon_core.plugin_system:Skipping extension 'colcon_core.shell.bat': Not used on non-Windows systems
[0.424s] INFO:colcon.colcon_core.shell:Skip shell extension 'powershell' for command environment: Not usable outside of PowerShell
[0.424s] DEBUG:colcon.colcon_core.shell:Skip shell extension 'dsv' for command environment
[0.428s] INFO:colcon.colcon_ros.task.ament_cmake.build:Building ROS package in '/mnt/Homework/Avans/AFSTUDEERSTAGE/5g_drone_ROS2/src/drone_sensors' with build type 'ament_cmake'
[0.428s] INFO:colcon.colcon_cmake.task.cmake.build:Building CMake package in '/mnt/Homework/Avans/AFSTUDEERSTAGE/5g_drone_ROS2/src/drone_sensors'
[0.430s] INFO:colcon.colcon_core.shell:Skip shell extension 'powershell' for command environment: Not usable outside of PowerShell
[0.430s] DEBUG:colcon.colcon_core.shell:Skip shell extension 'dsv' for command environment
[0.439s] DEBUG:colcon.colcon_core.event_handler.log_command:Invoking command in '/mnt/Homework/Avans/AFSTUDEERSTAGE/5g_drone_ROS2/build/px4_msgs': CMAKE_PREFIX_PATH=${CMAKE_PREFIX_PATH}:/opt/ros/humble /usr/bin/cmake --build /mnt/Homework/Avans/AFSTUDEERSTAGE/5g_drone_ROS2/build/px4_msgs -- -j12 -l12
[0.445s] DEBUG:colcon.colcon_core.event_handler.log_command:Invoking command in '/mnt/Homework/Avans/AFSTUDEERSTAGE/5g_drone_ROS2/build/drone_sensors': CMAKE_PREFIX_PATH=${CMAKE_PREFIX_PATH}:/opt/ros/humble /usr/bin/cmake --build /mnt/Homework/Avans/AFSTUDEERSTAGE/5g_drone_ROS2/build/drone_sensors -- -j12 -l12
[0.517s] DEBUG:colcon.colcon_core.event_handler.log_command:Invoked command in '/mnt/Homework/Avans/AFSTUDEERSTAGE/5g_drone_ROS2/build/drone_sensors' returned '0': CMAKE_PREFIX_PATH=${CMAKE_PREFIX_PATH}:/opt/ros/humble /usr/bin/cmake --build /mnt/Homework/Avans/AFSTUDEERSTAGE/5g_drone_ROS2/build/drone_sensors -- -j12 -l12
[0.551s] DEBUG:colcon.colcon_core.event_handler.log_command:Invoking command in '/mnt/Homework/Avans/AFSTUDEERSTAGE/5g_drone_ROS2/build/drone_sensors': CMAKE_PREFIX_PATH=${CMAKE_PREFIX_PATH}:/opt/ros/humble /usr/bin/cmake --install /mnt/Homework/Avans/AFSTUDEERSTAGE/5g_drone_ROS2/build/drone_sensors
[0.573s] Level 1:colcon.colcon_core.environment:create_environment_scripts_only(drone_sensors)
[0.575s] DEBUG:colcon.colcon_core.event_handler.log_command:Invoked command in '/mnt/Homework/Avans/AFSTUDEERSTAGE/5g_drone_ROS2/build/drone_sensors' returned '0': CMAKE_PREFIX_PATH=${CMAKE_PREFIX_PATH}:/opt/ros/humble /usr/bin/cmake --install /mnt/Homework/Avans/AFSTUDEERSTAGE/5g_drone_ROS2/build/drone_sensors
[0.578s] Level 1:colcon.colcon_core.environment:checking '/mnt/Homework/Avans/AFSTUDEERSTAGE/5g_drone_ROS2/install/drone_sensors' for CMake module files
[0.579s] Level 1:colcon.colcon_core.environment:checking '/mnt/Homework/Avans/AFSTUDEERSTAGE/5g_drone_ROS2/install/drone_sensors' for CMake config files
[0.579s] Level 1:colcon.colcon_core.shell:create_environment_hook('drone_sensors', 'cmake_prefix_path')
[0.581s] INFO:colcon.colcon_core.shell:Creating environment hook '/mnt/Homework/Avans/AFSTUDEERSTAGE/5g_drone_ROS2/install/drone_sensors/share/drone_sensors/hook/cmake_prefix_path.ps1'
[0.581s] INFO:colcon.colcon_core.shell:Creating environment descriptor '/mnt/Homework/Avans/AFSTUDEERSTAGE/5g_drone_ROS2/install/drone_sensors/share/drone_sensors/hook/cmake_prefix_path.dsv'
[0.581s] INFO:colcon.colcon_core.shell:Creating environment hook '/mnt/Homework/Avans/AFSTUDEERSTAGE/5g_drone_ROS2/install/drone_sensors/share/drone_sensors/hook/cmake_prefix_path.sh'
[0.582s] Level 1:colcon.colcon_core.environment:checking '/mnt/Homework/Avans/AFSTUDEERSTAGE/5g_drone_ROS2/install/drone_sensors/lib'
[0.583s] Level 1:colcon.colcon_core.environment:checking '/mnt/Homework/Avans/AFSTUDEERSTAGE/5g_drone_ROS2/install/drone_sensors/bin'
[0.583s] Level 1:colcon.colcon_core.environment:checking '/mnt/Homework/Avans/AFSTUDEERSTAGE/5g_drone_ROS2/install/drone_sensors/lib/pkgconfig/drone_sensors.pc'
[0.583s] Level 1:colcon.colcon_core.environment:checking '/mnt/Homework/Avans/AFSTUDEERSTAGE/5g_drone_ROS2/install/drone_sensors/lib/python3.10/site-packages'
[0.583s] Level 1:colcon.colcon_core.environment:checking '/mnt/Homework/Avans/AFSTUDEERSTAGE/5g_drone_ROS2/install/drone_sensors/bin'
[0.584s] INFO:colcon.colcon_core.shell:Creating package script '/mnt/Homework/Avans/AFSTUDEERSTAGE/5g_drone_ROS2/install/drone_sensors/share/drone_sensors/package.ps1'
[0.585s] INFO:colcon.colcon_core.shell:Creating package descriptor '/mnt/Homework/Avans/AFSTUDEERSTAGE/5g_drone_ROS2/install/drone_sensors/share/drone_sensors/package.dsv'
[0.585s] INFO:colcon.colcon_core.shell:Creating package script '/mnt/Homework/Avans/AFSTUDEERSTAGE/5g_drone_ROS2/install/drone_sensors/share/drone_sensors/package.sh'
[0.586s] INFO:colcon.colcon_core.shell:Creating package script '/mnt/Homework/Avans/AFSTUDEERSTAGE/5g_drone_ROS2/install/drone_sensors/share/drone_sensors/package.bash'
[0.587s] INFO:colcon.colcon_core.shell:Creating package script '/mnt/Homework/Avans/AFSTUDEERSTAGE/5g_drone_ROS2/install/drone_sensors/share/drone_sensors/package.zsh'
[0.587s] Level 1:colcon.colcon_core.environment:create_file_with_runtime_dependencies(/mnt/Homework/Avans/AFSTUDEERSTAGE/5g_drone_ROS2/install/drone_sensors/share/colcon-core/packages/drone_sensors)
[0.615s] Level 1:colcon.colcon_core.environment:create_environment_scripts_only(drone_sensors)
[0.617s] Level 1:colcon.colcon_core.environment:checking '/mnt/Homework/Avans/AFSTUDEERSTAGE/5g_drone_ROS2/install/drone_sensors' for CMake module files
[0.617s] Level 1:colcon.colcon_core.environment:checking '/mnt/Homework/Avans/AFSTUDEERSTAGE/5g_drone_ROS2/install/drone_sensors' for CMake config files
[0.618s] Level 1:colcon.colcon_core.shell:create_environment_hook('drone_sensors', 'cmake_prefix_path')
[0.619s] INFO:colcon.colcon_core.shell:Creating environment hook '/mnt/Homework/Avans/AFSTUDEERSTAGE/5g_drone_ROS2/install/drone_sensors/share/drone_sensors/hook/cmake_prefix_path.ps1'
[0.620s] INFO:colcon.colcon_core.shell:Creating environment descriptor '/mnt/Homework/Avans/AFSTUDEERSTAGE/5g_drone_ROS2/install/drone_sensors/share/drone_sensors/hook/cmake_prefix_path.dsv'
[0.620s] INFO:colcon.colcon_core.shell:Creating environment hook '/mnt/Homework/Avans/AFSTUDEERSTAGE/5g_drone_ROS2/install/drone_sensors/share/drone_sensors/hook/cmake_prefix_path.sh'
[0.621s] Level 1:colcon.colcon_core.environment:checking '/mnt/Homework/Avans/AFSTUDEERSTAGE/5g_drone_ROS2/install/drone_sensors/lib'
[0.621s] Level 1:colcon.colcon_core.environment:checking '/mnt/Homework/Avans/AFSTUDEERSTAGE/5g_drone_ROS2/install/drone_sensors/bin'
[0.621s] Level 1:colcon.colcon_core.environment:checking '/mnt/Homework/Avans/AFSTUDEERSTAGE/5g_drone_ROS2/install/drone_sensors/lib/pkgconfig/drone_sensors.pc'
[0.621s] Level 1:colcon.colcon_core.environment:checking '/mnt/Homework/Avans/AFSTUDEERSTAGE/5g_drone_ROS2/install/drone_sensors/lib/python3.10/site-packages'
[0.621s] Level 1:colcon.colcon_core.environment:checking '/mnt/Homework/Avans/AFSTUDEERSTAGE/5g_drone_ROS2/install/drone_sensors/bin'
[0.623s] INFO:colcon.colcon_core.shell:Creating package script '/mnt/Homework/Avans/AFSTUDEERSTAGE/5g_drone_ROS2/install/drone_sensors/share/drone_sensors/package.ps1'
[0.623s] INFO:colcon.colcon_core.shell:Creating package descriptor '/mnt/Homework/Avans/AFSTUDEERSTAGE/5g_drone_ROS2/install/drone_sensors/share/drone_sensors/package.dsv'
[0.623s] INFO:colcon.colcon_core.shell:Creating package script '/mnt/Homework/Avans/AFSTUDEERSTAGE/5g_drone_ROS2/install/drone_sensors/share/drone_sensors/package.sh'
[0.624s] INFO:colcon.colcon_core.shell:Creating package script '/mnt/Homework/Avans/AFSTUDEERSTAGE/5g_drone_ROS2/install/drone_sensors/share/drone_sensors/package.bash'
[0.624s] INFO:colcon.colcon_core.shell:Creating package script '/mnt/Homework/Avans/AFSTUDEERSTAGE/5g_drone_ROS2/install/drone_sensors/share/drone_sensors/package.zsh'
[0.625s] Level 1:colcon.colcon_core.environment:create_file_with_runtime_dependencies(/mnt/Homework/Avans/AFSTUDEERSTAGE/5g_drone_ROS2/install/drone_sensors/share/colcon-core/packages/drone_sensors)
[71.615s] DEBUG:colcon.colcon_parallel_executor.executor.parallel:run_until_complete was interrupted
[71.615s] DEBUG:colcon.colcon_parallel_executor.executor.parallel:run_until_complete again
[71.795s] DEBUG:colcon.colcon_core.event_handler.log_command:Invoked command in '/mnt/Homework/Avans/AFSTUDEERSTAGE/5g_drone_ROS2/build/px4_msgs' returned '-2': CMAKE_PREFIX_PATH=${CMAKE_PREFIX_PATH}:/opt/ros/humble /usr/bin/cmake --build /mnt/Homework/Avans/AFSTUDEERSTAGE/5g_drone_ROS2/build/px4_msgs -- -j12 -l12
[72.792s] Level 1:colcon.colcon_core.environment:create_environment_scripts_only(px4_msgs)
[72.798s] Level 1:colcon.colcon_core.environment:checking '/mnt/Homework/Avans/AFSTUDEERSTAGE/5g_drone_ROS2/install/px4_msgs' for CMake module files
[72.801s] Level 1:colcon.colcon_core.environment:checking '/mnt/Homework/Avans/AFSTUDEERSTAGE/5g_drone_ROS2/install/px4_msgs' for CMake config files
[72.808s] Level 1:colcon.colcon_core.shell:create_environment_hook('px4_msgs', 'cmake_prefix_path')
[72.811s] INFO:colcon.colcon_core.shell:Creating environment hook '/mnt/Homework/Avans/AFSTUDEERSTAGE/5g_drone_ROS2/install/px4_msgs/share/px4_msgs/hook/cmake_prefix_path.ps1'
[72.813s] INFO:colcon.colcon_core.shell:Creating environment descriptor '/mnt/Homework/Avans/AFSTUDEERSTAGE/5g_drone_ROS2/install/px4_msgs/share/px4_msgs/hook/cmake_prefix_path.dsv'
[72.813s] INFO:colcon.colcon_core.shell:Creating environment hook '/mnt/Homework/Avans/AFSTUDEERSTAGE/5g_drone_ROS2/install/px4_msgs/share/px4_msgs/hook/cmake_prefix_path.sh'
[72.815s] Level 1:colcon.colcon_core.environment:checking '/mnt/Homework/Avans/AFSTUDEERSTAGE/5g_drone_ROS2/install/px4_msgs/lib'
[72.815s] Level 1:colcon.colcon_core.shell:create_environment_hook('px4_msgs', 'ld_library_path_lib')
[72.820s] INFO:colcon.colcon_core.shell:Creating environment hook '/mnt/Homework/Avans/AFSTUDEERSTAGE/5g_drone_ROS2/install/px4_msgs/share/px4_msgs/hook/ld_library_path_lib.ps1'
[72.821s] INFO:colcon.colcon_core.shell:Creating environment descriptor '/mnt/Homework/Avans/AFSTUDEERSTAGE/5g_drone_ROS2/install/px4_msgs/share/px4_msgs/hook/ld_library_path_lib.dsv'
[72.822s] INFO:colcon.colcon_core.shell:Creating environment hook '/mnt/Homework/Avans/AFSTUDEERSTAGE/5g_drone_ROS2/install/px4_msgs/share/px4_msgs/hook/ld_library_path_lib.sh'
[72.823s] Level 1:colcon.colcon_core.environment:checking '/mnt/Homework/Avans/AFSTUDEERSTAGE/5g_drone_ROS2/install/px4_msgs/bin'
[72.823s] Level 1:colcon.colcon_core.environment:checking '/mnt/Homework/Avans/AFSTUDEERSTAGE/5g_drone_ROS2/install/px4_msgs/lib/pkgconfig/px4_msgs.pc'
[72.823s] Level 1:colcon.colcon_core.environment:checking '/mnt/Homework/Avans/AFSTUDEERSTAGE/5g_drone_ROS2/install/px4_msgs/lib/python3.10/site-packages'
[72.824s] Level 1:colcon.colcon_core.environment:checking '/mnt/Homework/Avans/AFSTUDEERSTAGE/5g_drone_ROS2/install/px4_msgs/bin'
[72.828s] INFO:colcon.colcon_core.shell:Creating package script '/mnt/Homework/Avans/AFSTUDEERSTAGE/5g_drone_ROS2/install/px4_msgs/share/px4_msgs/package.ps1'
[72.829s] INFO:colcon.colcon_core.shell:Creating package descriptor '/mnt/Homework/Avans/AFSTUDEERSTAGE/5g_drone_ROS2/install/px4_msgs/share/px4_msgs/package.dsv'
[72.830s] INFO:colcon.colcon_core.shell:Creating package script '/mnt/Homework/Avans/AFSTUDEERSTAGE/5g_drone_ROS2/install/px4_msgs/share/px4_msgs/package.sh'
[72.831s] INFO:colcon.colcon_core.shell:Creating package script '/mnt/Homework/Avans/AFSTUDEERSTAGE/5g_drone_ROS2/install/px4_msgs/share/px4_msgs/package.bash'
[72.832s] INFO:colcon.colcon_core.shell:Creating package script '/mnt/Homework/Avans/AFSTUDEERSTAGE/5g_drone_ROS2/install/px4_msgs/share/px4_msgs/package.zsh'
[72.833s] Level 1:colcon.colcon_core.environment:create_file_with_runtime_dependencies(/mnt/Homework/Avans/AFSTUDEERSTAGE/5g_drone_ROS2/install/px4_msgs/share/colcon-core/packages/px4_msgs)
[72.844s] DEBUG:colcon.colcon_parallel_executor.executor.parallel:run_until_complete finished
[72.844s] DEBUG:colcon.colcon_parallel_executor.executor.parallel:closing loop
[72.844s] DEBUG:colcon.colcon_parallel_executor.executor.parallel:loop closed
[72.844s] DEBUG:colcon.colcon_core.event_reactor:joining thread
[72.859s] INFO:colcon.colcon_core.plugin_system:Skipping extension 'colcon_notification.desktop_notification.terminal_notifier': Not used on non-Darwin systems
[72.860s] INFO:colcon.colcon_core.plugin_system:Skipping extension 'colcon_notification.desktop_notification.win32': Not used on non-Windows systems
[72.860s] INFO:colcon.colcon_notification.desktop_notification:Sending desktop notification using 'notify2'
[72.871s] DEBUG:colcon.colcon_core.event_reactor:joined thread
[72.874s] INFO:colcon.colcon_core.shell:Creating prefix script '/mnt/Homework/Avans/AFSTUDEERSTAGE/5g_drone_ROS2/install/local_setup.ps1'
[72.877s] INFO:colcon.colcon_core.shell:Creating prefix util module '/mnt/Homework/Avans/AFSTUDEERSTAGE/5g_drone_ROS2/install/_local_setup_util_ps1.py'
[72.880s] INFO:colcon.colcon_core.shell:Creating prefix chain script '/mnt/Homework/Avans/AFSTUDEERSTAGE/5g_drone_ROS2/install/setup.ps1'
[72.884s] INFO:colcon.colcon_core.shell:Creating prefix script '/mnt/Homework/Avans/AFSTUDEERSTAGE/5g_drone_ROS2/install/local_setup.sh'
[72.887s] INFO:colcon.colcon_core.shell:Creating prefix util module '/mnt/Homework/Avans/AFSTUDEERSTAGE/5g_drone_ROS2/install/_local_setup_util_sh.py'
[72.889s] INFO:colcon.colcon_core.shell:Creating prefix chain script '/mnt/Homework/Avans/AFSTUDEERSTAGE/5g_drone_ROS2/install/setup.sh'
[72.895s] INFO:colcon.colcon_core.shell:Creating prefix script '/mnt/Homework/Avans/AFSTUDEERSTAGE/5g_drone_ROS2/install/local_setup.bash'
[72.896s] INFO:colcon.colcon_core.shell:Creating prefix chain script '/mnt/Homework/Avans/AFSTUDEERSTAGE/5g_drone_ROS2/install/setup.bash'
[72.899s] INFO:colcon.colcon_core.shell:Creating prefix script '/mnt/Homework/Avans/AFSTUDEERSTAGE/5g_drone_ROS2/install/local_setup.zsh'
[72.901s] INFO:colcon.colcon_core.shell:Creating prefix chain script '/mnt/Homework/Avans/AFSTUDEERSTAGE/5g_drone_ROS2/install/setup.zsh'
