-- The C compiler identification is GNU 9.4.0
-- The CXX compiler identification is GNU 9.4.0
-- Check for working C compiler: /usr/bin/cc
-- Check for working C compiler: /usr/bin/cc -- works
-- Detecting C compiler ABI info
-- Detecting C compiler ABI info - done
-- Detecting C compile features
-- Detecting C compile features - done
-- Check for working CXX compiler: /usr/bin/c++
-- Check for working CXX compiler: /usr/bin/c++ -- works
-- Detecting CXX compiler ABI info
-- Detecting CXX compiler ABI info - done
-- Detecting CXX compile features
-- Detecting CXX compile features - done
-- Found ament_cmake: 0.9.11 (/opt/ros/foxy/share/ament_cmake/cmake)
-- Found PythonInterp: /usr/bin/python3 (found suitable version "3.8.10", minimum required is "3") 
-- Using PYTHON_EXECUTABLE: /usr/bin/python3
-- Found rclcpp: 2.4.2 (/opt/ros/foxy/share/rclcpp/cmake)
-- Using all available rosidl_typesupport_c: rosidl_typesupport_fastrtps_c;rosidl_typesupport_introspection_c
-- Found rosidl_adapter: 1.3.0 (/opt/ros/foxy/share/rosidl_adapter/cmake)
-- Found OpenSSL: /usr/lib/aarch64-linux-gnu/libcrypto.so (found version "1.1.1f")  
-- Found FastRTPS: /opt/ros/foxy/include  
-- Using all available rosidl_typesupport_cpp: rosidl_typesupport_fastrtps_cpp;rosidl_typesupport_introspection_cpp
-- Found rmw_implementation_cmake: 1.0.4 (/opt/ros/foxy/share/rmw_implementation_cmake/cmake)
-- Using RMW implementation 'rmw_fastrtps_cpp' as default
-- Looking for pthread.h
-- Looking for pthread.h - found
-- Performing Test CMAKE_HAVE_LIBC_PTHREAD
-- Performing Test CMAKE_HAVE_LIBC_PTHREAD - Failed
-- Looking for pthread_create in pthreads
-- Looking for pthread_create in pthreads - not found
-- Looking for pthread_create in pthread
-- Looking for pthread_create in pthread - found
-- Found Threads: TRUE  
-- Found ament_lint_auto: 0.9.8 (/opt/ros/foxy/share/ament_lint_auto/cmake)
-- Added test 'copyright' to check source files copyright and LICENSE
-- Added test 'cppcheck' to perform static code analysis on C / C++ code
-- Configured cppcheck include dirs: $<BUILD_INTERFACE:/home/ubuntu/ros2_ws/src/beacon_positioning/include>
-- Configured cppcheck exclude dirs and/or files: 
-- Added test 'cpplint' to check C / C++ code against the Google style
-- Configured cpplint exclude dirs and/or files: 
-- Added test 'lint_cmake' to check CMake code style
-- Added test 'uncrustify' to check C / C++ code style
-- Configured uncrustify additional arguments: 
-- Added test 'xmllint' to check XML markup files
-- Configuring done
-- Generating done
-- Build files have been written to: /home/ubuntu/ros2_ws/src/build/beacon_positioning
[35m[1mScanning dependencies of target tracker_position[0m
[ 50%] [32mBuilding CXX object CMakeFiles/tracker_position.dir/src/tracker_position.cpp.o[0m
[100%] [32m[1mLinking CXX executable tracker_position[0m
[100%] Built target tracker_position
-- Install configuration: ""
-- Installing: /home/ubuntu/ros2_ws/src/install/beacon_positioning/lib/beacon_positioning/tracker_position
-- Set runtime path of "/home/ubuntu/ros2_ws/src/install/beacon_positioning/lib/beacon_positioning/tracker_position" to ""
-- Installing: /home/ubuntu/ros2_ws/src/install/beacon_positioning/share/ament_index/resource_index/package_run_dependencies/beacon_positioning
-- Installing: /home/ubuntu/ros2_ws/src/install/beacon_positioning/share/ament_index/resource_index/parent_prefix_path/beacon_positioning
-- Installing: /home/ubuntu/ros2_ws/src/install/beacon_positioning/share/beacon_positioning/environment/ament_prefix_path.sh
-- Installing: /home/ubuntu/ros2_ws/src/install/beacon_positioning/share/beacon_positioning/environment/ament_prefix_path.dsv
-- Installing: /home/ubuntu/ros2_ws/src/install/beacon_positioning/share/beacon_positioning/environment/path.sh
-- Installing: /home/ubuntu/ros2_ws/src/install/beacon_positioning/share/beacon_positioning/environment/path.dsv
-- Installing: /home/ubuntu/ros2_ws/src/install/beacon_positioning/share/beacon_positioning/local_setup.bash
-- Installing: /home/ubuntu/ros2_ws/src/install/beacon_positioning/share/beacon_positioning/local_setup.sh
-- Installing: /home/ubuntu/ros2_ws/src/install/beacon_positioning/share/beacon_positioning/local_setup.zsh
-- Installing: /home/ubuntu/ros2_ws/src/install/beacon_positioning/share/beacon_positioning/local_setup.dsv
-- Installing: /home/ubuntu/ros2_ws/src/install/beacon_positioning/share/beacon_positioning/package.dsv
-- Installing: /home/ubuntu/ros2_ws/src/install/beacon_positioning/share/ament_index/resource_index/packages/beacon_positioning
-- Installing: /home/ubuntu/ros2_ws/src/install/beacon_positioning/share/beacon_positioning/cmake/beacon_positioningConfig.cmake
-- Installing: /home/ubuntu/ros2_ws/src/install/beacon_positioning/share/beacon_positioning/cmake/beacon_positioningConfig-version.cmake
-- Installing: /home/ubuntu/ros2_ws/src/install/beacon_positioning/share/beacon_positioning/package.xml
