[0.113s] Invoking command in '/home/ubuntu/ros2_ws/src/build/beacon_positioning': CMAKE_PREFIX_PATH=${CMAKE_PREFIX_PATH}:/opt/ros/foxy /usr/bin/cmake /home/ubuntu/ros2_ws/src/beacon_positioning -DCMAKE_INSTALL_PREFIX=/home/ubuntu/ros2_ws/src/install/beacon_positioning
[0.357s] -- The C compiler identification is GNU 9.4.0
[0.576s] -- The CXX compiler identification is GNU 9.4.0
[0.592s] -- Check for working C compiler: /usr/bin/cc
[0.869s] -- Check for working C compiler: /usr/bin/cc -- works
[0.873s] -- Detecting C compiler ABI info
[1.156s] -- Detecting C compiler ABI info - done
[1.191s] -- Detecting C compile features
[1.192s] -- Detecting C compile features - done
[1.200s] -- Check for working CXX compiler: /usr/bin/c++
[1.511s] -- Check for working CXX compiler: /usr/bin/c++ -- works
[1.515s] -- Detecting CXX compiler ABI info
[1.824s] -- Detecting CXX compiler ABI info - done
[1.864s] -- Detecting CXX compile features
[1.866s] -- Detecting CXX compile features - done
[1.883s] -- Found ament_cmake: 0.9.11 (/opt/ros/foxy/share/ament_cmake/cmake)
[1.996s] -- Found PythonInterp: /usr/bin/python3 (found suitable version "3.8.10", minimum required is "3") 
[1.996s] -- Using PYTHON_EXECUTABLE: /usr/bin/python3
[2.807s] -- Found rclcpp: 2.4.2 (/opt/ros/foxy/share/rclcpp/cmake)
[3.031s] -- Using all available rosidl_typesupport_c: rosidl_typesupport_fastrtps_c;rosidl_typesupport_introspection_c
[3.073s] -- Found rosidl_adapter: 1.3.0 (/opt/ros/foxy/share/rosidl_adapter/cmake)
[3.393s] -- Found OpenSSL: /usr/lib/aarch64-linux-gnu/libcrypto.so (found version "1.1.1f")  
[3.495s] -- Found FastRTPS: /opt/ros/foxy/include  
[3.814s] -- Using all available rosidl_typesupport_cpp: rosidl_typesupport_fastrtps_cpp;rosidl_typesupport_introspection_cpp
[4.046s] -- Found rmw_implementation_cmake: 1.0.4 (/opt/ros/foxy/share/rmw_implementation_cmake/cmake)
[4.052s] -- Using RMW implementation 'rmw_fastrtps_cpp' as default
[4.055s] -- Looking for pthread.h
[4.353s] -- Looking for pthread.h - found
[4.354s] -- Performing Test CMAKE_HAVE_LIBC_PTHREAD
[4.651s] -- Performing Test CMAKE_HAVE_LIBC_PTHREAD - Failed
[4.652s] -- Looking for pthread_create in pthreads
[4.899s] -- Looking for pthread_create in pthreads - not found
[4.899s] -- Looking for pthread_create in pthread
[5.189s] -- Looking for pthread_create in pthread - found
[5.194s] -- Found Threads: TRUE  
[5.776s] -- Found ament_lint_auto: 0.9.8 (/opt/ros/foxy/share/ament_lint_auto/cmake)
[6.187s] -- Added test 'copyright' to check source files copyright and LICENSE
[6.193s] -- Added test 'cppcheck' to perform static code analysis on C / C++ code
[6.194s] -- Configured cppcheck include dirs: $<BUILD_INTERFACE:/home/ubuntu/ros2_ws/src/beacon_positioning/include>
[6.194s] -- Configured cppcheck exclude dirs and/or files: 
[6.199s] -- Added test 'cpplint' to check C / C++ code against the Google style
[6.199s] -- Configured cpplint exclude dirs and/or files: 
[6.202s] -- Added test 'lint_cmake' to check CMake code style
[6.208s] -- Added test 'uncrustify' to check C / C++ code style
[6.208s] -- Configured uncrustify additional arguments: 
[6.210s] -- Added test 'xmllint' to check XML markup files
[6.231s] -- Configuring done
[6.257s] -- Generating done
[6.262s] -- Build files have been written to: /home/ubuntu/ros2_ws/src/build/beacon_positioning
[6.281s] Invoked command in '/home/ubuntu/ros2_ws/src/build/beacon_positioning' returned '0': CMAKE_PREFIX_PATH=${CMAKE_PREFIX_PATH}:/opt/ros/foxy /usr/bin/cmake /home/ubuntu/ros2_ws/src/beacon_positioning -DCMAKE_INSTALL_PREFIX=/home/ubuntu/ros2_ws/src/install/beacon_positioning
[6.293s] Invoking command in '/home/ubuntu/ros2_ws/src/build/beacon_positioning': CMAKE_PREFIX_PATH=${CMAKE_PREFIX_PATH}:/opt/ros/foxy /usr/bin/cmake --build /home/ubuntu/ros2_ws/src/build/beacon_positioning -- -j4 -l4
[6.460s] [35m[1mScanning dependencies of target tracker_position[0m
[6.633s] [ 50%] [32mBuilding CXX object CMakeFiles/tracker_position.dir/src/tracker_position.cpp.o[0m
[17.362s] [100%] [32m[1mLinking CXX executable tracker_position[0m
[18.045s] [100%] Built target tracker_position
[18.112s] Invoked command in '/home/ubuntu/ros2_ws/src/build/beacon_positioning' returned '0': CMAKE_PREFIX_PATH=${CMAKE_PREFIX_PATH}:/opt/ros/foxy /usr/bin/cmake --build /home/ubuntu/ros2_ws/src/build/beacon_positioning -- -j4 -l4
[18.269s] Invoking command in '/home/ubuntu/ros2_ws/src/build/beacon_positioning': CMAKE_PREFIX_PATH=${CMAKE_PREFIX_PATH}:/opt/ros/foxy /usr/bin/cmake --install /home/ubuntu/ros2_ws/src/build/beacon_positioning
[18.302s] -- Install configuration: ""
[18.303s] -- Installing: /home/ubuntu/ros2_ws/src/install/beacon_positioning/lib/beacon_positioning/tracker_position
[18.309s] -- Set runtime path of "/home/ubuntu/ros2_ws/src/install/beacon_positioning/lib/beacon_positioning/tracker_position" to ""
[18.309s] -- Installing: /home/ubuntu/ros2_ws/src/install/beacon_positioning/share/ament_index/resource_index/package_run_dependencies/beacon_positioning
[18.311s] -- Installing: /home/ubuntu/ros2_ws/src/install/beacon_positioning/share/ament_index/resource_index/parent_prefix_path/beacon_positioning
[18.312s] -- Installing: /home/ubuntu/ros2_ws/src/install/beacon_positioning/share/beacon_positioning/environment/ament_prefix_path.sh
[18.313s] -- Installing: /home/ubuntu/ros2_ws/src/install/beacon_positioning/share/beacon_positioning/environment/ament_prefix_path.dsv
[18.314s] -- Installing: /home/ubuntu/ros2_ws/src/install/beacon_positioning/share/beacon_positioning/environment/path.sh
[18.315s] -- Installing: /home/ubuntu/ros2_ws/src/install/beacon_positioning/share/beacon_positioning/environment/path.dsv
[18.316s] -- Installing: /home/ubuntu/ros2_ws/src/install/beacon_positioning/share/beacon_positioning/local_setup.bash
[18.317s] -- Installing: /home/ubuntu/ros2_ws/src/install/beacon_positioning/share/beacon_positioning/local_setup.sh
[18.318s] -- Installing: /home/ubuntu/ros2_ws/src/install/beacon_positioning/share/beacon_positioning/local_setup.zsh
[18.319s] -- Installing: /home/ubuntu/ros2_ws/src/install/beacon_positioning/share/beacon_positioning/local_setup.dsv
[18.320s] -- Installing: /home/ubuntu/ros2_ws/src/install/beacon_positioning/share/beacon_positioning/package.dsv
[18.321s] -- Installing: /home/ubuntu/ros2_ws/src/install/beacon_positioning/share/ament_index/resource_index/packages/beacon_positioning
[18.323s] -- Installing: /home/ubuntu/ros2_ws/src/install/beacon_positioning/share/beacon_positioning/cmake/beacon_positioningConfig.cmake
[18.324s] -- Installing: /home/ubuntu/ros2_ws/src/install/beacon_positioning/share/beacon_positioning/cmake/beacon_positioningConfig-version.cmake
[18.325s] -- Installing: /home/ubuntu/ros2_ws/src/install/beacon_positioning/share/beacon_positioning/package.xml
[18.338s] Invoked command in '/home/ubuntu/ros2_ws/src/build/beacon_positioning' returned '0': CMAKE_PREFIX_PATH=${CMAKE_PREFIX_PATH}:/opt/ros/foxy /usr/bin/cmake --install /home/ubuntu/ros2_ws/src/build/beacon_positioning
