[0.020s] Invoking command in '/home/ubuntu/ros2_ws/build/drone_sensors': CMAKE_PREFIX_PATH=${CMAKE_PREFIX_PATH}:/opt/ros/humble /usr/bin/cmake --build /home/ubuntu/ros2_ws/build/drone_sensors -- -j12 -l12
[0.057s] [35m[1mConsolidate compiler generated dependencies of target height_sensor[0m
[0.078s] [100%] Built target height_sensor
[0.091s] Invoked command in '/home/ubuntu/ros2_ws/build/drone_sensors' returned '0': CMAKE_PREFIX_PATH=${CMAKE_PREFIX_PATH}:/opt/ros/humble /usr/bin/cmake --build /home/ubuntu/ros2_ws/build/drone_sensors -- -j12 -l12
[0.130s] Invoking command in '/home/ubuntu/ros2_ws/build/drone_sensors': CMAKE_PREFIX_PATH=${CMAKE_PREFIX_PATH}:/opt/ros/humble /usr/bin/cmake --install /home/ubuntu/ros2_ws/build/drone_sensors
[0.137s] -- Install configuration: "RELWITHDEBINFO"
[0.137s] -- Execute custom install script
[0.138s] -- Up-to-date symlink: /home/ubuntu/ros2_ws/install/drone_sensors/lib/drone_sensors/height_sensor
[0.138s] -- Up-to-date symlink: /home/ubuntu/ros2_ws/install/drone_sensors/share/ament_index/resource_index/package_run_dependencies/drone_sensors
[0.138s] -- Up-to-date symlink: /home/ubuntu/ros2_ws/install/drone_sensors/share/ament_index/resource_index/parent_prefix_path/drone_sensors
[0.139s] -- Up-to-date symlink: /home/ubuntu/ros2_ws/install/drone_sensors/share/drone_sensors/environment/ament_prefix_path.sh
[0.139s] -- Up-to-date symlink: /home/ubuntu/ros2_ws/install/drone_sensors/share/drone_sensors/environment/ament_prefix_path.dsv
[0.139s] -- Up-to-date symlink: /home/ubuntu/ros2_ws/install/drone_sensors/share/drone_sensors/environment/path.sh
[0.139s] -- Up-to-date symlink: /home/ubuntu/ros2_ws/install/drone_sensors/share/drone_sensors/environment/path.dsv
[0.140s] -- Up-to-date symlink: /home/ubuntu/ros2_ws/install/drone_sensors/share/drone_sensors/local_setup.bash
[0.140s] -- Up-to-date symlink: /home/ubuntu/ros2_ws/install/drone_sensors/share/drone_sensors/local_setup.sh
[0.140s] -- Up-to-date symlink: /home/ubuntu/ros2_ws/install/drone_sensors/share/drone_sensors/local_setup.zsh
[0.140s] -- Up-to-date symlink: /home/ubuntu/ros2_ws/install/drone_sensors/share/drone_sensors/local_setup.dsv
[0.141s] -- Symlinking: /home/ubuntu/ros2_ws/install/drone_sensors/share/drone_sensors/package.dsv
[0.150s] -- Up-to-date symlink: /home/ubuntu/ros2_ws/install/drone_sensors/share/ament_index/resource_index/packages/drone_sensors
[0.150s] -- Up-to-date symlink: /home/ubuntu/ros2_ws/install/drone_sensors/share/drone_sensors/cmake/drone_sensorsConfig.cmake
[0.150s] -- Up-to-date symlink: /home/ubuntu/ros2_ws/install/drone_sensors/share/drone_sensors/cmake/drone_sensorsConfig-version.cmake
[0.150s] -- Up-to-date symlink: /home/ubuntu/ros2_ws/install/drone_sensors/share/drone_sensors/package.xml
[0.154s] Invoked command in '/home/ubuntu/ros2_ws/build/drone_sensors' returned '0': CMAKE_PREFIX_PATH=${CMAKE_PREFIX_PATH}:/opt/ros/humble /usr/bin/cmake --install /home/ubuntu/ros2_ws/build/drone_sensors
