[0.157s] Invoking command in '/home/ubuntu/ros2_ws/build/beacon_positioning': CMAKE_PREFIX_PATH=${CMAKE_PREFIX_PATH}:/opt/ros/foxy /usr/bin/cmake --build /home/ubuntu/ros2_ws/build/beacon_positioning -- -j4 -l4
[0.818s] [35m[1mScanning dependencies of target tracker_position[0m
[0.968s] [ 50%] [32mBuilding CXX object CMakeFiles/tracker_position.dir/src/tracker_position.cpp.o[0m
[26.981s] [100%] [32m[1mLinking CXX executable tracker_position[0m
[27.858s] [100%] Built target tracker_position
[27.894s] Invoked command in '/home/ubuntu/ros2_ws/build/beacon_positioning' returned '0': CMAKE_PREFIX_PATH=${CMAKE_PREFIX_PATH}:/opt/ros/foxy /usr/bin/cmake --build /home/ubuntu/ros2_ws/build/beacon_positioning -- -j4 -l4
[28.052s] Invoking command in '/home/ubuntu/ros2_ws/build/beacon_positioning': CMAKE_PREFIX_PATH=${CMAKE_PREFIX_PATH}:/opt/ros/foxy /usr/bin/cmake --install /home/ubuntu/ros2_ws/build/beacon_positioning
[28.089s] -- Install configuration: "RELWITHDEBINFO"
[28.091s] -- Execute custom install script
[28.095s] -- Up-to-date symlink: /home/ubuntu/ros2_ws/install/beacon_positioning/lib/beacon_positioning/tracker_position
[28.096s] -- Up-to-date symlink: /home/ubuntu/ros2_ws/install/beacon_positioning/share/ament_index/resource_index/package_run_dependencies/beacon_positioning
[28.099s] -- Up-to-date symlink: /home/ubuntu/ros2_ws/install/beacon_positioning/share/ament_index/resource_index/parent_prefix_path/beacon_positioning
[28.101s] -- Up-to-date symlink: /home/ubuntu/ros2_ws/install/beacon_positioning/share/beacon_positioning/environment/ament_prefix_path.sh
[28.102s] -- Up-to-date symlink: /home/ubuntu/ros2_ws/install/beacon_positioning/share/beacon_positioning/environment/ament_prefix_path.dsv
[28.104s] -- Up-to-date symlink: /home/ubuntu/ros2_ws/install/beacon_positioning/share/beacon_positioning/environment/path.sh
[28.106s] -- Up-to-date symlink: /home/ubuntu/ros2_ws/install/beacon_positioning/share/beacon_positioning/environment/path.dsv
[28.107s] -- Up-to-date symlink: /home/ubuntu/ros2_ws/install/beacon_positioning/share/beacon_positioning/local_setup.bash
[28.109s] -- Up-to-date symlink: /home/ubuntu/ros2_ws/install/beacon_positioning/share/beacon_positioning/local_setup.sh
[28.111s] -- Up-to-date symlink: /home/ubuntu/ros2_ws/install/beacon_positioning/share/beacon_positioning/local_setup.zsh
[28.112s] -- Up-to-date symlink: /home/ubuntu/ros2_ws/install/beacon_positioning/share/beacon_positioning/local_setup.dsv
[28.113s] -- Symlinking: /home/ubuntu/ros2_ws/install/beacon_positioning/share/beacon_positioning/package.dsv
[28.154s] -- Up-to-date symlink: /home/ubuntu/ros2_ws/install/beacon_positioning/share/ament_index/resource_index/packages/beacon_positioning
[28.155s] -- Up-to-date symlink: /home/ubuntu/ros2_ws/install/beacon_positioning/share/beacon_positioning/cmake/beacon_positioningConfig.cmake
[28.157s] -- Up-to-date symlink: /home/ubuntu/ros2_ws/install/beacon_positioning/share/beacon_positioning/cmake/beacon_positioningConfig-version.cmake
[28.159s] -- Up-to-date symlink: /home/ubuntu/ros2_ws/install/beacon_positioning/share/beacon_positioning/package.xml
[28.174s] Invoked command in '/home/ubuntu/ros2_ws/build/beacon_positioning' returned '0': CMAKE_PREFIX_PATH=${CMAKE_PREFIX_PATH}:/opt/ros/foxy /usr/bin/cmake --install /home/ubuntu/ros2_ws/build/beacon_positioning
