[0.116s] Invoking command in '/home/ubuntu/ros2_ws/build/beacon_positioning': CMAKE_PREFIX_PATH=${CMAKE_PREFIX_PATH}:/opt/ros/foxy /usr/bin/cmake --build /home/ubuntu/ros2_ws/build/beacon_positioning -- -j4 -l4
[0.223s] -- Found ament_cmake: 0.9.11 (/opt/ros/foxy/share/ament_cmake/cmake)
[0.317s] -- Using PYTHON_EXECUTABLE: /usr/bin/python3
[0.995s] -- Found rclcpp: 2.4.2 (/opt/ros/foxy/share/rclcpp/cmake)
[1.125s] -- Using all available rosidl_typesupport_c: rosidl_typesupport_fastrtps_c;rosidl_typesupport_introspection_c
[1.138s] -- Found rosidl_adapter: 1.3.0 (/opt/ros/foxy/share/rosidl_adapter/cmake)
[1.621s] -- Using all available rosidl_typesupport_cpp: rosidl_typesupport_fastrtps_cpp;rosidl_typesupport_introspection_cpp
[1.794s] -- Found rmw_implementation_cmake: 1.0.4 (/opt/ros/foxy/share/rmw_implementation_cmake/cmake)
[1.799s] -- Using RMW implementation 'rmw_fastrtps_cpp' as default
[2.301s] -- Found ament_lint_auto: 0.9.8 (/opt/ros/foxy/share/ament_lint_auto/cmake)
[2.620s] -- Added test 'copyright' to check source files copyright and LICENSE
[2.625s] -- Added test 'cppcheck' to perform static code analysis on C / C++ code
[2.626s] -- Configured cppcheck include dirs: $<BUILD_INTERFACE:/home/ubuntu/ros2_ws/src/beacon_positioning/include>
[2.626s] -- Configured cppcheck exclude dirs and/or files: 
[2.630s] -- Added test 'cpplint' to check C / C++ code against the Google style
[2.631s] -- Configured cpplint exclude dirs and/or files: 
[2.633s] -- Added test 'lint_cmake' to check CMake code style
[2.638s] -- Added test 'uncrustify' to check C / C++ code style
[2.638s] -- Configured uncrustify additional arguments: 
[2.640s] -- Added test 'xmllint' to check XML markup files
[2.657s] -- Configuring done
[2.684s] -- Generating done
[2.691s] -- Build files have been written to: /home/ubuntu/ros2_ws/build/beacon_positioning
[2.864s] [ 50%] [32m[1mLinking CXX executable tracker_position[0m
[3.548s] [100%] Built target tracker_position
[3.587s] Invoked command in '/home/ubuntu/ros2_ws/build/beacon_positioning' returned '0': CMAKE_PREFIX_PATH=${CMAKE_PREFIX_PATH}:/opt/ros/foxy /usr/bin/cmake --build /home/ubuntu/ros2_ws/build/beacon_positioning -- -j4 -l4
[3.749s] Invoking command in '/home/ubuntu/ros2_ws/build/beacon_positioning': CMAKE_PREFIX_PATH=${CMAKE_PREFIX_PATH}:/opt/ros/foxy /usr/bin/cmake --install /home/ubuntu/ros2_ws/build/beacon_positioning
[3.782s] -- Install configuration: ""
[3.783s] -- Installing: /home/ubuntu/ros2_ws/install/beacon_positioning/lib/beacon_positioning/tracker_position
[3.789s] -- Set runtime path of "/home/ubuntu/ros2_ws/install/beacon_positioning/lib/beacon_positioning/tracker_position" to ""
[3.789s] -- Up-to-date: /home/ubuntu/ros2_ws/install/beacon_positioning/share/ament_index/resource_index/package_run_dependencies/beacon_positioning
[3.790s] -- Up-to-date: /home/ubuntu/ros2_ws/install/beacon_positioning/share/ament_index/resource_index/parent_prefix_path/beacon_positioning
[3.790s] -- Up-to-date: /home/ubuntu/ros2_ws/install/beacon_positioning/share/beacon_positioning/environment/ament_prefix_path.sh
[3.790s] -- Installing: /home/ubuntu/ros2_ws/install/beacon_positioning/share/beacon_positioning/environment/ament_prefix_path.dsv
[3.792s] -- Up-to-date: /home/ubuntu/ros2_ws/install/beacon_positioning/share/beacon_positioning/environment/path.sh
[3.792s] -- Installing: /home/ubuntu/ros2_ws/install/beacon_positioning/share/beacon_positioning/environment/path.dsv
[3.793s] -- Up-to-date: /home/ubuntu/ros2_ws/install/beacon_positioning/share/beacon_positioning/local_setup.bash
[3.793s] -- Up-to-date: /home/ubuntu/ros2_ws/install/beacon_positioning/share/beacon_positioning/local_setup.sh
[3.794s] -- Up-to-date: /home/ubuntu/ros2_ws/install/beacon_positioning/share/beacon_positioning/local_setup.zsh
[3.794s] -- Installing: /home/ubuntu/ros2_ws/install/beacon_positioning/share/beacon_positioning/local_setup.dsv
[3.795s] -- Installing: /home/ubuntu/ros2_ws/install/beacon_positioning/share/beacon_positioning/package.dsv
[3.796s] -- Up-to-date: /home/ubuntu/ros2_ws/install/beacon_positioning/share/ament_index/resource_index/packages/beacon_positioning
[3.797s] -- Up-to-date: /home/ubuntu/ros2_ws/install/beacon_positioning/share/beacon_positioning/cmake/beacon_positioningConfig.cmake
[3.797s] -- Up-to-date: /home/ubuntu/ros2_ws/install/beacon_positioning/share/beacon_positioning/cmake/beacon_positioningConfig-version.cmake
[3.797s] -- Up-to-date: /home/ubuntu/ros2_ws/install/beacon_positioning/share/beacon_positioning/package.xml
[3.809s] Invoked command in '/home/ubuntu/ros2_ws/build/beacon_positioning' returned '0': CMAKE_PREFIX_PATH=${CMAKE_PREFIX_PATH}:/opt/ros/foxy /usr/bin/cmake --install /home/ubuntu/ros2_ws/build/beacon_positioning
