[0.116s] Invoking command in '/home/ubuntu/ros2_ws/build/beacon_positioning': CMAKE_PREFIX_PATH=${CMAKE_PREFIX_PATH}:/opt/ros/foxy /usr/bin/cmake --build /home/ubuntu/ros2_ws/build/beacon_positioning -- -j4 -l4
[0.301s] [35m[1mScanning dependencies of target tracker_position[0m
[0.426s] [ 50%] [32mBuilding CXX object CMakeFiles/tracker_position.dir/src/tracker_position.cpp.o[0m
[7.015s] [01m[K/home/ubuntu/ros2_ws/src/beacon_positioning/src/tracker_position.cpp:[m[K In lambda function:
[7.016s] [01m[K/home/ubuntu/ros2_ws/src/beacon_positioning/src/tracker_position.cpp:119:25:[m[K [01;35m[Kwarning: [m[Kcomparison of integer expressions of different signedness: ‘[01m[Kint[m[K’ and ‘[01m[Kstd::vector<terabee::RtlsDevice::anchor_data_t>::size_type[m[K’ {aka ‘[01m[Klong unsigned int[m[K’} [[01;35m[K-Wsign-compare[m[K]
[7.016s]   119 |       for (int i = 0; [01;35m[Ki < tracker_msg.anchors_data.size()[m[K; i++)
[7.017s]       |                       [01;35m[K~~^~~~~~~~~~~~~~~~~~~~~~~~~~~~~~~~~[m[K
[24.876s] [100%] [32m[1mLinking CXX executable tracker_position[0m
[25.509s] [100%] Built target tracker_position
[25.547s] Invoked command in '/home/ubuntu/ros2_ws/build/beacon_positioning' returned '0': CMAKE_PREFIX_PATH=${CMAKE_PREFIX_PATH}:/opt/ros/foxy /usr/bin/cmake --build /home/ubuntu/ros2_ws/build/beacon_positioning -- -j4 -l4
[25.712s] Invoking command in '/home/ubuntu/ros2_ws/build/beacon_positioning': CMAKE_PREFIX_PATH=${CMAKE_PREFIX_PATH}:/opt/ros/foxy /usr/bin/cmake --install /home/ubuntu/ros2_ws/build/beacon_positioning
[25.745s] -- Install configuration: "RELWITHDEBINFO"
[25.746s] -- Execute custom install script
[25.748s] -- Up-to-date symlink: /home/ubuntu/ros2_ws/install/beacon_positioning/lib/beacon_positioning/tracker_position
[25.750s] -- Up-to-date symlink: /home/ubuntu/ros2_ws/install/beacon_positioning/share/ament_index/resource_index/package_run_dependencies/beacon_positioning
[25.751s] -- Up-to-date symlink: /home/ubuntu/ros2_ws/install/beacon_positioning/share/ament_index/resource_index/parent_prefix_path/beacon_positioning
[25.752s] -- Up-to-date symlink: /home/ubuntu/ros2_ws/install/beacon_positioning/share/beacon_positioning/environment/ament_prefix_path.sh
[25.753s] -- Up-to-date symlink: /home/ubuntu/ros2_ws/install/beacon_positioning/share/beacon_positioning/environment/ament_prefix_path.dsv
[25.755s] -- Up-to-date symlink: /home/ubuntu/ros2_ws/install/beacon_positioning/share/beacon_positioning/environment/path.sh
[25.756s] -- Up-to-date symlink: /home/ubuntu/ros2_ws/install/beacon_positioning/share/beacon_positioning/environment/path.dsv
[25.757s] -- Up-to-date symlink: /home/ubuntu/ros2_ws/install/beacon_positioning/share/beacon_positioning/local_setup.bash
[25.758s] -- Up-to-date symlink: /home/ubuntu/ros2_ws/install/beacon_positioning/share/beacon_positioning/local_setup.sh
[25.759s] -- Up-to-date symlink: /home/ubuntu/ros2_ws/install/beacon_positioning/share/beacon_positioning/local_setup.zsh
[25.761s] -- Up-to-date symlink: /home/ubuntu/ros2_ws/install/beacon_positioning/share/beacon_positioning/local_setup.dsv
[25.761s] -- Symlinking: /home/ubuntu/ros2_ws/install/beacon_positioning/share/beacon_positioning/package.dsv
[25.796s] -- Up-to-date symlink: /home/ubuntu/ros2_ws/install/beacon_positioning/share/ament_index/resource_index/packages/beacon_positioning
[25.797s] -- Up-to-date symlink: /home/ubuntu/ros2_ws/install/beacon_positioning/share/beacon_positioning/cmake/beacon_positioningConfig.cmake
[25.798s] -- Up-to-date symlink: /home/ubuntu/ros2_ws/install/beacon_positioning/share/beacon_positioning/cmake/beacon_positioningConfig-version.cmake
[25.799s] -- Up-to-date symlink: /home/ubuntu/ros2_ws/install/beacon_positioning/share/beacon_positioning/package.xml
[25.811s] Invoked command in '/home/ubuntu/ros2_ws/build/beacon_positioning' returned '0': CMAKE_PREFIX_PATH=${CMAKE_PREFIX_PATH}:/opt/ros/foxy /usr/bin/cmake --install /home/ubuntu/ros2_ws/build/beacon_positioning
