[0.146s] Invoking command in '/home/ubuntu/ros2_ws/build/beacon_positioning': CMAKE_PREFIX_PATH=${CMAKE_PREFIX_PATH}:/opt/ros/foxy /usr/bin/cmake --build /home/ubuntu/ros2_ws/build/beacon_positioning -- -j4 -l4
[0.363s] [  3%] Built target beacon_positioning__cpp
[0.376s] [ 12%] Built target beacon_positioning__rosidl_generator_c
[0.410s] [ 18%] Built target tracker_position
[0.519s] [ 27%] Built target beacon_positioning__rosidl_typesupport_fastrtps_cpp
[0.521s] [ 36%] Built target beacon_positioning__rosidl_typesupport_cpp
[0.535s] [ 45%] Built target beacon_positioning__rosidl_typesupport_introspection_cpp
[0.567s] [ 54%] Built target beacon_positioning__rosidl_typesupport_introspection_c
[0.632s] [ 63%] Built target beacon_positioning__rosidl_typesupport_c
[0.655s] [ 72%] Built target beacon_positioning__rosidl_typesupport_fastrtps_c
[0.740s] [ 72%] Built target beacon_positioning
[0.827s] [ 75%] Built target beacon_positioning__py
[0.934s] [ 81%] Built target beacon_positioning__python
[1.058s] [ 87%] Built target beacon_positioning__rosidl_typesupport_c__pyext
[1.061s] [ 93%] Built target beacon_positioning__rosidl_typesupport_introspection_c__pyext
[1.063s] [100%] Built target beacon_positioning__rosidl_typesupport_fastrtps_c__pyext
[1.108s] Invoked command in '/home/ubuntu/ros2_ws/build/beacon_positioning' returned '0': CMAKE_PREFIX_PATH=${CMAKE_PREFIX_PATH}:/opt/ros/foxy /usr/bin/cmake --build /home/ubuntu/ros2_ws/build/beacon_positioning -- -j4 -l4
[1.445s] Invoking command in '/home/ubuntu/ros2_ws/build/beacon_positioning': CMAKE_PREFIX_PATH=${CMAKE_PREFIX_PATH}:/opt/ros/foxy /usr/bin/cmake --install /home/ubuntu/ros2_ws/build/beacon_positioning
[1.482s] -- Install configuration: ""
[1.483s] -- Up-to-date: /home/ubuntu/ros2_ws/install/beacon_positioning/share/ament_index/resource_index/rosidl_interfaces/beacon_positioning
[1.484s] -- Up-to-date: /home/ubuntu/ros2_ws/install/beacon_positioning/include/beacon_positioning
[1.485s] -- Up-to-date: /home/ubuntu/ros2_ws/install/beacon_positioning/include/beacon_positioning/msg
[1.486s] -- Up-to-date: /home/ubuntu/ros2_ws/install/beacon_positioning/include/beacon_positioning/msg/detail
[1.487s] -- Up-to-date: /home/ubuntu/ros2_ws/install/beacon_positioning/include/beacon_positioning/msg/detail/tracker_position__functions.c
[1.488s] -- Up-to-date: /home/ubuntu/ros2_ws/install/beacon_positioning/include/beacon_positioning/msg/detail/tracker_position__struct.h
[1.489s] -- Up-to-date: /home/ubuntu/ros2_ws/install/beacon_positioning/include/beacon_positioning/msg/detail/tracker_position__functions.h
[1.490s] -- Up-to-date: /home/ubuntu/ros2_ws/install/beacon_positioning/include/beacon_positioning/msg/detail/tracker_position__type_support.h
[1.491s] -- Up-to-date: /home/ubuntu/ros2_ws/install/beacon_positioning/include/beacon_positioning/msg/rosidl_generator_c__visibility_control.h
[1.492s] -- Up-to-date: /home/ubuntu/ros2_ws/install/beacon_positioning/include/beacon_positioning/msg/tracker_position.h
[1.493s] -- Up-to-date: /home/ubuntu/ros2_ws/install/beacon_positioning/share/beacon_positioning/environment/library_path.sh
[1.493s] -- Up-to-date: /home/ubuntu/ros2_ws/install/beacon_positioning/share/beacon_positioning/environment/library_path.dsv
[1.494s] -- Up-to-date: /home/ubuntu/ros2_ws/install/beacon_positioning/lib/libbeacon_positioning__rosidl_generator_c.so
[1.495s] -- Up-to-date: /home/ubuntu/ros2_ws/install/beacon_positioning/include/beacon_positioning
[1.496s] -- Up-to-date: /home/ubuntu/ros2_ws/install/beacon_positioning/include/beacon_positioning/msg
[1.497s] -- Up-to-date: /home/ubuntu/ros2_ws/install/beacon_positioning/include/beacon_positioning/msg/rosidl_typesupport_fastrtps_c__visibility_control.h
[1.498s] -- Up-to-date: /home/ubuntu/ros2_ws/install/beacon_positioning/include/beacon_positioning/msg/detail
[1.499s] -- Up-to-date: /home/ubuntu/ros2_ws/install/beacon_positioning/include/beacon_positioning/msg/detail/tracker_position__rosidl_typesupport_fastrtps_c.h
[1.500s] -- Up-to-date: /home/ubuntu/ros2_ws/install/beacon_positioning/lib/libbeacon_positioning__rosidl_typesupport_fastrtps_c.so
[1.501s] -- Up-to-date: /home/ubuntu/ros2_ws/install/beacon_positioning/include/beacon_positioning
[1.502s] -- Up-to-date: /home/ubuntu/ros2_ws/install/beacon_positioning/include/beacon_positioning/msg
[1.503s] -- Up-to-date: /home/ubuntu/ros2_ws/install/beacon_positioning/include/beacon_positioning/msg/rosidl_typesupport_fastrtps_cpp__visibility_control.h
[1.505s] -- Up-to-date: /home/ubuntu/ros2_ws/install/beacon_positioning/include/beacon_positioning/msg/detail
[1.506s] -- Up-to-date: /home/ubuntu/ros2_ws/install/beacon_positioning/include/beacon_positioning/msg/detail/dds_fastrtps
[1.507s] -- Up-to-date: /home/ubuntu/ros2_ws/install/beacon_positioning/include/beacon_positioning/msg/detail/tracker_position__rosidl_typesupport_fastrtps_cpp.hpp
[1.507s] -- Up-to-date: /home/ubuntu/ros2_ws/install/beacon_positioning/lib/libbeacon_positioning__rosidl_typesupport_fastrtps_cpp.so
[1.509s] -- Up-to-date: /home/ubuntu/ros2_ws/install/beacon_positioning/include/beacon_positioning
[1.510s] -- Up-to-date: /home/ubuntu/ros2_ws/install/beacon_positioning/include/beacon_positioning/msg
[1.511s] -- Up-to-date: /home/ubuntu/ros2_ws/install/beacon_positioning/include/beacon_positioning/msg/detail
[1.512s] -- Up-to-date: /home/ubuntu/ros2_ws/install/beacon_positioning/include/beacon_positioning/msg/detail/tracker_position__type_support.c
[1.513s] -- Up-to-date: /home/ubuntu/ros2_ws/install/beacon_positioning/include/beacon_positioning/msg/detail/tracker_position__rosidl_typesupport_introspection_c.h
[1.513s] -- Up-to-date: /home/ubuntu/ros2_ws/install/beacon_positioning/include/beacon_positioning/msg/rosidl_typesupport_introspection_c__visibility_control.h
[1.514s] -- Up-to-date: /home/ubuntu/ros2_ws/install/beacon_positioning/lib/libbeacon_positioning__rosidl_typesupport_introspection_c.so
[1.515s] -- Up-to-date: /home/ubuntu/ros2_ws/install/beacon_positioning/lib/libbeacon_positioning__rosidl_typesupport_c.so
[1.516s] -- Up-to-date: /home/ubuntu/ros2_ws/install/beacon_positioning/include/beacon_positioning
[1.517s] -- Up-to-date: /home/ubuntu/ros2_ws/install/beacon_positioning/include/beacon_positioning/msg
[1.517s] -- Up-to-date: /home/ubuntu/ros2_ws/install/beacon_positioning/include/beacon_positioning/msg/tracker_position.hpp
[1.518s] -- Up-to-date: /home/ubuntu/ros2_ws/install/beacon_positioning/include/beacon_positioning/msg/detail
[1.519s] -- Up-to-date: /home/ubuntu/ros2_ws/install/beacon_positioning/include/beacon_positioning/msg/detail/tracker_position__traits.hpp
[1.520s] -- Up-to-date: /home/ubuntu/ros2_ws/install/beacon_positioning/include/beacon_positioning/msg/detail/tracker_position__builder.hpp
[1.521s] -- Up-to-date: /home/ubuntu/ros2_ws/install/beacon_positioning/include/beacon_positioning/msg/detail/tracker_position__struct.hpp
[1.522s] -- Up-to-date: /home/ubuntu/ros2_ws/install/beacon_positioning/include/beacon_positioning
[1.523s] -- Up-to-date: /home/ubuntu/ros2_ws/install/beacon_positioning/include/beacon_positioning/msg
[1.524s] -- Up-to-date: /home/ubuntu/ros2_ws/install/beacon_positioning/include/beacon_positioning/msg/detail
[1.524s] -- Up-to-date: /home/ubuntu/ros2_ws/install/beacon_positioning/include/beacon_positioning/msg/detail/tracker_position__type_support.cpp
[1.525s] -- Up-to-date: /home/ubuntu/ros2_ws/install/beacon_positioning/include/beacon_positioning/msg/detail/tracker_position__rosidl_typesupport_introspection_cpp.hpp
[1.526s] -- Up-to-date: /home/ubuntu/ros2_ws/install/beacon_positioning/lib/libbeacon_positioning__rosidl_typesupport_introspection_cpp.so
[1.527s] -- Up-to-date: /home/ubuntu/ros2_ws/install/beacon_positioning/lib/libbeacon_positioning__rosidl_typesupport_cpp.so
[1.527s] -- Up-to-date: /home/ubuntu/ros2_ws/install/beacon_positioning/share/beacon_positioning/environment/pythonpath.sh
[1.528s] -- Up-to-date: /home/ubuntu/ros2_ws/install/beacon_positioning/share/beacon_positioning/environment/pythonpath.dsv
[1.529s] -- Up-to-date: /home/ubuntu/ros2_ws/install/beacon_positioning/lib/python3.8/site-packages/beacon_positioning/__init__.py
[1.717s] -- Up-to-date: /home/ubuntu/ros2_ws/install/beacon_positioning/lib/python3.8/site-packages/beacon_positioning/msg
[1.718s] -- Up-to-date: /home/ubuntu/ros2_ws/install/beacon_positioning/lib/python3.8/site-packages/beacon_positioning/msg/_tracker_position_s.c
[1.719s] -- Up-to-date: /home/ubuntu/ros2_ws/install/beacon_positioning/lib/python3.8/site-packages/beacon_positioning/msg/_tracker_position.py
[1.720s] -- Up-to-date: /home/ubuntu/ros2_ws/install/beacon_positioning/lib/python3.8/site-packages/beacon_positioning/msg/__init__.py
[1.721s] -- Up-to-date: /home/ubuntu/ros2_ws/install/beacon_positioning/lib/python3.8/site-packages/beacon_positioning/beacon_positioning_s__rosidl_typesupport_fastrtps_c.cpython-38-aarch64-linux-gnu.so
[1.724s] -- Up-to-date: /home/ubuntu/ros2_ws/install/beacon_positioning/lib/python3.8/site-packages/beacon_positioning/beacon_positioning_s__rosidl_typesupport_introspection_c.cpython-38-aarch64-linux-gnu.so
[1.727s] -- Up-to-date: /home/ubuntu/ros2_ws/install/beacon_positioning/lib/python3.8/site-packages/beacon_positioning/beacon_positioning_s__rosidl_typesupport_c.cpython-38-aarch64-linux-gnu.so
[1.730s] -- Up-to-date: /home/ubuntu/ros2_ws/install/beacon_positioning/lib/libbeacon_positioning__python.so
[1.732s] -- Up-to-date: /home/ubuntu/ros2_ws/install/beacon_positioning/share/beacon_positioning/msg/TrackerPosition.idl
[1.733s] -- Up-to-date: /home/ubuntu/ros2_ws/install/beacon_positioning/share/beacon_positioning/msg/TrackerPosition.msg
[1.734s] -- Up-to-date: /home/ubuntu/ros2_ws/install/beacon_positioning/lib/beacon_positioning/tracker_position
[1.735s] -- Up-to-date: /home/ubuntu/ros2_ws/install/beacon_positioning/share/beacon_positioning/launch
[1.736s] -- Up-to-date: /home/ubuntu/ros2_ws/install/beacon_positioning/share/beacon_positioning/launch/beacon_positioning_launch.py
[1.738s] -- Up-to-date: /home/ubuntu/ros2_ws/install/beacon_positioning/share/ament_index/resource_index/package_run_dependencies/beacon_positioning
[1.739s] -- Up-to-date: /home/ubuntu/ros2_ws/install/beacon_positioning/share/ament_index/resource_index/parent_prefix_path/beacon_positioning
[1.740s] -- Up-to-date: /home/ubuntu/ros2_ws/install/beacon_positioning/share/beacon_positioning/environment/ament_prefix_path.sh
[1.741s] -- Up-to-date: /home/ubuntu/ros2_ws/install/beacon_positioning/share/beacon_positioning/environment/ament_prefix_path.dsv
[1.742s] -- Up-to-date: /home/ubuntu/ros2_ws/install/beacon_positioning/share/beacon_positioning/environment/path.sh
[1.743s] -- Up-to-date: /home/ubuntu/ros2_ws/install/beacon_positioning/share/beacon_positioning/environment/path.dsv
[1.744s] -- Up-to-date: /home/ubuntu/ros2_ws/install/beacon_positioning/share/beacon_positioning/local_setup.bash
[1.745s] -- Up-to-date: /home/ubuntu/ros2_ws/install/beacon_positioning/share/beacon_positioning/local_setup.sh
[1.746s] -- Up-to-date: /home/ubuntu/ros2_ws/install/beacon_positioning/share/beacon_positioning/local_setup.zsh
[1.746s] -- Up-to-date: /home/ubuntu/ros2_ws/install/beacon_positioning/share/beacon_positioning/local_setup.dsv
[1.748s] -- Installing: /home/ubuntu/ros2_ws/install/beacon_positioning/share/beacon_positioning/package.dsv
[1.748s] -- Up-to-date: /home/ubuntu/ros2_ws/install/beacon_positioning/share/ament_index/resource_index/packages/beacon_positioning
[1.749s] -- Up-to-date: /home/ubuntu/ros2_ws/install/beacon_positioning/share/beacon_positioning/cmake/beacon_positioning__rosidl_generator_cExport.cmake
[1.750s] -- Up-to-date: /home/ubuntu/ros2_ws/install/beacon_positioning/share/beacon_positioning/cmake/beacon_positioning__rosidl_generator_cExport-noconfig.cmake
[1.751s] -- Up-to-date: /home/ubuntu/ros2_ws/install/beacon_positioning/share/beacon_positioning/cmake/beacon_positioning__rosidl_typesupport_introspection_cExport.cmake
[1.752s] -- Up-to-date: /home/ubuntu/ros2_ws/install/beacon_positioning/share/beacon_positioning/cmake/beacon_positioning__rosidl_typesupport_introspection_cExport-noconfig.cmake
[1.753s] -- Up-to-date: /home/ubuntu/ros2_ws/install/beacon_positioning/share/beacon_positioning/cmake/beacon_positioning__rosidl_typesupport_cExport.cmake
[1.754s] -- Up-to-date: /home/ubuntu/ros2_ws/install/beacon_positioning/share/beacon_positioning/cmake/beacon_positioning__rosidl_typesupport_cExport-noconfig.cmake
[1.755s] -- Up-to-date: /home/ubuntu/ros2_ws/install/beacon_positioning/share/beacon_positioning/cmake/beacon_positioning__rosidl_generator_cppExport.cmake
[1.756s] -- Up-to-date: /home/ubuntu/ros2_ws/install/beacon_positioning/share/beacon_positioning/cmake/beacon_positioning__rosidl_typesupport_introspection_cppExport.cmake
[1.757s] -- Up-to-date: /home/ubuntu/ros2_ws/install/beacon_positioning/share/beacon_positioning/cmake/beacon_positioning__rosidl_typesupport_introspection_cppExport-noconfig.cmake
[1.758s] -- Up-to-date: /home/ubuntu/ros2_ws/install/beacon_positioning/share/beacon_positioning/cmake/beacon_positioning__rosidl_typesupport_cppExport.cmake
[1.759s] -- Up-to-date: /home/ubuntu/ros2_ws/install/beacon_positioning/share/beacon_positioning/cmake/beacon_positioning__rosidl_typesupport_cppExport-noconfig.cmake
[1.760s] -- Up-to-date: /home/ubuntu/ros2_ws/install/beacon_positioning/share/beacon_positioning/cmake/rosidl_cmake-extras.cmake
[1.761s] -- Up-to-date: /home/ubuntu/ros2_ws/install/beacon_positioning/share/beacon_positioning/cmake/ament_cmake_export_dependencies-extras.cmake
[1.762s] -- Up-to-date: /home/ubuntu/ros2_ws/install/beacon_positioning/share/beacon_positioning/cmake/ament_cmake_export_libraries-extras.cmake
[1.763s] -- Up-to-date: /home/ubuntu/ros2_ws/install/beacon_positioning/share/beacon_positioning/cmake/ament_cmake_export_targets-extras.cmake
[1.764s] -- Up-to-date: /home/ubuntu/ros2_ws/install/beacon_positioning/share/beacon_positioning/cmake/ament_cmake_export_include_directories-extras.cmake
[1.765s] -- Up-to-date: /home/ubuntu/ros2_ws/install/beacon_positioning/share/beacon_positioning/cmake/rosidl_cmake_export_typesupport_libraries-extras.cmake
[1.766s] -- Up-to-date: /home/ubuntu/ros2_ws/install/beacon_positioning/share/beacon_positioning/cmake/rosidl_cmake_export_typesupport_targets-extras.cmake
[1.767s] -- Up-to-date: /home/ubuntu/ros2_ws/install/beacon_positioning/share/beacon_positioning/cmake/beacon_positioningConfig.cmake
[1.769s] -- Up-to-date: /home/ubuntu/ros2_ws/install/beacon_positioning/share/beacon_positioning/cmake/beacon_positioningConfig-version.cmake
[1.771s] -- Up-to-date: /home/ubuntu/ros2_ws/install/beacon_positioning/share/beacon_positioning/package.xml
[1.782s] Invoked command in '/home/ubuntu/ros2_ws/build/beacon_positioning' returned '0': CMAKE_PREFIX_PATH=${CMAKE_PREFIX_PATH}:/opt/ros/foxy /usr/bin/cmake --install /home/ubuntu/ros2_ws/build/beacon_positioning
