openjdk version "11.0.18" 2023-01-17
OpenJDK Runtime Environment (build 11.0.18+10-post-Ubuntu-0ubuntu122.04)
OpenJDK 64-Bit Server VM (build 11.0.18+10-post-Ubuntu-0ubuntu122.04, mixed mode)
openjdk version "11.0.18" 2023-01-17
OpenJDK Runtime Environment (build 11.0.18+10-post-Ubuntu-0ubuntu122.04)
OpenJDK 64-Bit Server VM (build 11.0.18+10-post-Ubuntu-0ubuntu122.04, mixed mode)
Loading templates...
Processing the file /home/ubuntu/ros2_ws/install/px4_msgs/share/px4_msgs/msg/VehicleCommand.idl...
Generating Type definition files...
INFO: /home/ubuntu/ros2_ws/build/px4_ros_com/src/micrortps_agent/fastrtpsgen/VehicleCommand.h exists. Skipping.
INFO: /home/ubuntu/ros2_ws/build/px4_ros_com/src/micrortps_agent/fastrtpsgen/VehicleCommand.cxx exists. Skipping.
Generating TopicDataTypes files...
INFO: /home/ubuntu/ros2_ws/build/px4_ros_com/src/micrortps_agent/fastrtpsgen/VehicleCommandPubSubTypes.h exists. Skipping.
INFO: /home/ubuntu/ros2_ws/build/px4_ros_com/src/micrortps_agent/fastrtpsgen/VehicleCommandPubSubTypes.cxx exists. Skipping.
Generating Publisher files...
INFO: /home/ubuntu/ros2_ws/build/px4_ros_com/src/micrortps_agent/fastrtpsgen/VehicleCommandPublisher.h exists. Skipping.
INFO: /home/ubuntu/ros2_ws/build/px4_ros_com/src/micrortps_agent/fastrtpsgen/VehicleCommandPublisher.cxx exists. Skipping.
Generating Subscriber files...
INFO: /home/ubuntu/ros2_ws/build/px4_ros_com/src/micrortps_agent/fastrtpsgen/VehicleCommandSubscriber.h exists. Skipping.
INFO: /home/ubuntu/ros2_ws/build/px4_ros_com/src/micrortps_agent/fastrtpsgen/VehicleCommandSubscriber.cxx exists. Skipping.
Generating main file...
INFO: /home/ubuntu/ros2_ws/build/px4_ros_com/src/micrortps_agent/fastrtpsgen/VehicleCommandPubSubMain.cxx exists. Skipping.
Adding project: /home/ubuntu/ros2_ws/install/px4_msgs/share/px4_msgs/msg/VehicleCommand.idl
Processing the file /home/ubuntu/ros2_ws/install/px4_msgs/share/px4_msgs/msg/VehicleTrajectoryWaypoint.idl...
Generating Type definition files...
INFO: /home/ubuntu/ros2_ws/build/px4_ros_com/src/micrortps_agent/fastrtpsgen/VehicleTrajectoryWaypoint.h exists. Skipping.
INFO: /home/ubuntu/ros2_ws/build/px4_ros_com/src/micrortps_agent/fastrtpsgen/VehicleTrajectoryWaypoint.cxx exists. Skipping.
Generating TopicDataTypes files...
INFO: /home/ubuntu/ros2_ws/build/px4_ros_com/src/micrortps_agent/fastrtpsgen/VehicleTrajectoryWaypointPubSubTypes.h exists. Skipping.
INFO: /home/ubuntu/ros2_ws/build/px4_ros_com/src/micrortps_agent/fastrtpsgen/VehicleTrajectoryWaypointPubSubTypes.cxx exists. Skipping.
Generating Publisher files...
INFO: /home/ubuntu/ros2_ws/build/px4_ros_com/src/micrortps_agent/fastrtpsgen/VehicleTrajectoryWaypointPublisher.h exists. Skipping.
INFO: /home/ubuntu/ros2_ws/build/px4_ros_com/src/micrortps_agent/fastrtpsgen/VehicleTrajectoryWaypointPublisher.cxx exists. Skipping.
Generating Subscriber files...
INFO: /home/ubuntu/ros2_ws/build/px4_ros_com/src/micrortps_agent/fastrtpsgen/VehicleTrajectoryWaypointSubscriber.h exists. Skipping.
INFO: /home/ubuntu/ros2_ws/build/px4_ros_com/src/micrortps_agent/fastrtpsgen/VehicleTrajectoryWaypointSubscriber.cxx exists. Skipping.
Generating main file...
INFO: /home/ubuntu/ros2_ws/build/px4_ros_com/src/micrortps_agent/fastrtpsgen/VehicleTrajectoryWaypointPubSubMain.cxx exists. Skipping.
Adding project: /home/ubuntu/ros2_ws/install/px4_msgs/share/px4_msgs/msg/VehicleTrajectoryWaypoint.idl
Processing the file /home/ubuntu/ros2_ws/install/px4_msgs/share/px4_msgs/msg/VehicleMocapOdometry.idl...
Generating Type definition files...
INFO: /home/ubuntu/ros2_ws/build/px4_ros_com/src/micrortps_agent/fastrtpsgen/VehicleMocapOdometry.h exists. Skipping.
INFO: /home/ubuntu/ros2_ws/build/px4_ros_com/src/micrortps_agent/fastrtpsgen/VehicleMocapOdometry.cxx exists. Skipping.
Generating TopicDataTypes files...
INFO: /home/ubuntu/ros2_ws/build/px4_ros_com/src/micrortps_agent/fastrtpsgen/VehicleMocapOdometryPubSubTypes.h exists. Skipping.
INFO: /home/ubuntu/ros2_ws/build/px4_ros_com/src/micrortps_agent/fastrtpsgen/VehicleMocapOdometryPubSubTypes.cxx exists. Skipping.
Generating Publisher files...
INFO: /home/ubuntu/ros2_ws/build/px4_ros_com/src/micrortps_agent/fastrtpsgen/VehicleMocapOdometryPublisher.h exists. Skipping.
INFO: /home/ubuntu/ros2_ws/build/px4_ros_com/src/micrortps_agent/fastrtpsgen/VehicleMocapOdometryPublisher.cxx exists. Skipping.
Generating Subscriber files...
INFO: /home/ubuntu/ros2_ws/build/px4_ros_com/src/micrortps_agent/fastrtpsgen/VehicleMocapOdometrySubscriber.h exists. Skipping.
INFO: /home/ubuntu/ros2_ws/build/px4_ros_com/src/micrortps_agent/fastrtpsgen/VehicleMocapOdometrySubscriber.cxx exists. Skipping.
Generating main file...
INFO: /home/ubuntu/ros2_ws/build/px4_ros_com/src/micrortps_agent/fastrtpsgen/VehicleMocapOdometryPubSubMain.cxx exists. Skipping.
Adding project: /home/ubuntu/ros2_ws/install/px4_msgs/share/px4_msgs/msg/VehicleMocapOdometry.idl
Processing the file /home/ubuntu/ros2_ws/install/px4_msgs/share/px4_msgs/msg/PositionSetpoint.idl...
Generating Type definition files...
INFO: /home/ubuntu/ros2_ws/build/px4_ros_com/src/micrortps_agent/fastrtpsgen/PositionSetpoint.h exists. Skipping.
INFO: /home/ubuntu/ros2_ws/build/px4_ros_com/src/micrortps_agent/fastrtpsgen/PositionSetpoint.cxx exists. Skipping.
Generating TopicDataTypes files...
INFO: /home/ubuntu/ros2_ws/build/px4_ros_com/src/micrortps_agent/fastrtpsgen/PositionSetpointPubSubTypes.h exists. Skipping.
INFO: /home/ubuntu/ros2_ws/build/px4_ros_com/src/micrortps_agent/fastrtpsgen/PositionSetpointPubSubTypes.cxx exists. Skipping.
Generating Publisher files...
INFO: /home/ubuntu/ros2_ws/build/px4_ros_com/src/micrortps_agent/fastrtpsgen/PositionSetpointPublisher.h exists. Skipping.
INFO: /home/ubuntu/ros2_ws/build/px4_ros_com/src/micrortps_agent/fastrtpsgen/PositionSetpointPublisher.cxx exists. Skipping.
Generating Subscriber files...
INFO: /home/ubuntu/ros2_ws/build/px4_ros_com/src/micrortps_agent/fastrtpsgen/PositionSetpointSubscriber.h exists. Skipping.
INFO: /home/ubuntu/ros2_ws/build/px4_ros_com/src/micrortps_agent/fastrtpsgen/PositionSetpointSubscriber.cxx exists. Skipping.
Generating main file...
INFO: /home/ubuntu/ros2_ws/build/px4_ros_com/src/micrortps_agent/fastrtpsgen/PositionSetpointPubSubMain.cxx exists. Skipping.
Adding project: /home/ubuntu/ros2_ws/install/px4_msgs/share/px4_msgs/msg/PositionSetpoint.idl
Processing the file /home/ubuntu/ros2_ws/install/px4_msgs/share/px4_msgs/msg/TimesyncStatus.idl...
Generating Type definition files...
INFO: /home/ubuntu/ros2_ws/build/px4_ros_com/src/micrortps_agent/fastrtpsgen/TimesyncStatus.h exists. Skipping.
INFO: /home/ubuntu/ros2_ws/build/px4_ros_com/src/micrortps_agent/fastrtpsgen/TimesyncStatus.cxx exists. Skipping.
Generating TopicDataTypes files...
INFO: /home/ubuntu/ros2_ws/build/px4_ros_com/src/micrortps_agent/fastrtpsgen/TimesyncStatusPubSubTypes.h exists. Skipping.
INFO: /home/ubuntu/ros2_ws/build/px4_ros_com/src/micrortps_agent/fastrtpsgen/TimesyncStatusPubSubTypes.cxx exists. Skipping.
Generating Publisher files...
INFO: /home/ubuntu/ros2_ws/build/px4_ros_com/src/micrortps_agent/fastrtpsgen/TimesyncStatusPublisher.h exists. Skipping.
INFO: /home/ubuntu/ros2_ws/build/px4_ros_com/src/micrortps_agent/fastrtpsgen/TimesyncStatusPublisher.cxx exists. Skipping.
Generating Subscriber files...
INFO: /home/ubuntu/ros2_ws/build/px4_ros_com/src/micrortps_agent/fastrtpsgen/TimesyncStatusSubscriber.h exists. Skipping.
INFO: /home/ubuntu/ros2_ws/build/px4_ros_com/src/micrortps_agent/fastrtpsgen/TimesyncStatusSubscriber.cxx exists. Skipping.
Generating main file...
INFO: /home/ubuntu/ros2_ws/build/px4_ros_com/src/micrortps_agent/fastrtpsgen/TimesyncStatusPubSubMain.cxx exists. Skipping.
Adding project: /home/ubuntu/ros2_ws/install/px4_msgs/share/px4_msgs/msg/TimesyncStatus.idl
Processing the file /home/ubuntu/ros2_ws/install/px4_msgs/share/px4_msgs/msg/DebugKeyValue.idl...
Generating Type definition files...
INFO: /home/ubuntu/ros2_ws/build/px4_ros_com/src/micrortps_agent/fastrtpsgen/DebugKeyValue.h exists. Skipping.
INFO: /home/ubuntu/ros2_ws/build/px4_ros_com/src/micrortps_agent/fastrtpsgen/DebugKeyValue.cxx exists. Skipping.
Generating TopicDataTypes files...
INFO: /home/ubuntu/ros2_ws/build/px4_ros_com/src/micrortps_agent/fastrtpsgen/DebugKeyValuePubSubTypes.h exists. Skipping.
INFO: /home/ubuntu/ros2_ws/build/px4_ros_com/src/micrortps_agent/fastrtpsgen/DebugKeyValuePubSubTypes.cxx exists. Skipping.
Generating Publisher files...
INFO: /home/ubuntu/ros2_ws/build/px4_ros_com/src/micrortps_agent/fastrtpsgen/DebugKeyValuePublisher.h exists. Skipping.
INFO: /home/ubuntu/ros2_ws/build/px4_ros_com/src/micrortps_agent/fastrtpsgen/DebugKeyValuePublisher.cxx exists. Skipping.
Generating Subscriber files...
INFO: /home/ubuntu/ros2_ws/build/px4_ros_com/src/micrortps_agent/fastrtpsgen/DebugKeyValueSubscriber.h exists. Skipping.
INFO: /home/ubuntu/ros2_ws/build/px4_ros_com/src/micrortps_agent/fastrtpsgen/DebugKeyValueSubscriber.cxx exists. Skipping.
Generating main file...
INFO: /home/ubuntu/ros2_ws/build/px4_ros_com/src/micrortps_agent/fastrtpsgen/DebugKeyValuePubSubMain.cxx exists. Skipping.
Adding project: /home/ubuntu/ros2_ws/install/px4_msgs/share/px4_msgs/msg/DebugKeyValue.idl
Processing the file /home/ubuntu/ros2_ws/install/px4_msgs/share/px4_msgs/msg/DebugValue.idl...
Generating Type definition files...
INFO: /home/ubuntu/ros2_ws/build/px4_ros_com/src/micrortps_agent/fastrtpsgen/DebugValue.h exists. Skipping.
INFO: /home/ubuntu/ros2_ws/build/px4_ros_com/src/micrortps_agent/fastrtpsgen/DebugValue.cxx exists. Skipping.
Generating TopicDataTypes files...
INFO: /home/ubuntu/ros2_ws/build/px4_ros_com/src/micrortps_agent/fastrtpsgen/DebugValuePubSubTypes.h exists. Skipping.
INFO: /home/ubuntu/ros2_ws/build/px4_ros_com/src/micrortps_agent/fastrtpsgen/DebugValuePubSubTypes.cxx exists. Skipping.
Generating Publisher files...
INFO: /home/ubuntu/ros2_ws/build/px4_ros_com/src/micrortps_agent/fastrtpsgen/DebugValuePublisher.h exists. Skipping.
INFO: /home/ubuntu/ros2_ws/build/px4_ros_com/src/micrortps_agent/fastrtpsgen/DebugValuePublisher.cxx exists. Skipping.
Generating Subscriber files...
INFO: /home/ubuntu/ros2_ws/build/px4_ros_com/src/micrortps_agent/fastrtpsgen/DebugValueSubscriber.h exists. Skipping.
INFO: /home/ubuntu/ros2_ws/build/px4_ros_com/src/micrortps_agent/fastrtpsgen/DebugValueSubscriber.cxx exists. Skipping.
Generating main file...
INFO: /home/ubuntu/ros2_ws/build/px4_ros_com/src/micrortps_agent/fastrtpsgen/DebugValuePubSubMain.cxx exists. Skipping.
Adding project: /home/ubuntu/ros2_ws/install/px4_msgs/share/px4_msgs/msg/DebugValue.idl
Processing the file /home/ubuntu/ros2_ws/install/px4_msgs/share/px4_msgs/msg/VehicleTrajectoryWaypointDesired.idl...
Generating Type definition files...
INFO: /home/ubuntu/ros2_ws/build/px4_ros_com/src/micrortps_agent/fastrtpsgen/VehicleTrajectoryWaypointDesired.h exists. Skipping.
INFO: /home/ubuntu/ros2_ws/build/px4_ros_com/src/micrortps_agent/fastrtpsgen/VehicleTrajectoryWaypointDesired.cxx exists. Skipping.
Generating TopicDataTypes files...
INFO: /home/ubuntu/ros2_ws/build/px4_ros_com/src/micrortps_agent/fastrtpsgen/VehicleTrajectoryWaypointDesiredPubSubTypes.h exists. Skipping.
INFO: /home/ubuntu/ros2_ws/build/px4_ros_com/src/micrortps_agent/fastrtpsgen/VehicleTrajectoryWaypointDesiredPubSubTypes.cxx exists. Skipping.
Generating Publisher files...
INFO: /home/ubuntu/ros2_ws/build/px4_ros_com/src/micrortps_agent/fastrtpsgen/VehicleTrajectoryWaypointDesiredPublisher.h exists. Skipping.
INFO: /home/ubuntu/ros2_ws/build/px4_ros_com/src/micrortps_agent/fastrtpsgen/VehicleTrajectoryWaypointDesiredPublisher.cxx exists. Skipping.
Generating Subscriber files...
INFO: /home/ubuntu/ros2_ws/build/px4_ros_com/src/micrortps_agent/fastrtpsgen/VehicleTrajectoryWaypointDesiredSubscriber.h exists. Skipping.
INFO: /home/ubuntu/ros2_ws/build/px4_ros_com/src/micrortps_agent/fastrtpsgen/VehicleTrajectoryWaypointDesiredSubscriber.cxx exists. Skipping.
Generating main file...
INFO: /home/ubuntu/ros2_ws/build/px4_ros_com/src/micrortps_agent/fastrtpsgen/VehicleTrajectoryWaypointDesiredPubSubMain.cxx exists. Skipping.
Adding project: /home/ubuntu/ros2_ws/install/px4_msgs/share/px4_msgs/msg/VehicleTrajectoryWaypointDesired.idl
Processing the file /home/ubuntu/ros2_ws/install/px4_msgs/share/px4_msgs/msg/VehicleVisualOdometry.idl...
Generating Type definition files...
INFO: /home/ubuntu/ros2_ws/build/px4_ros_com/src/micrortps_agent/fastrtpsgen/VehicleVisualOdometry.h exists. Skipping.
INFO: /home/ubuntu/ros2_ws/build/px4_ros_com/src/micrortps_agent/fastrtpsgen/VehicleVisualOdometry.cxx exists. Skipping.
Generating TopicDataTypes files...
INFO: /home/ubuntu/ros2_ws/build/px4_ros_com/src/micrortps_agent/fastrtpsgen/VehicleVisualOdometryPubSubTypes.h exists. Skipping.
INFO: /home/ubuntu/ros2_ws/build/px4_ros_com/src/micrortps_agent/fastrtpsgen/VehicleVisualOdometryPubSubTypes.cxx exists. Skipping.
Generating Publisher files...
INFO: /home/ubuntu/ros2_ws/build/px4_ros_com/src/micrortps_agent/fastrtpsgen/VehicleVisualOdometryPublisher.h exists. Skipping.
INFO: /home/ubuntu/ros2_ws/build/px4_ros_com/src/micrortps_agent/fastrtpsgen/VehicleVisualOdometryPublisher.cxx exists. Skipping.
Generating Subscriber files...
INFO: /home/ubuntu/ros2_ws/build/px4_ros_com/src/micrortps_agent/fastrtpsgen/VehicleVisualOdometrySubscriber.h exists. Skipping.
INFO: /home/ubuntu/ros2_ws/build/px4_ros_com/src/micrortps_agent/fastrtpsgen/VehicleVisualOdometrySubscriber.cxx exists. Skipping.
Generating main file...
INFO: /home/ubuntu/ros2_ws/build/px4_ros_com/src/micrortps_agent/fastrtpsgen/VehicleVisualOdometryPubSubMain.cxx exists. Skipping.
Adding project: /home/ubuntu/ros2_ws/install/px4_msgs/share/px4_msgs/msg/VehicleVisualOdometry.idl
Processing the file /home/ubuntu/ros2_ws/install/px4_msgs/share/px4_msgs/msg/VehicleControlMode.idl...
Generating Type definition files...
INFO: /home/ubuntu/ros2_ws/build/px4_ros_com/src/micrortps_agent/fastrtpsgen/VehicleControlMode.h exists. Skipping.
INFO: /home/ubuntu/ros2_ws/build/px4_ros_com/src/micrortps_agent/fastrtpsgen/VehicleControlMode.cxx exists. Skipping.
Generating TopicDataTypes files...
INFO: /home/ubuntu/ros2_ws/build/px4_ros_com/src/micrortps_agent/fastrtpsgen/VehicleControlModePubSubTypes.h exists. Skipping.
INFO: /home/ubuntu/ros2_ws/build/px4_ros_com/src/micrortps_agent/fastrtpsgen/VehicleControlModePubSubTypes.cxx exists. Skipping.
Generating Publisher files...
INFO: /home/ubuntu/ros2_ws/build/px4_ros_com/src/micrortps_agent/fastrtpsgen/VehicleControlModePublisher.h exists. Skipping.
INFO: /home/ubuntu/ros2_ws/build/px4_ros_com/src/micrortps_agent/fastrtpsgen/VehicleControlModePublisher.cxx exists. Skipping.
Generating Subscriber files...
INFO: /home/ubuntu/ros2_ws/build/px4_ros_com/src/micrortps_agent/fastrtpsgen/VehicleControlModeSubscriber.h exists. Skipping.
INFO: /home/ubuntu/ros2_ws/build/px4_ros_com/src/micrortps_agent/fastrtpsgen/VehicleControlModeSubscriber.cxx exists. Skipping.
Generating main file...
INFO: /home/ubuntu/ros2_ws/build/px4_ros_com/src/micrortps_agent/fastrtpsgen/VehicleControlModePubSubMain.cxx exists. Skipping.
Adding project: /home/ubuntu/ros2_ws/install/px4_msgs/share/px4_msgs/msg/VehicleControlMode.idl
Processing the file /home/ubuntu/ros2_ws/install/px4_msgs/share/px4_msgs/msg/SensorCombined.idl...
Generating Type definition files...
INFO: /home/ubuntu/ros2_ws/build/px4_ros_com/src/micrortps_agent/fastrtpsgen/SensorCombined.h exists. Skipping.
INFO: /home/ubuntu/ros2_ws/build/px4_ros_com/src/micrortps_agent/fastrtpsgen/SensorCombined.cxx exists. Skipping.
Generating TopicDataTypes files...
INFO: /home/ubuntu/ros2_ws/build/px4_ros_com/src/micrortps_agent/fastrtpsgen/SensorCombinedPubSubTypes.h exists. Skipping.
INFO: /home/ubuntu/ros2_ws/build/px4_ros_com/src/micrortps_agent/fastrtpsgen/SensorCombinedPubSubTypes.cxx exists. Skipping.
Generating Publisher files...
INFO: /home/ubuntu/ros2_ws/build/px4_ros_com/src/micrortps_agent/fastrtpsgen/SensorCombinedPublisher.h exists. Skipping.
INFO: /home/ubuntu/ros2_ws/build/px4_ros_com/src/micrortps_agent/fastrtpsgen/SensorCombinedPublisher.cxx exists. Skipping.
Generating Subscriber files...
INFO: /home/ubuntu/ros2_ws/build/px4_ros_com/src/micrortps_agent/fastrtpsgen/SensorCombinedSubscriber.h exists. Skipping.
INFO: /home/ubuntu/ros2_ws/build/px4_ros_com/src/micrortps_agent/fastrtpsgen/SensorCombinedSubscriber.cxx exists. Skipping.
Generating main file...
INFO: /home/ubuntu/ros2_ws/build/px4_ros_com/src/micrortps_agent/fastrtpsgen/SensorCombinedPubSubMain.cxx exists. Skipping.
Adding project: /home/ubuntu/ros2_ws/install/px4_msgs/share/px4_msgs/msg/SensorCombined.idl
Processing the file /home/ubuntu/ros2_ws/install/px4_msgs/share/px4_msgs/msg/VehicleTrajectoryBezier.idl...
Generating Type definition files...
INFO: /home/ubuntu/ros2_ws/build/px4_ros_com/src/micrortps_agent/fastrtpsgen/VehicleTrajectoryBezier.h exists. Skipping.
INFO: /home/ubuntu/ros2_ws/build/px4_ros_com/src/micrortps_agent/fastrtpsgen/VehicleTrajectoryBezier.cxx exists. Skipping.
Generating TopicDataTypes files...
INFO: /home/ubuntu/ros2_ws/build/px4_ros_com/src/micrortps_agent/fastrtpsgen/VehicleTrajectoryBezierPubSubTypes.h exists. Skipping.
INFO: /home/ubuntu/ros2_ws/build/px4_ros_com/src/micrortps_agent/fastrtpsgen/VehicleTrajectoryBezierPubSubTypes.cxx exists. Skipping.
Generating Publisher files...
INFO: /home/ubuntu/ros2_ws/build/px4_ros_com/src/micrortps_agent/fastrtpsgen/VehicleTrajectoryBezierPublisher.h exists. Skipping.
INFO: /home/ubuntu/ros2_ws/build/px4_ros_com/src/micrortps_agent/fastrtpsgen/VehicleTrajectoryBezierPublisher.cxx exists. Skipping.
Generating Subscriber files...
INFO: /home/ubuntu/ros2_ws/build/px4_ros_com/src/micrortps_agent/fastrtpsgen/VehicleTrajectoryBezierSubscriber.h exists. Skipping.
INFO: /home/ubuntu/ros2_ws/build/px4_ros_com/src/micrortps_agent/fastrtpsgen/VehicleTrajectoryBezierSubscriber.cxx exists. Skipping.
Generating main file...
INFO: /home/ubuntu/ros2_ws/build/px4_ros_com/src/micrortps_agent/fastrtpsgen/VehicleTrajectoryBezierPubSubMain.cxx exists. Skipping.
Adding project: /home/ubuntu/ros2_ws/install/px4_msgs/share/px4_msgs/msg/VehicleTrajectoryBezier.idl
Processing the file /home/ubuntu/ros2_ws/install/px4_msgs/share/px4_msgs/msg/Timesync.idl...
Generating Type definition files...
INFO: /home/ubuntu/ros2_ws/build/px4_ros_com/src/micrortps_agent/fastrtpsgen/Timesync.h exists. Skipping.
INFO: /home/ubuntu/ros2_ws/build/px4_ros_com/src/micrortps_agent/fastrtpsgen/Timesync.cxx exists. Skipping.
Generating TopicDataTypes files...
INFO: /home/ubuntu/ros2_ws/build/px4_ros_com/src/micrortps_agent/fastrtpsgen/TimesyncPubSubTypes.h exists. Skipping.
INFO: /home/ubuntu/ros2_ws/build/px4_ros_com/src/micrortps_agent/fastrtpsgen/TimesyncPubSubTypes.cxx exists. Skipping.
Generating Publisher files...
INFO: /home/ubuntu/ros2_ws/build/px4_ros_com/src/micrortps_agent/fastrtpsgen/TimesyncPublisher.h exists. Skipping.
INFO: /home/ubuntu/ros2_ws/build/px4_ros_com/src/micrortps_agent/fastrtpsgen/TimesyncPublisher.cxx exists. Skipping.
Generating Subscriber files...
INFO: /home/ubuntu/ros2_ws/build/px4_ros_com/src/micrortps_agent/fastrtpsgen/TimesyncSubscriber.h exists. Skipping.
INFO: /home/ubuntu/ros2_ws/build/px4_ros_com/src/micrortps_agent/fastrtpsgen/TimesyncSubscriber.cxx exists. Skipping.
Generating main file...
INFO: /home/ubuntu/ros2_ws/build/px4_ros_com/src/micrortps_agent/fastrtpsgen/TimesyncPubSubMain.cxx exists. Skipping.
Adding project: /home/ubuntu/ros2_ws/install/px4_msgs/share/px4_msgs/msg/Timesync.idl
Processing the file /home/ubuntu/ros2_ws/install/px4_msgs/share/px4_msgs/msg/PositionSetpointTriplet.idl...
Generating Type definition files...
INFO: /home/ubuntu/ros2_ws/build/px4_ros_com/src/micrortps_agent/fastrtpsgen/PositionSetpointTriplet.h exists. Skipping.
INFO: /home/ubuntu/ros2_ws/build/px4_ros_com/src/micrortps_agent/fastrtpsgen/PositionSetpointTriplet.cxx exists. Skipping.
Generating TopicDataTypes files...
INFO: /home/ubuntu/ros2_ws/build/px4_ros_com/src/micrortps_agent/fastrtpsgen/PositionSetpointTripletPubSubTypes.h exists. Skipping.
INFO: /home/ubuntu/ros2_ws/build/px4_ros_com/src/micrortps_agent/fastrtpsgen/PositionSetpointTripletPubSubTypes.cxx exists. Skipping.
Generating Publisher files...
INFO: /home/ubuntu/ros2_ws/build/px4_ros_com/src/micrortps_agent/fastrtpsgen/PositionSetpointTripletPublisher.h exists. Skipping.
INFO: /home/ubuntu/ros2_ws/build/px4_ros_com/src/micrortps_agent/fastrtpsgen/PositionSetpointTripletPublisher.cxx exists. Skipping.
Generating Subscriber files...
INFO: /home/ubuntu/ros2_ws/build/px4_ros_com/src/micrortps_agent/fastrtpsgen/PositionSetpointTripletSubscriber.h exists. Skipping.
INFO: /home/ubuntu/ros2_ws/build/px4_ros_com/src/micrortps_agent/fastrtpsgen/PositionSetpointTripletSubscriber.cxx exists. Skipping.
Generating main file...
INFO: /home/ubuntu/ros2_ws/build/px4_ros_com/src/micrortps_agent/fastrtpsgen/PositionSetpointTripletPubSubMain.cxx exists. Skipping.
Adding project: /home/ubuntu/ros2_ws/install/px4_msgs/share/px4_msgs/msg/PositionSetpointTriplet.idl
Processing the file /home/ubuntu/ros2_ws/install/px4_msgs/share/px4_msgs/msg/DebugArray.idl...
Generating Type definition files...
INFO: /home/ubuntu/ros2_ws/build/px4_ros_com/src/micrortps_agent/fastrtpsgen/DebugArray.h exists. Skipping.
INFO: /home/ubuntu/ros2_ws/build/px4_ros_com/src/micrortps_agent/fastrtpsgen/DebugArray.cxx exists. Skipping.
Generating TopicDataTypes files...
INFO: /home/ubuntu/ros2_ws/build/px4_ros_com/src/micrortps_agent/fastrtpsgen/DebugArrayPubSubTypes.h exists. Skipping.
INFO: /home/ubuntu/ros2_ws/build/px4_ros_com/src/micrortps_agent/fastrtpsgen/DebugArrayPubSubTypes.cxx exists. Skipping.
Generating Publisher files...
INFO: /home/ubuntu/ros2_ws/build/px4_ros_com/src/micrortps_agent/fastrtpsgen/DebugArrayPublisher.h exists. Skipping.
INFO: /home/ubuntu/ros2_ws/build/px4_ros_com/src/micrortps_agent/fastrtpsgen/DebugArrayPublisher.cxx exists. Skipping.
Generating Subscriber files...
INFO: /home/ubuntu/ros2_ws/build/px4_ros_com/src/micrortps_agent/fastrtpsgen/DebugArraySubscriber.h exists. Skipping.
INFO: /home/ubuntu/ros2_ws/build/px4_ros_com/src/micrortps_agent/fastrtpsgen/DebugArraySubscriber.cxx exists. Skipping.
Generating main file...
INFO: /home/ubuntu/ros2_ws/build/px4_ros_com/src/micrortps_agent/fastrtpsgen/DebugArrayPubSubMain.cxx exists. Skipping.
Adding project: /home/ubuntu/ros2_ws/install/px4_msgs/share/px4_msgs/msg/DebugArray.idl
Processing the file /home/ubuntu/ros2_ws/install/px4_msgs/share/px4_msgs/msg/DebugVect.idl...
Generating Type definition files...
Generating TopicDataTypes files...
Generating Publisher files...
Generating Subscriber files...
Generating main file...
Adding project: /home/ubuntu/ros2_ws/install/px4_msgs/share/px4_msgs/msg/DebugVect.idl
Processing the file /home/ubuntu/ros2_ws/install/px4_msgs/share/px4_msgs/msg/TrajectoryWaypoint.idl...
Generating Type definition files...
Generating TopicDataTypes files...
Generating Publisher files...
Generating Subscriber files...
Generating main file...
Adding project: /home/ubuntu/ros2_ws/install/px4_msgs/share/px4_msgs/msg/TrajectoryWaypoint.idl
Processing the file /home/ubuntu/ros2_ws/install/px4_msgs/share/px4_msgs/msg/TelemetryStatus.idl...
Generating Type definition files...
Generating TopicDataTypes files...
Generating Publisher files...
Generating Subscriber files...
Generating main file...
Adding project: /home/ubuntu/ros2_ws/install/px4_msgs/share/px4_msgs/msg/TelemetryStatus.idl
Processing the file /home/ubuntu/ros2_ws/install/px4_msgs/share/px4_msgs/msg/OpticalFlow.idl...
Generating Type definition files...
Generating TopicDataTypes files...
Generating Publisher files...
Generating Subscriber files...
Generating main file...
Adding project: /home/ubuntu/ros2_ws/install/px4_msgs/share/px4_msgs/msg/OpticalFlow.idl
Processing the file /home/ubuntu/ros2_ws/install/px4_msgs/share/px4_msgs/msg/VehicleStatus.idl...
Generating Type definition files...
Generating TopicDataTypes files...
Generating Publisher files...
Generating Subscriber files...
Generating main file...
Adding project: /home/ubuntu/ros2_ws/install/px4_msgs/share/px4_msgs/msg/VehicleStatus.idl
Processing the file /home/ubuntu/ros2_ws/install/px4_msgs/share/px4_msgs/msg/VehicleOdometry.idl...
Generating Type definition files...
Generating TopicDataTypes files...
Generating Publisher files...
Generating Subscriber files...
Generating main file...
Adding project: /home/ubuntu/ros2_ws/install/px4_msgs/share/px4_msgs/msg/VehicleOdometry.idl
Processing the file /home/ubuntu/ros2_ws/install/px4_msgs/share/px4_msgs/msg/VehicleLocalPositionSetpoint.idl...
Generating Type definition files...
Generating TopicDataTypes files...
Generating Publisher files...
Generating Subscriber files...
Generating main file...
Adding project: /home/ubuntu/ros2_ws/install/px4_msgs/share/px4_msgs/msg/VehicleLocalPositionSetpoint.idl
Processing the file /home/ubuntu/ros2_ws/install/px4_msgs/share/px4_msgs/msg/OffboardControlMode.idl...
Generating Type definition files...
Generating TopicDataTypes files...
Generating Publisher files...
Generating Subscriber files...
Generating main file...
Adding project: /home/ubuntu/ros2_ws/install/px4_msgs/share/px4_msgs/msg/OffboardControlMode.idl
Processing the file /home/ubuntu/ros2_ws/install/px4_msgs/share/px4_msgs/msg/TrajectorySetpoint.idl...
Generating Type definition files...
Generating TopicDataTypes files...
Generating Publisher files...
Generating Subscriber files...
Generating main file...
Adding project: /home/ubuntu/ros2_ws/install/px4_msgs/share/px4_msgs/msg/TrajectorySetpoint.idl
Processing the file /home/ubuntu/ros2_ws/install/px4_msgs/share/px4_msgs/msg/TrajectoryBezier.idl...
Generating Type definition files...
Generating TopicDataTypes files...
Generating Publisher files...
Generating Subscriber files...
Generating main file...
Adding project: /home/ubuntu/ros2_ws/install/px4_msgs/share/px4_msgs/msg/TrajectoryBezier.idl
Processing the file /home/ubuntu/ros2_ws/install/px4_msgs/share/px4_msgs/msg/CollisionConstraints.idl...
Generating Type definition files...
Generating TopicDataTypes files...
Generating Publisher files...
Generating Subscriber files...
Generating main file...
Adding project: /home/ubuntu/ros2_ws/install/px4_msgs/share/px4_msgs/msg/CollisionConstraints.idl
Processing the file /home/ubuntu/ros2_ws/install/px4_msgs/share/px4_msgs/msg/OnboardComputerStatus.idl...
WARNING (File OnboardComputerStatus, Line 20): Annotation unit not supported. Ignoring...
WARNING (File OnboardComputerStatus, Line 25): Annotation unit not supported. Ignoring...
WARNING (File OnboardComputerStatus, Line 50): Annotation unit not supported. Ignoring...
WARNING (File OnboardComputerStatus, Line 55): Annotation unit not supported. Ignoring...
WARNING (File OnboardComputerStatus, Line 60): Annotation unit not supported. Ignoring...
WARNING (File OnboardComputerStatus, Line 65): Annotation unit not supported. Ignoring...
WARNING (File OnboardComputerStatus, Line 70): Annotation unit not supported. Ignoring...
WARNING (File OnboardComputerStatus, Line 79): Annotation unit not supported. Ignoring...
WARNING (File OnboardComputerStatus, Line 84): Annotation unit not supported. Ignoring...
WARNING (File OnboardComputerStatus, Line 89): Annotation unit not supported. Ignoring...
WARNING (File OnboardComputerStatus, Line 94): Annotation unit not supported. Ignoring...
WARNING (File OnboardComputerStatus, Line 99): Annotation unit not supported. Ignoring...
WARNING (File OnboardComputerStatus, Line 104): Annotation unit not supported. Ignoring...
WARNING (File OnboardComputerStatus, Line 109): Annotation unit not supported. Ignoring...
Generating Type definition files...
Generating TopicDataTypes files...
Generating Publisher files...
Generating Subscriber files...
Generating main file...
Adding project: /home/ubuntu/ros2_ws/install/px4_msgs/share/px4_msgs/msg/OnboardComputerStatus.idl
Processing the file /home/ubuntu/ros2_ws/install/px4_msgs/share/px4_msgs/msg/TrajectoryWaypoint.idl...
Generating Type definition files...
INFO: /home/ubuntu/ros2_ws/build/px4_ros_com/src/micrortps_agent/fastrtpsgen/TrajectoryWaypoint.h exists. Skipping.
INFO: /home/ubuntu/ros2_ws/build/px4_ros_com/src/micrortps_agent/fastrtpsgen/TrajectoryWaypoint.cxx exists. Skipping.
Generating TopicDataTypes files...
INFO: /home/ubuntu/ros2_ws/build/px4_ros_com/src/micrortps_agent/fastrtpsgen/TrajectoryWaypointPubSubTypes.h exists. Skipping.
INFO: /home/ubuntu/ros2_ws/build/px4_ros_com/src/micrortps_agent/fastrtpsgen/TrajectoryWaypointPubSubTypes.cxx exists. Skipping.
Generating Publisher files...
INFO: /home/ubuntu/ros2_ws/build/px4_ros_com/src/micrortps_agent/fastrtpsgen/TrajectoryWaypointPublisher.h exists. Skipping.
INFO: /home/ubuntu/ros2_ws/build/px4_ros_com/src/micrortps_agent/fastrtpsgen/TrajectoryWaypointPublisher.cxx exists. Skipping.
Generating Subscriber files...
INFO: /home/ubuntu/ros2_ws/build/px4_ros_com/src/micrortps_agent/fastrtpsgen/TrajectoryWaypointSubscriber.h exists. Skipping.
INFO: /home/ubuntu/ros2_ws/build/px4_ros_com/src/micrortps_agent/fastrtpsgen/TrajectoryWaypointSubscriber.cxx exists. Skipping.
Generating main file...
INFO: /home/ubuntu/ros2_ws/build/px4_ros_com/src/micrortps_agent/fastrtpsgen/TrajectoryWaypointPubSubMain.cxx exists. Skipping.
Processing the file /home/ubuntu/ros2_ws/install/px4_msgs/share/px4_msgs/msg/TrajectoryWaypoint.idl...
Generating Type definition files...
INFO: /home/ubuntu/ros2_ws/build/px4_ros_com/src/micrortps_agent/fastrtpsgen/TrajectoryWaypoint.h exists. Skipping.
INFO: /home/ubuntu/ros2_ws/build/px4_ros_com/src/micrortps_agent/fastrtpsgen/TrajectoryWaypoint.cxx exists. Skipping.
Generating TopicDataTypes files...
INFO: /home/ubuntu/ros2_ws/build/px4_ros_com/src/micrortps_agent/fastrtpsgen/TrajectoryWaypointPubSubTypes.h exists. Skipping.
INFO: /home/ubuntu/ros2_ws/build/px4_ros_com/src/micrortps_agent/fastrtpsgen/TrajectoryWaypointPubSubTypes.cxx exists. Skipping.
Generating Publisher files...
INFO: /home/ubuntu/ros2_ws/build/px4_ros_com/src/micrortps_agent/fastrtpsgen/TrajectoryWaypointPublisher.h exists. Skipping.
INFO: /home/ubuntu/ros2_ws/build/px4_ros_com/src/micrortps_agent/fastrtpsgen/TrajectoryWaypointPublisher.cxx exists. Skipping.
Generating Subscriber files...
INFO: /home/ubuntu/ros2_ws/build/px4_ros_com/src/micrortps_agent/fastrtpsgen/TrajectoryWaypointSubscriber.h exists. Skipping.
INFO: /home/ubuntu/ros2_ws/build/px4_ros_com/src/micrortps_agent/fastrtpsgen/TrajectoryWaypointSubscriber.cxx exists. Skipping.
Generating main file...
INFO: /home/ubuntu/ros2_ws/build/px4_ros_com/src/micrortps_agent/fastrtpsgen/TrajectoryWaypointPubSubMain.cxx exists. Skipping.
Processing the file /home/ubuntu/ros2_ws/install/px4_msgs/share/px4_msgs/msg/TrajectoryBezier.idl...
Generating Type definition files...
INFO: /home/ubuntu/ros2_ws/build/px4_ros_com/src/micrortps_agent/fastrtpsgen/TrajectoryBezier.h exists. Skipping.
INFO: /home/ubuntu/ros2_ws/build/px4_ros_com/src/micrortps_agent/fastrtpsgen/TrajectoryBezier.cxx exists. Skipping.
Generating TopicDataTypes files...
INFO: /home/ubuntu/ros2_ws/build/px4_ros_com/src/micrortps_agent/fastrtpsgen/TrajectoryBezierPubSubTypes.h exists. Skipping.
INFO: /home/ubuntu/ros2_ws/build/px4_ros_com/src/micrortps_agent/fastrtpsgen/TrajectoryBezierPubSubTypes.cxx exists. Skipping.
Generating Publisher files...
INFO: /home/ubuntu/ros2_ws/build/px4_ros_com/src/micrortps_agent/fastrtpsgen/TrajectoryBezierPublisher.h exists. Skipping.
INFO: /home/ubuntu/ros2_ws/build/px4_ros_com/src/micrortps_agent/fastrtpsgen/TrajectoryBezierPublisher.cxx exists. Skipping.
Generating Subscriber files...
INFO: /home/ubuntu/ros2_ws/build/px4_ros_com/src/micrortps_agent/fastrtpsgen/TrajectoryBezierSubscriber.h exists. Skipping.
INFO: /home/ubuntu/ros2_ws/build/px4_ros_com/src/micrortps_agent/fastrtpsgen/TrajectoryBezierSubscriber.cxx exists. Skipping.
Generating main file...
INFO: /home/ubuntu/ros2_ws/build/px4_ros_com/src/micrortps_agent/fastrtpsgen/TrajectoryBezierPubSubMain.cxx exists. Skipping.
Processing the file /home/ubuntu/ros2_ws/install/px4_msgs/share/px4_msgs/msg/PositionSetpoint.idl...
Generating Type definition files...
INFO: /home/ubuntu/ros2_ws/build/px4_ros_com/src/micrortps_agent/fastrtpsgen/PositionSetpoint.h exists. Skipping.
INFO: /home/ubuntu/ros2_ws/build/px4_ros_com/src/micrortps_agent/fastrtpsgen/PositionSetpoint.cxx exists. Skipping.
Generating TopicDataTypes files...
INFO: /home/ubuntu/ros2_ws/build/px4_ros_com/src/micrortps_agent/fastrtpsgen/PositionSetpointPubSubTypes.h exists. Skipping.
INFO: /home/ubuntu/ros2_ws/build/px4_ros_com/src/micrortps_agent/fastrtpsgen/PositionSetpointPubSubTypes.cxx exists. Skipping.
Generating Publisher files...
INFO: /home/ubuntu/ros2_ws/build/px4_ros_com/src/micrortps_agent/fastrtpsgen/PositionSetpointPublisher.h exists. Skipping.
INFO: /home/ubuntu/ros2_ws/build/px4_ros_com/src/micrortps_agent/fastrtpsgen/PositionSetpointPublisher.cxx exists. Skipping.
Generating Subscriber files...
INFO: /home/ubuntu/ros2_ws/build/px4_ros_com/src/micrortps_agent/fastrtpsgen/PositionSetpointSubscriber.h exists. Skipping.
INFO: /home/ubuntu/ros2_ws/build/px4_ros_com/src/micrortps_agent/fastrtpsgen/PositionSetpointSubscriber.cxx exists. Skipping.
Generating main file...
INFO: /home/ubuntu/ros2_ws/build/px4_ros_com/src/micrortps_agent/fastrtpsgen/PositionSetpointPubSubMain.cxx exists. Skipping.
Generating solution for arch x64Linux2.6gcc...
Generating makefile solution

Agent created in: /home/ubuntu/ros2_ws/build/px4_ros_com/src/micrortps_agent
