[0.115s] Invoking command in '/home/ubuntu/ros2_ws/build/beacon_positioning': CMAKE_PREFIX_PATH=${CMAKE_PREFIX_PATH}:/opt/ros/foxy /usr/bin/cmake --build /home/ubuntu/ros2_ws/build/beacon_positioning -- -j4 -l4
[0.365s] [100%] Built target tracker_position
[0.404s] Invoked command in '/home/ubuntu/ros2_ws/build/beacon_positioning' returned '0': CMAKE_PREFIX_PATH=${CMAKE_PREFIX_PATH}:/opt/ros/foxy /usr/bin/cmake --build /home/ubuntu/ros2_ws/build/beacon_positioning -- -j4 -l4
[0.567s] Invoking command in '/home/ubuntu/ros2_ws/build/beacon_positioning': CMAKE_PREFIX_PATH=${CMAKE_PREFIX_PATH}:/opt/ros/foxy /usr/bin/cmake --install /home/ubuntu/ros2_ws/build/beacon_positioning
[0.600s] -- Install configuration: "RELWITHDEBINFO"
[0.602s] -- Execute custom install script
[0.604s] -- Up-to-date symlink: /home/ubuntu/ros2_ws/install/beacon_positioning/lib/beacon_positioning/tracker_position
[0.606s] -- Symlinking: /home/ubuntu/ros2_ws/install/beacon_positioning/share/beacon_positioning/launch/beacon_positioning_launch.py
[0.639s] -- Up-to-date symlink: /home/ubuntu/ros2_ws/install/beacon_positioning/share/ament_index/resource_index/package_run_dependencies/beacon_positioning
[0.640s] -- Up-to-date symlink: /home/ubuntu/ros2_ws/install/beacon_positioning/share/ament_index/resource_index/parent_prefix_path/beacon_positioning
[0.641s] -- Up-to-date symlink: /home/ubuntu/ros2_ws/install/beacon_positioning/share/beacon_positioning/environment/ament_prefix_path.sh
[0.642s] -- Up-to-date symlink: /home/ubuntu/ros2_ws/install/beacon_positioning/share/beacon_positioning/environment/ament_prefix_path.dsv
[0.644s] -- Up-to-date symlink: /home/ubuntu/ros2_ws/install/beacon_positioning/share/beacon_positioning/environment/path.sh
[0.645s] -- Up-to-date symlink: /home/ubuntu/ros2_ws/install/beacon_positioning/share/beacon_positioning/environment/path.dsv
[0.646s] -- Up-to-date symlink: /home/ubuntu/ros2_ws/install/beacon_positioning/share/beacon_positioning/local_setup.bash
[0.648s] -- Up-to-date symlink: /home/ubuntu/ros2_ws/install/beacon_positioning/share/beacon_positioning/local_setup.sh
[0.649s] -- Up-to-date symlink: /home/ubuntu/ros2_ws/install/beacon_positioning/share/beacon_positioning/local_setup.zsh
[0.651s] -- Up-to-date symlink: /home/ubuntu/ros2_ws/install/beacon_positioning/share/beacon_positioning/local_setup.dsv
[0.652s] -- Symlinking: /home/ubuntu/ros2_ws/install/beacon_positioning/share/beacon_positioning/package.dsv
[0.684s] -- Up-to-date symlink: /home/ubuntu/ros2_ws/install/beacon_positioning/share/ament_index/resource_index/packages/beacon_positioning
[0.685s] -- Up-to-date symlink: /home/ubuntu/ros2_ws/install/beacon_positioning/share/beacon_positioning/cmake/beacon_positioningConfig.cmake
[0.686s] -- Up-to-date symlink: /home/ubuntu/ros2_ws/install/beacon_positioning/share/beacon_positioning/cmake/beacon_positioningConfig-version.cmake
[0.688s] -- Up-to-date symlink: /home/ubuntu/ros2_ws/install/beacon_positioning/share/beacon_positioning/package.xml
[0.702s] Invoked command in '/home/ubuntu/ros2_ws/build/beacon_positioning' returned '0': CMAKE_PREFIX_PATH=${CMAKE_PREFIX_PATH}:/opt/ros/foxy /usr/bin/cmake --install /home/ubuntu/ros2_ws/build/beacon_positioning
