[0.117s] Invoking command in '/home/ubuntu/ros2_ws/build/beacon_positioning': CMAKE_PREFIX_PATH=${CMAKE_PREFIX_PATH}:/opt/ros/foxy /usr/bin/cmake --build /home/ubuntu/ros2_ws/build/beacon_positioning -- -j4 -l4
[0.229s] -- Found ament_cmake: 0.9.11 (/opt/ros/foxy/share/ament_cmake/cmake)
[0.324s] -- Using PYTHON_EXECUTABLE: /usr/bin/python3
[1.009s] -- Found rclcpp: 2.4.2 (/opt/ros/foxy/share/rclcpp/cmake)
[1.138s] -- Using all available rosidl_typesupport_c: rosidl_typesupport_fastrtps_c;rosidl_typesupport_introspection_c
[1.150s] -- Found rosidl_adapter: 1.3.0 (/opt/ros/foxy/share/rosidl_adapter/cmake)
[1.631s] -- Using all available rosidl_typesupport_cpp: rosidl_typesupport_fastrtps_cpp;rosidl_typesupport_introspection_cpp
[1.802s] -- Found rmw_implementation_cmake: 1.0.4 (/opt/ros/foxy/share/rmw_implementation_cmake/cmake)
[1.807s] -- Using RMW implementation 'rmw_fastrtps_cpp' as default
[2.303s] -- Found ament_lint_auto: 0.9.8 (/opt/ros/foxy/share/ament_lint_auto/cmake)
[2.629s] -- Added test 'copyright' to check source files copyright and LICENSE
[2.634s] -- Added test 'cppcheck' to perform static code analysis on C / C++ code
[2.635s] -- Configured cppcheck include dirs: $<BUILD_INTERFACE:/home/ubuntu/ros2_ws/src/beacon_positioning/include>
[2.636s] -- Configured cppcheck exclude dirs and/or files: 
[2.640s] -- Added test 'cpplint' to check C / C++ code against the Google style
[2.640s] -- Configured cpplint exclude dirs and/or files: 
[2.643s] -- Added test 'lint_cmake' to check CMake code style
[2.648s] -- Added test 'uncrustify' to check C / C++ code style
[2.648s] -- Configured uncrustify additional arguments: 
[2.649s] -- Added test 'xmllint' to check XML markup files
[2.666s] -- Configuring done
[2.741s] -- Generating done
[2.758s] -- Build files have been written to: /home/ubuntu/ros2_ws/build/beacon_positioning
[2.899s] [35m[1mScanning dependencies of target tracker_position[0m
[3.035s] [ 50%] [32mBuilding CXX object CMakeFiles/tracker_position.dir/src/tracker_position.cpp.o[0m
[13.721s] [100%] [32m[1mLinking CXX executable tracker_position[0m
[14.522s] [100%] Built target tracker_position
[14.561s] Invoked command in '/home/ubuntu/ros2_ws/build/beacon_positioning' returned '0': CMAKE_PREFIX_PATH=${CMAKE_PREFIX_PATH}:/opt/ros/foxy /usr/bin/cmake --build /home/ubuntu/ros2_ws/build/beacon_positioning -- -j4 -l4
[14.721s] Invoking command in '/home/ubuntu/ros2_ws/build/beacon_positioning': CMAKE_PREFIX_PATH=${CMAKE_PREFIX_PATH}:/opt/ros/foxy /usr/bin/cmake --install /home/ubuntu/ros2_ws/build/beacon_positioning
[14.755s] -- Install configuration: ""
[14.756s] -- Installing: /home/ubuntu/ros2_ws/install/beacon_positioning/lib/beacon_positioning/tracker_position
[14.762s] -- Set runtime path of "/home/ubuntu/ros2_ws/install/beacon_positioning/lib/beacon_positioning/tracker_position" to ""
[14.762s] -- Up-to-date: /home/ubuntu/ros2_ws/install/beacon_positioning/share/ament_index/resource_index/package_run_dependencies/beacon_positioning
[14.763s] -- Up-to-date: /home/ubuntu/ros2_ws/install/beacon_positioning/share/ament_index/resource_index/parent_prefix_path/beacon_positioning
[14.763s] -- Up-to-date: /home/ubuntu/ros2_ws/install/beacon_positioning/share/beacon_positioning/environment/ament_prefix_path.sh
[14.764s] -- Installing: /home/ubuntu/ros2_ws/install/beacon_positioning/share/beacon_positioning/environment/ament_prefix_path.dsv
[14.765s] -- Up-to-date: /home/ubuntu/ros2_ws/install/beacon_positioning/share/beacon_positioning/environment/path.sh
[14.765s] -- Installing: /home/ubuntu/ros2_ws/install/beacon_positioning/share/beacon_positioning/environment/path.dsv
[14.766s] -- Up-to-date: /home/ubuntu/ros2_ws/install/beacon_positioning/share/beacon_positioning/local_setup.bash
[14.766s] -- Up-to-date: /home/ubuntu/ros2_ws/install/beacon_positioning/share/beacon_positioning/local_setup.sh
[14.767s] -- Up-to-date: /home/ubuntu/ros2_ws/install/beacon_positioning/share/beacon_positioning/local_setup.zsh
[14.767s] -- Installing: /home/ubuntu/ros2_ws/install/beacon_positioning/share/beacon_positioning/local_setup.dsv
[14.768s] -- Installing: /home/ubuntu/ros2_ws/install/beacon_positioning/share/beacon_positioning/package.dsv
[14.769s] -- Up-to-date: /home/ubuntu/ros2_ws/install/beacon_positioning/share/ament_index/resource_index/packages/beacon_positioning
[14.770s] -- Up-to-date: /home/ubuntu/ros2_ws/install/beacon_positioning/share/beacon_positioning/cmake/beacon_positioningConfig.cmake
[14.770s] -- Up-to-date: /home/ubuntu/ros2_ws/install/beacon_positioning/share/beacon_positioning/cmake/beacon_positioningConfig-version.cmake
[14.770s] -- Up-to-date: /home/ubuntu/ros2_ws/install/beacon_positioning/share/beacon_positioning/package.xml
[14.782s] Invoked command in '/home/ubuntu/ros2_ws/build/beacon_positioning' returned '0': CMAKE_PREFIX_PATH=${CMAKE_PREFIX_PATH}:/opt/ros/foxy /usr/bin/cmake --install /home/ubuntu/ros2_ws/build/beacon_positioning
