[35m[1mScanning dependencies of target tracker_position[0m
[  3%] Built target beacon_positioning__cpp
[ 12%] Built target beacon_positioning__rosidl_generator_c
[ 21%] Built target beacon_positioning__rosidl_typesupport_introspection_cpp
[ 30%] Built target beacon_positioning__rosidl_typesupport_cpp
[ 39%] Built target beacon_positioning__rosidl_typesupport_fastrtps_cpp
[ 42%] [32mBuilding CXX object CMakeFiles/tracker_position.dir/src/tracker_position.cpp.o[0m
[ 51%] Built target beacon_positioning__rosidl_typesupport_introspection_c
[ 60%] Built target beacon_positioning__rosidl_typesupport_c
[ 69%] Built target beacon_positioning__rosidl_typesupport_fastrtps_c
[ 69%] Built target beacon_positioning
[ 72%] Built target beacon_positioning__py
[ 78%] Built target beacon_positioning__python
[ 90%] Built target beacon_positioning__rosidl_typesupport_c__pyext
[ 90%] Built target beacon_positioning__rosidl_typesupport_introspection_c__pyext
[ 96%] Built target beacon_positioning__rosidl_typesupport_fastrtps_c__pyext
[01m[K/home/ubuntu/ros2_ws/src/beacon_positioning/src/tracker_position.cpp:[m[K In lambda function:
[01m[K/home/ubuntu/ros2_ws/src/beacon_positioning/src/tracker_position.cpp:152:25:[m[K [01;35m[Kwarning: [m[Kcomparison of integer expressions of different signedness: ‘[01m[Kint[m[K’ and ‘[01m[Kstd::vector<terabee::RtlsDevice::anchor_data_t>::size_type[m[K’ {aka ‘[01m[Klong unsigned int[m[K’} [[01;35m[K-Wsign-compare[m[K]
  152 |       for (int i = 0; [01;35m[Ki < tracker_msg.anchors_data.size()[m[K; i++)
      |                       [01;35m[K~~^~~~~~~~~~~~~~~~~~~~~~~~~~~~~~~~~[m[K
[01m[K/home/ubuntu/ros2_ws/src/beacon_positioning/src/tracker_position.cpp:163:25:[m[K [01;35m[Kwarning: [m[Kcomparison of integer expressions of different signedness: ‘[01m[Kint[m[K’ and ‘[01m[Kstd::vector<terabee::RtlsDevice::anchor_data_t>::size_type[m[K’ {aka ‘[01m[Klong unsigned int[m[K’} [[01;35m[K-Wsign-compare[m[K]
  163 |       for (int i = 0; [01;35m[Ki < tracker_msg.anchors_data.size()[m[K; i++)
      |                       [01;35m[K~~^~~~~~~~~~~~~~~~~~~~~~~~~~~~~~~~~[m[K
[100%] [32m[1mLinking CXX executable tracker_position[0m
[100%] Built target tracker_position
-- Install configuration: ""
-- Up-to-date: /home/ubuntu/ros2_ws/install/beacon_positioning/share/ament_index/resource_index/rosidl_interfaces/beacon_positioning
-- Up-to-date: /home/ubuntu/ros2_ws/install/beacon_positioning/include/beacon_positioning
-- Up-to-date: /home/ubuntu/ros2_ws/install/beacon_positioning/include/beacon_positioning/msg
-- Up-to-date: /home/ubuntu/ros2_ws/install/beacon_positioning/include/beacon_positioning/msg/detail
-- Up-to-date: /home/ubuntu/ros2_ws/install/beacon_positioning/include/beacon_positioning/msg/detail/tracker_position__functions.c
-- Up-to-date: /home/ubuntu/ros2_ws/install/beacon_positioning/include/beacon_positioning/msg/detail/tracker_position__struct.h
-- Up-to-date: /home/ubuntu/ros2_ws/install/beacon_positioning/include/beacon_positioning/msg/detail/tracker_position__functions.h
-- Up-to-date: /home/ubuntu/ros2_ws/install/beacon_positioning/include/beacon_positioning/msg/detail/tracker_position__type_support.h
-- Up-to-date: /home/ubuntu/ros2_ws/install/beacon_positioning/include/beacon_positioning/msg/rosidl_generator_c__visibility_control.h
-- Up-to-date: /home/ubuntu/ros2_ws/install/beacon_positioning/include/beacon_positioning/msg/tracker_position.h
-- Up-to-date: /home/ubuntu/ros2_ws/install/beacon_positioning/share/beacon_positioning/environment/library_path.sh
-- Up-to-date: /home/ubuntu/ros2_ws/install/beacon_positioning/share/beacon_positioning/environment/library_path.dsv
-- Up-to-date: /home/ubuntu/ros2_ws/install/beacon_positioning/lib/libbeacon_positioning__rosidl_generator_c.so
-- Up-to-date: /home/ubuntu/ros2_ws/install/beacon_positioning/include/beacon_positioning
-- Up-to-date: /home/ubuntu/ros2_ws/install/beacon_positioning/include/beacon_positioning/msg
-- Up-to-date: /home/ubuntu/ros2_ws/install/beacon_positioning/include/beacon_positioning/msg/rosidl_typesupport_fastrtps_c__visibility_control.h
-- Up-to-date: /home/ubuntu/ros2_ws/install/beacon_positioning/include/beacon_positioning/msg/detail
-- Up-to-date: /home/ubuntu/ros2_ws/install/beacon_positioning/include/beacon_positioning/msg/detail/tracker_position__rosidl_typesupport_fastrtps_c.h
-- Up-to-date: /home/ubuntu/ros2_ws/install/beacon_positioning/lib/libbeacon_positioning__rosidl_typesupport_fastrtps_c.so
-- Up-to-date: /home/ubuntu/ros2_ws/install/beacon_positioning/include/beacon_positioning
-- Up-to-date: /home/ubuntu/ros2_ws/install/beacon_positioning/include/beacon_positioning/msg
-- Up-to-date: /home/ubuntu/ros2_ws/install/beacon_positioning/include/beacon_positioning/msg/rosidl_typesupport_fastrtps_cpp__visibility_control.h
-- Up-to-date: /home/ubuntu/ros2_ws/install/beacon_positioning/include/beacon_positioning/msg/detail
-- Up-to-date: /home/ubuntu/ros2_ws/install/beacon_positioning/include/beacon_positioning/msg/detail/dds_fastrtps
-- Up-to-date: /home/ubuntu/ros2_ws/install/beacon_positioning/include/beacon_positioning/msg/detail/tracker_position__rosidl_typesupport_fastrtps_cpp.hpp
-- Up-to-date: /home/ubuntu/ros2_ws/install/beacon_positioning/lib/libbeacon_positioning__rosidl_typesupport_fastrtps_cpp.so
-- Up-to-date: /home/ubuntu/ros2_ws/install/beacon_positioning/include/beacon_positioning
-- Up-to-date: /home/ubuntu/ros2_ws/install/beacon_positioning/include/beacon_positioning/msg
-- Up-to-date: /home/ubuntu/ros2_ws/install/beacon_positioning/include/beacon_positioning/msg/detail
-- Up-to-date: /home/ubuntu/ros2_ws/install/beacon_positioning/include/beacon_positioning/msg/detail/tracker_position__type_support.c
-- Up-to-date: /home/ubuntu/ros2_ws/install/beacon_positioning/include/beacon_positioning/msg/detail/tracker_position__rosidl_typesupport_introspection_c.h
-- Up-to-date: /home/ubuntu/ros2_ws/install/beacon_positioning/include/beacon_positioning/msg/rosidl_typesupport_introspection_c__visibility_control.h
-- Up-to-date: /home/ubuntu/ros2_ws/install/beacon_positioning/lib/libbeacon_positioning__rosidl_typesupport_introspection_c.so
-- Up-to-date: /home/ubuntu/ros2_ws/install/beacon_positioning/lib/libbeacon_positioning__rosidl_typesupport_c.so
-- Up-to-date: /home/ubuntu/ros2_ws/install/beacon_positioning/include/beacon_positioning
-- Up-to-date: /home/ubuntu/ros2_ws/install/beacon_positioning/include/beacon_positioning/msg
-- Up-to-date: /home/ubuntu/ros2_ws/install/beacon_positioning/include/beacon_positioning/msg/tracker_position.hpp
-- Up-to-date: /home/ubuntu/ros2_ws/install/beacon_positioning/include/beacon_positioning/msg/detail
-- Up-to-date: /home/ubuntu/ros2_ws/install/beacon_positioning/include/beacon_positioning/msg/detail/tracker_position__traits.hpp
-- Up-to-date: /home/ubuntu/ros2_ws/install/beacon_positioning/include/beacon_positioning/msg/detail/tracker_position__builder.hpp
-- Up-to-date: /home/ubuntu/ros2_ws/install/beacon_positioning/include/beacon_positioning/msg/detail/tracker_position__struct.hpp
-- Up-to-date: /home/ubuntu/ros2_ws/install/beacon_positioning/include/beacon_positioning
-- Up-to-date: /home/ubuntu/ros2_ws/install/beacon_positioning/include/beacon_positioning/msg
-- Up-to-date: /home/ubuntu/ros2_ws/install/beacon_positioning/include/beacon_positioning/msg/detail
-- Up-to-date: /home/ubuntu/ros2_ws/install/beacon_positioning/include/beacon_positioning/msg/detail/tracker_position__type_support.cpp
-- Up-to-date: /home/ubuntu/ros2_ws/install/beacon_positioning/include/beacon_positioning/msg/detail/tracker_position__rosidl_typesupport_introspection_cpp.hpp
-- Up-to-date: /home/ubuntu/ros2_ws/install/beacon_positioning/lib/libbeacon_positioning__rosidl_typesupport_introspection_cpp.so
-- Up-to-date: /home/ubuntu/ros2_ws/install/beacon_positioning/lib/libbeacon_positioning__rosidl_typesupport_cpp.so
-- Up-to-date: /home/ubuntu/ros2_ws/install/beacon_positioning/share/beacon_positioning/environment/pythonpath.sh
-- Up-to-date: /home/ubuntu/ros2_ws/install/beacon_positioning/share/beacon_positioning/environment/pythonpath.dsv
-- Up-to-date: /home/ubuntu/ros2_ws/install/beacon_positioning/lib/python3.8/site-packages/beacon_positioning/__init__.py
-- Up-to-date: /home/ubuntu/ros2_ws/install/beacon_positioning/lib/python3.8/site-packages/beacon_positioning/msg
-- Up-to-date: /home/ubuntu/ros2_ws/install/beacon_positioning/lib/python3.8/site-packages/beacon_positioning/msg/_tracker_position_s.c
-- Up-to-date: /home/ubuntu/ros2_ws/install/beacon_positioning/lib/python3.8/site-packages/beacon_positioning/msg/_tracker_position.py
-- Up-to-date: /home/ubuntu/ros2_ws/install/beacon_positioning/lib/python3.8/site-packages/beacon_positioning/msg/__init__.py
-- Up-to-date: /home/ubuntu/ros2_ws/install/beacon_positioning/lib/python3.8/site-packages/beacon_positioning/beacon_positioning_s__rosidl_typesupport_fastrtps_c.cpython-38-aarch64-linux-gnu.so
-- Up-to-date: /home/ubuntu/ros2_ws/install/beacon_positioning/lib/python3.8/site-packages/beacon_positioning/beacon_positioning_s__rosidl_typesupport_introspection_c.cpython-38-aarch64-linux-gnu.so
-- Up-to-date: /home/ubuntu/ros2_ws/install/beacon_positioning/lib/python3.8/site-packages/beacon_positioning/beacon_positioning_s__rosidl_typesupport_c.cpython-38-aarch64-linux-gnu.so
-- Up-to-date: /home/ubuntu/ros2_ws/install/beacon_positioning/lib/libbeacon_positioning__python.so
-- Up-to-date: /home/ubuntu/ros2_ws/install/beacon_positioning/share/beacon_positioning/msg/TrackerPosition.idl
-- Up-to-date: /home/ubuntu/ros2_ws/install/beacon_positioning/share/beacon_positioning/msg/TrackerPosition.msg
-- Installing: /home/ubuntu/ros2_ws/install/beacon_positioning/lib/beacon_positioning/tracker_position
-- Set runtime path of "/home/ubuntu/ros2_ws/install/beacon_positioning/lib/beacon_positioning/tracker_position" to ""
-- Up-to-date: /home/ubuntu/ros2_ws/install/beacon_positioning/share/beacon_positioning/launch
-- Up-to-date: /home/ubuntu/ros2_ws/install/beacon_positioning/share/beacon_positioning/launch/beacon_positioning_launch.py
-- Up-to-date: /home/ubuntu/ros2_ws/install/beacon_positioning/share/ament_index/resource_index/package_run_dependencies/beacon_positioning
-- Up-to-date: /home/ubuntu/ros2_ws/install/beacon_positioning/share/ament_index/resource_index/parent_prefix_path/beacon_positioning
-- Up-to-date: /home/ubuntu/ros2_ws/install/beacon_positioning/share/beacon_positioning/environment/ament_prefix_path.sh
-- Up-to-date: /home/ubuntu/ros2_ws/install/beacon_positioning/share/beacon_positioning/environment/ament_prefix_path.dsv
-- Up-to-date: /home/ubuntu/ros2_ws/install/beacon_positioning/share/beacon_positioning/environment/path.sh
-- Up-to-date: /home/ubuntu/ros2_ws/install/beacon_positioning/share/beacon_positioning/environment/path.dsv
-- Up-to-date: /home/ubuntu/ros2_ws/install/beacon_positioning/share/beacon_positioning/local_setup.bash
-- Up-to-date: /home/ubuntu/ros2_ws/install/beacon_positioning/share/beacon_positioning/local_setup.sh
-- Up-to-date: /home/ubuntu/ros2_ws/install/beacon_positioning/share/beacon_positioning/local_setup.zsh
-- Up-to-date: /home/ubuntu/ros2_ws/install/beacon_positioning/share/beacon_positioning/local_setup.dsv
-- Installing: /home/ubuntu/ros2_ws/install/beacon_positioning/share/beacon_positioning/package.dsv
-- Up-to-date: /home/ubuntu/ros2_ws/install/beacon_positioning/share/ament_index/resource_index/packages/beacon_positioning
-- Up-to-date: /home/ubuntu/ros2_ws/install/beacon_positioning/share/beacon_positioning/cmake/beacon_positioning__rosidl_generator_cExport.cmake
-- Up-to-date: /home/ubuntu/ros2_ws/install/beacon_positioning/share/beacon_positioning/cmake/beacon_positioning__rosidl_generator_cExport-noconfig.cmake
-- Up-to-date: /home/ubuntu/ros2_ws/install/beacon_positioning/share/beacon_positioning/cmake/beacon_positioning__rosidl_typesupport_introspection_cExport.cmake
-- Up-to-date: /home/ubuntu/ros2_ws/install/beacon_positioning/share/beacon_positioning/cmake/beacon_positioning__rosidl_typesupport_introspection_cExport-noconfig.cmake
-- Up-to-date: /home/ubuntu/ros2_ws/install/beacon_positioning/share/beacon_positioning/cmake/beacon_positioning__rosidl_typesupport_cExport.cmake
-- Up-to-date: /home/ubuntu/ros2_ws/install/beacon_positioning/share/beacon_positioning/cmake/beacon_positioning__rosidl_typesupport_cExport-noconfig.cmake
-- Up-to-date: /home/ubuntu/ros2_ws/install/beacon_positioning/share/beacon_positioning/cmake/beacon_positioning__rosidl_generator_cppExport.cmake
-- Up-to-date: /home/ubuntu/ros2_ws/install/beacon_positioning/share/beacon_positioning/cmake/beacon_positioning__rosidl_typesupport_introspection_cppExport.cmake
-- Up-to-date: /home/ubuntu/ros2_ws/install/beacon_positioning/share/beacon_positioning/cmake/beacon_positioning__rosidl_typesupport_introspection_cppExport-noconfig.cmake
-- Up-to-date: /home/ubuntu/ros2_ws/install/beacon_positioning/share/beacon_positioning/cmake/beacon_positioning__rosidl_typesupport_cppExport.cmake
-- Up-to-date: /home/ubuntu/ros2_ws/install/beacon_positioning/share/beacon_positioning/cmake/beacon_positioning__rosidl_typesupport_cppExport-noconfig.cmake
-- Up-to-date: /home/ubuntu/ros2_ws/install/beacon_positioning/share/beacon_positioning/cmake/rosidl_cmake-extras.cmake
-- Up-to-date: /home/ubuntu/ros2_ws/install/beacon_positioning/share/beacon_positioning/cmake/ament_cmake_export_dependencies-extras.cmake
-- Up-to-date: /home/ubuntu/ros2_ws/install/beacon_positioning/share/beacon_positioning/cmake/ament_cmake_export_libraries-extras.cmake
-- Up-to-date: /home/ubuntu/ros2_ws/install/beacon_positioning/share/beacon_positioning/cmake/ament_cmake_export_targets-extras.cmake
-- Up-to-date: /home/ubuntu/ros2_ws/install/beacon_positioning/share/beacon_positioning/cmake/ament_cmake_export_include_directories-extras.cmake
-- Up-to-date: /home/ubuntu/ros2_ws/install/beacon_positioning/share/beacon_positioning/cmake/rosidl_cmake_export_typesupport_libraries-extras.cmake
-- Up-to-date: /home/ubuntu/ros2_ws/install/beacon_positioning/share/beacon_positioning/cmake/rosidl_cmake_export_typesupport_targets-extras.cmake
-- Up-to-date: /home/ubuntu/ros2_ws/install/beacon_positioning/share/beacon_positioning/cmake/beacon_positioningConfig.cmake
-- Up-to-date: /home/ubuntu/ros2_ws/install/beacon_positioning/share/beacon_positioning/cmake/beacon_positioningConfig-version.cmake
-- Up-to-date: /home/ubuntu/ros2_ws/install/beacon_positioning/share/beacon_positioning/package.xml
