[0.115s] Invoking command in '/home/ubuntu/ros2_ws/build/beacon_positioning': CMAKE_PREFIX_PATH=${CMAKE_PREFIX_PATH}:/opt/ros/foxy /usr/bin/cmake --build /home/ubuntu/ros2_ws/build/beacon_positioning -- -j4 -l4
[0.293s] [35m[1mScanning dependencies of target tracker_position[0m
[0.419s] [ 50%] [32mBuilding CXX object CMakeFiles/tracker_position.dir/src/tracker_position.cpp.o[0m
[6.968s] [01m[K/home/ubuntu/ros2_ws/src/beacon_positioning/src/tracker_position.cpp:[m[K In lambda function:
[6.968s] [01m[K/home/ubuntu/ros2_ws/src/beacon_positioning/src/tracker_position.cpp:119:18:[m[K [01;31m[Kerror: [m[K‘[01m[Kanchor_data_t[m[K’ does not name a type
[6.969s]   119 |       for (const [01;31m[Kanchor_data_t[m[K &anchor : tracker_msg.anchors_data)
[6.969s]       |                  [01;31m[K^~~~~~~~~~~~~[m[K
[6.969s] [01m[K/home/ubuntu/ros2_ws/src/beacon_positioning/src/tracker_position.cpp:122:8:[m[K [01;31m[Kerror: [m[Kexpected ‘[01m[K;[m[K’ before ‘[01m[Kdo[m[K’
[6.970s]   122 |       }
[6.970s]       |        [01;31m[K^[m[K
[6.970s]       |        [32m[K;[m[K
[6.971s] In file included from [01m[K/opt/ros/foxy/include/rclcpp/service.hpp:34[m[K,
[6.971s]                  from [01m[K/opt/ros/foxy/include/rclcpp/callback_group.hpp:25[m[K,
[6.971s]                  from [01m[K/opt/ros/foxy/include/rclcpp/any_executable.hpp:20[m[K,
[6.972s]                  from [01m[K/opt/ros/foxy/include/rclcpp/memory_strategy.hpp:24[m[K,
[6.972s]                  from [01m[K/opt/ros/foxy/include/rclcpp/memory_strategies.hpp:18[m[K,
[6.972s]                  from [01m[K/opt/ros/foxy/include/rclcpp/executor_options.hpp:20[m[K,
[6.973s]                  from [01m[K/opt/ros/foxy/include/rclcpp/executor.hpp:33[m[K,
[6.973s]                  from [01m[K/opt/ros/foxy/include/rclcpp/executors/multi_threaded_executor.hpp:26[m[K,
[6.973s]                  from [01m[K/opt/ros/foxy/include/rclcpp/executors.hpp:21[m[K,
[6.974s]                  from [01m[K/opt/ros/foxy/include/rclcpp/rclcpp.hpp:146[m[K,
[6.974s]                  from [01m[K/home/ubuntu/ros2_ws/src/beacon_positioning/src/tracker_position.cpp:4[m[K:
[6.974s] [01m[K/home/ubuntu/ros2_ws/src/beacon_positioning/src/tracker_position.cpp:123:7:[m[K [01;31m[Kerror: [m[Kexpected primary-expression before ‘[01m[Kdo[m[K’
[6.975s]   123 |       [01;31m[KRCLCPP_INFO[m[K(node->get_logger(), "");
[6.975s]       |       [01;31m[K^~~~~~~~~~~[m[K
[6.975s] [01m[K/home/ubuntu/ros2_ws/src/beacon_positioning/src/tracker_position.cpp:122:8:[m[K [01;31m[Kerror: [m[Kexpected ‘[01m[K;[m[K’ before ‘[01m[Kdo[m[K’
[6.976s]   122 |       }
[6.976s]       |        [01;31m[K^[m[K
[6.977s]       |        [32m[K;[m[K
[6.977s] In file included from [01m[K/opt/ros/foxy/include/rclcpp/service.hpp:34[m[K,
[6.977s]                  from [01m[K/opt/ros/foxy/include/rclcpp/callback_group.hpp:25[m[K,
[6.978s]                  from [01m[K/opt/ros/foxy/include/rclcpp/any_executable.hpp:20[m[K,
[6.978s]                  from [01m[K/opt/ros/foxy/include/rclcpp/memory_strategy.hpp:24[m[K,
[6.978s]                  from [01m[K/opt/ros/foxy/include/rclcpp/memory_strategies.hpp:18[m[K,
[6.979s]                  from [01m[K/opt/ros/foxy/include/rclcpp/executor_options.hpp:20[m[K,
[6.979s]                  from [01m[K/opt/ros/foxy/include/rclcpp/executor.hpp:33[m[K,
[6.980s]                  from [01m[K/opt/ros/foxy/include/rclcpp/executors/multi_threaded_executor.hpp:26[m[K,
[6.980s]                  from [01m[K/opt/ros/foxy/include/rclcpp/executors.hpp:21[m[K,
[6.980s]                  from [01m[K/opt/ros/foxy/include/rclcpp/rclcpp.hpp:146[m[K,
[6.981s]                  from [01m[K/home/ubuntu/ros2_ws/src/beacon_positioning/src/tracker_position.cpp:4[m[K:
[6.981s] [01m[K/home/ubuntu/ros2_ws/src/beacon_positioning/src/tracker_position.cpp:123:7:[m[K [01;31m[Kerror: [m[Kexpected primary-expression before ‘[01m[Kdo[m[K’
[6.981s]   123 |       [01;31m[KRCLCPP_INFO[m[K(node->get_logger(), "");
[6.982s]       |       [01;31m[K^~~~~~~~~~~[m[K
[6.982s] [01m[K/home/ubuntu/ros2_ws/src/beacon_positioning/src/tracker_position.cpp:122:8:[m[K [01;31m[Kerror: [m[Kexpected ‘[01m[K)[m[K’ before ‘[01m[Kdo[m[K’
[6.982s]   122 |       }
[6.983s]       |        [01;31m[K^[m[K
[6.983s]       |        [32m[K)[m[K
[6.984s] [01m[K/home/ubuntu/ros2_ws/src/beacon_positioning/src/tracker_position.cpp:119:11:[m[K [01;36m[Knote: [m[Kto match this ‘[01m[K([m[K’
[6.984s]   119 |       for [01;36m[K([m[Kconst anchor_data_t &anchor : tracker_msg.anchors_data)
[6.984s]       |           [01;36m[K^[m[K
[10.160s] make[2]: *** [CMakeFiles/tracker_position.dir/build.make:63: CMakeFiles/tracker_position.dir/src/tracker_position.cpp.o] Error 1
[10.161s] make[1]: *** [CMakeFiles/Makefile2:78: CMakeFiles/tracker_position.dir/all] Error 2
[10.162s] make: *** [Makefile:141: all] Error 2
[10.168s] Invoked command in '/home/ubuntu/ros2_ws/build/beacon_positioning' returned '2': CMAKE_PREFIX_PATH=${CMAKE_PREFIX_PATH}:/opt/ros/foxy /usr/bin/cmake --build /home/ubuntu/ros2_ws/build/beacon_positioning -- -j4 -l4
