[0.079s] Invoking command in '/home/ubuntu/ros2_ws/build/px4_ros_com': CMAKE_PREFIX_PATH=${CMAKE_PREFIX_PATH}:/opt/ros/foxy /usr/bin/cmake --build /home/ubuntu/ros2_ws/build/px4_ros_com -- -j4 -l4
[0.325s] [ 20%] Built target frame_transforms
[0.363s] [ 80%] Built target vehicle_gps_position_listener
[0.366s] [ 80%] Built target offboard_control
[0.368s] [ 80%] Built target debug_vect_advertiser
[0.476s] [100%] Built target sensor_combined_listener
[0.514s] Invoked command in '/home/ubuntu/ros2_ws/build/px4_ros_com' returned '0': CMAKE_PREFIX_PATH=${CMAKE_PREFIX_PATH}:/opt/ros/foxy /usr/bin/cmake --build /home/ubuntu/ros2_ws/build/px4_ros_com -- -j4 -l4
[0.690s] Invoking command in '/home/ubuntu/ros2_ws/build/px4_ros_com': CMAKE_PREFIX_PATH=${CMAKE_PREFIX_PATH}:/opt/ros/foxy /usr/bin/cmake --install /home/ubuntu/ros2_ws/build/px4_ros_com
[0.724s] -- Install configuration: "RELWITHDEBINFO"
[0.725s] -- Execute custom install script
[0.727s] -- Up-to-date symlink: /home/ubuntu/ros2_ws/install/px4_ros_com/lib/px4_ros_com/sensor_combined_listener
[0.729s] -- Up-to-date symlink: /home/ubuntu/ros2_ws/install/px4_ros_com/lib/px4_ros_com/vehicle_gps_position_listener
[0.731s] -- Up-to-date symlink: /home/ubuntu/ros2_ws/install/px4_ros_com/lib/px4_ros_com/debug_vect_advertiser
[0.733s] -- Up-to-date symlink: /home/ubuntu/ros2_ws/install/px4_ros_com/lib/px4_ros_com/offboard_control
[0.734s] -- Up-to-date symlink: /home/ubuntu/ros2_ws/install/px4_ros_com/share/px4_ros_com/environment/library_path.sh
[0.736s] -- Up-to-date symlink: /home/ubuntu/ros2_ws/install/px4_ros_com/share/px4_ros_com/environment/library_path.dsv
[0.738s] -- Up-to-date symlink: /home/ubuntu/ros2_ws/install/px4_ros_com/include/px4_ros_com/frame_transforms.h
[0.740s] -- Up-to-date symlink: /home/ubuntu/ros2_ws/install/px4_ros_com/share/px4_ros_com//launch/offboard_control_launch.yaml
[0.741s] -- Up-to-date symlink: /home/ubuntu/ros2_ws/install/px4_ros_com/share/px4_ros_com//launch/sensor_combined_listener.launch.py
[0.743s] -- Up-to-date symlink: /home/ubuntu/ros2_ws/install/px4_ros_com/share/px4_ros_com//test/__init__.py
[0.744s] -- Up-to-date symlink: /home/ubuntu/ros2_ws/install/px4_ros_com/share/px4_ros_com//test/pipeline_io_test.py
[0.746s] -- Up-to-date symlink: /home/ubuntu/ros2_ws/install/px4_ros_com/share/px4_ros_com//test/test_input.py
[0.747s] -- Up-to-date symlink: /home/ubuntu/ros2_ws/install/px4_ros_com/share/px4_ros_com//test/test_output.py
[0.748s] -- Up-to-date symlink: /home/ubuntu/ros2_ws/install/px4_ros_com/share/ament_index/resource_index/package_run_dependencies/px4_ros_com
[0.750s] -- Up-to-date symlink: /home/ubuntu/ros2_ws/install/px4_ros_com/share/ament_index/resource_index/parent_prefix_path/px4_ros_com
[0.751s] -- Up-to-date symlink: /home/ubuntu/ros2_ws/install/px4_ros_com/share/px4_ros_com/environment/ament_prefix_path.sh
[0.753s] -- Up-to-date symlink: /home/ubuntu/ros2_ws/install/px4_ros_com/share/px4_ros_com/environment/ament_prefix_path.dsv
[0.754s] -- Up-to-date symlink: /home/ubuntu/ros2_ws/install/px4_ros_com/share/px4_ros_com/environment/path.sh
[0.756s] -- Up-to-date symlink: /home/ubuntu/ros2_ws/install/px4_ros_com/share/px4_ros_com/environment/path.dsv
[0.757s] -- Up-to-date symlink: /home/ubuntu/ros2_ws/install/px4_ros_com/share/px4_ros_com/local_setup.bash
[0.759s] -- Up-to-date symlink: /home/ubuntu/ros2_ws/install/px4_ros_com/share/px4_ros_com/local_setup.sh
[0.760s] -- Up-to-date symlink: /home/ubuntu/ros2_ws/install/px4_ros_com/share/px4_ros_com/local_setup.zsh
[0.762s] -- Up-to-date symlink: /home/ubuntu/ros2_ws/install/px4_ros_com/share/px4_ros_com/local_setup.dsv
[0.763s] -- Symlinking: /home/ubuntu/ros2_ws/install/px4_ros_com/share/px4_ros_com/package.dsv
[0.792s] -- Up-to-date symlink: /home/ubuntu/ros2_ws/install/px4_ros_com/share/ament_index/resource_index/packages/px4_ros_com
[0.794s] -- Up-to-date symlink: /home/ubuntu/ros2_ws/install/px4_ros_com/share/px4_ros_com/cmake/ament_cmake_export_dependencies-extras.cmake
[0.795s] -- Up-to-date symlink: /home/ubuntu/ros2_ws/install/px4_ros_com/share/px4_ros_com/cmake/ament_cmake_export_targets-extras.cmake
[0.797s] -- Up-to-date symlink: /home/ubuntu/ros2_ws/install/px4_ros_com/share/px4_ros_com/cmake/ament_cmake_export_include_directories-extras.cmake
[0.798s] -- Up-to-date symlink: /home/ubuntu/ros2_ws/install/px4_ros_com/share/px4_ros_com/cmake/ament_cmake_export_libraries-extras.cmake
[0.800s] -- Up-to-date symlink: /home/ubuntu/ros2_ws/install/px4_ros_com/share/px4_ros_com/cmake/px4_ros_comConfig.cmake
[0.802s] -- Up-to-date symlink: /home/ubuntu/ros2_ws/install/px4_ros_com/share/px4_ros_com/cmake/px4_ros_comConfig-version.cmake
[0.804s] -- Up-to-date symlink: /home/ubuntu/ros2_ws/install/px4_ros_com/share/px4_ros_com/package.xml
[0.806s] -- Up-to-date: /home/ubuntu/ros2_ws/install/px4_ros_com/lib/libframe_transforms.so
[0.808s] -- Up-to-date: /home/ubuntu/ros2_ws/install/px4_ros_com/share/px4_ros_com/cmake/export_frame_transformsExport.cmake
[0.810s] -- Up-to-date: /home/ubuntu/ros2_ws/install/px4_ros_com/share/px4_ros_com/cmake/export_frame_transformsExport-relwithdebinfo.cmake
[0.824s] Invoked command in '/home/ubuntu/ros2_ws/build/px4_ros_com' returned '0': CMAKE_PREFIX_PATH=${CMAKE_PREFIX_PATH}:/opt/ros/foxy /usr/bin/cmake --install /home/ubuntu/ros2_ws/build/px4_ros_com
