[0.116s] Invoking command in '/home/ubuntu/ros2_ws/build/beacon_positioning': CMAKE_PREFIX_PATH=${CMAKE_PREFIX_PATH}:/opt/ros/foxy /usr/bin/cmake --build /home/ubuntu/ros2_ws/build/beacon_positioning -- -j4 -l4
[0.297s] [35m[1mScanning dependencies of target tracker_position[0m
[0.423s] [ 50%] [32mBuilding CXX object CMakeFiles/tracker_position.dir/src/tracker_position.cpp.o[0m
[6.846s] [01m[K/home/ubuntu/ros2_ws/src/beacon_positioning/src/tracker_position.cpp:82:35:[m[K [01;31m[Kerror: [m[K‘[01m[Kserial_port[m[K’ is not a type
[6.847s]    82 |   terabee::RtlsDevice rtls_device([01;31m[Kserial_port[m[K);
[6.847s]       |                                   [01;31m[K^~~~~~~~~~~[m[K
[6.967s] [01m[K/home/ubuntu/ros2_ws/src/beacon_positioning/src/tracker_position.cpp:[m[K In member function ‘[01m[Kvoid BeaconPositioningPublisher::setup_rtlsdevice(int, int, int, int, bool)[m[K’:
[6.968s] [01m[K/home/ubuntu/ros2_ws/src/beacon_positioning/src/tracker_position.cpp:56:5:[m[K [01;31m[Kerror: [m[Kinvalid use of member function ‘[01m[Kterabee::RtlsDevice BeaconPositioningPublisher::rtls_device(int)[m[K’ (did you forget the ‘[01m[K()[m[K’ ?)
[6.968s]    56 |     [01;31m[Krtls_device[m[K.disableTrackerStream();
[6.969s]       |     [01;31m[K^~~~~~~~~~~[m[K
[6.969s] [01m[K/home/ubuntu/ros2_ws/src/beacon_positioning/src/tracker_position.cpp:58:5:[m[K [01;31m[Kerror: [m[Kinvalid use of member function ‘[01m[Kterabee::RtlsDevice BeaconPositioningPublisher::rtls_device(int)[m[K’ (did you forget the ‘[01m[K()[m[K’ ?)
[6.970s]    58 |     [01;31m[Krtls_device[m[K.setDevice(terabee::RtlsDevice::device_type::tracker, priority);
[6.970s]       |     [01;31m[K^~~~~~~~~~~[m[K
[6.970s] [01m[K/home/ubuntu/ros2_ws/src/beacon_positioning/src/tracker_position.cpp:59:5:[m[K [01;31m[Kerror: [m[Kinvalid use of member function ‘[01m[Kterabee::RtlsDevice BeaconPositioningPublisher::rtls_device(int)[m[K’ (did you forget the ‘[01m[K()[m[K’ ?)
[6.971s]    59 |     [01;31m[Krtls_device[m[K.setLabel(label);
[6.971s]       |     [01;31m[K^~~~~~~~~~~[m[K
[6.971s] [01m[K/home/ubuntu/ros2_ws/src/beacon_positioning/src/tracker_position.cpp:60:5:[m[K [01;31m[Kerror: [m[Kinvalid use of member function ‘[01m[Kterabee::RtlsDevice BeaconPositioningPublisher::rtls_device(int)[m[K’ (did you forget the ‘[01m[K()[m[K’ ?)
[6.972s]    60 |     [01;31m[Krtls_device[m[K.setUpdateTime(update_time);
[6.972s]       |     [01;31m[K^~~~~~~~~~~[m[K
[6.972s] [01m[K/home/ubuntu/ros2_ws/src/beacon_positioning/src/tracker_position.cpp:61:5:[m[K [01;31m[Kerror: [m[Kinvalid use of member function ‘[01m[Kterabee::RtlsDevice BeaconPositioningPublisher::rtls_device(int)[m[K’ (did you forget the ‘[01m[K()[m[K’ ?)
[6.973s]    61 |     [01;31m[Krtls_device[m[K.setNetworkId(network_id);
[6.973s]       |     [01;31m[K^~~~~~~~~~~[m[K
[6.973s] [01m[K/home/ubuntu/ros2_ws/src/beacon_positioning/src/tracker_position.cpp:64:7:[m[K [01;31m[Kerror: [m[Kinvalid use of member function ‘[01m[Kterabee::RtlsDevice BeaconPositioningPublisher::rtls_device(int)[m[K’ (did you forget the ‘[01m[K()[m[K’ ?)
[6.974s]    64 |       [01;31m[Krtls_device[m[K.setTrackerMessageLong();
[6.974s]       |       [01;31m[K^~~~~~~~~~~[m[K
[6.974s] [01m[K/home/ubuntu/ros2_ws/src/beacon_positioning/src/tracker_position.cpp:68:7:[m[K [01;31m[Kerror: [m[Kinvalid use of member function ‘[01m[Kterabee::RtlsDevice BeaconPositioningPublisher::rtls_device(int)[m[K’ (did you forget the ‘[01m[K()[m[K’ ?)
[6.975s]    68 |       [01;31m[Krtls_device[m[K.setTrackerMessageShort();
[6.975s]       |       [01;31m[K^~~~~~~~~~~[m[K
[6.975s] [01m[K/home/ubuntu/ros2_ws/src/beacon_positioning/src/tracker_position.cpp:70:5:[m[K [01;31m[Kerror: [m[Kinvalid use of member function ‘[01m[Kterabee::RtlsDevice BeaconPositioningPublisher::rtls_device(int)[m[K’ (did you forget the ‘[01m[K()[m[K’ ?)
[6.976s]    70 |     [01;31m[Krtls_device[m[K.enableLED();
[6.976s]       |     [01;31m[K^~~~~~~~~~~[m[K
[6.977s] [01m[K/home/ubuntu/ros2_ws/src/beacon_positioning/src/tracker_position.cpp:71:5:[m[K [01;31m[Kerror: [m[Kinvalid use of member function ‘[01m[Kterabee::RtlsDevice BeaconPositioningPublisher::rtls_device(int)[m[K’ (did you forget the ‘[01m[K()[m[K’ ?)
[6.977s]    71 |     [01;31m[Krtls_device[m[K.requestConfig();
[6.977s]       |     [01;31m[K^~~~~~~~~~~[m[K
[6.978s] [01m[K/home/ubuntu/ros2_ws/src/beacon_positioning/src/tracker_position.cpp:72:28:[m[K [01;31m[Kerror: [m[Kinvalid use of member function ‘[01m[Kterabee::RtlsDevice BeaconPositioningPublisher::rtls_device(int)[m[K’ (did you forget the ‘[01m[K()[m[K’ ?)
[6.978s]    72 |     device_configuration = [01;31m[Krtls_device[m[K.getConfig();
[6.978s]       |                            [01;31m[K^~~~~~~~~~~[m[K
[6.979s] [01m[K/home/ubuntu/ros2_ws/src/beacon_positioning/src/tracker_position.cpp:74:5:[m[K [01;31m[Kerror: [m[Kinvalid use of member function ‘[01m[Kterabee::RtlsDevice BeaconPositioningPublisher::rtls_device(int)[m[K’ (did you forget the ‘[01m[K()[m[K’ ?)
[6.979s]    74 |     [01;31m[Krtls_device[m[K.enableTrackerStream();
[6.980s]       |     [01;31m[K^~~~~~~~~~~[m[K
[6.980s] [01m[K/home/ubuntu/ros2_ws/src/beacon_positioning/src/tracker_position.cpp:54:29:[m[K [01;35m[Kwarning: [m[Kunused parameter ‘[01m[Kpriority[m[K’ [[01;35m[K-Wunused-parameter[m[K]
[6.980s]    54 |   void setup_rtlsdevice([01;35m[Kint priority[m[K, int label, int update_time, int network_id, bool long_message)
[6.981s]       |                         [01;35m[K~~~~^~~~~~~~[m[K
[6.981s] [01m[K/home/ubuntu/ros2_ws/src/beacon_positioning/src/tracker_position.cpp:54:43:[m[K [01;35m[Kwarning: [m[Kunused parameter ‘[01m[Klabel[m[K’ [[01;35m[K-Wunused-parameter[m[K]
[6.981s]    54 |   void setup_rtlsdevice(int priority, [01;35m[Kint label[m[K, int update_time, int network_id, bool long_message)
[6.982s]       |                                       [01;35m[K~~~~^~~~~[m[K
[6.982s] [01m[K/home/ubuntu/ros2_ws/src/beacon_positioning/src/tracker_position.cpp:54:54:[m[K [01;35m[Kwarning: [m[Kunused parameter ‘[01m[Kupdate_time[m[K’ [[01;35m[K-Wunused-parameter[m[K]
[6.983s]    54 |   void setup_rtlsdevice(int priority, int label, [01;35m[Kint update_time[m[K, int network_id, bool long_message)
[6.983s]       |                                                  [01;35m[K~~~~^~~~~~~~~~~[m[K
[6.983s] [01m[K/home/ubuntu/ros2_ws/src/beacon_positioning/src/tracker_position.cpp:54:71:[m[K [01;35m[Kwarning: [m[Kunused parameter ‘[01m[Knetwork_id[m[K’ [[01;35m[K-Wunused-parameter[m[K]
[6.984s]    54 |   void setup_rtlsdevice(int priority, int label, int update_time, [01;35m[Kint network_id[m[K, bool long_message)
[6.984s]       |                                                                   [01;35m[K~~~~^~~~~~~~~~[m[K
[10.166s] make[2]: *** [CMakeFiles/tracker_position.dir/build.make:63: CMakeFiles/tracker_position.dir/src/tracker_position.cpp.o] Error 1
[10.166s] make[1]: *** [CMakeFiles/Makefile2:78: CMakeFiles/tracker_position.dir/all] Error 2
[10.167s] make: *** [Makefile:141: all] Error 2
[10.172s] Invoked command in '/home/ubuntu/ros2_ws/build/beacon_positioning' returned '2': CMAKE_PREFIX_PATH=${CMAKE_PREFIX_PATH}:/opt/ros/foxy /usr/bin/cmake --build /home/ubuntu/ros2_ws/build/beacon_positioning -- -j4 -l4
