[35m[1mScanning dependencies of target tracker_position[0m
[ 50%] [32mBuilding CXX object CMakeFiles/tracker_position.dir/src/tracker_position.cpp.o[0m
[01m[K/home/ubuntu/ros2_ws/src/beacon_positioning/src/tracker_position.cpp:[m[K In constructor ‘[01m[KBeaconPositioningPublisher::BeaconPositioningPublisher()[m[K’:
[01m[K/home/ubuntu/ros2_ws/src/beacon_positioning/src/tracker_position.cpp:18:69:[m[K [01;31m[Kerror: [m[Kuse of deleted function ‘[01m[Kterabee::RtlsDevice::RtlsDevice()[m[K’
   18 |   BeaconPositioningPublisher() : Node("beacon_positioning_publisher"[01;31m[K)[m[K
      |                                                                     [01;31m[K^[m[K
In file included from [01m[K/home/ubuntu/ros2_ws/src/beacon_positioning/src/tracker_position.cpp:7[m[K:
[01m[K/usr/local/include/rtls_driver/rtls_driver.hpp:113:3:[m[K [01;36m[Knote: [m[Kdeclared here
  113 |   [01;36m[KRtlsDevice[m[K() = delete;
      |   [01;36m[K^~~~~~~~~~[m[K
[01m[K/home/ubuntu/ros2_ws/src/beacon_positioning/src/tracker_position.cpp:40:19:[m[K [01;31m[Kerror: [m[Kno match for ‘[01m[Koperator=[m[K’ (operand types are ‘[01m[Kterabee::RtlsDevice[m[K’ and ‘[01m[Kstd::shared_ptr<terabee::serial_communication::ISerial>[m[K’)
   40 |     rtls_device = [01;31m[Kserial_port[m[K;
      |                   [01;31m[K^~~~~~~~~~~[m[K
In file included from [01m[K/home/ubuntu/ros2_ws/src/beacon_positioning/src/tracker_position.cpp:7[m[K:
[01m[K/usr/local/include/rtls_driver/rtls_driver.hpp:13:7:[m[K [01;36m[Knote: [m[Kcandidate: ‘[01m[Kterabee::RtlsDevice& terabee::RtlsDevice::operator=(const terabee::RtlsDevice&)[m[K’ <deleted>
   13 | class [01;36m[KRtlsDevice[m[K
      |       [01;36m[K^~~~~~~~~~[m[K
[01m[K/usr/local/include/rtls_driver/rtls_driver.hpp:13:7:[m[K [01;36m[Knote: [m[K  no known conversion for argument 1 from ‘[01m[Kstd::shared_ptr<terabee::serial_communication::ISerial>[m[K’ to ‘[01m[Kconst terabee::RtlsDevice&[m[K’
make[2]: *** [CMakeFiles/tracker_position.dir/build.make:63: CMakeFiles/tracker_position.dir/src/tracker_position.cpp.o] Error 1
make[1]: *** [CMakeFiles/Makefile2:78: CMakeFiles/tracker_position.dir/all] Error 2
make: *** [Makefile:141: all] Error 2
