[0.011s] Invoking command in '/mnt/Homework/Avans/AFSTUDEERSTAGE/5g_drone_ROS2/build/drone_sensors': CMAKE_PREFIX_PATH=${CMAKE_PREFIX_PATH}:/opt/ros/humble /usr/bin/cmake /mnt/Homework/Avans/AFSTUDEERSTAGE/5g_drone_ROS2/src/drone_sensors -DCMAKE_BUILD_TYPE=RELWITHDEBINFO -DAMENT_CMAKE_SYMLINK_INSTALL=1 -DCMAKE_INSTALL_PREFIX=/mnt/Homework/Avans/AFSTUDEERSTAGE/5g_drone_ROS2/install/drone_sensors
[0.073s] -- The C compiler identification is GNU 11.3.0
[0.173s] -- The CXX compiler identification is GNU 11.3.0
[0.186s] -- Detecting C compiler ABI info
[0.301s] -- Detecting C compiler ABI info - done
[0.316s] -- Check for working C compiler: /usr/bin/cc - skipped
[0.317s] -- Detecting C compile features
[0.317s] -- Detecting C compile features - done
[0.323s] -- Detecting CXX compiler ABI info
[0.455s] -- Detecting CXX compiler ABI info - done
[0.470s] -- Check for working CXX compiler: /usr/bin/c++ - skipped
[0.471s] -- Detecting CXX compile features
[0.472s] -- Detecting CXX compile features - done
[0.477s] -- Found ament_cmake: 1.3.3 (/opt/ros/humble/share/ament_cmake/cmake)
[0.776s] -- Found Python3: /usr/bin/python3.10 (found version "3.10.6") found components: Interpreter 
[0.869s] -- Override CMake install command with custom implementation using symlinks instead of copying resources
[0.900s] -- Found rclcpp: 16.0.3 (/opt/ros/humble/share/rclcpp/cmake)
[0.959s] -- Found rosidl_generator_c: 3.1.4 (/opt/ros/humble/share/rosidl_generator_c/cmake)
[0.965s] -- Found rosidl_adapter: 3.1.4 (/opt/ros/humble/share/rosidl_adapter/cmake)
[0.976s] -- Found rosidl_generator_cpp: 3.1.4 (/opt/ros/humble/share/rosidl_generator_cpp/cmake)
[0.994s] -- Using all available rosidl_typesupport_c: rosidl_typesupport_fastrtps_c;rosidl_typesupport_introspection_c
[1.016s] -- Using all available rosidl_typesupport_cpp: rosidl_typesupport_fastrtps_cpp;rosidl_typesupport_introspection_cpp
[1.092s] -- Found rmw_implementation_cmake: 6.1.1 (/opt/ros/humble/share/rmw_implementation_cmake/cmake)
[1.095s] -- Found rmw_fastrtps_cpp: 6.2.2 (/opt/ros/humble/share/rmw_fastrtps_cpp/cmake)
[1.198s] -- Found OpenSSL: /usr/lib/x86_64-linux-gnu/libcrypto.so (found version "3.0.2")  
[1.233s] -- Found FastRTPS: /opt/ros/humble/include  
[1.298s] -- Using RMW implementation 'rmw_fastrtps_cpp' as default
[1.310s] -- Looking for pthread.h
[1.386s] -- Looking for pthread.h - found
[1.387s] -- Performing Test CMAKE_HAVE_LIBC_PTHREAD
[1.457s] -- Performing Test CMAKE_HAVE_LIBC_PTHREAD - Success
[1.458s] -- Found Threads: TRUE  
[1.636s] -- Found ament_lint_auto: 0.12.5 (/opt/ros/humble/share/ament_lint_auto/cmake)
[1.715s] -- Added test 'cppcheck' to perform static code analysis on C / C++ code
[1.715s] -- Configured cppcheck include dirs: 
[1.715s] -- Configured cppcheck exclude dirs and/or files: 
[1.716s] -- Added test 'lint_cmake' to check CMake code style
[1.717s] -- Added test 'uncrustify' to check C / C++ code style
[1.717s] -- Configured uncrustify additional arguments: 
[1.718s] -- Added test 'xmllint' to check XML markup files
[1.720s] -- Configuring done
[1.730s] -- Generating done
[1.732s] -- Build files have been written to: /mnt/Homework/Avans/AFSTUDEERSTAGE/5g_drone_ROS2/build/drone_sensors
[1.743s] Invoked command in '/mnt/Homework/Avans/AFSTUDEERSTAGE/5g_drone_ROS2/build/drone_sensors' returned '0': CMAKE_PREFIX_PATH=${CMAKE_PREFIX_PATH}:/opt/ros/humble /usr/bin/cmake /mnt/Homework/Avans/AFSTUDEERSTAGE/5g_drone_ROS2/src/drone_sensors -DCMAKE_BUILD_TYPE=RELWITHDEBINFO -DAMENT_CMAKE_SYMLINK_INSTALL=1 -DCMAKE_INSTALL_PREFIX=/mnt/Homework/Avans/AFSTUDEERSTAGE/5g_drone_ROS2/install/drone_sensors
[1.745s] Invoking command in '/mnt/Homework/Avans/AFSTUDEERSTAGE/5g_drone_ROS2/build/drone_sensors': CMAKE_PREFIX_PATH=${CMAKE_PREFIX_PATH}:/opt/ros/humble /usr/bin/cmake --build /mnt/Homework/Avans/AFSTUDEERSTAGE/5g_drone_ROS2/build/drone_sensors -- -j12 -l12
[1.790s] [ 50%] [32mBuilding CXX object CMakeFiles/height_sensor.dir/src/height_sensor.cpp.o[0m
[8.634s] [100%] [32m[1mLinking CXX executable height_sensor[0m
[8.795s] [100%] Built target height_sensor
[8.808s] Invoked command in '/mnt/Homework/Avans/AFSTUDEERSTAGE/5g_drone_ROS2/build/drone_sensors' returned '0': CMAKE_PREFIX_PATH=${CMAKE_PREFIX_PATH}:/opt/ros/humble /usr/bin/cmake --build /mnt/Homework/Avans/AFSTUDEERSTAGE/5g_drone_ROS2/build/drone_sensors -- -j12 -l12
[8.848s] Invoking command in '/mnt/Homework/Avans/AFSTUDEERSTAGE/5g_drone_ROS2/build/drone_sensors': CMAKE_PREFIX_PATH=${CMAKE_PREFIX_PATH}:/opt/ros/humble /usr/bin/cmake --install /mnt/Homework/Avans/AFSTUDEERSTAGE/5g_drone_ROS2/build/drone_sensors
[8.855s] -- Install configuration: "RELWITHDEBINFO"
[8.856s] -- Execute custom install script
[8.856s] -- Symlinking: /mnt/Homework/Avans/AFSTUDEERSTAGE/5g_drone_ROS2/install/drone_sensors/lib/drone_sensors/height_sensor
[8.865s] -- Symlinking: /mnt/Homework/Avans/AFSTUDEERSTAGE/5g_drone_ROS2/install/drone_sensors/share/ament_index/resource_index/package_run_dependencies/drone_sensors
[8.874s] -- Symlinking: /mnt/Homework/Avans/AFSTUDEERSTAGE/5g_drone_ROS2/install/drone_sensors/share/ament_index/resource_index/parent_prefix_path/drone_sensors
[8.885s] -- Up-to-date symlink: /mnt/Homework/Avans/AFSTUDEERSTAGE/5g_drone_ROS2/install/drone_sensors/share/drone_sensors/environment/ament_prefix_path.sh
[8.885s] -- Symlinking: /mnt/Homework/Avans/AFSTUDEERSTAGE/5g_drone_ROS2/install/drone_sensors/share/drone_sensors/environment/ament_prefix_path.dsv
[8.895s] -- Up-to-date symlink: /mnt/Homework/Avans/AFSTUDEERSTAGE/5g_drone_ROS2/install/drone_sensors/share/drone_sensors/environment/path.sh
[8.895s] -- Symlinking: /mnt/Homework/Avans/AFSTUDEERSTAGE/5g_drone_ROS2/install/drone_sensors/share/drone_sensors/environment/path.dsv
[8.904s] -- Symlinking: /mnt/Homework/Avans/AFSTUDEERSTAGE/5g_drone_ROS2/install/drone_sensors/share/drone_sensors/local_setup.bash
[8.914s] -- Symlinking: /mnt/Homework/Avans/AFSTUDEERSTAGE/5g_drone_ROS2/install/drone_sensors/share/drone_sensors/local_setup.sh
[8.924s] -- Symlinking: /mnt/Homework/Avans/AFSTUDEERSTAGE/5g_drone_ROS2/install/drone_sensors/share/drone_sensors/local_setup.zsh
[8.933s] -- Symlinking: /mnt/Homework/Avans/AFSTUDEERSTAGE/5g_drone_ROS2/install/drone_sensors/share/drone_sensors/local_setup.dsv
[8.944s] -- Symlinking: /mnt/Homework/Avans/AFSTUDEERSTAGE/5g_drone_ROS2/install/drone_sensors/share/drone_sensors/package.dsv
[8.954s] -- Symlinking: /mnt/Homework/Avans/AFSTUDEERSTAGE/5g_drone_ROS2/install/drone_sensors/share/ament_index/resource_index/packages/drone_sensors
[8.965s] -- Symlinking: /mnt/Homework/Avans/AFSTUDEERSTAGE/5g_drone_ROS2/install/drone_sensors/share/drone_sensors/cmake/drone_sensorsConfig.cmake
[8.975s] -- Symlinking: /mnt/Homework/Avans/AFSTUDEERSTAGE/5g_drone_ROS2/install/drone_sensors/share/drone_sensors/cmake/drone_sensorsConfig-version.cmake
[8.984s] -- Symlinking: /mnt/Homework/Avans/AFSTUDEERSTAGE/5g_drone_ROS2/install/drone_sensors/share/drone_sensors/package.xml
[8.998s] Invoked command in '/mnt/Homework/Avans/AFSTUDEERSTAGE/5g_drone_ROS2/build/drone_sensors' returned '0': CMAKE_PREFIX_PATH=${CMAKE_PREFIX_PATH}:/opt/ros/humble /usr/bin/cmake --install /mnt/Homework/Avans/AFSTUDEERSTAGE/5g_drone_ROS2/build/drone_sensors
